05/12/2016 20:13:09.00 [Information] -------------------------------
05/12/2016 20:13:10.39 [Information] Prepare Installation of project "401195_br V1.3.0.0".
05/12/2016 20:13:10.39 [Information] Current project was "KPP1(SDC)_Basis_br V1.3.0".
05/12/2016 20:13:11.62 [Warning] Element Type changed for {ExternalFileManifest Config:Copy(Config:\User\Common\SafetyConfigData.xml) - SavedExternal} -> safety
05/12/2016 20:13:11.62 [Warning] Element Type changed for {ExternalFileManifest Config:Copy(Config:\User\Common\SCtlPara.sg) - SavedExternal} -> safety
05/12/2016 20:13:11.62 [Warning] Element Type changed for {ExternalFileManifest Safety:Copy(Config:\User\Common\MotionDrivers\motiondrv.ini) - Automatic, ForcedManual} -> config
05/12/2016 20:13:11.62 [Warning] Element Type changed for {ExternalFileManifest Krl:Copy(C:\KRC\Roboter\Template\vg_appl.dat) - SavedExternal} -> file
05/12/2016 20:13:11.62 [Warning] Element Type changed for {ExternalFileManifest Krl:Copy(C:\KRC\Roboter\Template\vg_appl.src) - SavedExternal} -> file
05/12/2016 20:13:11.62 [Warning] Element Type changed for {ExternalFileManifest Krl:Copy(C:\KRC\Roboter\Template\vg_hp.dat) - SavedExternal} -> file
05/12/2016 20:13:11.62 [Warning] Element Type changed for {ExternalFileManifest Krl:Copy(C:\KRC\Roboter\Template\vg_hp.src) - SavedExternal} -> file
05/12/2016 20:13:11.62 [Warning] Element Type changed for {ExternalFileManifest Safety:Copy(Config:\User\Common\SCTLCRC.XML) - Automatic} -> config
05/12/2016 20:13:11.64 [Information] SafetyHandler ignores element: '{ExternalFileManifest safety:Copy(Config:\User\Common\SafetyConfigData.xml) - SavedExternal}'
05/12/2016 20:13:11.64 [Information] SafetyHandler ignores element: '{ExternalFileManifest safety:Copy(Config:\User\Common\SCtlPara.sg) - SavedExternal}'
05/12/2016 20:13:11.64 [Information] SafetyHandler ignores element: '{ExternalFileManifest safety:Copy(Config:\User\Common\HNFINFO.SAF) - SavedExternal}'
05/12/2016 20:13:13.11 [Verbose] Ignore Action: New:file.Copy(C:\KRC\Roboter\Template\vg_hp.dat), 1500. MD5 check is identical!
05/12/2016 20:13:13.11 [Verbose] Ignore Action: New:file.Copy(C:\KRC\Roboter\Template\vg_appl.src), 1500. MD5 check is identical!
05/12/2016 20:13:13.11 [Verbose] Ignore Action: New:file.Copy(C:\KRC\Roboter\Template\vg_appl.dat), 1500. MD5 check is identical!
05/12/2016 20:13:13.11 [Verbose] Ignore Action: New:file.Copy(C:\KRC\Roboter\Template\vg_hp.src), 1500. MD5 check is identical!
05/12/2016 20:13:13.13 [Verbose] Ignore Action: New:file.Copy(C:\KRC\DATA\DAI_Gripper.kxr), 1500. MD5 check is identical!
05/12/2016 20:13:13.13 [Verbose] Ignore Action: New:file.Copy(C:\KRC\DATA\Dai_CHECKTOOL.en.kxr), 1500. MD5 check is identical!
05/12/2016 20:13:13.13 [Verbose] Ignore Action: New:file.Copy(C:\KRC\DATA\Dai_CHECKTOOL.de.kxr), 1500. MD5 check is identical!
05/12/2016 20:13:13.13 [Verbose] Ignore Action: New:file.Copy(C:\KRC\USER\SafeOpCrc\SafeOpCrcConfig.xml), 1500. MD5 check is identical!
05/12/2016 20:13:13.13 [Verbose] Ignore Action: New:file.Copy(C:\KRC\USER\KRMSGNET\KRmsgNETSettings.xml), 1500. MD5 check is identical!
05/12/2016 20:13:13.14 [Verbose] Ignore Action: New:file.Copy(C:\KRC\USER\KRMSGNET\KRmsgNETFilterSettingsTechnology.xml), 1500. MD5 check is identical!
05/12/2016 20:13:13.14 [Verbose] Ignore Action: New:file.Copy(C:\KRC\USER\TP\Gripper_SpotTech\GripperSpot.xml), 1500. MD5 check is identical!
05/12/2016 20:13:13.14 [Verbose] Ignore Action: New:file.Copy(C:\KRC\SmartHMI\SmartHMI.exe.DAI_ToolChange.config), 1500. MD5 check is identical!
05/12/2016 20:13:13.14 [Verbose] Ignore Action: New:file.Copy(C:\KRC\SmartHMI\SmartHMI.exe.DAI_STANDARD.config), 1500. MD5 check is identical!
05/12/2016 20:13:13.14 [Verbose] Ignore Action: New:file.Copy(C:\KRC\SmartHMI\SmartHmi.exe.DAI_FrameCalc.config), 1500. MD5 check is identical!
05/12/2016 20:13:13.14 [Verbose] Ignore Action: New:file.Copy(C:\KRC\DATA\DAI_H_Prog.kxr), 1500. MD5 check is identical!
05/12/2016 20:13:13.14 [Verbose] Ignore Action: New:file.Copy(C:\KRC\TP\USERTECH\TEMPLATE\TestStat.kfd), 1500. MD5 check is identical!
05/12/2016 20:13:13.16 [Verbose] Ignore Action: New:file.Copy(C:\KRC\TP\USERTECH\TEMPLATE\dai_velocity.kfd), 1500. MD5 check is identical!
05/12/2016 20:13:13.16 [Verbose] Ignore Action: New:file.Copy(C:\KRC\TP\USERTECH\TEMPLATE\DAI_TOOLCHANGE.kfd), 1500. MD5 check is identical!
05/12/2016 20:13:13.16 [Verbose] Ignore Action: New:file.Copy(C:\KRC\TP\USERTECH\TEMPLATE\ICONS\ConnectTool.ico), 1500. MD5 check is identical!
05/12/2016 20:13:13.16 [Verbose] Ignore Action: New:file.Copy(C:\KRC\USER\SetupWizardStates.xml), 1500. MD5 check is identical!
05/12/2016 20:13:13.16 [Verbose] Ignore Action: New:file.Copy(C:\KRC\TP\USERTECH\TEMPLATE\ICONS\prestrock_op.ico), 1500. MD5 check is identical!
05/12/2016 20:13:13.16 [Verbose] Ignore Action: New:file.Copy(C:\KRC\TP\USERTECH\TEMPLATE\ICONS\prestrock_cl.ico), 1500. MD5 check is identical!
05/12/2016 20:13:13.16 [Verbose] Ignore Action: New:file.Copy(C:\KRC\DATA\DAI_USER_MSG.kxr), 1500. MD5 check is identical!
05/12/2016 20:13:13.17 [Verbose] Ignore Action: New:file.Copy(C:\KRC\DATA\DAI_TOOL_CHG.kxr), 1500. MD5 check is identical!
05/12/2016 20:13:13.17 [Verbose] Ignore Action: New:file.Copy(C:\KRC\DATA\DAI_MSG_LIB.kxr), 1500. MD5 check is identical!
05/12/2016 20:13:13.17 [Verbose] Ignore Action: New:file.Copy(C:\KRC\TP\USERTECH\TEMPLATE\dai_brake.kfd), 1500. MD5 check is identical!
05/12/2016 20:13:13.17 [Verbose] Ignore Action: New:file.Copy(C:\KRC\TP\USERTECH\TEMPLATE\dai_plus.kfd), 1500. MD5 check is identical!
05/12/2016 20:13:13.17 [Verbose] Ignore Action: New:file.Copy(C:\KRC\TP\USERTECH\TEMPLATE\dai_corr_tcp.kfd), 1500. MD5 check is identical!
05/12/2016 20:13:13.17 [Verbose] Ignore Action: New:file.Copy(C:\KRC\TP\USERTECH\TEMPLATE\dai_collision.kfd), 1500. MD5 check is identical!
05/12/2016 20:13:13.19 [Verbose] Ignore Action: New:file.Copy(C:\KRC\USER\MaintenanceHandBook.User.config), 1500. MD5 check is identical!
05/12/2016 20:13:13.19 [Verbose] Ignore Action: New:file.Copy(C:\KRC\USER\KukaPMService.User.config), 1500. MD5 check is identical!
05/12/2016 20:13:13.19 [Verbose] Ignore Action: New:file.Copy(C:\KRC\USER\ProjectExternalFileList.xml), 1500. MD5 check is identical!
05/12/2016 20:13:13.19 [Verbose] Ignore Action: New:file.Copy(C:\KRC\USER\PMService.user.config), 1500. MD5 check is identical!
05/12/2016 20:13:13.19 [Verbose] Ignore Action: New:file.Copy(C:\KRC\USER\InstallTech.cfg), 1500. MD5 check is identical!
05/12/2016 20:13:13.19 [Verbose] Ignore Action: New:file.Copy(C:\KRC\USER\ConfigMon.ini), 1500. MD5 check is identical!
05/12/2016 20:13:13.19 [Verbose] Ignore Action: New:file.Copy(C:\KRC\TP\USERTECH\TEMPLATE\MyTech.kfd), 1500. MD5 check is identical!
05/12/2016 20:13:13.20 [Verbose] Ignore Action: New:file.Copy(C:\KRC\USER\InitialProjectSetup.User.config), 1500. MD5 check is identical!
05/12/2016 20:13:13.20 [Verbose] Ignore Action: New:file.Copy(C:\KRC\USER\Cross3.User.config), 1500. MD5 check is identical!
05/12/2016 20:13:13.20 [Verbose] Ignore Action: New:file.Copy(C:\KRC\USER\KRMSGNET\KRmsgNETFilterSettingsChannel2.xml), 1500. MD5 check is identical!
05/12/2016 20:13:13.20 [Verbose] Ignore Action: New:file.Copy(C:\KRC\USER\KRMSGNET\KRmsgNETFilterSettingsChannel1.xml), 1500. MD5 check is identical!
05/12/2016 20:13:13.22 [Verbose] Ignore Action: New:file.Copy(C:\KRC\USER\KRMSGNET\KRmsgNETFilterSettingsChannel4.xml), 1500. MD5 check is identical!
05/12/2016 20:13:13.22 [Verbose] Ignore Action: New:file.Copy(C:\KRC\USER\KRMSGNET\KRmsgNETFilterSettingsChannel3.xml), 1500. MD5 check is identical!
05/12/2016 20:13:13.22 [Verbose] Ignore Action: New:file.Copy(C:\KRC\USER\KRMSGNET\KRmsgNETFilterSettingsChannel0.xml), 1500. MD5 check is identical!
05/12/2016 20:13:13.22 [Verbose] Ignore Action: New:file.Copy(C:\KRC\USER\SmartHMI.User.config), 1500. MD5 check is identical!
05/12/2016 20:13:13.22 [Verbose] Ignore Action: New:file.Copy(C:\KRC\USER\Settings.xml), 1500. MD5 check is identical!
05/12/2016 20:13:13.24 [Verbose] Ignore Action: New:file.Copy(C:\KRC\USER\WorkVisualServiceHost.User.config), 1500. MD5 check is identical!
05/12/2016 20:13:13.24 [Verbose] Ignore Action: New:file.Copy(C:\KRC\USER\WaitForUserList.xml), 1500. MD5 check is identical!
05/12/2016 20:13:13.24 [Verbose] Ignore Action: New:config.Copy(Config:\User\Common\Mada\NGAxis\CtrlA3AddFct.xml), 2000. MD5 check is identical!
05/12/2016 20:13:13.24 [Verbose] Ignore Action: New:config.Copy(Config:\User\Common\Mada\NGAxis\CtrlA5AddFct.xml), 2000. MD5 check is identical!
05/12/2016 20:13:13.24 [Verbose] Ignore Action: New:config.Copy(Config:\User\Common\Mada\NGAxis\CtrlA4AddFct.xml), 2000. MD5 check is identical!
05/12/2016 20:13:13.27 [Verbose] Ignore Action: New:config.Copy(Config:\User\Common\Mada\NGAxis\CtrlA6AddFct.xml), 2000. MD5 check is identical!
05/12/2016 20:13:13.27 [Verbose] Ignore Action: New:config.Copy(Config:\User\Common\Mada\SimuAxis\A3.xml), 2000. MD5 check is identical!
05/12/2016 20:13:13.27 [Verbose] Ignore Action: New:config.Copy(Config:\User\Common\Mada\SimuAxis\A2.xml), 2000. MD5 check is identical!
05/12/2016 20:13:13.27 [Verbose] Ignore Action: New:config.Copy(Config:\User\Common\Mada\SimuAxis\A1.xml), 2000. MD5 check is identical!
05/12/2016 20:13:13.28 [Verbose] Ignore Action: New:config.Copy(Config:\User\Common\Mada\NextGenDriveTech.xml), 2000. MD5 check is identical!
05/12/2016 20:13:13.28 [Verbose] Ignore Action: New:config.Copy(Config:\User\Common\Mada\SimuAxes.xml), 2000. MD5 check is identical!
05/12/2016 20:13:13.28 [Verbose] Ignore Action: New:config.Copy(Config:\User\Common\Mada\EAWaggonDriverConfig.xml), 2000. MD5 check is identical!
05/12/2016 20:13:13.28 [Verbose] Ignore Action: New:config.Copy(Config:\User\Common\Mada\KRCAxes.xml), 2000. MD5 check is identical!
05/12/2016 20:13:13.28 [Verbose] Ignore Action: New:config.Copy(Config:\User\Common\Mada\NGAxis\CtrlA1AddFct.xml), 2000. MD5 check is identical!
05/12/2016 20:13:13.30 [Verbose] Ignore Action: New:config.Copy(Config:\User\Common\Mada\NGAxis\CtrlA2AddFct.xml), 2000. MD5 check is identical!
05/12/2016 20:13:13.30 [Verbose] Ignore Action: New:config.Copy(Config:\User\Common\Mada\SimuAxesKrc.xml), 2000. MD5 check is identical!
05/12/2016 20:13:13.30 [Verbose] Ignore Action: New:config.Copy(Config:\User\Common\Mada\MotionDrivers\mdrBrakeTest.ini), 2000. MD5 check is identical!
05/12/2016 20:13:13.30 [Verbose] Ignore Action: New:config.Copy(Config:\User\Common\MotionDrivers\mdrJointOffset.ini), 2000. MD5 check is identical!
05/12/2016 20:13:13.30 [Verbose] Ignore Action: New:config.Copy(Config:\User\Common\MotionDrivers\mdrStandStill.ini), 2000. MD5 check is identical!
05/12/2016 20:13:13.30 [Verbose] Ignore Action: New:config.Copy(Config:\User\Common\MotionDrivers\mdrVwAscii.ini), 2000. MD5 check is identical!
05/12/2016 20:13:13.30 [Verbose] Ignore Action: New:config.Copy(Config:\User\Common\MotionDrivers\mdrEmily.ini), 2000. MD5 check is identical!
05/12/2016 20:13:13.31 [Verbose] Ignore Action: New:config.Copy(Config:\User\Common\MotionDrivers\loadDataDevice.ini), 2000. MD5 check is identical!
05/12/2016 20:13:13.31 [Verbose] Ignore Action: New:config.Copy(Config:\User\Common\MotionDrivers\mdrBrakeTest.ini), 2000. MD5 check is identical!
05/12/2016 20:13:13.31 [Verbose] Ignore Action: New:config.Copy(Config:\User\Common\MotionDrivers\mdrConveyor.ini), 2000. MD5 check is identical!
05/12/2016 20:13:13.31 [Verbose] Ignore Action: New:config.Copy(Config:\User\Common\Mada\SimuAxis\A6.xml), 2000. MD5 check is identical!
05/12/2016 20:13:13.31 [Verbose] Ignore Action: New:config.Copy(Config:\User\Common\Interbus.xml), 2000. MD5 check is identical!
05/12/2016 20:13:13.31 [Verbose] Ignore Action: New:config.Copy(Config:\User\Common\Mada\SimuAxis\A5.xml), 2000. MD5 check is identical!
05/12/2016 20:13:13.31 [Verbose] Ignore Action: New:config.Copy(Config:\User\Common\Mada\SimuAxis\A4.xml), 2000. MD5 check is identical!
05/12/2016 20:13:13.33 [Verbose] Ignore Action: New:config.Copy(Config:\User\Common\VxWin\knet.config), 2000. MD5 check is identical!
05/12/2016 20:13:13.33 [Verbose] Ignore Action: New:config.Copy(Config:\User\Common\MotionDrivers\motiondrv.ini), 2000. MD5 check is identical!
05/12/2016 20:13:13.33 [Verbose] Ignore Action: New:config.Copy(Config:\User\Common\PersistPC\EncoderMastering.xml), 2000. MD5 check is identical!
05/12/2016 20:13:13.33 [Verbose] Ignore Action: New:config.Copy(Config:\User\Common\PersistPC\NGDecouple.xml), 2000. MD5 check is identical!
05/12/2016 20:13:13.33 [Verbose] Ignore Action: New:config.Copy(Config:\User\Common\Mada\CFCoreWaggonDriverConfig.xml), 2000. MD5 check is identical!
05/12/2016 20:13:13.33 [Verbose] Ignore Action: New:config.Copy(Config:\User\Common\KrcDryRun.xml), 2000. MD5 check is identical!
05/12/2016 20:13:13.35 [Verbose] Ignore Action: New:config.Copy(Config:\User\Common\KrcExtConfMsg.xml), 2000. MD5 check is identical!
05/12/2016 20:13:13.35 [Verbose] Ignore Action: New:config.Copy(Config:\User\Common\Logging_BrakeTest.xml), 2000. MD5 check is identical!
05/12/2016 20:13:13.35 [Verbose] Ignore Action: New:config.Copy(Config:\User\Common\SysBusDriver.xml), 2000. MD5 check is identical!
05/12/2016 20:13:13.35 [Verbose] Ignore Action: New:config.Copy(Config:\User\Common\KNet.xml), 2000. MD5 check is identical!
05/12/2016 20:13:13.35 [Verbose] Ignore Action: New:config.Copy(Config:\User\Common\KrcBackward.xml), 2000. MD5 check is identical!
05/12/2016 20:13:13.35 [Verbose] Ignore Action: New:config.Copy(Config:\User\Common\KrcConfig.xml), 2000. MD5 check is identical!
05/12/2016 20:13:13.36 [Verbose] Ignore Action: New:config.Copy(Config:\User\Common\Logging_System.xml), 2000. MD5 check is identical!
05/12/2016 20:13:13.36 [Verbose] Ignore Action: New:config.Copy(Config:\User\Common\Modules_TimeSync.xml), 2000. MD5 check is identical!
05/12/2016 20:13:13.36 [Verbose] Ignore Action: New:config.Copy(Config:\User\Common\ProConOS.xml), 2000. MD5 check is identical!
05/12/2016 20:13:13.36 [Verbose] Ignore Action: New:config.Copy(Config:\User\Common\ProConOS_IO.xml), 2000. MD5 check is identical!
05/12/2016 20:13:13.36 [Verbose] Ignore Action: New:config.Copy(Config:\User\Common\Modules_SysBusDriver.xml), 2000. MD5 check is identical!
05/12/2016 20:13:13.36 [Verbose] Ignore Action: New:config.Copy(Config:\User\Common\MainBoardDrv.xml), 2000. MD5 check is identical!
05/12/2016 20:13:13.38 [Verbose] Ignore Action: New:config.Copy(Config:\User\Common\Modules_DevIO.xml), 2000. MD5 check is identical!
05/12/2016 20:13:13.38 [Verbose] Ignore Action: New:config.Copy(Config:\User\Common\Modules_ProConOS.xml), 2000. MD5 check is identical!
05/12/2016 20:13:13.38 [Verbose] Ignore Action: New:config.Copy(Config:\User\Cabinet\EtherCATConfig.xsd), 2000. MD5 check is identical!
05/12/2016 20:13:13.38 [Verbose] Ignore Action: New:config.Copy(Config:\User\Common\AsyncDataToKrl.xml), 2000. MD5 check is identical!
05/12/2016 20:13:13.38 [Verbose] Ignore Action: New:config.Copy(Config:\User\Common\CabCtrl.xml), 2000. MD5 check is identical!
05/12/2016 20:13:13.38 [Verbose] Ignore Action: New:config.Copy(Config:\User\Cabinet\ecatms_sys_X48_config.xml), 2000. MD5 check is identical!
05/12/2016 20:13:13.39 [Verbose] Ignore Action: New:config.Copy(Config:\User\Common\Mada\CFCore.xml), 2000. MD5 check is identical!
05/12/2016 20:13:13.39 [Verbose] Ignore Action: New:config.Copy(Config:\User\Common\VIO_USER_BUS.xml), 2000. MD5 check is identical!
05/12/2016 20:13:13.39 [Verbose] Ignore Action: New:config.Copy(Config:\User\Common\TimeSync.xml), 2000. MD5 check is identical!
05/12/2016 20:13:13.39 [Verbose] Ignore Action: New:config.Copy(Config:\User\Common\connectionchain.xml), 2000. MD5 check is identical!
05/12/2016 20:13:13.39 [Verbose] Ignore Action: New:config.Copy(Config:\User\Common\ECAT_SYS_X44.xml), 2000. MD5 check is identical!
05/12/2016 20:13:13.39 [Verbose] Ignore Action: New:config.Copy(Config:\User\Common\EtherCATConfig.xsd), 2000. MD5 check is identical!
05/12/2016 20:13:13.41 [Verbose] Ignore Action: New:config.Copy(Config:\User\Common\KLIConfig.xml), 2000. MD5 check is identical!
05/12/2016 20:13:13.41 [Verbose] Ignore Action: New:config.Copy(Config:\User\Common\ecat_PBM_Gateway.xml), 2000. MD5 check is identical!
05/12/2016 20:13:13.41 [Verbose] Ignore Action: New:config.Copy(Config:\User\Common\DevIODriver.xml), 2000. MD5 check is identical!
05/12/2016 20:13:13.41 [Verbose] Ignore Action: New:config.Copy(Config:\User\Common\ecatms_sys_X44_swap.xml), 2000. MD5 check is identical!
05/12/2016 20:13:13.41 [Verbose] Ignore Action: New:config.Copy(Config:\User\Common\ecat_DNM_Gateway.xml), 2000. MD5 check is identical!
05/12/2016 20:13:13.41 [Verbose] Ignore Action: New:config.Copy(Config:\User\Common\PNIODriver.xml), 2000. MD5 check is identical!
05/12/2016 20:13:13.42 [Verbose] Ignore Action: New:config.Copy(Config:\User\Common\pndev1.xml), 2000. MD5 check is identical!
05/12/2016 20:13:13.42 [Verbose] Ignore Action: New:config.Copy(Config:\User\Cabinet\ecatms_config.xml), 2000. MD5 check is identical!
05/12/2016 20:13:13.42 [Verbose] Ignore Action: New:config.Copy(Config:\System\Common\Mada\NGAxis\A4.xml), 2000. MD5 check is identical!
05/12/2016 20:13:13.42 [Verbose] Ignore Action: New:config.Copy(Config:\System\Common\Mada\NGAxis\A3.xml), 2000. MD5 check is identical!
05/12/2016 20:13:13.44 [Verbose] Ignore Action: New:config.Copy(Config:\System\Common\Mada\NGAxis\A2.xml), 2000. MD5 check is identical!
05/12/2016 20:13:13.44 [Verbose] Ignore Action: New:config.Copy(Config:\User\Common\SCTLCRC.XML), 2000. MD5 check is identical!
05/12/2016 20:13:13.44 [Verbose] Ignore Action: New:config.Copy(Config:\User\Common\IPPNIO.xml), 2000. MD5 check is identical!
05/12/2016 20:13:13.44 [Verbose] Ignore Action: New:config.Copy(Config:\User\Common\IPPNIO1.xml), 2000. MD5 check is identical!
05/12/2016 20:13:13.44 [Verbose] Ignore Action: New:config.Copy(Config:\System\Common\Mada\NGAxis\CtrlA4.xml), 2000. MD5 check is identical!
05/12/2016 20:13:13.44 [Verbose] Ignore Action: New:config.Copy(Config:\User\Common\Modules_PNIODriver.xml), 2000. MD5 check is identical!
05/12/2016 20:13:13.46 [Verbose] Ignore Action: New:config.Copy(Config:\System\Common\Mada\NGAxis\CtrlA1.xml), 2000. MD5 check is identical!
05/12/2016 20:13:13.46 [Verbose] Ignore Action: New:config.Copy(Config:\System\Common\Mada\NGAxis\CtrlA2.xml), 2000. MD5 check is identical!
05/12/2016 20:13:13.46 [Verbose] Ignore Action: New:config.Copy(Config:\System\Common\Mada\NGAxis\CtrlA3.xml), 2000. MD5 check is identical!
05/12/2016 20:13:13.46 [Verbose] Ignore Action: New:config.Copy(Config:\User\KrlModSize.bin), 2000. MD5 check is identical!
05/12/2016 20:13:13.46 [Verbose] Ignore Action: New:config.Copy(Config:\System\Common\Mada\NGAxis\A5.xml), 2000. MD5 check is identical!
05/12/2016 20:13:13.46 [Verbose] Ignore Action: New:config.Copy(Config:\User\Common\KrcIoSignals.xml), 2000. MD5 check is identical!
05/12/2016 20:13:13.46 [Verbose] Ignore Action: New:config.Copy(Config:\User\Common\KRC_IO.xml), 2000. MD5 check is identical!
05/12/2016 20:13:13.47 [Verbose] Ignore Action: New:config.Copy(Config:\System\Common\Mada\NGAxis\A6.xml), 2000. MD5 check is identical!
05/12/2016 20:13:13.47 [Verbose] Ignore Action: New:config.Copy(Config:\System\Common\Mada\NGAxis\CtrlA6.xml), 2000. MD5 check is identical!
05/12/2016 20:13:13.64 [Information] SafetyNetworkInstallAction 'New:safety.Copy(Config:\User\Common\SAFEDEV.SAF), 2000': Checksum is identical.
05/12/2016 20:13:13.64 [Warning] Ignore SafetyNetworkInstallAction: Copy "C:\KRC\ROBOTER\Config\User\Common\SAFEDEV.SAF". Header and content check states identical data!
05/12/2016 20:13:13.64 [Verbose] Ignore Action: New:config.Copy(Config:\System\Common\Mada\MotionDrivers\MdlCtlDataDrv.ini), 2000. MD5 check is identical!
05/12/2016 20:13:13.64 [Verbose] Ignore Action: New:config.Copy(Config:\System\Common\Mada\MotionDrivers\mdrBrakeTest.ini), 2000. MD5 check is identical!
05/12/2016 20:13:13.66 [Verbose] Ignore Action: New:config.Copy(Config:\User\Common\Modules_Interbus.xml), 2000. MD5 check is identical!
05/12/2016 20:13:13.66 [Verbose] Ignore Action: New:config.Copy(Config:\System\Common\Mada\LDP.xml), 2000. MD5 check is identical!
05/12/2016 20:13:13.66 [Verbose] Ignore Action: New:config.Copy(Config:\User\Common\ibspci.xml), 2000. MD5 check is identical!
05/12/2016 20:13:13.66 [Warning] Ignore SafetyConfigParamAction: Copy "C:\KRC\ROBOTER\Config\User\Common\SCTLPARA.SAF". Param header and content check states identical data!
05/12/2016 20:13:13.67 [Warning] Ignore SafetyConfigParamAction: Copy "C:\KRC\ROBOTER\Config\User\Common\SCTLPARA.SAF". Param header and content check states identical data!
05/12/2016 20:13:13.67 [Information] SafetyParamInfoAction 'New:safety.Copy(Config:\User\Common\SCTLINFO.SAF), 2000': Ignored since safety parameter file is ignored too.
05/12/2016 20:13:13.67 [Verbose] Ignore Action: New:config.Copy(Config:\System\Common\Mada\NGAxis\A1.xml), 2000. MD5 check is identical!
05/12/2016 20:13:13.67 [Verbose] Ignore Action: New:config.Copy(Config:\System\Common\Mada\MotionDrivers\motiondrv.ini), 2000. MD5 check is identical!
05/12/2016 20:13:13.67 [Verbose] Ignore Action: New:config.Copy(Config:\System\Common\Mada\NGAxis\CtrlA5.xml), 2000. MD5 check is identical!
05/12/2016 20:13:13.69 [Verbose] Ignore Action: New:mada.Copy(KRC:\STEU\Mada\$custom.dat), 4000. MD5 check is identical!
05/12/2016 20:13:13.69 [Verbose] Ignore Action: New:mada.Copy(KRC:\STEU\Mada\$machine.dat), 4000. MD5 check is identical!
05/12/2016 20:13:13.69 [Verbose] Ignore Action: New:mada.Copy(KRC:\STEU\$config.dat), 4000. MD5 check is identical!
05/12/2016 20:13:13.69 [Verbose] Ignore Action: New:mada.Copy(KRC:\STEU\Mada\$option.dat), 4000. MD5 check is identical!
05/12/2016 20:13:13.69 [Verbose] Ignore Action: New:mada.Copy(KRC:\R1\Mada\$machine.dat), 4000. MD5 check is identical!
05/12/2016 20:13:13.71 [Verbose] Ignore Action: New:mada.Copy(KRC:\R1\Mada\$robcor.dat), 4000. MD5 check is identical!
05/12/2016 20:13:13.71 [Information] KrcCopyAction 'New:mada.Copy(KRC:\R1\System\$config.dat), 4000': Requests stopping the program.
05/12/2016 20:13:13.71 [Verbose] Ignore Action: New:krl.Copy(KRC:\R1\H_Prog\dai_tool_xx_ok.dat), 6500. MD5 check is identical!
05/12/2016 20:13:13.72 [Verbose] Ignore Action: New:krl.Copy(KRC:\R1\H_Prog\dai_vornull_geteilt.dat), 6500. MD5 check is identical!
05/12/2016 20:13:13.72 [Verbose] Ignore Action: New:krl.Copy(KRC:\R1\TP\BrakeTest\BrakeTestPark.dat), 6500. MD5 check is identical!
05/12/2016 20:13:13.72 [Verbose] Ignore Action: New:krl.Copy(KRC:\R1\H_Prog\dai_vornull.dat), 6500. MD5 check is identical!
05/12/2016 20:13:13.72 [Verbose] Ignore Action: New:krl.Copy(KRC:\R1\H_Prog\dai_vornull_mam.dat), 6500. MD5 check is identical!
05/12/2016 20:13:13.72 [Verbose] Ignore Action: New:krl.Copy(KRC:\R1\TP\BrakeTest\BrakeTestBack.dat), 6500. MD5 check is identical!
05/12/2016 20:13:13.72 [Verbose] Ignore Action: New:krl.Copy(KRC:\R1\System\masref_main.dat), 6500. MD5 check is identical!
05/12/2016 20:13:13.72 [Verbose] Ignore Action: New:krl.Copy(KRC:\R1\System\MsgLib.dat), 6500. MD5 check is identical!
05/12/2016 20:13:13.74 [Verbose] Ignore Action: New:krl.Copy(KRC:\R1\Program\tm_useraction.dat), 6500. MD5 check is identical!
05/12/2016 20:13:13.74 [Verbose] Ignore Action: New:krl.Copy(KRC:\R1\Program\TOOLCHANGE_PROG\tool_3_couple.dat), 6500. MD5 check is identical!
05/12/2016 20:13:13.74 [Verbose] Ignore Action: New:krl.Copy(KRC:\R1\Program\masref_user.dat), 6500. MD5 check is identical!
05/12/2016 20:13:13.74 [Verbose] Ignore Action: New:krl.Copy(KRC:\R1\System\tm_bib.dat), 6500. MD5 check is identical!
05/12/2016 20:13:13.74 [Verbose] Ignore Action: New:krl.Copy(KRC:\R1\H_Prog\Templ_CheckTool_ExtZg.dat), 6500. MD5 check is identical!
05/12/2016 20:13:13.74 [Verbose] Ignore Action: New:krl.Copy(KRC:\R1\H_Prog\Templ_CeckTool_KopfZg.dat), 6500. MD5 check is identical!
05/12/2016 20:13:13.74 [Verbose] Ignore Action: New:krl.Copy(KRC:\R1\TP\BrakeTest\BrakeDistanceMeas.dat), 6500. MD5 check is identical!
05/12/2016 20:13:13.75 [Verbose] Ignore Action: New:krl.Copy(KRC:\R1\TP\p00.dat), 6500. MD5 check is identical!
05/12/2016 20:13:13.75 [Verbose] Ignore Action: New:krl.COPY; /Sequence=6500(KRC:\R1\TP\Signals.dat), 6500. MD5 check is identical!
05/12/2016 20:13:13.75 [Verbose] Ignore Action: New:krl.Copy(KRC:\R1\TP\BrakeTest\BrakeTestReq.dat), 6500. MD5 check is identical!
05/12/2016 20:13:13.77 [Verbose] Ignore Action: New:krl.Copy(KRC:\R1\Program\TOOLCHANGE_PROG\tool_7_decouple.dat), 6500. MD5 check is identical!
05/12/2016 20:13:13.77 [Verbose] Ignore Action: New:krl.Copy(KRC:\R1\Program\reinigung.dat), 6500. MD5 check is identical!
05/12/2016 20:13:13.77 [Verbose] Ignore Action: New:krl.Copy(KRC:\R1\Program\TOOLCHANGE_PROG\tool_1_couple.dat), 6500. MD5 check is identical!
05/12/2016 20:13:13.77 [Verbose] Ignore Action: New:krl.Copy(KRC:\R1\Program\TOOLCHANGE_PROG\tool_7_couple.dat), 6500. MD5 check is identical!
05/12/2016 20:13:13.77 [Verbose] Ignore Action: New:krl.Copy(KRC:\R1\Program\TOOLCHANGE_PROG\tool_8_couple.dat), 6500. MD5 check is identical!
05/12/2016 20:13:13.77 [Verbose] Ignore Action: New:krl.Copy(KRC:\R1\TP\Gripper_SpotTech\user_gripper_ini.dat), 6500. MD5 check is identical!
05/12/2016 20:13:13.77 [Verbose] Ignore Action: New:krl.Copy(KRC:\R1\TP\DAI_CheckTool\dai_checktool.dat), 6500. MD5 check is identical!
05/12/2016 20:13:13.78 [Verbose] Ignore Action: New:krl.Copy(KRC:\R1\Program\TOOLCHANGE_PROG\tool_8_decouple.dat), 6500. MD5 check is identical!
05/12/2016 20:13:13.78 [Verbose] Ignore Action: New:krl.Copy(KRC:\R1\Program\HP251.dat), 6500. MD5 check is identical!
05/12/2016 20:13:13.78 [Verbose] Ignore Action: New:krl.Copy(KRC:\R1\Program\TOOLCHANGE_PROG\tool_6_decouple.dat), 6500. MD5 check is identical!
05/12/2016 20:13:13.78 [Verbose] Ignore Action: New:krl.Copy(KRC:\R1\Program\TOOLCHANGE_PROG\tool_4_couple.dat), 6500. MD5 check is identical!
05/12/2016 20:13:13.78 [Verbose] Ignore Action: New:krl.Copy(KRC:\R1\Program\TOOLCHANGE_PROG\tool_4_decouple.dat), 6500. MD5 check is identical!
05/12/2016 20:13:13.78 [Verbose] Ignore Action: New:krl.Copy(KRC:\R1\Program\TOOLCHANGE_PROG\tool_3_decouple.dat), 6500. MD5 check is identical!
05/12/2016 20:13:13.80 [Verbose] Ignore Action: New:krl.Copy(KRC:\R1\Program\TOOLCHANGE_PROG\tool_2_decouple.dat), 6500. MD5 check is identical!
05/12/2016 20:13:13.80 [Verbose] Ignore Action: New:krl.Copy(KRC:\R1\Program\TOOLCHANGE_PROG\tool_2_couple.dat), 6500. MD5 check is identical!
05/12/2016 20:13:13.80 [Verbose] Ignore Action: New:krl.Copy(KRC:\R1\Program\TOOLCHANGE_PROG\tool_1_decouple.dat), 6500. MD5 check is identical!
05/12/2016 20:13:13.80 [Verbose] Ignore Action: New:krl.Copy(KRC:\R1\Program\TOOLCHANGE_PROG\tool_6_couple.dat), 6500. MD5 check is identical!
05/12/2016 20:13:13.80 [Verbose] Ignore Action: New:krl.Copy(KRC:\R1\Program\TOOLCHANGE_PROG\tool_5_couple.dat), 6500. MD5 check is identical!
05/12/2016 20:13:13.80 [Verbose] Ignore Action: New:krl.Copy(KRC:\R1\Program\TOOLCHANGE_PROG\tool_5_decouple.dat), 6500. MD5 check is identical!
05/12/2016 20:13:13.82 [Verbose] Ignore Action: New:krl.Copy(KRC:\R1\Program\HP250.dat), 6500. MD5 check is identical!
05/12/2016 20:13:13.82 [Verbose] Ignore Action: New:krl.Copy(KRC:\R1\DAI\user_settings.dat), 6500. MD5 check is identical!
05/12/2016 20:13:13.82 [Verbose] Ignore Action: New:krl.Copy(KRC:\R1\TP\BrakeTest\BrakeTestStart.dat), 6500. MD5 check is identical!
05/12/2016 20:13:13.82 [Verbose] Ignore Action: New:krl.Copy(KRC:\R1\DAI\user_global.dat), 6500. MD5 check is identical!
05/12/2016 20:13:13.82 [Verbose] Ignore Action: New:krl.Copy(KRC:\R1\TP\Gripper_SpotTech\USERSPOT.DAT), 6500. MD5 check is identical!
05/12/2016 20:13:13.82 [Verbose] Ignore Action: New:krl.Copy(KRC:\R1\DAI\dai_sps_library.dat), 6500. MD5 check is identical!
05/12/2016 20:13:13.83 [Verbose] Ignore Action: New:krl.Copy(KRC:\R1\H_Prog\dai_robot_ok.dat), 6500. MD5 check is identical!
05/12/2016 20:13:13.83 [Verbose] Ignore Action: New:krl.Copy(KRC:\R1\H_Prog\dai_tool_xx_chg.dat), 6500. MD5 check is identical!
05/12/2016 20:13:13.83 [Verbose] Ignore Action: New:krl.Copy(KRC:\R1\TP\BrakeTest\BrakeTestSelfTest.dat), 6500. MD5 check is identical!
05/12/2016 20:13:13.83 [Verbose] Ignore Action: New:krl.Copy(KRC:\R1\H_Prog\dai_grp_xx_ok.dat), 6500. MD5 check is identical!
05/12/2016 20:13:13.83 [Verbose] Ignore Action: New:krl.Copy(KRC:\R1\H_Prog\dai_ldd_xx.dat), 6500. MD5 check is identical!
05/12/2016 20:13:13.85 [Verbose] Ignore Action: New:krl.Copy(KRC:\R1\DAI\dai_ctrl_library.dat), 6500. MD5 check is identical!
05/12/2016 20:13:13.85 [Verbose] Ignore Action: New:krl.Copy(KRC:\R1\DAI\dai_data_library.dat), 6500. MD5 check is identical!
05/12/2016 20:13:13.85 [Verbose] Ignore Action: New:krl.Copy(KRC:\R1\Program\HP209.dat), 6500. MD5 check is identical!
05/12/2016 20:13:13.85 [Verbose] Ignore Action: New:krl.Copy(KRC:\R1\TP\DAI_TOOLCHANGE\glob_toolchange.dat), 6500. MD5 check is identical!
05/12/2016 20:13:13.85 [Verbose] Ignore Action: New:krl.Copy(KRC:\R1\TP\DAI_TOOLCHANGE\toolchange.dat), 6500. MD5 check is identical!
05/12/2016 20:13:13.85 [Verbose] Ignore Action: New:krl.Copy(KRC:\R1\TP\Gripper_SpotTech\User_grp.dat), 6500. MD5 check is identical!
05/12/2016 20:13:13.86 [Verbose] Ignore Action: New:krl.Copy(KRC:\R1\DAI\dai_msg_library.dat), 6500. MD5 check is identical!
05/12/2016 20:13:13.86 [Verbose] Ignore Action: New:krl.Copy(KRC:\R1\DAI\dai_math_library.dat), 6500. MD5 check is identical!
05/12/2016 20:13:13.86 [Verbose] Ignore Action: New:krl.Copy(KRC:\R1\DAI\dai_global.dat), 6500. MD5 check is identical!
05/12/2016 20:13:13.86 [Verbose] Ignore Action: New:krl.Copy(KRC:\R1\TP\Gripper_SpotTech\user_gripper_ini.src), 7000. MD5 check is identical!
05/12/2016 20:13:13.86 [Verbose] Ignore Action: New:krl.Copy(KRC:\R1\Program\HP209.src), 7000. MD5 check is identical!
05/12/2016 20:13:13.86 [Verbose] Ignore Action: New:krl.Copy(KRC:\R1\Program\HP250.src), 7000. MD5 check is identical!
05/12/2016 20:13:13.88 [Verbose] Ignore Action: New:krl.Copy(KRC:\R1\Program\HP251.src), 7000. MD5 check is identical!
05/12/2016 20:13:13.88 [Verbose] Ignore Action: New:krl.Copy(KRC:\R1\TP\SafeOpCrc\SafeOpCrcSend.sub), 7000. MD5 check is identical!
05/12/2016 20:13:13.88 [Verbose] Ignore Action: New:krl.Copy(KRC:\R1\TP\Gripper_SpotTech\h50.src), 7000. MD5 check is identical!
05/12/2016 20:13:13.88 [Verbose] Ignore Action: New:krl.Copy(KRC:\R1\TP\Gripper_SpotTech\USERSPOT.SRC), 7000. MD5 check is identical!
05/12/2016 20:13:13.89 [Verbose] Ignore Action: New:krl.Copy(KRC:\R1\TP\Gripper_SpotTech\User_grp.src), 7000. MD5 check is identical!
05/12/2016 20:13:13.89 [Verbose] Ignore Action: New:krl.Copy(KRC:\R1\Program\reinigung.src), 7000. MD5 check is identical!
05/12/2016 20:13:13.89 [Verbose] Ignore Action: New:krl.Copy(KRC:\R1\Program\TOOLCHANGE_PROG\tool_3_couple.src), 7000. MD5 check is identical!
05/12/2016 20:13:13.89 [Verbose] Ignore Action: New:krl.Copy(KRC:\R1\Program\TOOLCHANGE_PROG\tool_3_decouple.src), 7000. MD5 check is identical!
05/12/2016 20:13:13.89 [Verbose] Ignore Action: New:krl.Copy(KRC:\R1\Program\TOOLCHANGE_PROG\tool_4_couple.src), 7000. MD5 check is identical!
05/12/2016 20:13:13.89 [Verbose] Ignore Action: New:krl.Copy(KRC:\R1\Program\TOOLCHANGE_PROG\tool_2_decouple.src), 7000. MD5 check is identical!
05/12/2016 20:13:13.89 [Verbose] Ignore Action: New:krl.Copy(KRC:\R1\Program\TOOLCHANGE_PROG\tool_1_couple.src), 7000. MD5 check is identical!
05/12/2016 20:13:13.91 [Verbose] Ignore Action: New:krl.Copy(KRC:\R1\Program\TOOLCHANGE_PROG\tool_1_decouple.src), 7000. MD5 check is identical!
05/12/2016 20:13:13.91 [Verbose] Ignore Action: New:krl.Copy(KRC:\R1\Program\TOOLCHANGE_PROG\tool_2_couple.src), 7000. MD5 check is identical!
05/12/2016 20:13:13.91 [Verbose] Ignore Action: New:krl.Copy(KRC:\R1\System\masref_main.src), 7000. MD5 check is identical!
05/12/2016 20:13:13.91 [Verbose] Ignore Action: New:krl.Copy(KRC:\R1\System\MsgLib.src), 7000. MD5 check is identical!
05/12/2016 20:13:13.91 [Verbose] Ignore Action: New:krl.Copy(KRC:\R1\System\sps.sub), 7000. MD5 check is identical!
05/12/2016 20:13:13.92 [Verbose] Ignore Action: New:krl.Copy(KRC:\R1\System\ir_stopm.src), 7000. MD5 check is identical!
05/12/2016 20:13:13.92 [Verbose] Ignore Action: New:krl.Copy(KRC:\R1\Program\masref_user.src), 7000. MD5 check is identical!
05/12/2016 20:13:13.92 [Verbose] Ignore Action: New:krl.Copy(KRC:\R1\Program\tm_useraction.src), 7000. MD5 check is identical!
05/12/2016 20:13:13.92 [Verbose] Ignore Action: New:krl.Copy(KRC:\R1\System\bas.src), 7000. MD5 check is identical!
05/12/2016 20:13:13.92 [Verbose] Ignore Action: New:krl.Copy(KRC:\R1\System\tm_bib.src), 7000. MD5 check is identical!
05/12/2016 20:13:13.94 [Verbose] Ignore Action: New:krl.Copy(KRC:\R1\TP\BrakeTest\BrakeTestReq.src), 7000. MD5 check is identical!
05/12/2016 20:13:13.94 [Verbose] Ignore Action: New:krl.Copy(KRC:\R1\TP\BrakeTest\BrakeTestSelfTest.src), 7000. MD5 check is identical!
05/12/2016 20:13:13.94 [Verbose] Ignore Action: New:krl.Copy(KRC:\R1\TP\BrakeTest\BrakeTestStart.src), 7000. MD5 check is identical!
05/12/2016 20:13:13.94 [Verbose] Ignore Action: New:krl.Copy(KRC:\R1\TP\BrakeTest\BrakeTestPark.src), 7000. MD5 check is identical!
05/12/2016 20:13:13.94 [Verbose] Ignore Action: New:krl.Copy(KRC:\R1\TP\p00.src), 7000. MD5 check is identical!
05/12/2016 20:13:13.96 [Verbose] Ignore Action: New:krl.Copy(KRC:\R1\TP\BrakeTest\BrakeDistanceMeas.src), 7000. MD5 check is identical!
05/12/2016 20:13:13.96 [Verbose] Ignore Action: New:krl.Copy(KRC:\R1\TP\BrakeTest\BrakeTestBack.src), 7000. MD5 check is identical!
05/12/2016 20:13:13.96 [Verbose] Ignore Action: New:krl.Copy(KRC:\R1\DAI\user_sps_ini.src), 7000. MD5 check is identical!
05/12/2016 20:13:13.96 [Verbose] Ignore Action: New:krl.Copy(KRC:\R1\H_Prog\dai_grp_xx_ok.src), 7000. MD5 check is identical!
05/12/2016 20:13:13.96 [Verbose] Ignore Action: New:krl.Copy(KRC:\R1\H_Prog\dai_ldd_xx.src), 7000. MD5 check is identical!
05/12/2016 20:13:13.97 [Verbose] Ignore Action: New:krl.Copy(KRC:\R1\DAI\dai_tech_loop.src), 7000. MD5 check is identical!
05/12/2016 20:13:13.97 [Verbose] Ignore Action: New:krl.Copy(KRC:\R1\DAI\dai_msg_library.src), 7000. MD5 check is identical!
05/12/2016 20:13:13.97 [Verbose] Ignore Action: New:krl.Copy(KRC:\R1\DAI\dai_sps_init.src), 7000. MD5 check is identical!
05/12/2016 20:13:13.97 [Verbose] Ignore Action: New:krl.Copy(KRC:\R1\DAI\dai_sps_library.src), 7000. MD5 check is identical!
05/12/2016 20:13:13.97 [Verbose] Ignore Action: New:krl.Copy(KRC:\R1\H_Prog\dai_robot_ok.src), 7000. MD5 check is identical!
05/12/2016 20:13:13.99 [Verbose] Ignore Action: New:krl.Copy(KRC:\R1\H_Prog\dai_vornull_mam.src), 7000. MD5 check is identical!
05/12/2016 20:13:13.99 [Verbose] Ignore Action: New:krl.Copy(KRC:\R1\H_Prog\Templ_CeckTool_KopfZg.src), 7000. MD5 check is identical!
05/12/2016 20:13:13.99 [Verbose] Ignore Action: New:krl.Copy(KRC:\R1\H_Prog\Templ_CheckTool_ExtZg.src), 7000. MD5 check is identical!
05/12/2016 20:13:13.99 [Verbose] Ignore Action: New:krl.Copy(KRC:\R1\H_Prog\dai_vornull_geteilt.src), 7000. MD5 check is identical!
05/12/2016 20:13:13.99 [Verbose] Ignore Action: New:krl.Copy(KRC:\R1\H_Prog\dai_tool_xx_chg.src), 7000. MD5 check is identical!
05/12/2016 20:13:13.99 [Verbose] Ignore Action: New:krl.Copy(KRC:\R1\H_Prog\dai_tool_xx_ok.src), 7000. MD5 check is identical!
05/12/2016 20:13:14.00 [Verbose] Ignore Action: New:krl.Copy(KRC:\R1\H_Prog\dai_vornull.src), 7000. MD5 check is identical!
05/12/2016 20:13:14.00 [Verbose] Ignore Action: New:krl.Copy(KRC:\R1\Program\TOOLCHANGE_PROG\tool_6_decouple.src), 7000. MD5 check is identical!
05/12/2016 20:13:14.00 [Verbose] Ignore Action: New:krl.Copy(KRC:\R1\Program\TOOLCHANGE_PROG\tool_7_couple.src), 7000. MD5 check is identical!
05/12/2016 20:13:14.00 [Verbose] Ignore Action: New:krl.Copy(KRC:\R1\Program\TOOLCHANGE_PROG\tool_7_decouple.src), 7000. MD5 check is identical!
05/12/2016 20:13:14.00 [Verbose] Ignore Action: New:krl.Copy(KRC:\R1\Program\TOOLCHANGE_PROG\tool_6_couple.src), 7000. MD5 check is identical!
05/12/2016 20:13:14.00 [Verbose] Ignore Action: New:krl.Copy(KRC:\R1\Program\TOOLCHANGE_PROG\tool_4_decouple.src), 7000. MD5 check is identical!
05/12/2016 20:13:14.02 [Verbose] Ignore Action: New:krl.Copy(KRC:\R1\Program\TOOLCHANGE_PROG\tool_5_couple.src), 7000. MD5 check is identical!
05/12/2016 20:13:14.02 [Verbose] Ignore Action: New:krl.Copy(KRC:\R1\Program\TOOLCHANGE_PROG\tool_5_decouple.src), 7000. MD5 check is identical!
05/12/2016 20:13:14.02 [Verbose] Ignore Action: New:krl.Copy(KRC:\R1\Program\TOOLCHANGE_PROG\tool_8_couple.src), 7000. MD5 check is identical!
05/12/2016 20:13:14.02 [Verbose] Ignore Action: New:krl.Copy(KRC:\R1\DAI\dai_ctrl_library.src), 7000. MD5 check is identical!
05/12/2016 20:13:14.02 [Verbose] Ignore Action: New:krl.Copy(KRC:\R1\DAI\dai_data_library.src), 7000. MD5 check is identical!
05/12/2016 20:13:14.10 [Verbose] Ignore Action: New:krl.Copy(KRC:\R1\DAI\dai_math_library.src), 7000. MD5 check is identical!
05/12/2016 20:13:14.10 [Verbose] Ignore Action: New:krl.Copy(KRC:\R1\TP\DAI_TOOLCHANGE\toolchange.src), 7000. MD5 check is identical!
05/12/2016 20:13:14.10 [Verbose] Ignore Action: New:krl.Copy(KRC:\R1\Program\TOOLCHANGE_PROG\tool_8_decouple.src), 7000. MD5 check is identical!
05/12/2016 20:13:14.10 [Verbose] Ignore Action: New:krl.Copy(KRC:\R1\TP\DAI_CheckTool\dai_checktool.src), 7000. MD5 check is identical!
05/12/2016 20:13:14.10 [Verbose] Ignore Action: New:krl.Copy(KRC:\R1\TP\DAI_TOOLCHANGE\glob_toolchange_couple.src), 7000. MD5 check is identical!
05/12/2016 20:13:14.10 [Information] Ignore Action: New:solution.Copy(C:\KRC\User\ProjectRoot\401195_br\401195_br.wvs), 9000. Copy only once!
05/12/2016 20:13:14.43 [Warning] Ignore UserPdiGenerationAction: Create "C:\KRC\Roboter\Config\User\Common\USERPDI.SAF". Header and content check states identical data!
05/12/2016 20:13:19.75 [Information] Successful execute PrepareAction 'Global.UserPermission(), 1000'.
05/12/2016 20:13:19.76 [Information] Execute Global.StopProgram(), 2000. Krc not in Automatic!
05/12/2016 20:13:19.76 [Information] Execute Global.StopProgram(), 2000. Stop submit interpreter!
05/12/2016 20:13:20.04 [Information] Execute Global.StopProgram(), 2000. Cancel submit interpreter!
05/12/2016 20:13:20.31 [Information] Successful execute PrepareAction 'Global.StopProgram(), 2000'.
05/12/2016 20:13:20.36 [Information] Committed: Prepared.
05/12/2016 20:13:20.37 [Information] Start installation of "401195_br V1.3.0.0".
05/12/2016 20:13:20.40 [Information] Reset current project!
05/12/2016 20:13:20.73 [Information] Successful execute Install Action 'New:mada.Copy(KRC:\R1\System\$config.dat), 4000'.
05/12/2016 20:13:20.73 [Information] Installation successful!
05/12/2016 20:13:20.90 [Information] Set current project: 401195_br V1.3.0.0
05/12/2016 20:13:20.97 [Information] Committed: Installed.
05/12/2016 20:13:21.04 [Information] Successfully execute Postaction 'Global.AnalyseAll(), 1000'.
05/12/2016 20:13:21.04 [Information] Execute Global.StartProgram(), 2000. Start submit interpreter!
05/12/2016 20:13:21.59 [Information] Successfully execute Postaction 'Global.StartProgram(), 2000'.
05/12/2016 20:13:21.59 [Information] *** Activation Successful.
05/12/2016 20:13:23.23 [Information] Committed: Activated.
05/12/2016 20:13:23.30 [Information] #----------------o0o---------------#
