14/07/2015 21:16:37.12 [Information] -------------------------------
14/07/2015 21:16:42.12 [Information] Prepare Installation of project "MBB_668063 V1.5.0.0".
14/07/2015 21:16:42.12 [Information] Current project was "MBB_668063 V1.4.0".
14/07/2015 21:16:43.66 [Warning] Element Type changed for {ExternalFileManifest Config:Copy(Config:\User\Common\SafetyConfigData.xml) - SavedExternal} -> safety
14/07/2015 21:16:43.66 [Warning] Element Type changed for {ExternalFileManifest Config:Copy(Config:\User\Common\SCtlPara.sg) - SavedExternal} -> safety
14/07/2015 21:16:43.68 [Warning] Element Type changed for {ExternalFileManifest Krl:Copy(C:\KRC\Roboter\Template\vg_appl.dat) - SavedExternal} -> file
14/07/2015 21:16:43.68 [Warning] Element Type changed for {ExternalFileManifest Krl:Copy(C:\KRC\Roboter\Template\vg_appl.src) - SavedExternal} -> file
14/07/2015 21:16:43.68 [Warning] Element Type changed for {ExternalFileManifest Krl:Copy(C:\KRC\Roboter\Template\vg_hp.dat) - SavedExternal} -> file
14/07/2015 21:16:43.68 [Warning] Element Type changed for {ExternalFileManifest Krl:Copy(C:\KRC\Roboter\Template\vg_hp.src) - SavedExternal} -> file
14/07/2015 21:16:43.68 [Warning] Element Type changed for {ExternalFileManifest Krl:Copy(C:\KRC\temp\ChangeLog.dat) - SavedExternal} -> file
14/07/2015 21:16:43.68 [Warning] Element Type changed for {ExternalFileManifest Krl:Copy(C:\KRC\temp\ToDo.dat) - SavedExternal} -> file
14/07/2015 21:16:43.68 [Warning] Element Type changed for {ExternalFileManifest File:Copy(KRC:\R1\System\668063.pt.txt) - SavedExternal} -> krl
14/07/2015 21:16:43.69 [Information] SafetyHandler ignores element: '{ExternalFileManifest safety:Copy(Config:\User\Common\SafetyConfigData.xml) - SavedExternal}'
14/07/2015 21:16:43.69 [Information] SafetyHandler ignores element: '{ExternalFileManifest safety:Copy(Config:\User\Common\SCtlPara.sg) - SavedExternal}'
14/07/2015 21:16:43.69 [Information] SafetyHandler ignores element: '{ExternalFileManifest safety:Copy(Config:\User\Common\HNFINFO.SAF) - SavedExternal}'
14/07/2015 21:16:46.44 [Verbose] Ignore Action: New:file.Copy(C:\KRC\DATA\DAI_AG_Spot.kxr), 1500. MD5 check is identical!
14/07/2015 21:16:46.44 [Verbose] Ignore Action: New:file.Copy(C:\KRC\Roboter\Template\vg_hp.src), 1500. MD5 check is identical!
14/07/2015 21:16:46.44 [Verbose] Ignore Action: New:file.Copy(C:\KRC\DATA\DAI_ANTICOLL.kxr), 1500. MD5 check is identical!
14/07/2015 21:16:46.44 [Verbose] Ignore Action: New:file.Copy(C:\KRC\DATA\DAI_H_Prog.kxr), 1500. MD5 check is identical!
14/07/2015 21:16:46.45 [Verbose] Ignore Action: New:file.Copy(C:\KRC\DATA\DAI_Gripper.kxr), 1500. MD5 check is identical!
14/07/2015 21:16:46.45 [Verbose] Ignore Action: New:file.Copy(C:\KRC\Roboter\Template\vg_hp.dat), 1500. MD5 check is identical!
14/07/2015 21:16:46.47 [Verbose] Ignore Action: New:file.Copy(C:\KRC\SmartHMI\SmartHMI.exe.DAI_AG_Spot.config), 1500. MD5 check is identical!
14/07/2015 21:16:46.47 [Verbose] Ignore Action: New:file.Copy(C:\KRC\USER\WorkVisualServiceHost.User.config), 1500. MD5 check is identical!
14/07/2015 21:16:46.48 [Verbose] Ignore Action: New:file.Copy(C:\KRC\SmartHMI\SmartHMI.exe.DAI_STANDARD.config), 1500. MD5 check is identical!
14/07/2015 21:16:46.48 [Verbose] Ignore Action: New:file.Copy(C:\KRC\Roboter\Template\vg_appl.src), 1500. MD5 check is identical!
14/07/2015 21:16:46.48 [Verbose] Ignore Action: New:file.Copy(C:\KRC\Roboter\Template\vg_appl.dat), 1500. MD5 check is identical!
14/07/2015 21:16:46.48 [Verbose] Ignore Action: New:file.Copy(C:\KRC\temp\ToDo.dat), 1500. MD5 check is identical!
14/07/2015 21:16:46.50 [Verbose] Ignore Action: New:file.Copy(C:\KRC\TP\USERTECH\TEMPLATE\ICONS\prestrock_op.ico), 1500. MD5 check is identical!
14/07/2015 21:16:46.50 [Verbose] Ignore Action: New:file.Copy(C:\KRC\USER\Measurement.Points.cfg), 1500. MD5 check is identical!
14/07/2015 21:16:46.50 [Verbose] Ignore Action: New:file.Copy(C:\KRC\USER\SetupWizardStates.xml), 1500. MD5 check is identical!
14/07/2015 21:16:46.51 [Verbose] Ignore Action: New:file.Copy(C:\KRC\USER\KLMDigitalIO.WriteProtectedOutputs.cfg), 1500. MD5 check is identical!
14/07/2015 21:16:46.51 [Verbose] Ignore Action: New:file.Copy(C:\KRC\TP\USERTECH\TEMPLATE\ICONS\prestrock_cl.ico), 1500. MD5 check is identical!
14/07/2015 21:16:46.51 [Verbose] Ignore Action: New:file.Copy(C:\KRC\TP\USERTECH\TEMPLATE\DAI_AG_Spottech.KFD), 1500. MD5 check is identical!
14/07/2015 21:16:46.51 [Verbose] Ignore Action: New:file.Copy(C:\KRC\DATA\DAI_MSG_LIB.kxr), 1500. MD5 check is identical!
14/07/2015 21:16:46.53 [Verbose] Ignore Action: New:file.Copy(C:\KRC\TP\USERTECH\TEMPLATE\dai_collision.kfd), 1500. MD5 check is identical!
14/07/2015 21:16:46.53 [Verbose] Ignore Action: New:file.Copy(C:\KRC\TP\USERTECH\TEMPLATE\dai_velocity.kfd), 1500. MD5 check is identical!
14/07/2015 21:16:46.53 [Verbose] Ignore Action: New:file.Copy(C:\KRC\TP\USERTECH\TEMPLATE\dai_plus.kfd), 1500. MD5 check is identical!
14/07/2015 21:16:46.53 [Verbose] Ignore Action: New:file.Copy(C:\KRC\USER\InitialProjectSetup.User.config), 1500. MD5 check is identical!
14/07/2015 21:16:46.55 [Verbose] Ignore Action: New:file.Copy(C:\KRC\USER\InstallTech.cfg), 1500. MD5 check is identical!
14/07/2015 21:16:46.55 [Verbose] Ignore Action: New:file.Copy(C:\KRC\USER\Cross3.User.config), 1500. MD5 check is identical!
14/07/2015 21:16:46.55 [Verbose] Ignore Action: New:file.Copy(C:\KRC\temp\ChangeLog.dat), 1500. MD5 check is identical!
14/07/2015 21:16:46.56 [Verbose] Ignore Action: New:file.Copy(C:\KRC\USER\ConfigMon.ini), 1500. MD5 check is identical!
14/07/2015 21:16:46.56 [Verbose] Ignore Action: New:file.Copy(C:\KRC\USER\KukaPMService.User.config), 1500. MD5 check is identical!
14/07/2015 21:16:46.56 [Verbose] Ignore Action: New:file.Copy(C:\KRC\USER\SmartHMI.User.config), 1500. MD5 check is identical!
14/07/2015 21:16:46.56 [Verbose] Ignore Action: New:file.Copy(C:\KRC\USER\WaitForUserList.xml), 1500. MD5 check is identical!
14/07/2015 21:16:46.58 [Verbose] Ignore Action: New:file.Copy(C:\KRC\USER\ProjectExternalFileList.xml), 1500. MD5 check is identical!
14/07/2015 21:16:46.58 [Verbose] Ignore Action: New:file.Copy(C:\KRC\USER\MaintenanceHandBook.User.config), 1500. MD5 check is identical!
14/07/2015 21:16:46.58 [Verbose] Ignore Action: New:file.Copy(C:\KRC\USER\PMService.user.config), 1500. MD5 check is identical!
14/07/2015 21:16:46.58 [Verbose] Ignore Action: New:config.Copy(Config:\User\Common\ecat_PBM_Gateway.xml), 2000. MD5 check is identical!
14/07/2015 21:16:46.59 [Verbose] Ignore Action: New:config.Copy(Config:\User\Common\Mada\NGAxis\CtrlA5AddFct.xml), 2000. MD5 check is identical!
14/07/2015 21:16:46.59 [Verbose] Ignore Action: New:config.Copy(Config:\User\Common\Mada\NGAxis\CtrlA4AddFct.xml), 2000. MD5 check is identical!
14/07/2015 21:16:46.59 [Verbose] Ignore Action: New:config.Copy(Config:\User\Common\Mada\MotionDrivers\mdrBrakeTest.ini), 2000. MD5 check is identical!
14/07/2015 21:16:46.59 [Verbose] Ignore Action: New:config.Copy(Config:\User\Common\Mada\SimuAxis\A1.xml), 2000. MD5 check is identical!
14/07/2015 21:16:46.61 [Verbose] Ignore Action: New:config.Copy(Config:\User\Common\Mada\NGAxis\CtrlA6AddFct.xml), 2000. MD5 check is identical!
14/07/2015 21:16:46.61 [Verbose] Ignore Action: New:config.Copy(Config:\User\Common\EtherCATConfig.xsd), 2000. MD5 check is identical!
14/07/2015 21:16:46.61 [Verbose] Ignore Action: New:config.Copy(Config:\User\Common\Mada\NGAxis\CtrlA1AddFct.xml), 2000. MD5 check is identical!
14/07/2015 21:16:46.66 [Verbose] Ignore Action: New:config.Copy(Config:\User\Common\KLIConfig.xml), 2000. MD5 check is identical!
14/07/2015 21:16:46.66 [Verbose] Ignore Action: New:config.Copy(Config:\User\Common\ECAT_SYS_X44.xml), 2000. MD5 check is identical!
14/07/2015 21:16:46.66 [Verbose] Ignore Action: New:config.Copy(Config:\User\Common\Mada\NGAxis\CtrlA3AddFct.xml), 2000. MD5 check is identical!
14/07/2015 21:16:46.66 [Verbose] Ignore Action: New:config.Copy(Config:\User\Common\Mada\NGAxis\CtrlA2AddFct.xml), 2000. MD5 check is identical!
14/07/2015 21:16:46.67 [Verbose] Ignore Action: New:config.Copy(Config:\User\Common\Mada\SimuAxis\A4.xml), 2000. MD5 check is identical!
14/07/2015 21:16:46.67 [Verbose] Ignore Action: New:config.Copy(Config:\User\Common\DevIODriver.xml), 2000. MD5 check is identical!
14/07/2015 21:16:46.67 [Verbose] Ignore Action: New:config.Copy(Config:\User\Common\Mada\SimuAxis\A5.xml), 2000. MD5 check is identical!
14/07/2015 21:16:46.67 [Verbose] Ignore Action: New:config.Copy(Config:\User\Common\Mada\SimuAxis\A2.xml), 2000. MD5 check is identical!
14/07/2015 21:16:46.69 [Verbose] Ignore Action: New:config.Copy(Config:\User\Common\Mada\SimuAxis\A3.xml), 2000. MD5 check is identical!
14/07/2015 21:16:46.69 [Verbose] Ignore Action: New:config.Copy(Config:\User\Common\ecatms_sys_X44_swap.xml), 2000. MD5 check is identical!
14/07/2015 21:16:46.69 [Verbose] Ignore Action: New:config.Copy(Config:\User\Common\MotionDrivers\mdrBrakeTest.ini), 2000. MD5 check is identical!
14/07/2015 21:16:46.69 [Verbose] Ignore Action: New:config.Copy(Config:\User\Common\connectionchain.xml), 2000. MD5 check is identical!
14/07/2015 21:16:46.70 [Verbose] Ignore Action: New:config.Copy(Config:\User\Common\MotionDrivers\mdrConveyor.ini), 2000. MD5 check is identical!
14/07/2015 21:16:46.70 [Verbose] Ignore Action: New:config.Copy(Config:\User\Common\Mada\SimuAxis\A6.xml), 2000. MD5 check is identical!
14/07/2015 21:16:46.70 [Verbose] Ignore Action: New:config.Copy(Config:\User\Common\MotionDrivers\loadDataDevice.ini), 2000. MD5 check is identical!
14/07/2015 21:16:46.70 [Verbose] Ignore Action: New:config.Copy(Config:\User\Common\ecat_DNM_Gateway.xml), 2000. MD5 check is identical!
14/07/2015 21:16:46.72 [Verbose] Ignore Action: New:config.Copy(Config:\User\Common\Mada\SimuAxesKrc.xml), 2000. MD5 check is identical!
14/07/2015 21:16:46.72 [Verbose] Ignore Action: New:config.Copy(Config:\User\Common\ProConOS.xml), 2000. MD5 check is identical!
14/07/2015 21:16:46.72 [Verbose] Ignore Action: New:config.Copy(Config:\User\Common\Modules_TimeSync.xml), 2000. MD5 check is identical!
14/07/2015 21:16:46.72 [Verbose] Ignore Action: New:config.Copy(Config:\User\Common\KrcExtConfMsg.xml), 2000. MD5 check is identical!
14/07/2015 21:16:46.73 [Verbose] Ignore Action: New:config.Copy(Config:\User\Common\MainBoardDrv.xml), 2000. MD5 check is identical!
14/07/2015 21:16:46.73 [Verbose] Ignore Action: New:config.Copy(Config:\User\Common\ProConOS_IO.xml), 2000. MD5 check is identical!
14/07/2015 21:16:46.73 [Verbose] Ignore Action: New:config.Copy(Config:\User\Common\KrcDryRun.xml), 2000. MD5 check is identical!
14/07/2015 21:16:46.75 [Information] ConfigCopyAction 'New:config.Copy(Config:\User\Common\IPPNIO.xml), 2000': Requests reconfiguration.
14/07/2015 21:16:46.75 [Verbose] Ignore Action: New:config.Copy(Config:\User\Common\Modules_DevIO.xml), 2000. MD5 check is identical!
14/07/2015 21:16:46.75 [Verbose] Ignore Action: New:config.Copy(Config:\User\Common\Logging_System.xml), 2000. MD5 check is identical!
14/07/2015 21:16:46.77 [Verbose] Ignore Action: New:config.Copy(Config:\User\Common\Modules_SysBusDriver.xml), 2000. MD5 check is identical!
14/07/2015 21:16:46.77 [Verbose] Ignore Action: New:config.Copy(Config:\User\Common\Modules_ProConOS.xml), 2000. MD5 check is identical!
14/07/2015 21:16:46.77 [Verbose] Ignore Action: New:config.Copy(Config:\User\Common\Logging_BrakeTest.xml), 2000. MD5 check is identical!
14/07/2015 21:16:46.77 [Verbose] Ignore Action: New:config.Copy(Config:\User\Common\Mada\EAWaggonDriverConfig.xml), 2000. MD5 check is identical!
14/07/2015 21:16:46.78 [Verbose] Ignore Action: New:config.Copy(Config:\User\Common\Mada\CFCoreWaggonDriverConfig.xml), 2000. MD5 check is identical!
14/07/2015 21:16:46.78 [Verbose] Ignore Action: New:config.Copy(Config:\User\Common\KNet.xml), 2000. MD5 check is identical!
14/07/2015 21:16:46.78 [Verbose] Ignore Action: New:config.Copy(Config:\User\Common\Mada\SimuAxes.xml), 2000. MD5 check is identical!
14/07/2015 21:16:46.80 [Verbose] Ignore Action: New:config.Copy(Config:\User\Common\Mada\NextGenDriveTech.xml), 2000. MD5 check is identical!
14/07/2015 21:16:46.80 [Verbose] Ignore Action: New:config.Copy(Config:\User\Common\Mada\KRCAxes.xml), 2000. MD5 check is identical!
14/07/2015 21:16:46.80 [Verbose] Ignore Action: New:config.Copy(Config:\User\Common\TimeSync.xml), 2000. MD5 check is identical!
14/07/2015 21:16:46.80 [Verbose] Ignore Action: New:config.Copy(Config:\User\Common\KrcConfig.xml), 2000. MD5 check is identical!
14/07/2015 21:16:46.81 [Verbose] Ignore Action: New:config.Copy(Config:\User\Common\SysBusDriver.xml), 2000. MD5 check is identical!
14/07/2015 21:16:46.81 [Verbose] Ignore Action: New:config.Copy(Config:\User\Common\Mada\CFCore.xml), 2000. MD5 check is identical!
14/07/2015 21:16:46.81 [Verbose] Ignore Action: New:config.Copy(Config:\User\Common\VIO_USER_BUS.xml), 2000. MD5 check is identical!
14/07/2015 21:16:46.83 [Verbose] Ignore Action: New:config.Copy(Config:\User\Common\KrcBackward.xml), 2000. MD5 check is identical!
14/07/2015 21:16:46.83 [Verbose] Ignore Action: New:config.Copy(Config:\User\Common\ibspci.xml), 2000. MD5 check is identical!
14/07/2015 21:16:46.84 [Verbose] Ignore Action: New:config.Copy(Config:\User\Common\Modules_Interbus.xml), 2000. MD5 check is identical!
14/07/2015 21:16:46.84 [Verbose] Ignore Action: New:config.Copy(Config:\User\Common\Modules_PNIODriver.xml), 2000. MD5 check is identical!
14/07/2015 21:16:46.86 [Information] ConfigCopyAction 'New:config.Copy(Config:\User\Cabinet\ecatms_config.xml), 2000': Requests reconfiguration.
14/07/2015 21:16:46.86 [Verbose] Ignore Action: New:config.Copy(Config:\User\Common\PersistPC\EncoderMastering.xml), 2000. MD5 check is identical!
14/07/2015 21:16:46.86 [Verbose] Ignore Action: New:config.Copy(Config:\User\Common\PersistPC\NGDecouple.xml), 2000. MD5 check is identical!
14/07/2015 21:16:46.87 [Verbose] Ignore Action: New:config.Copy(Config:\User\Common\VxWin\knet.config), 2000. MD5 check is identical!
14/07/2015 21:16:46.87 [Verbose] Ignore Action: New:config.Copy(Config:\User\Common\P1360R05.SVC), 2000. MD5 check is identical!
14/07/2015 21:16:46.87 [Information] ConfigCopyAction 'New:config.Copy(Config:\User\Common\KRC_IO.xml), 2000': Requests reconfiguration.
14/07/2015 21:16:46.89 [Information] ConfigCopyAction 'New:config.Copy(Config:\User\Common\KrcIoSignals.xml), 2000': Requests reconfiguration.
14/07/2015 21:16:46.89 [Information] ConfigCopyAction 'New:config.Copy(Config:\User\Common\PNIODriver.xml), 2000': Requests reconfiguration.
14/07/2015 21:16:46.89 [Verbose] Ignore Action: New:config.Copy(Config:\User\Common\P1360R05.BG4), 2000. MD5 check is identical!
14/07/2015 21:16:46.91 [Verbose] Ignore Action: New:config.Copy(Config:\User\Common\P1360R05.D32), 2000. MD5 check is identical!
14/07/2015 21:16:46.91 [Verbose] Ignore Action: New:config.Copy(Config:\User\Common\P1360R05.INI), 2000. MD5 check is identical!
14/07/2015 21:16:46.91 [Information] ConfigCopyAction 'New:config.Copy(Config:\User\Common\Interbus.xml), 2000': Requests reconfiguration.
14/07/2015 21:16:46.92 [Warning] Ignore SafetyConfigParamAction: Copy "C:\KRC\ROBOTER\Config\User\Common\SCTLPARA.SAF". Param header and content check states identical data!
14/07/2015 21:16:46.92 [Verbose] Ignore Action: New:config.Copy(Config:\User\Common\MotionDrivers\mdrJointOffset.ini), 2000. MD5 check is identical!
14/07/2015 21:16:46.92 [Verbose] Ignore Action: New:config.Copy(Config:\User\Common\MotionDrivers\mdrEmily.ini), 2000. MD5 check is identical!
14/07/2015 21:16:46.94 [Verbose] Ignore Action: New:config.Copy(Config:\User\Common\MotionDrivers\mdrStandStill.ini), 2000. MD5 check is identical!
14/07/2015 21:16:46.94 [Verbose] Ignore Action: New:config.Copy(Config:\User\Cabinet\EtherCATConfig.xsd), 2000. MD5 check is identical!
14/07/2015 21:16:46.94 [Warning] Ignore SafetyConfigParamAction: Copy "C:\KRC\ROBOTER\Config\User\Common\SCTLPARA.SAF". Param header and content check states identical data!
14/07/2015 21:16:46.95 [Information] SafetyParamInfoAction 'New:safety.Copy(Config:\User\Common\SCTLINFO.SAF), 2000': Ignored since safety parameter file is ignored too.
14/07/2015 21:16:46.95 [Verbose] Ignore Action: New:config.Copy(Config:\User\Common\CabCtrl.xml), 2000. MD5 check is identical!
14/07/2015 21:16:46.95 [Verbose] Ignore Action: New:config.Copy(Config:\User\Common\pndev1.xml), 2000. MD5 check is identical!
14/07/2015 21:16:47.72 [Information] SafetyNetworkInstallAction 'New:safety.Copy(Config:\User\Common\SAFEDEV.SAF), 2000': Checksum has to be updated.
14/07/2015 21:16:47.72 [Information] SafetyNetworkInstallAction 'New:safety.Copy(Config:\User\Common\SAFEDEV.SAF), 2000': Requests reconfiguration.
14/07/2015 21:16:47.72 [Verbose] Ignore Action: New:config.Copy(Config:\User\Common\MotionDrivers\motiondrv.ini), 2000. MD5 check is identical!
14/07/2015 21:16:47.74 [Verbose] Ignore Action: New:config.Copy(Config:\User\Common\MotionDrivers\mdrVwAscii.ini), 2000. MD5 check is identical!
14/07/2015 21:16:47.74 [Verbose] Ignore Action: New:config.Copy(Config:\User\Cabinet\ecatms_sys_X48_config.xml), 2000. MD5 check is identical!
14/07/2015 21:16:47.77 [Verbose] Ignore Action: New:mada.Copy(KRC:\STEU\Mada\$option.dat), 4000. MD5 check is identical!
14/07/2015 21:16:47.77 [Verbose] Ignore Action: New:mada.Copy(KRC:\R1\Mada\$robcor.dat), 4000. MD5 check is identical!
14/07/2015 21:16:47.77 [Verbose] Ignore Action: New:mada.Copy(KRC:\STEU\$config.dat), 4000. MD5 check is identical!
14/07/2015 21:16:47.78 [Information] KrcCopyAction 'New:mada.Copy(KRC:\R1\System\$config.dat), 4000': Requests stopping the program.
14/07/2015 21:16:47.78 [Verbose] Ignore Action: New:mada.Copy(KRC:\R1\Mada\$machine.dat), 4000. MD5 check is identical!
14/07/2015 21:16:47.78 [Verbose] Ignore Action: New:mada.Copy(KRC:\STEU\Mada\$custom.dat), 4000. MD5 check is identical!
14/07/2015 21:16:47.80 [Verbose] Ignore Action: New:mada.Copy(KRC:\STEU\Mada\$machine.dat), 4000. MD5 check is identical!
14/07/2015 21:16:47.82 [Verbose] Ignore Action: New:krl.Copy(KRC:\R1\Program\tip_change.dat), 6500. MD5 check is identical!
14/07/2015 21:16:47.82 [Verbose] Ignore Action: New:krl.Copy(KRC:\R1\TP\CLOCK.dat), 6500. MD5 check is identical!
14/07/2015 21:16:47.82 [Verbose] Ignore Action: New:krl.Copy(KRC:\R1\Program\retorno_msb_resp_c1.dat), 6500. MD5 check is identical!
14/07/2015 21:16:47.82 [Verbose] Ignore Action: New:krl.Copy(KRC:\R1\Program\Subroutine\tm_useraction.dat), 6500. MD5 check is identical!
14/07/2015 21:16:47.83 [Verbose] Ignore Action: New:krl.Copy(KRC:\R1\Program\ps_p13060r5_ltc_geo_c1sp.dat), 6500. MD5 check is identical!
14/07/2015 21:16:47.83 [Verbose] Ignore Action: New:krl.Copy(KRC:\R1\Program\Subroutine\Req_Fraes.dat), 6500. MD5 check is identical!
14/07/2015 21:16:47.83 [Verbose] Ignore Action: New:krl.Copy(KRC:\R1\Program\f_Fraes_2.dat), 6500. MD5 check is identical!
14/07/2015 21:16:47.85 [Verbose] Ignore Action: New:krl.Copy(KRC:\R1\Program\Subroutine\CHECK_TOOL_MASREF.dat), 6500. MD5 check is identical!
14/07/2015 21:16:47.85 [Verbose] Ignore Action: New:krl.Copy(KRC:\R1\Program\Subroutine\MBINI.dat), 6500. MD5 check is identical!
14/07/2015 21:16:47.85 [Verbose] Ignore Action: New:krl.Copy(KRC:\R1\Program\ps_p13060r5_all_resp_x1.dat), 6500. MD5 check is identical!
14/07/2015 21:16:47.86 [Verbose] Ignore Action: New:krl.Copy(KRC:\R1\Program\ps_p13060r5_all_resp_c1.dat), 6500. MD5 check is identical!
14/07/2015 21:16:47.86 [Verbose] Ignore Action: New:krl.Copy(KRC:\R1\Program\e_Fraes_1.dat), 6500. MD5 check is identical!
14/07/2015 21:16:47.86 [Verbose] Ignore Action: New:krl.Copy(KRC:\R1\Program\ps_r5_mgsb_l_resp1_c1.dat), 6500. MD5 check is identical!
14/07/2015 21:16:47.88 [Verbose] Ignore Action: New:krl.Copy(KRC:\R1\Program\ps_r5_l_resp1_c1_mod_cop.dat), 6500. MD5 check is identical!
14/07/2015 21:16:47.88 [Verbose] Ignore Action: New:krl.Copy(KRC:\R1\Program\f_Fraes_1.dat), 6500. MD5 check is identical!
14/07/2015 21:16:47.88 [Verbose] Ignore Action: New:krl.Copy(KRC:\R1\Program\f_Fraes_3.dat), 6500. MD5 check is identical!
14/07/2015 21:16:47.89 [Verbose] Ignore Action: New:krl.Copy(KRC:\R1\Program\ps_p13060r5STB_resp_x1.dat), 6500. MD5 check is identical!
14/07/2015 21:16:47.89 [Verbose] Ignore Action: New:krl.Copy(KRC:\R1\Program\e_Fraes_2.dat), 6500. MD5 check is identical!
14/07/2015 21:16:47.89 [Verbose] Ignore Action: New:krl.Copy(KRC:\R1\Program\e_Fraes_3.dat), 6500. MD5 check is identical!
14/07/2015 21:16:47.91 [Verbose] Ignore Action: New:krl.Copy(KRC:\R1\Program\ps_p13060r5_ltc_geo_c1.dat), 6500. MD5 check is identical!
14/07/2015 21:16:47.91 [Verbose] Ignore Action: New:krl.Copy(KRC:\R1\Program\ps_p13060r5_stb_resp_c1.dat), 6500. MD5 check is identical!
14/07/2015 21:16:47.91 [Verbose] Ignore Action: New:krl.Copy(KRC:\R1\Program\wkz2_ok.dat), 6500. MD5 check is identical!
14/07/2015 21:16:47.93 [Verbose] Ignore Action: New:krl.Copy(KRC:\R1\Program\ps_p13060r5_all_resp_cop.dat), 6500. MD5 check is identical!
14/07/2015 21:16:47.93 [Verbose] Ignore Action: New:krl.Copy(KRC:\R1\Program\wkz1_ok.dat), 6500. MD5 check is identical!
14/07/2015 21:16:47.94 [Verbose] Ignore Action: New:krl.Copy(KRC:\R1\Program\ps_p13060r5_stb_resp_c2.dat), 6500. MD5 check is identical!
14/07/2015 21:16:47.94 [Verbose] Ignore Action: New:krl.Copy(KRC:\R1\Program\ps_p13060r5_l_resp1_c1.dat), 6500. MD5 check is identical!
14/07/2015 21:16:47.94 [Verbose] Ignore Action: New:krl.Copy(KRC:\R1\Program\ps_r5_l_resp1_c1_mod.dat), 6500. MD5 check is identical!
14/07/2015 21:16:47.96 [Verbose] Ignore Action: New:krl.Copy(KRC:\R1\Program\ps_p13060r5_all_resp_xco.dat), 6500. MD5 check is identical!
14/07/2015 21:16:47.96 [Verbose] Ignore Action: New:krl.Copy(KRC:\R1\Program\ps_p13060r5_msr_lta_c1.dat), 6500. MD5 check is identical!
14/07/2015 21:16:47.97 [Verbose] Ignore Action: New:krl.Copy(KRC:\R1\Program\wkz3_ok.dat), 6500. MD5 check is identical!
14/07/2015 21:16:47.97 [Verbose] Ignore Action: New:krl.Copy(KRC:\R1\Program\HP251.dat), 6500. MD5 check is identical!
14/07/2015 21:16:47.97 [Verbose] Ignore Action: New:krl.Copy(KRC:\R1\DAI\dai_data_library.dat), 6500. MD5 check is identical!
14/07/2015 21:16:47.99 [Verbose] Ignore Action: New:krl.Copy(KRC:\R1\DAI\dai_global.dat), 6500. MD5 check is identical!
14/07/2015 21:16:47.99 [Verbose] Ignore Action: New:krl.Copy(KRC:\R1\DAI\dai_ctrl_library.dat), 6500. MD5 check is identical!
14/07/2015 21:16:47.99 [Verbose] Ignore Action: New:krl.Copy(KRC:\R1\Program\wartung.dat), 6500. MD5 check is identical!
14/07/2015 21:16:47.99 [Verbose] Ignore Action: New:krl.Copy(KRC:\R1\TP\DAI_AG_Spot\userspot.dat), 6500. MD5 check is identical!
14/07/2015 21:16:48.00 [Verbose] Ignore Action: New:krl.Copy(KRC:\R1\DAI\dai_math_library.dat), 6500. MD5 check is identical!
14/07/2015 21:16:48.00 [Verbose] Ignore Action: New:krl.Copy(KRC:\R1\DAI\user_settings.dat), 6500. MD5 check is identical!
14/07/2015 21:16:48.00 [Verbose] Ignore Action: New:krl.Copy(KRC:\R1\H_Prog\dai_grp_xx_ok.dat), 6500. MD5 check is identical!
14/07/2015 21:16:48.02 [Verbose] Ignore Action: New:krl.Copy(KRC:\R1\DAI\user_global.dat), 6500. MD5 check is identical!
14/07/2015 21:16:48.02 [Verbose] Ignore Action: New:krl.Copy(KRC:\R1\DAI\dai_msg_library.dat), 6500. MD5 check is identical!
14/07/2015 21:16:48.02 [Verbose] Ignore Action: New:krl.Copy(KRC:\R1\DAI\dai_sps_library.dat), 6500. MD5 check is identical!
14/07/2015 21:16:48.04 [Verbose] Ignore Action: New:krl.Copy(KRC:\R1\Program\reinigung.dat), 6500. MD5 check is identical!
14/07/2015 21:16:48.04 [Verbose] Ignore Action: New:krl.Copy(KRC:\R1\System\tm_bib.dat), 6500. MD5 check is identical!
14/07/2015 21:16:48.04 [Verbose] Ignore Action: New:krl.Copy(KRC:\R1\TP\p00.dat), 6500. MD5 check is identical!
14/07/2015 21:16:48.05 [Verbose] Ignore Action: New:krl.Copy(KRC:\R1\System\MsgLib.dat), 6500. MD5 check is identical!
14/07/2015 21:16:48.05 [Verbose] Ignore Action: New:krl.Copy(KRC:\R1\Program\masref_user.dat), 6500. MD5 check is identical!
14/07/2015 21:16:48.05 [Verbose] Ignore Action: New:krl.Copy(KRC:\R1\System\masref_main.dat), 6500. MD5 check is identical!
14/07/2015 21:16:48.07 [Verbose] Ignore Action: New:krl.Copy(KRC:\R1\TP\BrakeTest\BrakeTestBack.dat), 6500. MD5 check is identical!
14/07/2015 21:16:48.07 [Verbose] Ignore Action: New:krl.Copy(KRC:\R1\TP\BrakeTest\BrakeTestStart.dat), 6500. MD5 check is identical!
14/07/2015 21:16:48.07 [Verbose] Ignore Action: New:krl.Copy(KRC:\R1\TP\Gripper_SpotTech\User_grp.dat), 6500. MD5 check is identical!
14/07/2015 21:16:48.08 [Verbose] Ignore Action: New:krl.Copy(KRC:\R1\TP\BrakeTest\BrakeTestSelfTest.dat), 6500. MD5 check is identical!
14/07/2015 21:16:48.08 [Verbose] Ignore Action: New:krl.Copy(KRC:\R1\TP\BrakeTest\BrakeTestPark.dat), 6500. MD5 check is identical!
14/07/2015 21:16:48.08 [Verbose] Ignore Action: New:krl.Copy(KRC:\R1\TP\BrakeTest\BrakeTestReq.dat), 6500. MD5 check is identical!
14/07/2015 21:16:48.10 [Verbose] Ignore Action: New:krl.Copy(KRC:\R1\H_Prog\dai_ldd_xx.dat), 6500. MD5 check is identical!
14/07/2015 21:16:48.10 [Verbose] Ignore Action: New:krl.Copy(KRC:\R1\Program\HP004.dat), 6500. MD5 check is identical!
14/07/2015 21:16:48.10 [Verbose] Ignore Action: New:krl.Copy(KRC:\R1\Program\HP005.dat), 6500. MD5 check is identical!
14/07/2015 21:16:48.11 [Verbose] Ignore Action: New:krl.Copy(KRC:\R1\Program\HP003.dat), 6500. MD5 check is identical!
14/07/2015 21:16:48.11 [Verbose] Ignore Action: New:krl.Copy(KRC:\R1\Program\HP007.dat), 6500. MD5 check is identical!
14/07/2015 21:16:48.13 [Verbose] Ignore Action: New:krl.Copy(KRC:\R1\Program\Subroutine\END_WELD.dat), 6500. MD5 check is identical!
14/07/2015 21:16:48.13 [Verbose] Ignore Action: New:krl.Copy(KRC:\R1\Program\HP250.dat), 6500. MD5 check is identical!
14/07/2015 21:16:48.13 [Verbose] Ignore Action: New:krl.Copy(KRC:\R1\Program\Subroutine\wkz0_ab.dat), 6500. MD5 check is identical!
14/07/2015 21:16:48.13 [Verbose] Ignore Action: New:krl.Copy(KRC:\R1\Program\HP241.dat), 6500. MD5 check is identical!
14/07/2015 21:16:48.14 [Verbose] Ignore Action: New:krl.Copy(KRC:\R1\Program\Subroutine\Trabalho_concluido.dat), 6500. MD5 check is identical!
14/07/2015 21:16:48.14 [Verbose] Ignore Action: New:krl.Copy(KRC:\R1\Program\HP240.dat), 6500. MD5 check is identical!
14/07/2015 21:16:48.14 [Verbose] Ignore Action: New:krl.Copy(KRC:\R1\Program\HP248.dat), 6500. MD5 check is identical!
14/07/2015 21:16:48.16 [Verbose] Ignore Action: New:krl.Copy(KRC:\R1\Program\hp001.dat), 6500. MD5 check is identical!
14/07/2015 21:16:48.16 [Verbose] Ignore Action: New:krl.Copy(KRC:\R1\Program\wkz1_an.dat), 6500. MD5 check is identical!
14/07/2015 21:16:48.16 [Verbose] Ignore Action: New:krl.Copy(KRC:\R1\H_Prog\dai_tool_xx_chg.dat), 6500. MD5 check is identical!
14/07/2015 21:16:48.18 [Verbose] Ignore Action: New:krl.Copy(KRC:\R1\Program\wkz1_ab.dat), 6500. MD5 check is identical!
14/07/2015 21:16:48.18 [Verbose] Ignore Action: New:krl.Copy(KRC:\R1\H_Prog\dai_tool_xx_ok.dat), 6500. MD5 check is identical!
14/07/2015 21:16:48.18 [Verbose] Ignore Action: New:krl.Copy(KRC:\R1\H_Prog\dai_VorNull.dat), 6500. MD5 check is identical!
14/07/2015 21:16:48.19 [Verbose] Ignore Action: New:krl.Copy(KRC:\R1\Program\wkz2_an.dat), 6500. MD5 check is identical!
14/07/2015 21:16:48.19 [Verbose] Ignore Action: New:krl.Copy(KRC:\R1\Program\wkz3_an.dat), 6500. MD5 check is identical!
14/07/2015 21:16:48.19 [Verbose] Ignore Action: New:krl.Copy(KRC:\R1\System\ir_stopm.dat), 6500. MD5 check is identical!
14/07/2015 21:16:48.21 [Verbose] Ignore Action: New:krl.Copy(KRC:\R1\Program\wkz2_ab.dat), 6500. MD5 check is identical!
14/07/2015 21:16:48.21 [Verbose] Ignore Action: New:krl.Copy(KRC:\R1\H_Prog\dai_robot_ok.dat), 6500. MD5 check is identical!
14/07/2015 21:16:48.21 [Verbose] Ignore Action: New:krl.Copy(KRC:\R1\Program\wkz3_ab.dat), 6500. MD5 check is identical!
14/07/2015 21:16:48.22 [Verbose] Ignore Action: New:krl.Copy(KRC:\R1\System\668063.pt.txt), 7000. MD5 check is identical!
14/07/2015 21:16:48.22 [Verbose] Ignore Action: New:krl.Copy(KRC:\R1\Program\Subroutine\Trabalho_concluido.src), 7000. MD5 check is identical!
14/07/2015 21:16:48.24 [Verbose] Ignore Action: New:krl.Copy(KRC:\R1\Program\ps_p13060r5_all_resp_xco.src), 7000. MD5 check is identical!
14/07/2015 21:16:48.24 [Verbose] Ignore Action: New:krl.Copy(KRC:\R1\Program\ps_r5_l_resp1_c1_mod_cop.src), 7000. MD5 check is identical!
14/07/2015 21:16:48.24 [Verbose] Ignore Action: New:krl.Copy(KRC:\R1\Program\ps_p13060r5_ltc_geo_c1sp.src), 7000. MD5 check is identical!
14/07/2015 21:16:48.25 [Verbose] Ignore Action: New:krl.Copy(KRC:\R1\Program\ps_p13060r5_all_resp_cop.src), 7000. MD5 check is identical!
14/07/2015 21:16:48.25 [Verbose] Ignore Action: New:krl.Copy(KRC:\R1\H_Prog\dai_grp_xx_ok.src), 7000. MD5 check is identical!
14/07/2015 21:16:48.25 [Verbose] Ignore Action: New:krl.Copy(KRC:\R1\DAI\user_sps_ini.src), 7000. MD5 check is identical!
14/07/2015 21:16:48.27 [Verbose] Ignore Action: New:krl.Copy(KRC:\R1\H_Prog\dai_ldd_xx.src), 7000. MD5 check is identical!
14/07/2015 21:16:48.27 [Verbose] Ignore Action: New:krl.Copy(KRC:\R1\H_Prog\dai_tool_xx_chg.src), 7000. MD5 check is identical!
14/07/2015 21:16:48.27 [Verbose] Ignore Action: New:krl.Copy(KRC:\R1\H_Prog\dai_robot_ok.src), 7000. MD5 check is identical!
14/07/2015 21:16:48.29 [Verbose] Ignore Action: New:krl.Copy(KRC:\R1\DAI\dai_msg_library.src), 7000. MD5 check is identical!
14/07/2015 21:16:48.29 [Verbose] Ignore Action: New:krl.Copy(KRC:\R1\DAI\dai_math_library.src), 7000. MD5 check is identical!
14/07/2015 21:16:48.29 [Verbose] Ignore Action: New:krl.Copy(KRC:\R1\DAI\dai_sps_init.src), 7000. MD5 check is identical!
14/07/2015 21:16:48.30 [Verbose] Ignore Action: New:krl.Copy(KRC:\R1\DAI\dai_tech_loop.src), 7000. MD5 check is identical!
14/07/2015 21:16:48.30 [Verbose] Ignore Action: New:krl.Copy(KRC:\R1\DAI\dai_sps_library.src), 7000. MD5 check is identical!
14/07/2015 21:16:48.30 [Verbose] Ignore Action: New:krl.Copy(KRC:\R1\Program\wkz3_ab.src), 7000. MD5 check is identical!
14/07/2015 21:16:48.32 [Verbose] Ignore Action: New:krl.Copy(KRC:\R1\Program\wkz2_an.src), 7000. MD5 check is identical!
14/07/2015 21:16:48.32 [Verbose] Ignore Action: New:krl.Copy(KRC:\R1\Program\wkz3_an.src), 7000. MD5 check is identical!
14/07/2015 21:16:48.32 [Verbose] Ignore Action: New:krl.Copy(KRC:\R1\Program\Subroutine\chk_w1_wechs_ok.src), 7000. MD5 check is identical!
14/07/2015 21:16:48.32 [Verbose] Ignore Action: New:krl.Copy(KRC:\R1\Program\Subroutine\chk_w0_wechs_ok.src), 7000. MD5 check is identical!
14/07/2015 21:16:48.33 [Verbose] Ignore Action: New:krl.Copy(KRC:\R1\H_Prog\dai_VorNull.src), 7000. MD5 check is identical!
14/07/2015 21:16:48.33 [Verbose] Ignore Action: New:krl.Copy(KRC:\R1\H_Prog\dai_tool_xx_ok.src), 7000. MD5 check is identical!
14/07/2015 21:16:48.33 [Verbose] Ignore Action: New:krl.Copy(KRC:\R1\Program\wkz1_ab.src), 7000. MD5 check is identical!
14/07/2015 21:16:48.35 [Verbose] Ignore Action: New:krl.Copy(KRC:\R1\Program\wkz2_ab.src), 7000. MD5 check is identical!
14/07/2015 21:16:48.35 [Verbose] Ignore Action: New:krl.Copy(KRC:\R1\Program\wkz1_an.src), 7000. MD5 check is identical!
14/07/2015 21:16:48.36 [Verbose] Ignore Action: New:krl.Copy(KRC:\R1\System\tm_bib.src), 7000. MD5 check is identical!
14/07/2015 21:16:48.36 [Verbose] Ignore Action: New:krl.Copy(KRC:\R1\System\sps.sub), 7000. MD5 check is identical!
14/07/2015 21:16:48.36 [Verbose] Ignore Action: New:krl.Copy(KRC:\R1\TP\p00.src), 7000. MD5 check is identical!
14/07/2015 21:16:48.36 [Verbose] Ignore Action: New:krl.Copy(KRC:\R1\TP\BrakeTest\BrakeTestPark.src), 7000. MD5 check is identical!
14/07/2015 21:16:48.38 [Verbose] Ignore Action: New:krl.Copy(KRC:\R1\TP\BrakeTest\BrakeTestBack.src), 7000. MD5 check is identical!
14/07/2015 21:16:48.38 [Verbose] Ignore Action: New:krl.Copy(KRC:\R1\System\bas.src), 7000. MD5 check is identical!
14/07/2015 21:16:48.40 [Verbose] Ignore Action: New:krl.Copy(KRC:\R1\Program\masref_user.src), 7000. MD5 check is identical!
14/07/2015 21:16:48.40 [Verbose] Ignore Action: New:krl.Copy(KRC:\R1\System\ir_stopm.src), 7000. MD5 check is identical!
14/07/2015 21:16:48.40 [Verbose] Ignore Action: New:krl.Copy(KRC:\R1\System\MsgLib.src), 7000. MD5 check is identical!
14/07/2015 21:16:48.40 [Verbose] Ignore Action: New:krl.Copy(KRC:\R1\System\masref_main.src), 7000. MD5 check is identical!
14/07/2015 21:16:48.41 [Verbose] Ignore Action: New:krl.Copy(KRC:\R1\Program\wartung.src), 7000. MD5 check is identical!
14/07/2015 21:16:48.41 [Verbose] Ignore Action: New:krl.Copy(KRC:\R1\Program\reinigung.src), 7000. MD5 check is identical!
14/07/2015 21:16:48.43 [Verbose] Ignore Action: New:krl.Copy(KRC:\R1\TP\DAI_AG_Spot\userspot.src), 7000. MD5 check is identical!
14/07/2015 21:16:48.43 [Verbose] Ignore Action: New:krl.Copy(KRC:\R1\DAI\dai_data_library.src), 7000. MD5 check is identical!
14/07/2015 21:16:48.43 [Verbose] Ignore Action: New:krl.Copy(KRC:\R1\DAI\dai_ctrl_library.src), 7000. MD5 check is identical!
14/07/2015 21:16:48.44 [Verbose] Ignore Action: New:krl.Copy(KRC:\R1\TP\BrakeTest\BrakeTestSelfTest.src), 7000. MD5 check is identical!
14/07/2015 21:16:48.44 [Verbose] Ignore Action: New:krl.Copy(KRC:\R1\TP\BrakeTest\BrakeTestReq.src), 7000. MD5 check is identical!
14/07/2015 21:16:48.44 [Verbose] Ignore Action: New:krl.Copy(KRC:\R1\TP\BrakeTest\BrakeTestStart.src), 7000. MD5 check is identical!
14/07/2015 21:16:48.46 [Verbose] Ignore Action: New:krl.Copy(KRC:\R1\TP\Gripper_SpotTech\User_grp.src), 7000. MD5 check is identical!
14/07/2015 21:16:48.46 [Verbose] Ignore Action: New:krl.Copy(KRC:\R1\TP\Gripper_SpotTech\h50.src), 7000. MD5 check is identical!
14/07/2015 21:16:48.46 [Verbose] Ignore Action: New:krl.Copy(KRC:\R1\Program\e_Fraes_3.src), 7000. MD5 check is identical!
14/07/2015 21:16:48.47 [Verbose] Ignore Action: New:krl.Copy(KRC:\R1\Program\e_Fraes_2.src), 7000. MD5 check is identical!
14/07/2015 21:16:48.47 [Verbose] Ignore Action: New:krl.Copy(KRC:\R1\Program\f_Fraes_1.src), 7000. MD5 check is identical!
14/07/2015 21:16:48.47 [Verbose] Ignore Action: New:krl.Copy(KRC:\R1\Program\f_Fraes_3.src), 7000. MD5 check is identical!
14/07/2015 21:16:48.49 [Verbose] Ignore Action: New:krl.Copy(KRC:\R1\Program\f_Fraes_2.src), 7000. MD5 check is identical!
14/07/2015 21:16:48.49 [Verbose] Ignore Action: New:krl.Copy(KRC:\R1\Program\wkz3_ok.src), 7000. MD5 check is identical!
14/07/2015 21:16:48.49 [Verbose] Ignore Action: New:krl.Copy(KRC:\R1\Program\wkz2_ok.src), 7000. MD5 check is identical!
14/07/2015 21:16:48.51 [Verbose] Ignore Action: New:krl.Copy(KRC:\R1\Program\ps_r5_l_resp1_c1_mod.src), 7000. MD5 check is identical!
14/07/2015 21:16:48.51 [Verbose] Ignore Action: New:krl.Copy(KRC:\R1\Program\e_Fraes_1.src), 7000. MD5 check is identical!
14/07/2015 21:16:48.51 [Verbose] Ignore Action: New:krl.Copy(KRC:\R1\Program\ps_r5_mgsb_l_resp1_c1.src), 7000. MD5 check is identical!
14/07/2015 21:16:48.52 [Verbose] Ignore Action: New:krl.Copy(KRC:\R1\Program\ps_p13060r5_stb_resp_c1.src), 7000. MD5 check is identical!
14/07/2015 21:16:48.52 [Verbose] Ignore Action: New:krl.Copy(KRC:\R1\Program\ps_p13060r5_msr_lta_c1.src), 7000. MD5 check is identical!
14/07/2015 21:16:48.52 [Verbose] Ignore Action: New:krl.Copy(KRC:\R1\Program\ps_p13060r5_stb_resp_c2.src), 7000. MD5 check is identical!
14/07/2015 21:16:48.54 [Verbose] Ignore Action: New:krl.Copy(KRC:\R1\Program\Subroutine\Req_Fraes.src), 7000. MD5 check is identical!
14/07/2015 21:16:48.54 [Verbose] Ignore Action: New:krl.Copy(KRC:\R1\Program\Subroutine\MBINI.src), 7000. MD5 check is identical!
14/07/2015 21:16:48.54 [Verbose] Ignore Action: New:krl.Copy(KRC:\R1\Program\ps_p13060r5_all_resp_c1.src), 7000. MD5 check is identical!
14/07/2015 21:16:48.55 [Verbose] Ignore Action: New:krl.Copy(KRC:\R1\Program\ps_p13060r5STB_resp_x1.src), 7000. MD5 check is identical!
14/07/2015 21:16:48.55 [Verbose] Ignore Action: New:krl.Copy(KRC:\R1\Program\ps_p13060r5_all_resp_x1.src), 7000. MD5 check is identical!
14/07/2015 21:16:48.55 [Verbose] Ignore Action: New:krl.Copy(KRC:\R1\Program\ps_p13060r5_l_resp1_c1.src), 7000. MD5 check is identical!
14/07/2015 21:16:48.57 [Verbose] Ignore Action: New:krl.Copy(KRC:\R1\Program\ps_p13060r5_ltc_geo_c1.src), 7000. MD5 check is identical!
14/07/2015 21:16:48.57 [Verbose] Ignore Action: New:krl.Copy(KRC:\R1\Program\HP004.src), 7000. MD5 check is identical!
14/07/2015 21:16:48.57 [Verbose] Ignore Action: New:krl.Copy(KRC:\R1\Program\HP003.src), 7000. MD5 check is identical!
14/07/2015 21:16:48.58 [Verbose] Ignore Action: New:krl.Copy(KRC:\R1\Program\HP005.src), 7000. MD5 check is identical!
14/07/2015 21:16:48.58 [Verbose] Ignore Action: New:krl.Copy(KRC:\R1\Program\HP240.src), 7000. MD5 check is identical!
14/07/2015 21:16:48.58 [Verbose] Ignore Action: New:krl.Copy(KRC:\R1\Program\HP250.src), 7000. MD5 check is identical!
14/07/2015 21:16:48.60 [Verbose] Ignore Action: New:krl.Copy(KRC:\R1\Program\Subroutine\chk_w3_wechs_ok.src), 7000. MD5 check is identical!
14/07/2015 21:16:48.60 [Verbose] Ignore Action: New:krl.Copy(KRC:\R1\Program\Subroutine\chk_w2_wechs_ok.src), 7000. MD5 check is identical!
14/07/2015 21:16:48.60 [Verbose] Ignore Action: New:krl.Copy(KRC:\R1\Program\hp001.src), 7000. MD5 check is identical!
14/07/2015 21:16:48.60 [Verbose] Ignore Action: New:krl.Copy(KRC:\R1\Program\Subroutine\END_WELD.src), 7000. MD5 check is identical!
14/07/2015 21:16:48.62 [Verbose] Ignore Action: New:krl.Copy(KRC:\R1\Program\HP007.src), 7000. MD5 check is identical!
14/07/2015 21:16:48.62 [Verbose] Ignore Action: New:krl.Copy(KRC:\R1\Program\retorno_msb_resp_c1.src), 7000. MD5 check is identical!
14/07/2015 21:16:48.62 [Verbose] Ignore Action: New:krl.Copy(KRC:\R1\Program\tip_change.src), 7000. MD5 check is identical!
14/07/2015 21:16:48.63 [Verbose] Ignore Action: New:krl.Copy(KRC:\R1\Program\Subroutine\CHECK_TOOL_MASREF.src), 7000. MD5 check is identical!
14/07/2015 21:16:48.63 [Verbose] Ignore Action: New:krl.Copy(KRC:\R1\Program\wkz1_ok.src), 7000. MD5 check is identical!
14/07/2015 21:16:48.63 [Verbose] Ignore Action: New:krl.Copy(KRC:\R1\TP\CLOCK.src), 7000. MD5 check is identical!
14/07/2015 21:16:48.65 [Verbose] Ignore Action: New:krl.Copy(KRC:\R1\Program\Subroutine\wkz0_ab.src), 7000. MD5 check is identical!
14/07/2015 21:16:48.65 [Verbose] Ignore Action: New:krl.Copy(KRC:\R1\Program\HP248.src), 7000. MD5 check is identical!
14/07/2015 21:16:48.65 [Verbose] Ignore Action: New:krl.Copy(KRC:\R1\Program\HP241.src), 7000. MD5 check is identical!
14/07/2015 21:16:48.65 [Verbose] Ignore Action: New:krl.Copy(KRC:\R1\Program\Subroutine\tm_useraction.src), 7000. MD5 check is identical!
14/07/2015 21:16:48.66 [Verbose] Ignore Action: New:krl.Copy(KRC:\R1\Program\HP251.src), 7000. MD5 check is identical!
14/07/2015 21:16:48.66 [Information] Ignore Action: New:solution.Copy(C:\KRC\User\ProjectRoot\MBB_668063\MBB_668063.wvs), 9000. Copy only once!
14/07/2015 21:16:49.37 [Warning] Ignore UserPdiGenerationAction: Create "C:\KRC\Roboter\Config\User\Common\USERPDI.SAF". Header and content check states identical data!
14/07/2015 21:16:49.37 [Information] CrcFileCreateAction 'New:safety.Create(Config:\User\Common\SCTLCRC.IMG), 99998': Requests reconfiguration.
14/07/2015 21:16:53.60 [Information] Successfull execute PrepareAction 'Global.UserPermission(), 1000'.
14/07/2015 21:16:53.60 [Information] Execute Global.StopProgram(), 2000. Krc not in Automatic!
14/07/2015 21:16:53.63 [Information] Successfull execute PrepareAction 'Global.StopProgram(), 2000'.
14/07/2015 21:16:53.73 [Information] Committed: Prepared.
14/07/2015 21:16:53.80 [Information] Start installation of "MBB_668063 V1.5.0.0".
14/07/2015 21:16:53.80 [Information] Reset current project!
14/07/2015 21:16:53.85 [Information] Successfull execute Install Action 'Global.PrepareReconfiguration(), 0'.
14/07/2015 21:16:53.90 [Information] Successfull execute Install Action 'New:config.Copy(Config:\User\Cabinet\ecatms_config.xml), 2000'.
14/07/2015 21:16:53.96 [Information] Successfull execute Install Action 'New:config.Copy(Config:\User\Common\KRC_IO.xml), 2000'.
14/07/2015 21:16:54.02 [Information] SafetyNetworkInstallAction 'New:safety.Copy(Config:\User\Common\SAFEDEV.SAF), 2000': Checksum written.
14/07/2015 21:16:54.04 [Information] Successfull execute Install Action 'New:safety.Copy(Config:\User\Common\SAFEDEV.SAF), 2000'.
14/07/2015 21:16:54.06 [Information] Successfull execute Install Action 'New:config.Copy(Config:\User\Common\KrcIoSignals.xml), 2000'.
14/07/2015 21:16:54.06 [Information] Successfull execute Install Action 'New:config.Copy(Config:\User\Common\PNIODriver.xml), 2000'.
14/07/2015 21:16:54.06 [Information] Successfull execute Install Action 'New:config.Copy(Config:\User\Common\Interbus.xml), 2000'.
14/07/2015 21:16:54.07 [Information] Successfull execute Install Action 'New:config.Copy(Config:\User\Common\IPPNIO.xml), 2000'.
14/07/2015 21:16:54.48 [Information] Successfull execute Install Action 'New:mada.Copy(KRC:\R1\System\$config.dat), 4000'.
14/07/2015 21:16:54.48 [Information] CrcFileCreateAction 'New:safety.Create(Config:\User\Common\SCTLCRC.IMG), 99998': CRC container updated for file 'C:\KRC\ROBOTER\Config\User\Common\SAFEDEV.SAF'.
14/07/2015 21:16:54.49 [Information] Successfull execute Install Action 'New:safety.Create(Config:\User\Common\SCTLCRC.IMG), 99998'.
14/07/2015 21:16:54.51 [Information] Successfull execute Install Action 'Global.Reconfiguration(), 99999'.
14/07/2015 21:16:54.51 [Information] Installation successfull!
14/07/2015 21:16:55.05 [Information] Set current project: MBB_668063 V1.5.0.0
14/07/2015 21:16:55.36 [Information] Committed: Installed.
14/07/2015 21:16:55.39 [Information] *** Activation Successful.
14/07/2015 21:16:57.44 [Information] Committed: Activated.
14/07/2015 21:16:57.55 [Information] #----------------o0o---------------#
