10/07/2015 21:19:24.13 [Information] -------------------------------
10/07/2015 21:19:31.09 [Information] Prepare Installation of project "MBB_974043 V1.18.0.0".
10/07/2015 21:19:31.11 [Information] Current project was "MBB_974043 V1.17.0".
10/07/2015 21:19:32.74 [Warning] Element Type changed for {ExternalFileManifest Config:Copy(Config:\User\Common\SafetyConfigData.xml) - SavedExternal} -> safety
10/07/2015 21:19:32.74 [Warning] Element Type changed for {ExternalFileManifest Config:Copy(Config:\User\Common\SCtlPara.sg) - SavedExternal} -> safety
10/07/2015 21:19:32.74 [Warning] Element Type changed for {ExternalFileManifest Krl:Copy(C:\KRC\Roboter\Template\vg_appl.dat) - SavedExternal} -> file
10/07/2015 21:19:32.74 [Warning] Element Type changed for {ExternalFileManifest Krl:Copy(C:\KRC\Roboter\Template\vg_appl.src) - SavedExternal} -> file
10/07/2015 21:19:32.74 [Warning] Element Type changed for {ExternalFileManifest Krl:Copy(C:\KRC\Roboter\Template\vg_hp.dat) - SavedExternal} -> file
10/07/2015 21:19:32.74 [Warning] Element Type changed for {ExternalFileManifest Krl:Copy(C:\KRC\Roboter\Template\vg_hp.src) - SavedExternal} -> file
10/07/2015 21:19:32.74 [Warning] Element Type changed for {ExternalFileManifest Krl:Copy(C:\KRC\temp\ChangeLog.dat) - SavedExternal} -> file
10/07/2015 21:19:32.74 [Warning] Element Type changed for {ExternalFileManifest Krl:Copy(C:\KRC\temp\ToDo.dat) - SavedExternal} -> file
10/07/2015 21:19:32.74 [Warning] Element Type changed for {ExternalFileManifest File:Copy(KRC:\R1\System\974043_R4.pt.txt) - SavedExternal} -> krl
10/07/2015 21:19:32.74 [Warning] Element Type changed for {ExternalFileManifest File:Copy(KRC:\R1\Program\OLP\Robot_Data_r4_ex-gripper.pptx) - SavedExternal} -> krl
10/07/2015 21:19:32.74 [Warning] Element Type changed for {ExternalFileManifest File:Copy(KRC:\R1\Program\OLP\Robot_Data_r4_ex-gun.pptx) - SavedExternal} -> krl
10/07/2015 21:19:32.74 [Warning] Element Type changed for {ExternalFileManifest File:Copy(KRC:\R1\Program\OLP\._Robot_Data_r4_ex-gripper.pptx) - SavedExternal} -> krl
10/07/2015 21:19:32.74 [Warning] Element Type changed for {ExternalFileManifest File:Copy(KRC:\R1\Program\OLP\._Robot_Data_r4_ex-gun.pptx) - SavedExternal} -> krl
10/07/2015 21:19:32.76 [Information] SafetyHandler ignores element: '{ExternalFileManifest safety:Copy(Config:\User\Common\SafetyConfigData.xml) - SavedExternal}'
10/07/2015 21:19:32.76 [Information] SafetyHandler ignores element: '{ExternalFileManifest safety:Copy(Config:\User\Common\SCtlPara.sg) - SavedExternal}'
10/07/2015 21:19:32.76 [Information] SafetyHandler ignores element: '{ExternalFileManifest safety:Copy(Config:\User\Common\HNFINFO.SAF) - SavedExternal}'
10/07/2015 21:19:36.05 [Verbose] Ignore Action: New:file.Copy(C:\KRC\DATA\DAI_AG_Spot.kxr), 1500. MD5 check is identical!
10/07/2015 21:19:36.06 [Verbose] Ignore Action: New:file.Copy(C:\KRC\Roboter\Template\vg_hp.src), 1500. MD5 check is identical!
10/07/2015 21:19:36.06 [Verbose] Ignore Action: New:file.Copy(C:\KRC\DATA\DAI_ANTICOLL.kxr), 1500. MD5 check is identical!
10/07/2015 21:19:36.06 [Verbose] Ignore Action: New:file.Copy(C:\KRC\DATA\DAI_H_Prog.kxr), 1500. MD5 check is identical!
10/07/2015 21:19:36.08 [Verbose] Ignore Action: New:file.Copy(C:\KRC\DATA\DAI_Gripper.kxr), 1500. MD5 check is identical!
10/07/2015 21:19:36.10 [Verbose] Ignore Action: New:file.Copy(C:\KRC\Roboter\Template\vg_hp.dat), 1500. MD5 check is identical!
10/07/2015 21:19:36.10 [Verbose] Ignore Action: New:file.Copy(C:\KRC\SmartHMI\SmartHMI.exe.DAI_AG_Spot.config), 1500. MD5 check is identical!
10/07/2015 21:19:36.11 [Verbose] Ignore Action: New:file.Copy(C:\KRC\USER\WorkVisualServiceHost.User.config), 1500. MD5 check is identical!
10/07/2015 21:19:36.11 [Verbose] Ignore Action: New:file.Copy(C:\KRC\SmartHMI\SmartHMI.exe.DAI_STANDARD.config), 1500. MD5 check is identical!
10/07/2015 21:19:36.11 [Verbose] Ignore Action: New:file.Copy(C:\KRC\Roboter\Template\vg_appl.src), 1500. MD5 check is identical!
10/07/2015 21:19:36.11 [Verbose] Ignore Action: New:file.Copy(C:\KRC\Roboter\Template\vg_appl.dat), 1500. MD5 check is identical!
10/07/2015 21:19:36.13 [Verbose] Ignore Action: New:file.Copy(C:\KRC\temp\ToDo.dat), 1500. MD5 check is identical!
10/07/2015 21:19:36.13 [Verbose] Ignore Action: New:file.Copy(C:\KRC\temp\ChangeLog.dat), 1500. MD5 check is identical!
10/07/2015 21:19:36.13 [Verbose] Ignore Action: New:file.Copy(C:\KRC\USER\KLMDigitalIO.WriteProtectedOutputs.cfg), 1500. MD5 check is identical!
10/07/2015 21:19:36.13 [Verbose] Ignore Action: New:file.Copy(C:\KRC\USER\SetupWizardStates.xml), 1500. MD5 check is identical!
10/07/2015 21:19:36.14 [Verbose] Ignore Action: New:file.Copy(C:\KRC\USER\CheckingPosCorrection.cfg), 1500. MD5 check is identical!
10/07/2015 21:19:36.14 [Verbose] Ignore Action: New:file.Copy(C:\KRC\TP\USERTECH\TEMPLATE\ICONS\prestrock_op.ico), 1500. MD5 check is identical!
10/07/2015 21:19:36.14 [Verbose] Ignore Action: New:file.Copy(C:\KRC\TP\USERTECH\TEMPLATE\DAI_AG_Spottech.KFD), 1500. MD5 check is identical!
10/07/2015 21:19:36.14 [Verbose] Ignore Action: New:file.Copy(C:\KRC\DATA\DAI_MSG_LIB.kxr), 1500. MD5 check is identical!
10/07/2015 21:19:36.16 [Verbose] Ignore Action: New:file.Copy(C:\KRC\TP\USERTECH\TEMPLATE\dai_collision.kfd), 1500. MD5 check is identical!
10/07/2015 21:19:36.17 [Verbose] Ignore Action: New:file.Copy(C:\KRC\TP\USERTECH\TEMPLATE\ICONS\prestrock_cl.ico), 1500. MD5 check is identical!
10/07/2015 21:19:36.17 [Verbose] Ignore Action: New:file.Copy(C:\KRC\TP\USERTECH\TEMPLATE\dai_plus.kfd), 1500. MD5 check is identical!
10/07/2015 21:19:36.17 [Verbose] Ignore Action: New:file.Copy(C:\KRC\USER\WaitForUserList.xml), 1500. MD5 check is identical!
10/07/2015 21:19:36.19 [Verbose] Ignore Action: New:file.Copy(C:\KRC\USER\InitialProjectSetup.User.config), 1500. MD5 check is identical!
10/07/2015 21:19:36.19 [Verbose] Ignore Action: New:file.Copy(C:\KRC\USER\InstallTech.cfg), 1500. MD5 check is identical!
10/07/2015 21:19:36.19 [Verbose] Ignore Action: New:file.Copy(C:\KRC\USER\Cross3.User.config), 1500. MD5 check is identical!
10/07/2015 21:19:36.19 [Verbose] Ignore Action: New:file.Copy(C:\KRC\TP\USERTECH\TEMPLATE\dai_velocity.kfd), 1500. MD5 check is identical!
10/07/2015 21:19:36.19 [Verbose] Ignore Action: New:file.Copy(C:\KRC\USER\ConfigMon.ini), 1500. MD5 check is identical!
10/07/2015 21:19:36.21 [Verbose] Ignore Action: New:file.Copy(C:\KRC\USER\KukaPMService.User.config), 1500. MD5 check is identical!
10/07/2015 21:19:36.21 [Verbose] Ignore Action: New:file.Copy(C:\KRC\USER\ProjectExternalFileList.xml), 1500. MD5 check is identical!
10/07/2015 21:19:36.21 [Verbose] Ignore Action: New:file.Copy(C:\KRC\USER\SmartHMI.User.config), 1500. MD5 check is identical!
10/07/2015 21:19:36.22 [Verbose] Ignore Action: New:file.Copy(C:\KRC\USER\PMService.user.config), 1500. MD5 check is identical!
10/07/2015 21:19:36.22 [Verbose] Ignore Action: New:file.Copy(C:\KRC\USER\MaintenanceHandBook.User.config), 1500. MD5 check is identical!
10/07/2015 21:19:36.22 [Verbose] Ignore Action: New:file.Copy(C:\KRC\USER\Measurement.Points.cfg), 1500. MD5 check is identical!
10/07/2015 21:19:36.24 [Information] ConfigCopyAction 'New:config.Copy(Config:\User\Common\Mada\CFCore.xml), 2000': Requests reconfiguration.
10/07/2015 21:19:36.24 [Verbose] Ignore Action: New:config.Copy(Config:\User\Common\VIO_USER_BUS.xml), 2000. MD5 check is identical!
10/07/2015 21:19:36.25 [Information] ConfigCopyAction 'New:config.Copy(Config:\User\Common\Mada\KRCAxes.xml), 2000': Requests reconfiguration.
10/07/2015 21:19:36.25 [Verbose] Ignore Action: New:config.Copy(Config:\User\Common\Modules_SysBusDriver.xml), 2000. MD5 check is identical!
10/07/2015 21:19:36.25 [Information] ConfigCopyAction 'New:config.Copy(Config:\User\Common\Mada\NextGenDriveTech.xml), 2000': Requests reconfiguration.
10/07/2015 21:19:36.25 [Verbose] Ignore Action: New:config.Copy(Config:\User\Common\ProConOS.xml), 2000. MD5 check is identical!
10/07/2015 21:19:36.27 [Verbose] Ignore Action: New:config.Copy(Config:\User\Common\Modules_TimeSync.xml), 2000. MD5 check is identical!
10/07/2015 21:19:36.27 [Verbose] Ignore Action: New:config.Copy(Config:\User\Common\ProConOS_IO.xml), 2000. MD5 check is identical!
10/07/2015 21:19:36.27 [Verbose] Ignore Action: New:config.Copy(Config:\User\Common\TimeSync.xml), 2000. MD5 check is identical!
10/07/2015 21:19:36.27 [Verbose] Ignore Action: New:config.Copy(Config:\User\Common\SysBusDriver.xml), 2000. MD5 check is identical!
10/07/2015 21:19:36.28 [Verbose] Ignore Action: New:config.Copy(Config:\User\Common\Mada\SimuAxis\A4.xml), 2000. MD5 check is identical!
10/07/2015 21:19:36.28 [Verbose] Ignore Action: New:config.Copy(Config:\User\Common\Mada\NGAxis\CtrlA3AddFct.xml), 2000. MD5 check is identical!
10/07/2015 21:19:36.28 [Verbose] Ignore Action: New:config.Copy(Config:\User\Common\Mada\NGAxis\CtrlA4AddFct.xml), 2000. MD5 check is identical!
10/07/2015 21:19:36.30 [Verbose] Ignore Action: New:config.Copy(Config:\User\Common\Mada\NGAxis\CtrlA2AddFct.xml), 2000. MD5 check is identical!
10/07/2015 21:19:36.30 [Verbose] Ignore Action: New:config.Copy(Config:\User\Common\Mada\MotionDrivers\mdrBrakeTest.ini), 2000. MD5 check is identical!
10/07/2015 21:19:36.30 [Verbose] Ignore Action: New:config.Copy(Config:\User\Common\Mada\NGAxis\CtrlA1AddFct.xml), 2000. MD5 check is identical!
10/07/2015 21:19:36.30 [Information] ConfigCopyAction 'New:config.Copy(Config:\User\Common\Mada\SimuAxes.xml), 2000': Requests reconfiguration.
10/07/2015 21:19:36.32 [Verbose] Ignore Action: New:config.Copy(Config:\User\Common\Mada\SimuAxis\A2.xml), 2000. MD5 check is identical!
10/07/2015 21:19:36.32 [Verbose] Ignore Action: New:config.Copy(Config:\User\Common\Mada\SimuAxis\A3.xml), 2000. MD5 check is identical!
10/07/2015 21:19:36.32 [Verbose] Ignore Action: New:config.Copy(Config:\User\Common\Mada\SimuAxis\A1.xml), 2000. MD5 check is identical!
10/07/2015 21:19:36.33 [Verbose] Ignore Action: New:config.Copy(Config:\User\Common\Mada\NGAxis\CtrlA5AddFct.xml), 2000. MD5 check is identical!
10/07/2015 21:19:36.33 [Verbose] Ignore Action: New:config.Copy(Config:\User\Common\Mada\NGAxis\CtrlA6AddFct.xml), 2000. MD5 check is identical!
10/07/2015 21:19:36.33 [Verbose] Ignore Action: New:config.Copy(Config:\User\Common\ecat_PBM_Gateway.xml), 2000. MD5 check is identical!
10/07/2015 21:19:36.33 [Verbose] Ignore Action: New:config.Copy(Config:\User\Common\ecat_DNM_Gateway.xml), 2000. MD5 check is identical!
10/07/2015 21:19:36.35 [Verbose] Ignore Action: New:config.Copy(Config:\User\Common\ECAT_SYS_X44.xml), 2000. MD5 check is identical!
10/07/2015 21:19:36.35 [Verbose] Ignore Action: New:config.Copy(Config:\User\Common\KLIConfig.xml), 2000. MD5 check is identical!
10/07/2015 21:19:36.35 [Verbose] Ignore Action: New:config.Copy(Config:\User\Common\EtherCATConfig.xsd), 2000. MD5 check is identical!
10/07/2015 21:19:36.36 [Verbose] Ignore Action: New:config.Copy(Config:\User\Common\ecatms_sys_X44_swap.xml), 2000. MD5 check is identical!
10/07/2015 21:19:36.36 [Verbose] Ignore Action: New:config.Copy(Config:\User\Cabinet\EtherCATConfig.xsd), 2000. MD5 check is identical!
10/07/2015 21:19:36.36 [Verbose] Ignore Action: New:config.Copy(Config:\User\Cabinet\ecatms_sys_X48_config.xml), 2000. MD5 check is identical!
10/07/2015 21:19:36.38 [Verbose] Ignore Action: New:config.Copy(Config:\User\Common\CabCtrl.xml), 2000. MD5 check is identical!
10/07/2015 21:19:36.38 [Verbose] Ignore Action: New:config.Copy(Config:\User\Common\DevIODriver.xml), 2000. MD5 check is identical!
10/07/2015 21:19:36.38 [Verbose] Ignore Action: New:config.Copy(Config:\User\Common\connectionchain.xml), 2000. MD5 check is identical!
10/07/2015 21:19:36.38 [Verbose] Ignore Action: New:config.Copy(Config:\User\Common\Logging_System.xml), 2000. MD5 check is identical!
10/07/2015 21:19:36.39 [Verbose] Ignore Action: New:config.Copy(Config:\User\Common\Logging_BrakeTest.xml), 2000. MD5 check is identical!
10/07/2015 21:19:36.39 [Verbose] Ignore Action: New:config.Copy(Config:\User\Common\MainBoardDrv.xml), 2000. MD5 check is identical!
10/07/2015 21:19:36.39 [Verbose] Ignore Action: New:config.Copy(Config:\User\Common\Modules_ProConOS.xml), 2000. MD5 check is identical!
10/07/2015 21:19:36.41 [Verbose] Ignore Action: New:config.Copy(Config:\User\Common\Modules_DevIO.xml), 2000. MD5 check is identical!
10/07/2015 21:19:36.41 [Verbose] Ignore Action: New:config.Copy(Config:\User\Common\KrcExtConfMsg.xml), 2000. MD5 check is identical!
10/07/2015 21:19:36.41 [Verbose] Ignore Action: New:config.Copy(Config:\User\Common\KNet.xml), 2000. MD5 check is identical!
10/07/2015 21:19:36.41 [Verbose] Ignore Action: New:config.Copy(Config:\User\Common\IPPNIO.xml), 2000. MD5 check is identical!
10/07/2015 21:19:36.42 [Verbose] Ignore Action: New:config.Copy(Config:\User\Common\KrcBackward.xml), 2000. MD5 check is identical!
10/07/2015 21:19:36.42 [Verbose] Ignore Action: New:config.Copy(Config:\User\Common\KrcDryRun.xml), 2000. MD5 check is identical!
10/07/2015 21:19:36.42 [Verbose] Ignore Action: New:config.Copy(Config:\User\Common\KrcConfig.xml), 2000. MD5 check is identical!
10/07/2015 21:19:36.44 [Verbose] Ignore Action: New:config.Copy(Config:\User\Common\Mada\SimuAxis\A5.xml), 2000. MD5 check is identical!
10/07/2015 21:19:36.44 [Information] ConfigCopyAction 'New:config.Copy(Config:\User\Common\Mada\SimuAxesKrc.xml), 2000': Requests reconfiguration.
10/07/2015 21:19:36.44 [Information] ConfigCopyAction 'New:config.Copy(Config:\User\Common\Mada\NGAxis\CtrlE1AddFct.xml), 2000': Requests reconfiguration.
10/07/2015 21:19:36.44 [Verbose] Ignore Action: New:config.Copy(Config:\User\Common\Modules_Simu.xml), 2000. MD5 check is identical!
10/07/2015 21:19:36.46 [Information] ConfigCopyAction 'New:config.Copy(Config:\User\Common\Mada\SimuAxis\E1.xml), 2000': Requests reconfiguration.
10/07/2015 21:19:36.46 [Information] ConfigCopyAction 'New:config.Copy(Config:\User\Common\Mada\NGAxis\CtrlE1.xml), 2000': Requests reconfiguration.
10/07/2015 21:19:36.46 [Verbose] Ignore Action: New:config.Copy(Config:\User\Common\P1350R04.SVC), 2000. MD5 check is identical!
10/07/2015 21:19:36.47 [Verbose] Ignore Action: New:config.Copy(Config:\User\Common\P1350R04.INI), 2000. MD5 check is identical!
10/07/2015 21:19:36.47 [Information] ConfigCopyAction 'New:config.Copy(Config:\User\Common\Mada\NGAxis\E1.xml), 2000': Requests reconfiguration.
10/07/2015 21:19:36.47 [Verbose] Ignore Action: New:config.Copy(Config:\User\Common\ABC.SVC), 2000. MD5 check is identical!
10/07/2015 21:19:36.49 [Warning] Ignore SafetyConfigParamAction: Copy "C:\KRC\ROBOTER\Config\User\Common\SCTLPARA.SAF". Param header and content check states identical data!
10/07/2015 21:19:36.50 [Warning] Ignore SafetyConfigParamAction: Copy "C:\KRC\ROBOTER\Config\User\Common\SCTLPARA.SAF". Param header and content check states identical data!
10/07/2015 21:19:36.50 [Information] SafetyParamInfoAction 'New:safety.Copy(Config:\User\Common\SCTLINFO.SAF), 2000': Ignored since safety parameter file is ignored too.
10/07/2015 21:19:36.50 [Verbose] Ignore Action: New:config.Copy(Config:\User\Common\Interbus.xml), 2000. MD5 check is identical!
10/07/2015 21:19:36.64 [Information] SafetyNetworkInstallAction 'New:safety.Copy(Config:\User\Common\SAFEDEV.SAF), 2000': Checksum has to be updated.
10/07/2015 21:19:36.66 [Information] SafetyNetworkInstallAction 'New:safety.Copy(Config:\User\Common\SAFEDEV.SAF), 2000': Requests reconfiguration.
10/07/2015 21:19:36.66 [Verbose] Ignore Action: New:config.Copy(Config:\User\Common\pndev1.xml), 2000. MD5 check is identical!
10/07/2015 21:19:36.68 [Verbose] Ignore Action: New:config.Copy(Config:\User\Common\KrcIoSignals.xml), 2000. MD5 check is identical!
10/07/2015 21:19:36.68 [Information] ConfigCopyAction 'New:config.Copy(Config:\User\Common\KRC_IO.xml), 2000': Requests reconfiguration.
10/07/2015 21:19:36.68 [Verbose] Ignore Action: New:config.Copy(Config:\User\Common\PNIODriver.xml), 2000. MD5 check is identical!
10/07/2015 21:19:36.69 [Verbose] Ignore Action: New:config.Copy(Config:\User\Cabinet\ecatms_config.xml), 2000. MD5 check is identical!
10/07/2015 21:19:36.69 [Verbose] Ignore Action: New:config.Copy(Config:\User\Common\P1350R04.D32), 2000. MD5 check is identical!
10/07/2015 21:19:36.71 [Verbose] Ignore Action: New:config.Copy(Config:\User\Common\MotionDrivers\mdrStandStill.ini), 2000. MD5 check is identical!
10/07/2015 21:19:36.71 [Verbose] Ignore Action: New:config.Copy(Config:\User\Common\MotionDrivers\mdrJointOffset.ini), 2000. MD5 check is identical!
10/07/2015 21:19:36.71 [Verbose] Ignore Action: New:config.Copy(Config:\User\Common\MotionDrivers\motiondrv.ini), 2000. MD5 check is identical!
10/07/2015 21:19:36.71 [Verbose] Ignore Action: New:config.Copy(Config:\User\Common\MotionDrivers\mdrVwAscii.ini), 2000. MD5 check is identical!
10/07/2015 21:19:36.72 [Verbose] Ignore Action: New:config.Copy(Config:\User\Common\MotionDrivers\mdrEmily.ini), 2000. MD5 check is identical!
10/07/2015 21:19:36.72 [Verbose] Ignore Action: New:config.Copy(Config:\User\Common\MotionDrivers\loadDataDevice.ini), 2000. MD5 check is identical!
10/07/2015 21:19:36.72 [Verbose] Ignore Action: New:config.Copy(Config:\User\Common\Mada\SimuAxis\A6.xml), 2000. MD5 check is identical!
10/07/2015 21:19:36.72 [Verbose] Ignore Action: New:config.Copy(Config:\User\Common\MotionDrivers\mdrConveyor.ini), 2000. MD5 check is identical!
10/07/2015 21:19:36.74 [Verbose] Ignore Action: New:config.Copy(Config:\User\Common\MotionDrivers\mdrBrakeTest.ini), 2000. MD5 check is identical!
10/07/2015 21:19:36.74 [Verbose] Ignore Action: New:config.Copy(Config:\User\Common\Mada\EAWaggonDriverConfig.xml), 2000. MD5 check is identical!
10/07/2015 21:19:36.74 [Verbose] Ignore Action: New:config.Copy(Config:\User\Common\Modules_PNIODriver.xml), 2000. MD5 check is identical!
10/07/2015 21:19:36.75 [Verbose] Ignore Action: New:config.Copy(Config:\User\Common\P1350R04.BG4), 2000. MD5 check is identical!
10/07/2015 21:19:36.75 [Verbose] Ignore Action: New:config.Copy(Config:\User\Common\Mada\CFCoreWaggonDriverConfig.xml), 2000. MD5 check is identical!
10/07/2015 21:19:36.75 [Verbose] Ignore Action: New:config.Copy(Config:\User\Common\Modules_Interbus.xml), 2000. MD5 check is identical!
10/07/2015 21:19:36.77 [Verbose] Ignore Action: New:config.Copy(Config:\User\Common\PersistPC\NGDecouple.xml), 2000. MD5 check is identical!
10/07/2015 21:19:36.77 [Verbose] Ignore Action: New:config.Copy(Config:\User\Common\PersistPC\EncoderMastering.xml), 2000. MD5 check is identical!
10/07/2015 21:19:36.77 [Verbose] Ignore Action: New:config.Copy(Config:\User\Common\IBSPCI.XML), 2000. MD5 check is identical!
10/07/2015 21:19:36.77 [Verbose] Ignore Action: New:config.Copy(Config:\User\Common\VxWin\knet.config), 2000. MD5 check is identical!
10/07/2015 21:19:36.79 [Information] KrcCopyAction 'New:mada.Copy(KRC:\R1\Mada\$machine.dat), 4000': Requests stopping the program.
10/07/2015 21:19:36.80 [Verbose] Ignore Action: New:mada.Copy(KRC:\STEU\Mada\$custom.dat), 4000. MD5 check is identical!
10/07/2015 21:19:36.80 [Verbose] Ignore Action: New:mada.Copy(KRC:\STEU\Mada\$machine.dat), 4000. MD5 check is identical!
10/07/2015 21:19:36.80 [Verbose] Ignore Action: New:mada.Copy(KRC:\STEU\Mada\$option.dat), 4000. MD5 check is identical!
10/07/2015 21:19:36.82 [Verbose] Ignore Action: New:mada.Copy(KRC:\R1\Mada\$robcor.dat), 4000. MD5 check is identical!
10/07/2015 21:19:36.82 [Information] KrcCopyAction 'New:mada.Copy(KRC:\R1\System\$config.dat), 4000': Requests stopping the program.
10/07/2015 21:19:36.83 [Verbose] Ignore Action: New:mada.Copy(KRC:\STEU\$config.dat), 4000. MD5 check is identical!
10/07/2015 21:19:36.83 [Verbose] Ignore Action: New:krl.Copy(KRC:\R1\Program\wkz1_an.dat), 6500. MD5 check is identical!
10/07/2015 21:19:36.83 [Verbose] Ignore Action: New:krl.Copy(KRC:\R1\Program\wkz2_ab_2.dat), 6500. MD5 check is identical!
10/07/2015 21:19:36.85 [Verbose] Ignore Action: New:krl.Copy(KRC:\R1\Program\wkz1_off_st600.dat), 6500. MD5 check is identical!
10/07/2015 21:19:36.85 [Verbose] Ignore Action: New:krl.Copy(KRC:\R1\Program\Suberotine\MBINI.dat), 6500. MD5 check is identical!
10/07/2015 21:19:36.85 [Verbose] Ignore Action: New:krl.Copy(KRC:\R1\Program\wkz6_ab.dat), 6500. MD5 check is identical!
10/07/2015 21:19:36.86 [Verbose] Ignore Action: New:krl.Copy(KRC:\R1\Program\wkz6_an.dat), 6500. MD5 check is identical!
10/07/2015 21:19:36.86 [Verbose] Ignore Action: New:krl.Copy(KRC:\R1\Program\Suberotine\MBINI_2.dat), 6500. MD5 check is identical!
10/07/2015 21:19:36.86 [Verbose] Ignore Action: New:krl.Copy(KRC:\R1\Program\ho_axor_atego.dat), 6500. MD5 check is identical!
10/07/2015 21:19:36.88 [Verbose] Ignore Action: New:krl.Copy(KRC:\R1\Program\ps_com_geo_c1.dat), 6500. MD5 check is identical!
10/07/2015 21:19:36.88 [Verbose] Ignore Action: New:krl.Copy(KRC:\R1\Program\ps_com_res_c2.dat), 6500. MD5 check is identical!
10/07/2015 21:19:36.90 [Verbose] Ignore Action: New:krl.Copy(KRC:\R1\Program\ho_st621_r4_2.dat), 6500. MD5 check is identical!
10/07/2015 21:19:36.90 [Verbose] Ignore Action: New:krl.Copy(KRC:\R1\Program\hp007.dat), 6500. MD5 check is identical!
10/07/2015 21:19:36.90 [Verbose] Ignore Action: New:krl.Copy(KRC:\R1\Program\ps_ltc_res_c2.dat), 6500. MD5 check is identical!
10/07/2015 21:19:36.91 [Verbose] Ignore Action: New:krl.Copy(KRC:\R1\Program\wkz1_ab.dat), 6500. MD5 check is identical!
10/07/2015 21:19:36.91 [Verbose] Ignore Action: New:krl.Copy(KRC:\R1\Program\ps_ltc_geo_c1.dat), 6500. MD5 check is identical!
10/07/2015 21:19:36.93 [Verbose] Ignore Action: New:krl.Copy(KRC:\R1\Program\ps_ltc_geo_c2.dat), 6500. MD5 check is identical!
10/07/2015 21:19:36.93 [Verbose] Ignore Action: New:krl.Copy(KRC:\R1\Program\OLP\wkz5_ab.dat), 6500. MD5 check is identical!
10/07/2015 21:19:36.93 [Verbose] Ignore Action: New:krl.Copy(KRC:\R1\Program\OLP\wkz5_an.dat), 6500. MD5 check is identical!
10/07/2015 21:19:36.94 [Verbose] Ignore Action: New:krl.Copy(KRC:\R1\Program\OLP\ps_com_04_geo_c03.dat), 6500. MD5 check is identical!
10/07/2015 21:19:36.94 [Verbose] Ignore Action: New:krl.Copy(KRC:\R1\Program\OLP\ps_com_05_geo_c03.dat), 6500. MD5 check is identical!
10/07/2015 21:19:36.94 [Verbose] Ignore Action: New:krl.Copy(KRC:\R1\Program\OLP\ho_com_01_st04_g05.dat), 6500. MD5 check is identical!
10/07/2015 21:19:36.96 [Verbose] Ignore Action: New:krl.Copy(KRC:\R1\Program\OLP\hp_060.dat), 6500. MD5 check is identical!
10/07/2015 21:19:36.96 [Verbose] Ignore Action: New:krl.Copy(KRC:\R1\Program\OLP\wkz5_off.dat), 6500. MD5 check is identical!
10/07/2015 21:19:36.96 [Verbose] Ignore Action: New:krl.Copy(KRC:\R1\Program\OLP\ab_com_01_st01_g05.dat), 6500. MD5 check is identical!
10/07/2015 21:19:36.97 [Verbose] Ignore Action: New:krl.Copy(KRC:\R1\Program\OLP\ps_com_03_res_c03.dat), 6500. MD5 check is identical!
10/07/2015 21:19:36.97 [Verbose] Ignore Action: New:krl.Copy(KRC:\R1\Program\OLP\hp_064.dat), 6500. MD5 check is identical!
10/07/2015 21:19:36.97 [Verbose] Ignore Action: New:krl.Copy(KRC:\R1\Program\OLP\ps_com_01_geo_c03.dat), 6500. MD5 check is identical!
10/07/2015 21:19:36.97 [Verbose] Ignore Action: New:krl.Copy(KRC:\R1\Program\wteste.dat), 6500. MD5 check is identical!
10/07/2015 21:19:36.99 [Verbose] Ignore Action: New:krl.Copy(KRC:\R1\Program\OLP\hp_061.dat), 6500. MD5 check is identical!
10/07/2015 21:19:36.99 [Verbose] Ignore Action: New:krl.Copy(KRC:\R1\Program\OLP\ps_com_02_res_c03.dat), 6500. MD5 check is identical!
10/07/2015 21:19:36.99 [Verbose] Ignore Action: New:krl.Copy(KRC:\R1\Program\OLP\ps_com_03_geo_c03.dat), 6500. MD5 check is identical!
10/07/2015 21:19:37.01 [Verbose] Ignore Action: New:krl.Copy(KRC:\R1\Program\OLP\ps_com_01_res_c03.dat), 6500. MD5 check is identical!
10/07/2015 21:19:37.01 [Verbose] Ignore Action: New:krl.Copy(KRC:\R1\Program\OLP\ps_com_02_geo_c03.dat), 6500. MD5 check is identical!
10/07/2015 21:19:37.01 [Verbose] Ignore Action: New:krl.Copy(KRC:\R1\Program\ab_st600_r4_2.dat), 6500. MD5 check is identical!
10/07/2015 21:19:37.02 [Verbose] Ignore Action: New:krl.Copy(KRC:\R1\DAI\dai_sps_library.dat), 6500. MD5 check is identical!
10/07/2015 21:19:37.02 [Verbose] Ignore Action: New:krl.Copy(KRC:\R1\DAI\user_global.dat), 6500. MD5 check is identical!
10/07/2015 21:19:37.02 [Verbose] Ignore Action: New:krl.Copy(KRC:\R1\DAI\dai_msg_library.dat), 6500. MD5 check is identical!
10/07/2015 21:19:37.04 [Verbose] Ignore Action: New:krl.Copy(KRC:\R1\Program\e_fraes2.dat), 6500. MD5 check is identical!
10/07/2015 21:19:37.04 [Verbose] Ignore Action: New:krl.Copy(KRC:\R1\H_Prog\dai_ldd_xx.dat), 6500. MD5 check is identical!
10/07/2015 21:19:37.04 [Verbose] Ignore Action: New:krl.Copy(KRC:\R1\Program\ho_st621_r4_1.dat), 6500. MD5 check is identical!
10/07/2015 21:19:37.05 [Verbose] Ignore Action: New:krl.Copy(KRC:\R1\DAI\user_settings.dat), 6500. MD5 check is identical!
10/07/2015 21:19:37.05 [Verbose] Ignore Action: New:krl.Copy(KRC:\R1\H_Prog\dai_grp_xx_ok.dat), 6500. MD5 check is identical!
10/07/2015 21:19:37.05 [Verbose] Ignore Action: New:krl.Copy(KRC:\R1\DAI\dai_math_library.dat), 6500. MD5 check is identical!
10/07/2015 21:19:37.07 [Verbose] Ignore Action: New:krl.Copy(KRC:\R1\Program\wkz2_ab.dat), 6500. MD5 check is identical!
10/07/2015 21:19:37.07 [Verbose] Ignore Action: New:krl.Copy(KRC:\R1\TP\DAI_AG_Spot\userspot.dat), 6500. MD5 check is identical!
10/07/2015 21:19:37.07 [Verbose] Ignore Action: New:krl.Copy(KRC:\R1\Program\reinigung.dat), 6500. MD5 check is identical!
10/07/2015 21:19:37.08 [Verbose] Ignore Action: New:krl.Copy(KRC:\R1\Program\WARTUNG.dat), 6500. MD5 check is identical!
10/07/2015 21:19:37.08 [Verbose] Ignore Action: New:krl.Copy(KRC:\R1\DAI\dai_global.dat), 6500. MD5 check is identical!
10/07/2015 21:19:37.08 [Verbose] Ignore Action: New:krl.Copy(KRC:\R1\Program\HP248.dat), 6500. MD5 check is identical!
10/07/2015 21:19:37.08 [Verbose] Ignore Action: New:krl.Copy(KRC:\R1\DAI\dai_ctrl_library.dat), 6500. MD5 check is identical!
10/07/2015 21:19:37.10 [Verbose] Ignore Action: New:krl.Copy(KRC:\R1\DAI\dai_data_library.dat), 6500. MD5 check is identical!
10/07/2015 21:19:37.10 [Verbose] Ignore Action: New:krl.Copy(KRC:\R1\Program\e_Fraes1.dat), 6500. MD5 check is identical!
10/07/2015 21:19:37.10 [Verbose] Ignore Action: New:krl.Copy(KRC:\R1\Program\HP241.dat), 6500. MD5 check is identical!
10/07/2015 21:19:37.11 [Verbose] Ignore Action: New:krl.Copy(KRC:\R1\Program\tip_change.dat), 6500. MD5 check is identical!
10/07/2015 21:19:37.11 [Verbose] Ignore Action: New:krl.Copy(KRC:\R1\Program\HP250.dat), 6500. MD5 check is identical!
10/07/2015 21:19:37.11 [Verbose] Ignore Action: New:krl.Copy(KRC:\R1\Program\wkz4_an.dat), 6500. MD5 check is identical!
10/07/2015 21:19:37.13 [Verbose] Ignore Action: New:krl.Copy(KRC:\R1\Program\wkz4_off_st600.dat), 6500. MD5 check is identical!
10/07/2015 21:19:37.13 [Verbose] Ignore Action: New:krl.Copy(KRC:\R1\Program\f_fraes1.dat), 6500. MD5 check is identical!
10/07/2015 21:19:37.13 [Verbose] Ignore Action: New:krl.Copy(KRC:\R1\Program\wkz4_ab.dat), 6500. MD5 check is identical!
10/07/2015 21:19:37.15 [Verbose] Ignore Action: New:krl.Copy(KRC:\R1\Program\HP005.dat), 6500. MD5 check is identical!
10/07/2015 21:19:37.15 [Verbose] Ignore Action: New:krl.Copy(KRC:\R1\H_Prog\dai_tool_xx_chg.dat), 6500. MD5 check is identical!
10/07/2015 21:19:37.15 [Verbose] Ignore Action: New:krl.Copy(KRC:\R1\H_Prog\dai_tool_xx_ok.dat), 6500. MD5 check is identical!
10/07/2015 21:19:37.16 [Verbose] Ignore Action: New:krl.Copy(KRC:\R1\H_Prog\dai_robot_ok.dat), 6500. MD5 check is identical!
10/07/2015 21:19:37.16 [Verbose] Ignore Action: New:krl.Copy(KRC:\R1\Program\ab_st600_r4_1.dat), 6500. MD5 check is identical!
10/07/2015 21:19:37.16 [Verbose] Ignore Action: New:krl.Copy(KRC:\R1\Program\HP251.dat), 6500. MD5 check is identical!
10/07/2015 21:19:37.16 [Verbose] Ignore Action: New:krl.Copy(KRC:\R1\TP\Check_dock_AN.dat), 6500. MD5 check is identical!
10/07/2015 21:19:37.18 [Verbose] Ignore Action: New:krl.Copy(KRC:\R1\Program\HP004.dat), 6500. MD5 check is identical!
10/07/2015 21:19:37.18 [Verbose] Ignore Action: New:krl.Copy(KRC:\R1\H_Prog\dai_VorNull.dat), 6500. MD5 check is identical!
10/07/2015 21:19:37.18 [Verbose] Ignore Action: New:krl.Copy(KRC:\R1\Program\wkz3_ab.dat), 6500. MD5 check is identical!
10/07/2015 21:19:37.19 [Verbose] Ignore Action: New:krl.Copy(KRC:\R1\TP\BrakeTest\BrakeTestPark.dat), 6500. MD5 check is identical!
10/07/2015 21:19:37.19 [Verbose] Ignore Action: New:krl.Copy(KRC:\R1\TP\BrakeTest\BrakeTestReq.dat), 6500. MD5 check is identical!
10/07/2015 21:19:37.19 [Verbose] Ignore Action: New:krl.Copy(KRC:\R1\Program\wkz2_ok.dat), 6500. MD5 check is identical!
10/07/2015 21:19:37.21 [Verbose] Ignore Action: New:krl.Copy(KRC:\R1\Program\tm_useraction.dat), 6500. MD5 check is identical!
10/07/2015 21:19:37.21 [Verbose] Ignore Action: New:krl.Copy(KRC:\R1\System\masref_main.dat), 6500. MD5 check is identical!
10/07/2015 21:19:37.21 [Verbose] Ignore Action: New:krl.Copy(KRC:\R1\Program\wkz3_ok.dat), 6500. MD5 check is identical!
10/07/2015 21:19:37.21 [Verbose] Ignore Action: New:krl.Copy(KRC:\R1\Program\wkz2_an.dat), 6500. MD5 check is identical!
10/07/2015 21:19:37.22 [Verbose] Ignore Action: New:krl.Copy(KRC:\R1\TP\BrakeTest\BrakeTestBack.dat), 6500. MD5 check is identical!
10/07/2015 21:19:37.22 [Verbose] Ignore Action: New:krl.Copy(KRC:\R1\TP\p00.dat), 6500. MD5 check is identical!
10/07/2015 21:19:37.22 [Verbose] Ignore Action: New:krl.Copy(KRC:\R1\Program\HP240.dat), 6500. MD5 check is identical!
10/07/2015 21:19:37.24 [Verbose] Ignore Action: New:krl.Copy(KRC:\R1\Program\f_fraes2.dat), 6500. MD5 check is identical!
10/07/2015 21:19:37.24 [Verbose] Ignore Action: New:krl.Copy(KRC:\R1\Program\masref_user.dat), 6500. MD5 check is identical!
10/07/2015 21:19:37.24 [Verbose] Ignore Action: New:krl.Copy(KRC:\R1\System\MsgLib.dat), 6500. MD5 check is identical!
10/07/2015 21:19:37.24 [Verbose] Ignore Action: New:krl.Copy(KRC:\R1\Program\wkz3_an.dat), 6500. MD5 check is identical!
10/07/2015 21:19:37.26 [Verbose] Ignore Action: New:krl.Copy(KRC:\R1\TP\Gripper_SpotTech\User_grp.dat), 6500. MD5 check is identical!
10/07/2015 21:19:37.26 [Verbose] Ignore Action: New:krl.Copy(KRC:\R1\TP\BrakeTest\BrakeTestStart.dat), 6500. MD5 check is identical!
10/07/2015 21:19:37.26 [Verbose] Ignore Action: New:krl.Copy(KRC:\R1\System\tm_bib.dat), 6500. MD5 check is identical!
10/07/2015 21:19:37.27 [Verbose] Ignore Action: New:krl.Copy(KRC:\R1\TP\BrakeTest\BrakeTestSelfTest.dat), 6500. MD5 check is identical!
10/07/2015 21:19:37.27 [Verbose] Ignore Action: New:krl.Copy(KRC:\R1\TP\Check_dock_AN.src), 7000. MD5 check is identical!
10/07/2015 21:19:37.27 [Verbose] Ignore Action: New:krl.Copy(KRC:\R1\H_Prog\dai_VorNull.src), 7000. MD5 check is identical!
10/07/2015 21:19:37.29 [Verbose] Ignore Action: New:krl.Copy(KRC:\R1\System\masref_main.src), 7000. MD5 check is identical!
10/07/2015 21:19:37.29 [Verbose] Ignore Action: New:krl.Copy(KRC:\R1\H_Prog\dai_tool_xx_ok.src), 7000. MD5 check is identical!
10/07/2015 21:19:37.29 [Verbose] Ignore Action: New:krl.Copy(KRC:\R1\Program\ps_com_res_c2.src), 7000. MD5 check is identical!
10/07/2015 21:19:37.30 [Verbose] Ignore Action: New:krl.Copy(KRC:\R1\Program\masref_user.src), 7000. MD5 check is identical!
10/07/2015 21:19:37.30 [Verbose] Ignore Action: New:krl.Copy(KRC:\R1\Program\f_fraes1.src), 7000. MD5 check is identical!
10/07/2015 21:19:37.30 [Verbose] Ignore Action: New:krl.Copy(KRC:\R1\Program\wkz4_ab.src), 7000. MD5 check is identical!
10/07/2015 21:19:37.30 [Verbose] Ignore Action: New:krl.Copy(KRC:\R1\Program\OLP\hp_060.src), 7000. MD5 check is identical!
10/07/2015 21:19:37.32 [Verbose] Ignore Action: New:krl.Copy(KRC:\R1\Program\wkz4_an.src), 7000. MD5 check is identical!
10/07/2015 21:19:37.32 [Verbose] Ignore Action: New:krl.Copy(KRC:\R1\Program\e_Fraes1.src), 7000. MD5 check is identical!
10/07/2015 21:19:37.32 [Verbose] Ignore Action: New:krl.Copy(KRC:\R1\Program\HP005.src), 7000. MD5 check is identical!
10/07/2015 21:19:37.33 [Verbose] Ignore Action: New:krl.Copy(KRC:\R1\System\ir_stopm.src), 7000. MD5 check is identical!
10/07/2015 21:19:37.33 [Verbose] Ignore Action: New:krl.Copy(KRC:\R1\System\bas.src), 7000. MD5 check is identical!
10/07/2015 21:19:37.33 [Verbose] Ignore Action: New:krl.Copy(KRC:\R1\Program\tm_useraction.src), 7000. MD5 check is identical!
10/07/2015 21:19:37.35 [Verbose] Ignore Action: New:krl.Copy(KRC:\R1\Program\HP250.src), 7000. MD5 check is identical!
10/07/2015 21:19:37.35 [Verbose] Ignore Action: New:krl.Copy(KRC:\R1\H_Prog\dai_tool_xx_chg.src), 7000. MD5 check is identical!
10/07/2015 21:19:37.35 [Verbose] Ignore Action: New:krl.Copy(KRC:\R1\DAI\dai_data_library.src), 7000. MD5 check is identical!
10/07/2015 21:19:37.37 [Verbose] Ignore Action: New:krl.Copy(KRC:\R1\DAI\dai_ctrl_library.src), 7000. MD5 check is identical!
10/07/2015 21:19:37.37 [Verbose] Ignore Action: New:krl.Copy(KRC:\R1\TP\BrakeTest\BrakeTestSelfTest.src), 7000. MD5 check is identical!
10/07/2015 21:19:37.37 [Verbose] Ignore Action: New:krl.Copy(KRC:\R1\DAI\dai_math_library.src), 7000. MD5 check is identical!
10/07/2015 21:19:37.38 [Verbose] Ignore Action: New:krl.Copy(KRC:\R1\TP\BrakeTest\BrakeTestPark.src), 7000. MD5 check is identical!
10/07/2015 21:19:37.38 [Verbose] Ignore Action: New:krl.Copy(KRC:\R1\TP\BrakeTest\BrakeTestReq.src), 7000. MD5 check is identical!
10/07/2015 21:19:37.38 [Verbose] Ignore Action: New:krl.Copy(KRC:\R1\TP\Gripper_SpotTech\h50.src), 7000. MD5 check is identical!
10/07/2015 21:19:37.40 [Verbose] Ignore Action: New:krl.Copy(KRC:\R1\Program\reinigung.src), 7000. MD5 check is identical!
10/07/2015 21:19:37.40 [Verbose] Ignore Action: New:krl.Copy(KRC:\R1\TP\Gripper_SpotTech\User_grp.src), 7000. MD5 check is identical!
10/07/2015 21:19:37.40 [Verbose] Ignore Action: New:krl.Copy(KRC:\R1\TP\DAI_AG_Spot\userspot.src), 7000. MD5 check is identical!
10/07/2015 21:19:37.41 [Verbose] Ignore Action: New:krl.Copy(KRC:\R1\TP\BrakeTest\BrakeTestStart.src), 7000. MD5 check is identical!
10/07/2015 21:19:37.41 [Verbose] Ignore Action: New:krl.Copy(KRC:\R1\Program\WARTUNG.src), 7000. MD5 check is identical!
10/07/2015 21:19:37.41 [Verbose] Ignore Action: New:krl.Copy(KRC:\R1\TP\BrakeTest\BrakeTestBack.src), 7000. MD5 check is identical!
10/07/2015 21:19:37.43 [Verbose] Ignore Action: New:krl.Copy(KRC:\R1\H_Prog\dai_ldd_xx.src), 7000. MD5 check is identical!
10/07/2015 21:19:37.43 [Verbose] Ignore Action: New:krl.Copy(KRC:\R1\System\tm_bib.src), 7000. MD5 check is identical!
10/07/2015 21:19:37.43 [Verbose] Ignore Action: New:krl.Copy(KRC:\R1\H_Prog\dai_grp_xx_ok.src), 7000. MD5 check is identical!
10/07/2015 21:19:37.44 [Verbose] Ignore Action: New:krl.Copy(KRC:\R1\System\MsgLib.src), 7000. MD5 check is identical!
10/07/2015 21:19:37.44 [Verbose] Ignore Action: New:krl.Copy(KRC:\R1\System\sps.sub), 7000. MD5 check is identical!
10/07/2015 21:19:37.44 [Verbose] Ignore Action: New:krl.Copy(KRC:\R1\H_Prog\dai_robot_ok.src), 7000. MD5 check is identical!
10/07/2015 21:19:37.46 [Verbose] Ignore Action: New:krl.Copy(KRC:\R1\DAI\dai_sps_library.src), 7000. MD5 check is identical!
10/07/2015 21:19:37.46 [Verbose] Ignore Action: New:krl.Copy(KRC:\R1\DAI\dai_sps_init.src), 7000. MD5 check is identical!
10/07/2015 21:19:37.46 [Verbose] Ignore Action: New:krl.Copy(KRC:\R1\DAI\dai_msg_library.src), 7000. MD5 check is identical!
10/07/2015 21:19:37.48 [Verbose] Ignore Action: New:krl.Copy(KRC:\R1\DAI\user_sps_ini.src), 7000. MD5 check is identical!
10/07/2015 21:19:37.48 [Verbose] Ignore Action: New:krl.Copy(KRC:\R1\TP\p00.src), 7000. MD5 check is identical!
10/07/2015 21:19:37.48 [Verbose] Ignore Action: New:krl.Copy(KRC:\R1\DAI\dai_tech_loop.src), 7000. MD5 check is identical!
10/07/2015 21:19:37.48 [Verbose] Ignore Action: New:krl.Copy(KRC:\R1\Program\Suberotine\chk_w2_grp2_opn.src), 7000. MD5 check is identical!
10/07/2015 21:19:37.49 [Verbose] Ignore Action: New:krl.Copy(KRC:\R1\Program\Suberotine\chk_w2_grp2_clo.src), 7000. MD5 check is identical!
10/07/2015 21:19:37.49 [Verbose] Ignore Action: New:krl.Copy(KRC:\R1\Program\Suberotine\chk_w3_wechs_ok.src), 7000. MD5 check is identical!
10/07/2015 21:19:37.49 [Verbose] Ignore Action: New:krl.Copy(KRC:\R1\Program\Suberotine\chk_w2_wechs_ok.src), 7000. MD5 check is identical!
10/07/2015 21:19:37.51 [Verbose] Ignore Action: New:krl.Copy(KRC:\R1\Program\Suberotine\chk_w2_grp1_opn.src), 7000. MD5 check is identical!
10/07/2015 21:19:37.51 [Verbose] Ignore Action: New:krl.Copy(KRC:\R1\Program\Suberotine\chk_w1_grp2_opn.src), 7000. MD5 check is identical!
10/07/2015 21:19:37.51 [Verbose] Ignore Action: New:krl.Copy(KRC:\R1\Program\Suberotine\chk_w1_grp2_clo.src), 7000. MD5 check is identical!
10/07/2015 21:19:37.51 [Verbose] Ignore Action: New:krl.Copy(KRC:\R1\Program\Suberotine\chk_w2_grp1_clo.src), 7000. MD5 check is identical!
10/07/2015 21:19:37.52 [Verbose] Ignore Action: New:krl.Copy(KRC:\R1\Program\Suberotine\chk_w1_wechs_ok.src), 7000. MD5 check is identical!
10/07/2015 21:19:37.52 [Verbose] Ignore Action: New:krl.Copy(KRC:\R1\Program\Suberotine\end_weld_geo.src), 7000. MD5 check is identical!
10/07/2015 21:19:37.54 [Verbose] Ignore Action: New:krl.Copy(KRC:\R1\System\974043_R4.pt.txt), 7000. MD5 check is identical!
10/07/2015 21:19:37.54 [Verbose] Ignore Action: New:krl.Copy(KRC:\R1\Program\Suberotine\start_weld_respot.src), 7000. MD5 check is identical!
10/07/2015 21:19:37.54 [Verbose] Ignore Action: New:krl.Copy(KRC:\R1\Program\f_fraes2.src), 7000. MD5 check is identical!
10/07/2015 21:19:37.55 [Verbose] Ignore Action: New:krl.Copy(KRC:\R1\Program\Suberotine\chk_w4_wechs_ok.src), 7000. MD5 check is identical!
10/07/2015 21:19:37.55 [Verbose] Ignore Action: New:krl.Copy(KRC:\R1\Program\Suberotine\start_weld_geo.src), 7000. MD5 check is identical!
10/07/2015 21:19:37.57 [Verbose] Ignore Action: New:krl.Copy(KRC:\R1\Program\wkz2_ab.src), 7000. MD5 check is identical!
10/07/2015 21:19:37.57 [Verbose] Ignore Action: New:krl.Copy(KRC:\R1\Program\Suberotine\end_weld_respot.src), 7000. MD5 check is identical!
10/07/2015 21:19:37.59 [Verbose] Ignore Action: New:krl.Copy(KRC:\R1\Program\Suberotine\MBINI_2.src), 7000. MD5 check is identical!
10/07/2015 21:19:37.59 [Verbose] Ignore Action: New:krl.Copy(KRC:\R1\Program\Suberotine\MBINI.src), 7000. MD5 check is identical!
10/07/2015 21:19:37.59 [Verbose] Ignore Action: New:krl.Copy(KRC:\R1\Program\Suberotine\chk_w1_grp1_opn.src), 7000. MD5 check is identical!
10/07/2015 21:19:37.60 [Verbose] Ignore Action: New:krl.Copy(KRC:\R1\Program\HP240.src), 7000. MD5 check is identical!
10/07/2015 21:19:37.60 [Verbose] Ignore Action: New:krl.Copy(KRC:\R1\Program\ps_com_geo_c1.src), 7000. MD5 check is identical!
10/07/2015 21:19:37.62 [Verbose] Ignore Action: New:krl.Copy(KRC:\R1\Program\wkz3_an.src), 7000. MD5 check is identical!
10/07/2015 21:19:37.63 [Verbose] Ignore Action: New:krl.Copy(KRC:\R1\Program\ps_ltc_geo_c1.src), 7000. MD5 check is identical!
10/07/2015 21:19:37.63 [Verbose] Ignore Action: New:krl.Copy(KRC:\R1\Program\wkz3_ok.src), 7000. MD5 check is identical!
10/07/2015 21:19:37.63 [Verbose] Ignore Action: New:krl.Copy(KRC:\R1\Program\wkz2_ok.src), 7000. MD5 check is identical!
10/07/2015 21:19:37.65 [Verbose] Ignore Action: New:krl.Copy(KRC:\R1\Program\ab_st600_r4_2.src), 7000. MD5 check is identical!
10/07/2015 21:19:37.65 [Verbose] Ignore Action: New:krl.Copy(KRC:\R1\Program\hp007.src), 7000. MD5 check is identical!
10/07/2015 21:19:37.65 [Verbose] Ignore Action: New:krl.Copy(KRC:\R1\Program\ho_st621_r4_2.src), 7000. MD5 check is identical!
10/07/2015 21:19:37.66 [Verbose] Ignore Action: New:krl.Copy(KRC:\R1\Program\ps_ltc_geo_c2.src), 7000. MD5 check is identical!
10/07/2015 21:19:37.66 [Verbose] Ignore Action: New:krl.Copy(KRC:\R1\Program\wkz2_ab_2.src), 7000. MD5 check is identical!
10/07/2015 21:19:37.66 [Verbose] Ignore Action: New:krl.Copy(KRC:\R1\Program\wkz1_off_st600.src), 7000. MD5 check is identical!
10/07/2015 21:19:37.68 [Verbose] Ignore Action: New:krl.Copy(KRC:\R1\Program\Suberotine\chk_w1_grp1_clo.src), 7000. MD5 check is identical!
10/07/2015 21:19:37.68 [Verbose] Ignore Action: New:krl.Copy(KRC:\R1\Program\Suberotine\chk_w0_wechs_ok.src), 7000. MD5 check is identical!
10/07/2015 21:19:37.68 [Verbose] Ignore Action: New:krl.Copy(KRC:\R1\Program\wkz2_an.src), 7000. MD5 check is identical!
10/07/2015 21:19:37.68 [Verbose] Ignore Action: New:krl.Copy(KRC:\R1\Program\wkz3_ab.src), 7000. MD5 check is identical!
10/07/2015 21:19:37.70 [Verbose] Ignore Action: New:krl.Copy(KRC:\R1\Program\ps_ltc_res_c2.src), 7000. MD5 check is identical!
10/07/2015 21:19:37.70 [Verbose] Ignore Action: New:krl.Copy(KRC:\R1\Program\wkz1_an.src), 7000. MD5 check is identical!
10/07/2015 21:19:37.70 [Verbose] Ignore Action: New:krl.Copy(KRC:\R1\Program\wkz1_ab.src), 7000. MD5 check is identical!
10/07/2015 21:19:37.71 [Verbose] Ignore Action: New:krl.Copy(KRC:\R1\Program\ho_axor_atego.src), 7000. MD5 check is identical!
10/07/2015 21:19:37.71 [Verbose] Ignore Action: New:krl.Copy(KRC:\R1\Program\OLP\ps_com_05_geo_c03.src), 7000. MD5 check is identical!
10/07/2015 21:19:37.71 [Verbose] Ignore Action: New:krl.Copy(KRC:\R1\Program\OLP\ps_com_04_geo_c03.src), 7000. MD5 check is identical!
10/07/2015 21:19:38.06 [Verbose] Ignore Action: New:krl.Copy(KRC:\R1\Program\OLP\Robot_Data_r4_ex-gun.pptx), 7000. MD5 check is identical!
10/07/2015 21:19:38.38 [Verbose] Ignore Action: New:krl.Copy(KRC:\R1\Program\OLP\Robot_Data_r4_ex-gripper.pptx), 7000. MD5 check is identical!
10/07/2015 21:19:38.40 [Verbose] Ignore Action: New:krl.Copy(KRC:\R1\Program\tip_change.src), 7000. MD5 check is identical!
10/07/2015 21:19:38.40 [Verbose] Ignore Action: New:krl.Copy(KRC:\R1\Program\HP251.src), 7000. MD5 check is identical!
10/07/2015 21:19:38.40 [Verbose] Ignore Action: New:krl.Copy(KRC:\R1\Program\OLP\ps_com_02_res_c03.src), 7000. MD5 check is identical!
10/07/2015 21:19:38.42 [Verbose] Ignore Action: New:krl.Copy(KRC:\R1\Program\OLP\ps_com_03_res_c03.src), 7000. MD5 check is identical!
10/07/2015 21:19:38.42 [Verbose] Ignore Action: New:krl.Copy(KRC:\R1\Program\OLP\ps_com_03_geo_c03.src), 7000. MD5 check is identical!
10/07/2015 21:19:38.42 [Verbose] Ignore Action: New:krl.Copy(KRC:\R1\Program\HP241.src), 7000. MD5 check is identical!
10/07/2015 21:19:38.43 [Verbose] Ignore Action: New:krl.Copy(KRC:\R1\Program\OLP\ab_com_01_st01_g05.src), 7000. MD5 check is identical!
10/07/2015 21:19:38.43 [Verbose] Ignore Action: New:krl.Copy(KRC:\R1\Program\OLP\._Robot_Data_r4_ex-gun.pptx), 7000. MD5 check is identical!
10/07/2015 21:19:38.43 [Verbose] Ignore Action: New:krl.Copy(KRC:\R1\Program\OLP\ho_com_01_st04_g05.src), 7000. MD5 check is identical!
10/07/2015 21:19:38.45 [Verbose] Ignore Action: New:krl.Copy(KRC:\R1\Program\HP248.src), 7000. MD5 check is identical!
10/07/2015 21:19:38.45 [Verbose] Ignore Action: New:krl.Copy(KRC:\R1\Program\OLP\._Robot_Data_r4_ex-gripper.pptx), 7000. MD5 check is identical!
10/07/2015 21:19:38.45 [Verbose] Ignore Action: New:krl.Copy(KRC:\R1\Program\OLP\wkz5_an.src), 7000. MD5 check is identical!
10/07/2015 21:19:38.46 [Verbose] Ignore Action: New:krl.Copy(KRC:\R1\Program\OLP\wkz5_ab.src), 7000. MD5 check is identical!
10/07/2015 21:19:38.46 [Verbose] Ignore Action: New:krl.Copy(KRC:\R1\Program\OLP\wkz5_off.src), 7000. MD5 check is identical!
10/07/2015 21:19:38.46 [Verbose] Ignore Action: New:krl.Copy(KRC:\R1\Program\wkz4_off_st600.src), 7000. MD5 check is identical!
10/07/2015 21:19:38.48 [Verbose] Ignore Action: New:krl.Copy(KRC:\R1\Program\OLP\ps_com_02_geo_c03.src), 7000. MD5 check is identical!
10/07/2015 21:19:38.48 [Verbose] Ignore Action: New:krl.Copy(KRC:\R1\Program\Suberotine\chk_w5_wechs_ok.src), 7000. MD5 check is identical!
10/07/2015 21:19:38.48 [Verbose] Ignore Action: New:krl.Copy(KRC:\R1\Program\Suberotine\chk_w7_grp3_opn.src), 7000. MD5 check is identical!
10/07/2015 21:19:38.48 [Verbose] Ignore Action: New:krl.Copy(KRC:\R1\Program\Suberotine\chk_w7_grp1_clo.src), 7000. MD5 check is identical!
10/07/2015 21:19:38.49 [Verbose] Ignore Action: New:krl.Copy(KRC:\R1\Program\Suberotine\chk_w6_wechs_ok.src), 7000. MD5 check is identical!
10/07/2015 21:19:38.51 [Verbose] Ignore Action: New:krl.Copy(KRC:\R1\Program\Suberotine\chk_w7_grp3_clo.src), 7000. MD5 check is identical!
10/07/2015 21:19:38.51 [Verbose] Ignore Action: New:krl.Copy(KRC:\R1\Program\e_fraes2.src), 7000. MD5 check is identical!
10/07/2015 21:19:38.53 [Verbose] Ignore Action: New:krl.Copy(KRC:\R1\Program\wkz6_ab.src), 7000. MD5 check is identical!
10/07/2015 21:19:38.53 [Verbose] Ignore Action: New:krl.Copy(KRC:\R1\Program\wteste.src), 7000. MD5 check is identical!
10/07/2015 21:19:38.53 [Verbose] Ignore Action: New:krl.Copy(KRC:\R1\Program\wkz6_an.src), 7000. MD5 check is identical!
10/07/2015 21:19:38.54 [Verbose] Ignore Action: New:krl.Copy(KRC:\R1\Program\Suberotine\chk_w7_grp1_opn.src), 7000. MD5 check is identical!
10/07/2015 21:19:38.54 [Verbose] Ignore Action: New:krl.Copy(KRC:\R1\Program\OLP\ps_com_01_geo_c03.src), 7000. MD5 check is identical!
10/07/2015 21:19:38.54 [Verbose] Ignore Action: New:krl.Copy(KRC:\R1\Program\ab_st600_r4_1.src), 7000. MD5 check is identical!
10/07/2015 21:19:38.56 [Verbose] Ignore Action: New:krl.Copy(KRC:\R1\Program\HP004.src), 7000. MD5 check is identical!
10/07/2015 21:19:38.56 [Verbose] Ignore Action: New:krl.Copy(KRC:\R1\Program\OLP\ps_com_01_res_c03.src), 7000. MD5 check is identical!
10/07/2015 21:19:38.56 [Verbose] Ignore Action: New:krl.Copy(KRC:\R1\Program\OLP\hp_064.src), 7000. MD5 check is identical!
10/07/2015 21:19:38.57 [Verbose] Ignore Action: New:krl.Copy(KRC:\R1\Program\Suberotine\chk_w7_grp2_opn.src), 7000. MD5 check is identical!
10/07/2015 21:19:38.57 [Verbose] Ignore Action: New:krl.Copy(KRC:\R1\Program\Suberotine\chk_w7_grp2_clo.src), 7000. MD5 check is identical!
10/07/2015 21:19:38.59 [Verbose] Ignore Action: New:krl.Copy(KRC:\R1\Program\OLP\hp_061.src), 7000. MD5 check is identical!
10/07/2015 21:19:38.60 [Verbose] Ignore Action: New:krl.Copy(KRC:\R1\Program\ho_st621_r4_1.src), 7000. MD5 check is identical!
10/07/2015 21:19:38.60 [Information] Ignore Action: New:solution.Copy(C:\KRC\User\ProjectRoot\MBB_974043\MBB_974043.wvs), 9000. Copy only once!
10/07/2015 21:19:39.33 [Warning] Ignore UserPdiGenerationAction: Create "C:\KRC\Roboter\Config\User\Common\USERPDI.SAF". Header and content check states identical data!
10/07/2015 21:19:39.33 [Information] CrcFileCreateAction 'New:safety.Create(Config:\User\Common\SCTLCRC.IMG), 99998': Requests reconfiguration.
10/07/2015 21:19:42.67 [Information] Successfull execute PrepareAction 'Global.UserPermission(), 1000'.
10/07/2015 21:19:42.68 [Information] Execute Global.StopProgram(), 2000. Krc not in Automatic!
10/07/2015 21:19:42.71 [Information] Successfull execute PrepareAction 'Global.StopProgram(), 2000'.
10/07/2015 21:19:42.85 [Information] Committed: Prepared.
10/07/2015 21:19:42.92 [Information] Start installation of "MBB_974043 V1.18.0.0".
10/07/2015 21:19:42.93 [Information] Reset current project!
10/07/2015 21:19:43.03 [Information] Successfull execute Install Action 'Global.PrepareReconfiguration(), 0'.
10/07/2015 21:19:43.25 [Information] Successfull execute Install Action 'New:config.Copy(Config:\User\Common\Mada\NGAxis\E1.xml), 2000'.
10/07/2015 21:19:43.29 [Information] Successfull execute Install Action 'New:config.Copy(Config:\User\Common\KRC_IO.xml), 2000'.
10/07/2015 21:19:43.36 [Information] SafetyNetworkInstallAction 'New:safety.Copy(Config:\User\Common\SAFEDEV.SAF), 2000': Checksum written.
10/07/2015 21:19:43.37 [Information] Successfull execute Install Action 'New:safety.Copy(Config:\User\Common\SAFEDEV.SAF), 2000'.
10/07/2015 21:19:43.37 [Information] Successfull execute Install Action 'New:config.Copy(Config:\User\Common\Mada\SimuAxesKrc.xml), 2000'.
10/07/2015 21:19:43.37 [Information] Successfull execute Install Action 'New:config.Copy(Config:\User\Common\Mada\NGAxis\CtrlE1AddFct.xml), 2000'.
10/07/2015 21:19:43.40 [Information] Successfull execute Install Action 'New:config.Copy(Config:\User\Common\Mada\NGAxis\CtrlE1.xml), 2000'.
10/07/2015 21:19:43.43 [Information] Successfull execute Install Action 'New:config.Copy(Config:\User\Common\Mada\SimuAxis\E1.xml), 2000'.
10/07/2015 21:19:43.45 [Information] Successfull execute Install Action 'New:config.Copy(Config:\User\Common\Mada\SimuAxes.xml), 2000'.
10/07/2015 21:19:43.45 [Information] Successfull execute Install Action 'New:config.Copy(Config:\User\Common\Mada\NextGenDriveTech.xml), 2000'.
10/07/2015 21:19:43.45 [Information] Successfull execute Install Action 'New:config.Copy(Config:\User\Common\Mada\KRCAxes.xml), 2000'.
10/07/2015 21:19:43.50 [Information] Successfull execute Install Action 'New:config.Copy(Config:\User\Common\Mada\CFCore.xml), 2000'.
10/07/2015 21:19:44.28 [Information] Successfull execute Install Action 'New:mada.Copy(KRC:\R1\System\$config.dat), 4000'.
10/07/2015 21:19:45.80 [Information] Successfull execute Install Action 'New:mada.Copy(KRC:\R1\Mada\$machine.dat), 4000'.
10/07/2015 21:19:45.82 [Information] CrcFileCreateAction 'New:safety.Create(Config:\User\Common\SCTLCRC.IMG), 99998': CRC container updated for file 'C:\KRC\ROBOTER\Config\User\Common\SAFEDEV.SAF'.
10/07/2015 21:19:45.82 [Information] Successfull execute Install Action 'New:safety.Create(Config:\User\Common\SCTLCRC.IMG), 99998'.
10/07/2015 21:19:45.86 [Information] Successfull execute Install Action 'Global.Reconfiguration(), 99999'.
10/07/2015 21:19:45.86 [Information] Installation successfull!
10/07/2015 21:19:46.59 [Information] Set current project: MBB_974043 V1.18.0.0
10/07/2015 21:19:46.96 [Information] Committed: Installed.
10/07/2015 21:19:46.97 [Information] *** Activation Successful.
10/07/2015 21:19:49.50 [Information] Committed: Activated.
10/07/2015 21:19:49.61 [Information] #----------------o0o---------------#
