05/08/2017 05:52:17.43 [Information] -------------------------------
05/08/2017 05:52:19.95 [Information] Prepare Installation of project "MBB_974042_1 V1.61.0.0".
05/08/2017 05:52:19.95 [Information] Current project was "MBB_974042 V1.59.0".
05/08/2017 05:52:21.43 [Warning] Element Type changed for {ExternalFileManifest Config:Copy(Config:\User\Common\SafetyConfigData.xml) - SavedExternal} -> safety
05/08/2017 05:52:21.43 [Warning] Element Type changed for {ExternalFileManifest Config:Copy(Config:\User\Common\SCtlPara.sg) - SavedExternal} -> safety
05/08/2017 05:52:21.43 [Warning] Element Type changed for {ExternalFileManifest Krl:Copy(C:\KRC\Roboter\Template\vg_appl.dat) - SavedExternal} -> file
05/08/2017 05:52:21.44 [Warning] Element Type changed for {ExternalFileManifest Krl:Copy(C:\KRC\Roboter\Template\vg_appl.src) - SavedExternal} -> file
05/08/2017 05:52:21.44 [Warning] Element Type changed for {ExternalFileManifest Krl:Copy(C:\KRC\Roboter\Template\vg_hp.dat) - SavedExternal} -> file
05/08/2017 05:52:21.44 [Warning] Element Type changed for {ExternalFileManifest Krl:Copy(C:\KRC\Roboter\Template\vg_hp.src) - SavedExternal} -> file
05/08/2017 05:52:21.44 [Warning] Element Type changed for {ExternalFileManifest Krl:Copy(C:\KRC\temp\ChangeLog.dat) - SavedExternal} -> file
05/08/2017 05:52:21.44 [Warning] Element Type changed for {ExternalFileManifest Krl:Copy(C:\KRC\temp\ToDo.dat) - SavedExternal} -> file
05/08/2017 05:52:21.44 [Warning] Element Type changed for {ExternalFileManifest File:Copy(KRC:\R1\System\974042_r1.pt.txt) - SavedExternal} -> krl
05/08/2017 05:52:21.44 [Information] SafetyHandler ignores element: '{ExternalFileManifest safety:Copy(Config:\User\Common\SafetyConfigData.xml) - SavedExternal}'
05/08/2017 05:52:21.44 [Information] SafetyHandler ignores element: '{ExternalFileManifest safety:Copy(Config:\User\Common\SCtlPara.sg) - SavedExternal}'
05/08/2017 05:52:21.44 [Information] SafetyHandler ignores element: '{ExternalFileManifest safety:Copy(Config:\User\Common\HNFINFO.SAF) - SavedExternal}'
05/08/2017 05:52:27.92 [Verbose] Ignore Action: New:file.Copy(C:\KRC\TP\USERTECH\TEMPLATE\dai_plus.kfd), 1500. MD5 check is identical!
05/08/2017 05:52:27.94 [Verbose] Ignore Action: New:file.Copy(C:\KRC\TP\USERTECH\TEMPLATE\dai_collision.kfd), 1500. MD5 check is identical!
05/08/2017 05:52:27.94 [Verbose] Ignore Action: New:file.Copy(C:\KRC\TP\USERTECH\TEMPLATE\DAI_AG_Spottech.KFD), 1500. MD5 check is identical!
05/08/2017 05:52:27.94 [Verbose] Ignore Action: New:file.Copy(C:\KRC\TP\USERTECH\TEMPLATE\ICONS\prestrock_op.ico), 1500. MD5 check is identical!
05/08/2017 05:52:27.95 [Verbose] Ignore Action: New:file.Copy(C:\KRC\TP\USERTECH\TEMPLATE\ICONS\prestrock_cl.ico), 1500. MD5 check is identical!
05/08/2017 05:52:27.95 [Verbose] Ignore Action: New:file.Copy(C:\KRC\TP\USERTECH\TEMPLATE\dai_velocity.kfd), 1500. MD5 check is identical!
05/08/2017 05:52:27.95 [Verbose] Ignore Action: New:file.Copy(C:\KRC\DATA\DAI_MSG_LIB.kxr), 1500. MD5 check is identical!
05/08/2017 05:52:27.97 [Verbose] Ignore Action: New:file.Copy(C:\KRC\DATA\DAI_AG_Spot.kxr), 1500. MD5 check is identical!
05/08/2017 05:52:27.97 [Verbose] Ignore Action: New:file.Copy(C:\KRC\Roboter\Template\vg_hp.src), 1500. MD5 check is identical!
05/08/2017 05:52:27.97 [Verbose] Ignore Action: New:file.Copy(C:\KRC\Roboter\Template\vg_hp.dat), 1500. MD5 check is identical!
05/08/2017 05:52:27.97 [Verbose] Ignore Action: New:file.Copy(C:\KRC\DATA\DAI_H_Prog.kxr), 1500. MD5 check is identical!
05/08/2017 05:52:27.98 [Verbose] Ignore Action: New:file.Copy(C:\KRC\DATA\DAI_Gripper.kxr), 1500. MD5 check is identical!
05/08/2017 05:52:27.98 [Verbose] Ignore Action: New:file.Copy(C:\KRC\DATA\DAI_ANTICOLL.kxr), 1500. MD5 check is identical!
05/08/2017 05:52:27.98 [Verbose] Ignore Action: New:file.Copy(C:\KRC\USER\Measurement.Points.cfg), 1500. MD5 check is identical!
05/08/2017 05:52:28.00 [Verbose] Ignore Action: New:file.Copy(C:\KRC\USER\SetupWizardStates.xml), 1500. MD5 check is identical!
05/08/2017 05:52:28.00 [Verbose] Ignore Action: New:file.Copy(C:\KRC\USER\KLMDigitalIO.WriteProtectedOutputs.cfg), 1500. MD5 check is identical!
05/08/2017 05:52:28.00 [Verbose] Ignore Action: New:file.Copy(C:\KRC\temp\ToDo.dat), 1500. MD5 check is identical!
05/08/2017 05:52:28.00 [Verbose] Ignore Action: New:file.Copy(C:\KRC\temp\ChangeLog.dat), 1500. MD5 check is identical!
05/08/2017 05:52:28.02 [Verbose] Ignore Action: New:file.Copy(C:\KRC\USER\CheckingPosCorrection.cfg), 1500. MD5 check is identical!
05/08/2017 05:52:28.02 [Verbose] Ignore Action: New:file.Copy(C:\KRC\Roboter\Template\vg_appl.src), 1500. MD5 check is identical!
05/08/2017 05:52:28.02 [Verbose] Ignore Action: New:file.Copy(C:\KRC\USER\InstallTech.cfg), 1500. MD5 check is identical!
05/08/2017 05:52:28.02 [Verbose] Ignore Action: New:file.Copy(C:\KRC\USER\KukaPMService.User.config), 1500. MD5 check is identical!
05/08/2017 05:52:28.03 [Verbose] Ignore Action: New:file.Copy(C:\KRC\USER\MaintenanceHandBook.User.config), 1500. MD5 check is identical!
05/08/2017 05:52:28.03 [Verbose] Ignore Action: New:file.Copy(C:\KRC\USER\InitialProjectSetup.User.config), 1500. MD5 check is identical!
05/08/2017 05:52:28.03 [Verbose] Ignore Action: New:file.Copy(C:\KRC\USER\ConfigMon.ini), 1500. MD5 check is identical!
05/08/2017 05:52:28.03 [Verbose] Ignore Action: New:file.Copy(C:\KRC\USER\Cross3.User.config), 1500. MD5 check is identical!
05/08/2017 05:52:28.05 [Verbose] Ignore Action: New:file.Copy(C:\KRC\USER\PMService.user.config), 1500. MD5 check is identical!
05/08/2017 05:52:28.05 [Verbose] Ignore Action: New:file.Copy(C:\KRC\SmartHMI\SmartHMI.exe.DAI_AG_Spot.config), 1500. MD5 check is identical!
05/08/2017 05:52:28.05 [Verbose] Ignore Action: New:file.Copy(C:\KRC\SmartHMI\SmartHMI.exe.DAI_STANDARD.config), 1500. MD5 check is identical!
05/08/2017 05:52:28.05 [Verbose] Ignore Action: New:file.Copy(C:\KRC\Roboter\Template\vg_appl.dat), 1500. MD5 check is identical!
05/08/2017 05:52:28.06 [Verbose] Ignore Action: New:file.Copy(C:\KRC\USER\WorkVisualServiceHost.User.config), 1500. MD5 check is identical!
05/08/2017 05:52:28.06 [Verbose] Ignore Action: New:file.Copy(C:\KRC\USER\ProjectExternalFileList.xml), 1500. MD5 check is identical!
05/08/2017 05:52:28.06 [Verbose] Ignore Action: New:file.Copy(C:\KRC\USER\SmartHMI.User.config), 1500. MD5 check is identical!
05/08/2017 05:52:28.09 [Verbose] Ignore Action: New:file.Copy(C:\KRC\USER\WaitForUserList.xml), 1500. MD5 check is identical!
05/08/2017 05:52:28.09 [Information] ConfigCopyAction 'New:config.Copy(Config:\User\Common\Mada\NextGenDriveTech.xml), 2000': Requests reconfiguration.
05/08/2017 05:52:28.11 [Information] ConfigCopyAction 'New:config.Copy(Config:\User\Common\Mada\SimuAxes.xml), 2000': Requests reconfiguration.
05/08/2017 05:52:28.11 [Verbose] Ignore Action: New:config.Copy(Config:\User\Common\Mada\MotionDrivers\mdrBrakeTest.ini), 2000. MD5 check is identical!
05/08/2017 05:52:28.11 [Verbose] Ignore Action: New:config.Copy(Config:\User\Common\SysBusDriver.xml), 2000. MD5 check is identical!
05/08/2017 05:52:28.13 [Verbose] Ignore Action: New:config.Copy(Config:\User\Common\Mada\NGAxis\CtrlA1AddFct.xml), 2000. MD5 check is identical!
05/08/2017 05:52:28.14 [Information] ConfigCopyAction 'New:config.Copy(Config:\User\Common\Mada\KRCAxes.xml), 2000': Requests reconfiguration.
05/08/2017 05:52:28.14 [Verbose] Ignore Action: New:config.Copy(Config:\User\Common\ProConOS_IO.xml), 2000. MD5 check is identical!
05/08/2017 05:52:28.16 [Verbose] Ignore Action: New:config.Copy(Config:\User\Common\ProConOS.xml), 2000. MD5 check is identical!
05/08/2017 05:52:28.16 [Verbose] Ignore Action: New:config.Copy(Config:\User\Common\TimeSync.xml), 2000. MD5 check is identical!
05/08/2017 05:52:28.16 [Information] ConfigCopyAction 'New:config.Copy(Config:\User\Common\Mada\CFCore.xml), 2000': Requests reconfiguration.
05/08/2017 05:52:28.17 [Verbose] Ignore Action: New:config.Copy(Config:\User\Common\VIO_USER_BUS.xml), 2000. MD5 check is identical!
05/08/2017 05:52:28.17 [Verbose] Ignore Action: New:config.Copy(Config:\User\Common\Mada\NGAxis\CtrlA2AddFct.xml), 2000. MD5 check is identical!
05/08/2017 05:52:28.17 [Verbose] Ignore Action: New:config.Copy(Config:\User\Common\Mada\NGAxis\CtrlA6AddFct.xml), 2000. MD5 check is identical!
05/08/2017 05:52:28.17 [Verbose] Ignore Action: New:config.Copy(Config:\User\Common\Mada\SimuAxis\A1.xml), 2000. MD5 check is identical!
05/08/2017 05:52:28.19 [Verbose] Ignore Action: New:config.Copy(Config:\User\Common\Mada\NGAxis\CtrlA3AddFct.xml), 2000. MD5 check is identical!
05/08/2017 05:52:28.19 [Verbose] Ignore Action: New:config.Copy(Config:\User\Common\Mada\NGAxis\CtrlA4AddFct.xml), 2000. MD5 check is identical!
05/08/2017 05:52:28.19 [Verbose] Ignore Action: New:config.Copy(Config:\User\Common\Mada\NGAxis\CtrlA5AddFct.xml), 2000. MD5 check is identical!
05/08/2017 05:52:28.19 [Verbose] Ignore Action: New:config.Copy(Config:\User\Common\Mada\SimuAxis\A5.xml), 2000. MD5 check is identical!
05/08/2017 05:52:28.20 [Verbose] Ignore Action: New:config.Copy(Config:\User\Common\Mada\SimuAxis\A6.xml), 2000. MD5 check is identical!
05/08/2017 05:52:28.20 [Verbose] Ignore Action: New:config.Copy(Config:\User\Common\MotionDrivers\loadDataDevice.ini), 2000. MD5 check is identical!
05/08/2017 05:52:28.20 [Verbose] Ignore Action: New:config.Copy(Config:\User\Common\Mada\SimuAxis\A2.xml), 2000. MD5 check is identical!
05/08/2017 05:52:28.20 [Verbose] Ignore Action: New:config.Copy(Config:\User\Common\Mada\SimuAxis\A3.xml), 2000. MD5 check is identical!
05/08/2017 05:52:28.22 [Verbose] Ignore Action: New:config.Copy(Config:\User\Common\Mada\SimuAxis\A4.xml), 2000. MD5 check is identical!
05/08/2017 05:52:28.22 [Verbose] Ignore Action: New:config.Copy(Config:\User\Common\Modules_TimeSync.xml), 2000. MD5 check is identical!
05/08/2017 05:52:28.22 [Verbose] Ignore Action: New:config.Copy(Config:\User\Common\ecat_PBM_Gateway.xml), 2000. MD5 check is identical!
05/08/2017 05:52:28.23 [Verbose] Ignore Action: New:config.Copy(Config:\User\Common\ecat_DNM_Gateway.xml), 2000. MD5 check is identical!
05/08/2017 05:52:28.23 [Verbose] Ignore Action: New:config.Copy(Config:\User\Common\ECAT_SYS_X44.xml), 2000. MD5 check is identical!
05/08/2017 05:52:28.23 [Verbose] Ignore Action: New:config.Copy(Config:\User\Common\KLIConfig.xml), 2000. MD5 check is identical!
05/08/2017 05:52:28.23 [Verbose] Ignore Action: New:config.Copy(Config:\User\Common\EtherCATConfig.xsd), 2000. MD5 check is identical!
05/08/2017 05:52:28.25 [Verbose] Ignore Action: New:config.Copy(Config:\User\Common\ecatms_sys_X44_swap.xml), 2000. MD5 check is identical!
05/08/2017 05:52:28.25 [Verbose] Ignore Action: New:config.Copy(Config:\User\Cabinet\EtherCATConfig.xsd), 2000. MD5 check is identical!
05/08/2017 05:52:28.25 [Verbose] Ignore Action: New:config.Copy(Config:\User\Cabinet\ecatms_sys_X48_config.xml), 2000. MD5 check is identical!
05/08/2017 05:52:28.27 [Verbose] Ignore Action: New:config.Copy(Config:\User\Common\CabCtrl.xml), 2000. MD5 check is identical!
05/08/2017 05:52:28.27 [Verbose] Ignore Action: New:config.Copy(Config:\User\Common\DevIODriver.xml), 2000. MD5 check is identical!
05/08/2017 05:52:28.27 [Verbose] Ignore Action: New:config.Copy(Config:\User\Common\connectionchain.xml), 2000. MD5 check is identical!
05/08/2017 05:52:28.28 [Verbose] Ignore Action: New:config.Copy(Config:\User\Common\P1350R01_2.INI), 2000. MD5 check is identical!
05/08/2017 05:52:28.28 [Verbose] Ignore Action: New:config.Copy(Config:\User\Common\MainBoardDrv.xml), 2000. MD5 check is identical!
05/08/2017 05:52:28.28 [Verbose] Ignore Action: New:config.Copy(Config:\User\Common\Logging_System.xml), 2000. MD5 check is identical!
05/08/2017 05:52:28.56 [Verbose] Ignore Action: New:config.Copy(Config:\User\Common\Modules_DevIO.xml), 2000. MD5 check is identical!
05/08/2017 05:52:28.56 [Verbose] Ignore Action: New:config.Copy(Config:\User\Common\Modules_SysBusDriver.xml), 2000. MD5 check is identical!
05/08/2017 05:52:28.56 [Verbose] Ignore Action: New:config.Copy(Config:\User\Common\Modules_ProConOS.xml), 2000. MD5 check is identical!
05/08/2017 05:52:28.58 [Verbose] Ignore Action: New:config.Copy(Config:\User\Common\Logging_BrakeTest.xml), 2000. MD5 check is identical!
05/08/2017 05:52:28.58 [Verbose] Ignore Action: New:config.Copy(Config:\User\Common\KrcBackward.xml), 2000. MD5 check is identical!
05/08/2017 05:52:28.60 [Verbose] Ignore Action: New:config.Copy(Config:\User\Common\KNet.xml), 2000. MD5 check is identical!
05/08/2017 05:52:28.61 [Verbose] Ignore Action: New:config.Copy(Config:\User\Common\KrcConfig.xml), 2000. MD5 check is identical!
05/08/2017 05:52:28.61 [Verbose] Ignore Action: New:config.Copy(Config:\User\Common\KrcExtConfMsg.xml), 2000. MD5 check is identical!
05/08/2017 05:52:28.61 [Verbose] Ignore Action: New:config.Copy(Config:\User\Common\KrcDryRun.xml), 2000. MD5 check is identical!
05/08/2017 05:52:28.61 [Information] ConfigCopyAction 'New:config.Copy(Config:\User\Common\KRC_IO.xml), 2000': Requests reconfiguration.
05/08/2017 05:52:28.63 [Verbose] Ignore Action: New:config.Copy(Config:\User\Common\Modules_Simu.xml), 2000. MD5 check is identical!
05/08/2017 05:52:28.64 [Information] ConfigCopyAction 'New:config.Copy(Config:\User\Common\KrcIoSignals.xml), 2000': Requests reconfiguration.
05/08/2017 05:52:28.64 [Information] ConfigCopyAction 'New:config.Copy(Config:\User\Common\Interbus.xml), 2000': Requests reconfiguration.
05/08/2017 05:52:28.66 [Information] ConfigCopyAction 'New:config.Copy(Config:\User\Cabinet\ecatms_config.xml), 2000': Requests reconfiguration.
05/08/2017 05:52:28.66 [Information] ConfigCopyAction 'New:config.Copy(Config:\User\Common\Mada\NGAxis\CtrlE1.xml), 2000': Requests reconfiguration.
05/08/2017 05:52:28.67 [Information] ConfigCopyAction 'New:config.Copy(Config:\User\Common\Mada\NGAxis\E1.xml), 2000': Requests reconfiguration.
05/08/2017 05:52:28.69 [Information] ConfigCopyAction 'New:config.Copy(Config:\User\Common\Mada\NGAxis\CtrlE1AddFct.xml), 2000': Requests reconfiguration.
05/08/2017 05:52:28.69 [Information] ConfigCopyAction 'New:config.Copy(Config:\User\Common\Mada\SimuAxis\E1.xml), 2000': Requests reconfiguration.
05/08/2017 05:52:28.69 [Information] ConfigCopyAction 'New:config.Copy(Config:\User\Common\Mada\SimuAxesKrc.xml), 2000': Requests reconfiguration.
05/08/2017 05:52:28.71 [Warning] Ignore SafetyConfigParamAction: Copy "C:\KRC\ROBOTER\Config\User\Common\SCTLPARA.SAF". Param header and content check states identical data!
05/08/2017 05:52:28.71 [Information] SafetyParamInfoAction 'New:safety.Copy(Config:\User\Common\SCTLINFO.SAF), 2000': Ignored since safety parameter file is ignored too.
05/08/2017 05:52:28.71 [Verbose] Ignore Action: New:config.Copy(Config:\User\Common\P1350R01_2.D32), 2000. MD5 check is identical!
05/08/2017 05:52:28.72 [Warning] Ignore SafetyConfigParamAction: Copy "C:\KRC\ROBOTER\Config\User\Common\SCTLPARA.SAF". Param header and content check states identical data!
05/08/2017 05:52:28.72 [Verbose] Ignore Action: New:config.Copy(Config:\User\Common\P1350R01_2.SVC), 2000. MD5 check is identical!
05/08/2017 05:52:28.78 [Information] SafetyNetworkInstallAction 'New:safety.Copy(Config:\User\Common\SAFEDEV.SAF), 2000': Checksum has to be updated.
05/08/2017 05:52:28.78 [Information] SafetyNetworkInstallAction 'New:safety.Copy(Config:\User\Common\SAFEDEV.SAF), 2000': Requests reconfiguration.
05/08/2017 05:52:28.78 [Verbose] Ignore Action: New:config.Copy(Config:\User\Common\pndev1.xml), 2000. MD5 check is identical!
05/08/2017 05:52:28.80 [Information] ConfigCopyAction 'New:config.Copy(Config:\User\Common\PNIODriver.xml), 2000': Requests reconfiguration.
05/08/2017 05:52:28.80 [Information] ConfigCopyAction 'New:config.Copy(Config:\User\Common\IPPNIO.xml), 2000': Requests reconfiguration.
05/08/2017 05:52:28.80 [Verbose] Ignore Action: New:config.Copy(Config:\User\Common\P1350R01_2.CSV), 2000. MD5 check is identical!
05/08/2017 05:52:28.82 [Verbose] Ignore Action: New:config.Copy(Config:\User\Common\P1350R01_2.BG4), 2000. MD5 check is identical!
05/08/2017 05:52:28.83 [Verbose] Ignore Action: New:config.Copy(Config:\User\Common\MotionDrivers\motiondrv.ini), 2000. MD5 check is identical!
05/08/2017 05:52:28.83 [Verbose] Ignore Action: New:config.Copy(Config:\User\Common\MotionDrivers\mdrVwAscii.ini), 2000. MD5 check is identical!
05/08/2017 05:52:28.83 [Verbose] Ignore Action: New:config.Copy(Config:\User\Common\PersistPC\EncoderMastering.xml), 2000. MD5 check is identical!
05/08/2017 05:52:28.85 [Verbose] Ignore Action: New:config.Copy(Config:\User\Common\VxWin\knet.config), 2000. MD5 check is identical!
05/08/2017 05:52:28.85 [Verbose] Ignore Action: New:config.Copy(Config:\User\Common\PersistPC\NGDecouple.xml), 2000. MD5 check is identical!
05/08/2017 05:52:28.85 [Verbose] Ignore Action: New:config.Copy(Config:\User\Common\MotionDrivers\mdrConveyor.ini), 2000. MD5 check is identical!
05/08/2017 05:52:28.85 [Verbose] Ignore Action: New:config.Copy(Config:\User\Common\MotionDrivers\mdrBrakeTest.ini), 2000. MD5 check is identical!
05/08/2017 05:52:28.86 [Verbose] Ignore Action: New:config.Copy(Config:\User\Common\MotionDrivers\mdrEmily.ini), 2000. MD5 check is identical!
05/08/2017 05:52:28.86 [Verbose] Ignore Action: New:config.Copy(Config:\User\Common\MotionDrivers\mdrStandStill.ini), 2000. MD5 check is identical!
05/08/2017 05:52:28.88 [Verbose] Ignore Action: New:config.Copy(Config:\User\Common\MotionDrivers\mdrJointOffset.ini), 2000. MD5 check is identical!
05/08/2017 05:52:28.88 [Verbose] Ignore Action: New:config.Copy(Config:\User\Common\P1350R01.D32), 2000. MD5 check is identical!
05/08/2017 05:52:28.88 [Verbose] Ignore Action: New:config.Copy(Config:\User\Common\P1350R01.BG4), 2000. MD5 check is identical!
05/08/2017 05:52:28.89 [Verbose] Ignore Action: New:config.Copy(Config:\User\Common\P1350R01.INI), 2000. MD5 check is identical!
05/08/2017 05:52:28.89 [Verbose] Ignore Action: New:config.Copy(Config:\User\Common\P1350R01.CSV), 2000. MD5 check is identical!
05/08/2017 05:52:28.91 [Verbose] Ignore Action: New:config.Copy(Config:\User\Common\P1350R01.SVC), 2000. MD5 check is identical!
05/08/2017 05:52:28.91 [Verbose] Ignore Action: New:config.Copy(Config:\User\Common\Modules_Interbus.xml), 2000. MD5 check is identical!
05/08/2017 05:52:28.92 [Verbose] Ignore Action: New:config.Copy(Config:\User\Common\ibspci.xml), 2000. MD5 check is identical!
05/08/2017 05:52:28.92 [Verbose] Ignore Action: New:config.Copy(Config:\User\Common\Modules_PNIODriver.xml), 2000. MD5 check is identical!
05/08/2017 05:52:28.92 [Verbose] Ignore Action: New:config.Copy(Config:\User\Common\Mada\CFCoreWaggonDriverConfig.xml), 2000. MD5 check is identical!
05/08/2017 05:52:28.94 [Verbose] Ignore Action: New:config.Copy(Config:\User\Common\Mada\EAWaggonDriverConfig.xml), 2000. MD5 check is identical!
05/08/2017 05:52:28.96 [Information] KrcCopyAction 'New:mada.Copy(KRC:\R1\Mada\$machine.dat), 4000': Requests stopping the program.
05/08/2017 05:52:28.96 [Information] KrcCopyAction 'New:mada.Copy(KRC:\STEU\Mada\$custom.dat), 4000': Requests stopping the program.
05/08/2017 05:52:28.96 [Verbose] Ignore Action: New:mada.Copy(KRC:\STEU\Mada\$machine.dat), 4000. MD5 check is identical!
05/08/2017 05:52:28.97 [Verbose] Ignore Action: New:mada.Copy(KRC:\STEU\Mada\$option.dat), 4000. MD5 check is identical!
05/08/2017 05:52:28.97 [Verbose] Ignore Action: New:mada.Copy(KRC:\R1\Mada\$robcor.dat), 4000. MD5 check is identical!
05/08/2017 05:52:28.99 [Information] KrcCopyAction 'New:mada.Copy(KRC:\R1\System\$config.dat), 4000': Requests stopping the program.
05/08/2017 05:52:28.99 [Verbose] Ignore Action: New:mada.Copy(KRC:\STEU\$config.dat), 4000. MD5 check is identical!
05/08/2017 05:52:29.00 [Verbose] Ignore Action: New:krl.Copy(KRC:\R1\Program\OLP\ps_ab_etb_p2_c03.dat), 6500. MD5 check is identical!
05/08/2017 05:52:29.00 [Verbose] Ignore Action: New:krl.Copy(KRC:\R1\Program\OLP\ps_a_lta_res_c03.dat), 6500. MD5 check is identical!
05/08/2017 05:52:29.00 [Verbose] Ignore Action: New:krl.Copy(KRC:\R1\Program\OLP\ps_a_etb_geo_c03.dat), 6500. MD5 check is identical!
05/08/2017 05:52:29.02 [Verbose] Ignore Action: New:krl.Copy(KRC:\R1\Program\OLP\ps_a_lta_geo_c03.dat), 6500. MD5 check is identical!
05/08/2017 05:52:29.03 [Verbose] Ignore Action: New:krl.Copy(KRC:\R1\Program\OLP\ps_a_etb_res_c03.dat), 6500. MD5 check is identical!
05/08/2017 05:52:29.03 [Verbose] Ignore Action: New:krl.Copy(KRC:\R1\Program\OLP\ps_ab_etb_cpf91_c03.dat), 6500. MD5 check is identical!
05/08/2017 05:52:29.03 [Verbose] Ignore Action: New:krl.Copy(KRC:\R1\Program\OLP\ps_b_ltb_geo_c03.dat), 6500. MD5 check is identical!
05/08/2017 05:52:29.05 [Verbose] Ignore Action: New:krl.Copy(KRC:\R1\Program\OLP\ps_b_lta_res_c03.dat), 6500. MD5 check is identical!
05/08/2017 05:52:29.05 [Verbose] Ignore Action: New:krl.Copy(KRC:\R1\Program\OLP\ps_b_lta_geo_c03.dat), 6500. MD5 check is identical!
05/08/2017 05:52:29.07 [Verbose] Ignore Action: New:krl.Copy(KRC:\R1\Program\OLP\ps_a_stb_geo_c03.dat), 6500. MD5 check is identical!
05/08/2017 05:52:29.07 [Verbose] Ignore Action: New:krl.Copy(KRC:\R1\Program\OLP\ps_a_stb_res_c03.dat), 6500. MD5 check is identical!
05/08/2017 05:52:29.07 [Verbose] Ignore Action: New:krl.Copy(KRC:\R1\Program\OLP\ps_b_ltb_res_c03.dat), 6500. MD5 check is identical!
05/08/2017 05:52:29.08 [Verbose] Ignore Action: New:krl.Copy(KRC:\R1\Program\OLP\ps_b_etb_geo_c03.dat), 6500. MD5 check is identical!
05/08/2017 05:52:29.10 [Verbose] Ignore Action: New:krl.Copy(KRC:\R1\Program\OLP\ps_b_ltb_res_p2_c03.dat), 6500. MD5 check is identical!
05/08/2017 05:52:29.10 [Verbose] Ignore Action: New:krl.Copy(KRC:\R1\Program\OLP\ps_b_ltb_cpf91_c03.dat), 6500. MD5 check is identical!
05/08/2017 05:52:29.11 [Verbose] Ignore Action: New:krl.Copy(KRC:\R1\Program\OLP\ps_a_ltb_res_p2_c03.dat), 6500. MD5 check is identical!
05/08/2017 05:52:29.11 [Verbose] Ignore Action: New:krl.Copy(KRC:\R1\Program\inpro_nao_mexer\ps_a_stb_cpf91_inpro.dat), 6500. MD5 check is identical!
05/08/2017 05:52:29.11 [Verbose] Ignore Action: New:krl.Copy(KRC:\R1\Program\inpro_nao_mexer\ps_ab_etb_cpf91_inpro.dat), 6500. MD5 check is identical!
05/08/2017 05:52:29.13 [Verbose] Ignore Action: New:krl.Copy(KRC:\R1\Program\OLP\pega_garra_empilhadeira.dat), 6500. MD5 check is identical!
05/08/2017 05:52:29.13 [Verbose] Ignore Action: New:krl.Copy(KRC:\R1\Program\OLP\ps_a_ltb_c03_cpf91.dat), 6500. MD5 check is identical!
05/08/2017 05:52:29.13 [Verbose] Ignore Action: New:krl.Copy(KRC:\R1\Program\OLP\ps_a_ltb_res_c03.dat), 6500. MD5 check is identical!
05/08/2017 05:52:29.14 [Verbose] Ignore Action: New:krl.Copy(KRC:\R1\Program\OLP\ps_a_ltb_geo_c03.dat), 6500. MD5 check is identical!
05/08/2017 05:52:29.16 [Verbose] Ignore Action: New:krl.Copy(KRC:\R1\Program\OLP\ps_b_etb_res_c03.dat), 6500. MD5 check is identical!
05/08/2017 05:52:29.16 [Verbose] Ignore Action: New:krl.Copy(KRC:\R1\Program\OLP\ps_ab_lta_res_p2_c03.dat), 6500. MD5 check is identical!
05/08/2017 05:52:29.18 [Verbose] Ignore Action: New:krl.Copy(KRC:\R1\Program\OLP\ps_ab_lta_cpf91_c03.dat), 6500. MD5 check is identical!
05/08/2017 05:52:29.18 [Verbose] Ignore Action: New:krl.Copy(KRC:\R1\Program\OLP\ps_a_stb_cpf91_c03.dat), 6500. MD5 check is identical!
05/08/2017 05:52:29.18 [Verbose] Ignore Action: New:krl.Copy(KRC:\R1\Program\OLP\hp023.dat), 6500. MD5 check is identical!
05/08/2017 05:52:29.19 [Verbose] Ignore Action: New:krl.Copy(KRC:\R1\Program\OLP\ps_A_STB_res_P2_c03.dat), 6500. MD5 check is identical!
05/08/2017 05:52:29.21 [Information] KrcCopyAction 'New:krl.Copy(KRC:\R1\Program\OLP\wkz11_ETB_STB_off.dat), 6500': Requests stopping the program.
05/08/2017 05:52:29.21 [Verbose] Ignore Action: New:krl.Copy(KRC:\R1\Program\wkz2_stb_ab.dat), 6500. MD5 check is identical!
05/08/2017 05:52:29.21 [Verbose] Ignore Action: New:krl.Copy(KRC:\R1\Program\wkz2_ok.dat), 6500. MD5 check is identical!
05/08/2017 05:52:29.22 [Verbose] Ignore Action: New:krl.Copy(KRC:\R1\Program\wkz1_ok.dat), 6500. MD5 check is identical!
05/08/2017 05:52:29.22 [Information] KrcCopyAction 'New:krl.Copy(KRC:\R1\Program\OLP\wkz9_lta_ltb_off.dat), 6500': Requests stopping the program.
05/08/2017 05:52:29.24 [Information] KrcCopyAction 'New:krl.Copy(KRC:\R1\Program\OLP\ab_com_03_st01_g02.dat), 6500': Requests stopping the program.
05/08/2017 05:52:29.24 [Information] KrcCopyAction 'New:krl.Copy(KRC:\R1\Program\OLP\ab_com_02_st01_g01.dat), 6500': Requests stopping the program.
05/08/2017 05:52:29.25 [Information] KrcCopyAction 'New:krl.Copy(KRC:\R1\Program\OLP\ho_com_02_ag01_g01.dat), 6500': Requests stopping the program.
05/08/2017 05:52:29.25 [Information] KrcCopyAction 'New:krl.Copy(KRC:\R1\Program\wkz9_an.dat), 6500': Requests stopping the program.
05/08/2017 05:52:29.25 [Information] KrcCopyAction 'New:krl.Copy(KRC:\R1\Program\wkz9_ab.dat), 6500': Requests stopping the program.
05/08/2017 05:52:29.27 [Information] KrcCopyAction 'New:krl.Copy(KRC:\R1\Program\OLP\ho_com_03_ag01_g02.dat), 6500': Requests stopping the program.
05/08/2017 05:52:29.29 [Verbose] Ignore Action: New:krl.Copy(KRC:\R1\Program\OLP\hp022.dat), 6500. MD5 check is identical!
05/08/2017 05:52:29.29 [Verbose] Ignore Action: New:krl.Copy(KRC:\R1\Program\OLP\hp021.dat), 6500. MD5 check is identical!
05/08/2017 05:52:29.29 [Verbose] Ignore Action: New:krl.Copy(KRC:\R1\Program\OLP\hp020.dat), 6500. MD5 check is identical!
05/08/2017 05:52:29.30 [Verbose] Ignore Action: New:krl.Copy(KRC:\R1\Program\OLP\hp042.dat), 6500. MD5 check is identical!
05/08/2017 05:52:29.30 [Verbose] Ignore Action: New:krl.Copy(KRC:\R1\Program\OLP\hp041.dat), 6500. MD5 check is identical!
05/08/2017 05:52:29.30 [Verbose] Ignore Action: New:krl.Copy(KRC:\R1\Program\OLP\hp040.dat), 6500. MD5 check is identical!
05/08/2017 05:52:29.32 [Verbose] Ignore Action: New:krl.Copy(KRC:\R1\Program\Subroutines\chk_w7_desab_magnetico.dat), 6500. MD5 check is identical!
05/08/2017 05:52:29.32 [Verbose] Ignore Action: New:krl.Copy(KRC:\R1\Program\wkz5_off_1_2.dat), 6500. MD5 check is identical!
05/08/2017 05:52:29.33 [Verbose] Ignore Action: New:krl.Copy(KRC:\R1\Program\wkz5_off_1_1.dat), 6500. MD5 check is identical!
05/08/2017 05:52:29.33 [Verbose] Ignore Action: New:krl.Copy(KRC:\R1\Program\wkz4_ok.dat), 6500. MD5 check is identical!
05/08/2017 05:52:29.33 [Information] KrcCopyAction 'New:krl.Copy(KRC:\R1\Program\Subroutines\chk_w7_atua_magnetico.dat), 6500': Requests stopping the program.
05/08/2017 05:52:29.36 [Information] KrcCopyAction 'New:krl.Copy(KRC:\R1\Program\wkz7_an.dat), 6500': Requests stopping the program.
05/08/2017 05:52:29.38 [Information] KrcCopyAction 'New:krl.Copy(KRC:\R1\Program\wkz7_ab.dat), 6500': Requests stopping the program.
05/08/2017 05:52:29.38 [Verbose] Ignore Action: New:krl.Copy(KRC:\R1\Program\inpro_nao_mexer\ps_ab_lta_cpf91_inpro.dat), 6500. MD5 check is identical!
05/08/2017 05:52:29.38 [Verbose] Ignore Action: New:krl.Copy(KRC:\R1\Program\inpro_nao_mexer\ps_a_etb_res_c03_TG.dat), 6500. MD5 check is identical!
05/08/2017 05:52:29.40 [Verbose] Ignore Action: New:krl.Copy(KRC:\R1\Program\ps_ltc_geo_c1_bolha.dat), 6500. MD5 check is identical!
05/08/2017 05:52:29.41 [Verbose] Ignore Action: New:krl.Copy(KRC:\R1\Program\inpro_nao_mexer\ps_a_stb_res_c03_TG.dat), 6500. MD5 check is identical!
05/08/2017 05:52:29.41 [Verbose] Ignore Action: New:krl.Copy(KRC:\R1\Program\inpro_nao_mexer\ps_a_ltb_res_c03_TG.dat), 6500. MD5 check is identical!
05/08/2017 05:52:29.41 [Verbose] Ignore Action: New:krl.Copy(KRC:\R1\Program\OLP\ps_a_ltb_geo_c03_TG.dat), 6500. MD5 check is identical!
05/08/2017 05:52:29.43 [Verbose] Ignore Action: New:krl.Copy(KRC:\R1\Program\OLP\ps_a_etb_geo_c03_TG.dat), 6500. MD5 check is identical!
05/08/2017 05:52:29.43 [Verbose] Ignore Action: New:krl.Copy(KRC:\R1\Program\OLP\ps_a_stb_geo_c03_TG.dat), 6500. MD5 check is identical!
05/08/2017 05:52:29.44 [Verbose] Ignore Action: New:krl.Copy(KRC:\R1\Program\inpro_nao_mexer\ps_b_ltb_res_c03_jf.dat), 6500. MD5 check is identical!
05/08/2017 05:52:29.44 [Verbose] Ignore Action: New:krl.Copy(KRC:\R1\Program\inpro_nao_mexer\ps_b_lta_res_c03_jf.dat), 6500. MD5 check is identical!
05/08/2017 05:52:29.44 [Verbose] Ignore Action: New:krl.Copy(KRC:\R1\Program\inpro_nao_mexer\hp065.dat), 6500. MD5 check is identical!
05/08/2017 05:52:29.46 [Verbose] Ignore Action: New:krl.Copy(KRC:\R1\Program\OLP\ps_a_lta_geo_c03_OT.dat), 6500. MD5 check is identical!
05/08/2017 05:52:29.46 [Verbose] Ignore Action: New:krl.Copy(KRC:\R1\Program\inpro_nao_mexer\hp055_rolete.dat), 6500. MD5 check is identical!
05/08/2017 05:52:29.47 [Verbose] Ignore Action: New:krl.Copy(KRC:\R1\Program\inpro_nao_mexer\ps_a_lta_res_c03_jf_ot.dat), 6500. MD5 check is identical!
05/08/2017 05:52:29.49 [Verbose] Ignore Action: New:krl.Copy(KRC:\R1\Program\OLP\ps_b_ltb_geo_c03_TG.dat), 6500. MD5 check is identical!
05/08/2017 05:52:29.49 [Verbose] Ignore Action: New:krl.Copy(KRC:\R1\Program\OLP\ps_b_lta_geo_c03_TG.dat), 6500. MD5 check is identical!
05/08/2017 05:52:29.49 [Verbose] Ignore Action: New:krl.Copy(KRC:\R1\Program\OLP\ps_b_etb_geo_c03_TG.dat), 6500. MD5 check is identical!
05/08/2017 05:52:29.51 [Information] KrcCopyAction 'New:krl.Copy(KRC:\R1\Program\wkz7_ab_new.dat), 6500': Requests stopping the program.
05/08/2017 05:52:29.51 [Information] KrcCopyAction 'New:krl.Copy(KRC:\R1\Program\ho_st600_r1_new.dat), 6500': Requests stopping the program.
05/08/2017 05:52:29.51 [Information] KrcCopyAction 'New:krl.Copy(KRC:\R1\Program\wkz7_an_new.dat), 6500': Requests stopping the program.
05/08/2017 05:52:29.52 [Verbose] Ignore Action: New:krl.Copy(KRC:\R1\Program\OLP\ps_a_lta_geo_c03_TG.dat), 6500. MD5 check is identical!
05/08/2017 05:52:29.52 [Verbose] Ignore Action: New:krl.Copy(KRC:\R1\Program\inpro_nao_mexer\ps_b_ltb_res_c03_TG.dat), 6500. MD5 check is identical!
05/08/2017 05:52:29.52 [Verbose] Ignore Action: New:krl.Copy(KRC:\R1\Program\inpro_nao_mexer\hp055_TG.dat), 6500. MD5 check is identical!
05/08/2017 05:52:29.55 [Verbose] Ignore Action: New:krl.Copy(KRC:\R1\Program\OLP\ps_a_stb_geo_c03_TG_old.dat), 6500. MD5 check is identical!
05/08/2017 05:52:29.55 [Verbose] Ignore Action: New:krl.Copy(KRC:\R1\Program\inpro_nao_mexer\ps_b_lta_res_c03_TG.dat), 6500. MD5 check is identical!
05/08/2017 05:52:29.55 [Verbose] Ignore Action: New:krl.Copy(KRC:\R1\Program\inpro_nao_mexer\ps_b_etb_res_c03_TG.dat), 6500. MD5 check is identical!
05/08/2017 05:52:29.57 [Verbose] Ignore Action: New:krl.Copy(KRC:\R1\Program\inpro_nao_mexer\ps_a_lta_res_c03_TG.dat), 6500. MD5 check is identical!
05/08/2017 05:52:29.57 [Verbose] Ignore Action: New:krl.Copy(KRC:\R1\Program\inpro_nao_mexer\hp064.dat), 6500. MD5 check is identical!
05/08/2017 05:52:29.66 [Verbose] Ignore Action: New:krl.Copy(KRC:\R1\Program\inpro_nao_mexer\ps_ab_etb_cpf91_c03_inp.dat), 6500. MD5 check is identical!
05/08/2017 05:52:29.66 [Verbose] Ignore Action: New:krl.Copy(KRC:\R1\Program\inpro_nao_mexer\hp062.dat), 6500. MD5 check is identical!
05/08/2017 05:52:29.66 [Verbose] Ignore Action: New:krl.Copy(KRC:\R1\Program\inpro_nao_mexer\hp061.dat), 6500. MD5 check is identical!
05/08/2017 05:52:29.68 [Verbose] Ignore Action: New:krl.Copy(KRC:\R1\Program\inpro_nao_mexer\hp032.dat), 6500. MD5 check is identical!
05/08/2017 05:52:29.68 [Verbose] Ignore Action: New:krl.Copy(KRC:\R1\Program\inpro_nao_mexer\ps_a_etb_res_c03_inpro.dat), 6500. MD5 check is identical!
05/08/2017 05:52:29.69 [Verbose] Ignore Action: New:krl.Copy(KRC:\R1\Program\inpro_nao_mexer\ps_ab_etb_p2_c03_inpro.dat), 6500. MD5 check is identical!
05/08/2017 05:52:29.69 [Verbose] Ignore Action: New:krl.Copy(KRC:\R1\Program\inpro_nao_mexer\hp060.dat), 6500. MD5 check is identical!
05/08/2017 05:52:29.71 [Verbose] Ignore Action: New:krl.Copy(KRC:\R1\Program\inpro_nao_mexer\hp050.dat), 6500. MD5 check is identical!
05/08/2017 05:52:29.71 [Verbose] Ignore Action: New:krl.Copy(KRC:\R1\Program\inpro_nao_mexer\ps_b_ltb_cpf91_inpro.dat), 6500. MD5 check is identical!
05/08/2017 05:52:29.71 [Verbose] Ignore Action: New:krl.Copy(KRC:\R1\Program\inpro_nao_mexer\ps_a_ltb_cpf91_inpro.dat), 6500. MD5 check is identical!
05/08/2017 05:52:29.72 [Verbose] Ignore Action: New:krl.Copy(KRC:\R1\Program\inpro_nao_mexer\hp053.dat), 6500. MD5 check is identical!
05/08/2017 05:52:29.72 [Verbose] Ignore Action: New:krl.Copy(KRC:\R1\Program\inpro_nao_mexer\hp052.dat), 6500. MD5 check is identical!
05/08/2017 05:52:29.72 [Verbose] Ignore Action: New:krl.Copy(KRC:\R1\Program\inpro_nao_mexer\hp051.dat), 6500. MD5 check is identical!
05/08/2017 05:52:29.72 [Verbose] Ignore Action: New:krl.Copy(KRC:\R1\Program\inpro_nao_mexer\hp055.dat), 6500. MD5 check is identical!
05/08/2017 05:52:29.74 [Verbose] Ignore Action: New:krl.Copy(KRC:\R1\Program\inpro_nao_mexer\ps_b_etb_res_c03_jf.dat), 6500. MD5 check is identical!
05/08/2017 05:52:29.74 [Verbose] Ignore Action: New:krl.Copy(KRC:\R1\Program\inpro_nao_mexer\ps_a_etb_res_c03_jf.dat), 6500. MD5 check is identical!
05/08/2017 05:52:29.76 [Verbose] Ignore Action: New:krl.Copy(KRC:\R1\Program\inpro_nao_mexer\ps_a_ltb_res_c03_jf.dat), 6500. MD5 check is identical!
05/08/2017 05:52:29.76 [Verbose] Ignore Action: New:krl.Copy(KRC:\R1\Program\inpro_nao_mexer\ps_a_lta_res_c03_jf.dat), 6500. MD5 check is identical!
05/08/2017 05:52:29.79 [Verbose] Ignore Action: New:krl.Copy(KRC:\R1\Program\inpro_nao_mexer\hp063.dat), 6500. MD5 check is identical!
05/08/2017 05:52:29.79 [Verbose] Ignore Action: New:krl.Copy(KRC:\R1\Program\inpro_nao_mexer\hp045.dat), 6500. MD5 check is identical!
05/08/2017 05:52:29.79 [Verbose] Ignore Action: New:krl.Copy(KRC:\R1\Program\inpro_nao_mexer\hp025.dat), 6500. MD5 check is identical!
05/08/2017 05:52:29.80 [Verbose] Ignore Action: New:krl.Copy(KRC:\R1\Program\inpro_nao_mexer\ps_a_stb_cpf91_c03_inpro.dat), 6500. MD5 check is identical!
05/08/2017 05:52:29.80 [Verbose] Ignore Action: New:krl.Copy(KRC:\R1\Program\inpro_nao_mexer\hp033.dat), 6500. MD5 check is identical!
05/08/2017 05:52:29.80 [Verbose] Ignore Action: New:krl.Copy(KRC:\R1\Program\inpro_nao_mexer\hp024.dat), 6500. MD5 check is identical!
05/08/2017 05:52:29.80 [Verbose] Ignore Action: New:krl.Copy(KRC:\R1\Program\inpro_nao_mexer\ps_a_stb_res_c03_inpjf.dat), 6500. MD5 check is identical!
05/08/2017 05:52:29.82 [Verbose] Ignore Action: New:krl.Copy(KRC:\R1\Program\inpro_nao_mexer\ps_a_stb_cpf91_inpjf.dat), 6500. MD5 check is identical!
05/08/2017 05:52:29.82 [Verbose] Ignore Action: New:krl.Copy(KRC:\R1\Program\ho_st600_r1_1_2.dat), 6500. MD5 check is identical!
05/08/2017 05:52:29.82 [Verbose] Ignore Action: New:krl.Copy(KRC:\R1\Program\ab_st600_r1_2.dat), 6500. MD5 check is identical!
05/08/2017 05:52:29.83 [Verbose] Ignore Action: New:krl.Copy(KRC:\R1\Program\wkz3_ok.dat), 6500. MD5 check is identical!
05/08/2017 05:52:29.83 [Verbose] Ignore Action: New:krl.Copy(KRC:\R1\Program\ventosa.dat), 6500. MD5 check is identical!
05/08/2017 05:52:29.83 [Verbose] Ignore Action: New:krl.Copy(KRC:\R1\Program\AB_ST600_R1_1_2.dat), 6500. MD5 check is identical!
05/08/2017 05:52:29.85 [Verbose] Ignore Action: New:krl.Copy(KRC:\R1\Program\e_fraes2.dat), 6500. MD5 check is identical!
05/08/2017 05:52:29.87 [Verbose] Ignore Action: New:krl.Copy(KRC:\R1\Program\HO_ST600_R1_1.dat), 6500. MD5 check is identical!
05/08/2017 05:52:29.87 [Verbose] Ignore Action: New:krl.Copy(KRC:\R1\Program\wkz5_ab.dat), 6500. MD5 check is identical!
05/08/2017 05:52:29.87 [Information] KrcCopyAction 'New:krl.Copy(KRC:\R1\Program\wkz4_ab.dat), 6500': Requests stopping the program.
05/08/2017 05:52:29.88 [Verbose] Ignore Action: New:krl.Copy(KRC:\R1\Program\HP240.dat), 6500. MD5 check is identical!
05/08/2017 05:52:29.88 [Verbose] Ignore Action: New:krl.Copy(KRC:\R1\Program\Subroutines\mbini_2.dat), 6500. MD5 check is identical!
05/08/2017 05:52:29.90 [Information] KrcCopyAction 'New:krl.Copy(KRC:\R1\Program\Subroutines\mbini.dat), 6500': Requests stopping the program.
05/08/2017 05:52:29.90 [Verbose] Ignore Action: New:krl.Copy(KRC:\R1\Program\wkz5_an.dat), 6500. MD5 check is identical!
05/08/2017 05:52:29.91 [Verbose] Ignore Action: New:krl.Copy(KRC:\R1\Program\HP005.dat), 6500. MD5 check is identical!
05/08/2017 05:52:29.91 [Verbose] Ignore Action: New:krl.Copy(KRC:\R1\DAI\user_settings.dat), 6500. MD5 check is identical!
05/08/2017 05:52:29.91 [Information] KrcCopyAction 'New:krl.Copy(KRC:\R1\DAI\dai_ctrl_library.dat), 6500': Requests stopping the program.
05/08/2017 05:52:29.91 [Verbose] Ignore Action: New:krl.Copy(KRC:\R1\DAI\dai_data_library.dat), 6500. MD5 check is identical!
05/08/2017 05:52:29.93 [Information] KrcCopyAction 'New:krl.Copy(KRC:\R1\DAI\dai_msg_library.dat), 6500': Requests stopping the program.
05/08/2017 05:52:29.94 [Information] KrcCopyAction 'New:krl.Copy(KRC:\R1\DAI\dai_sps_library.dat), 6500': Requests stopping the program.
05/08/2017 05:52:29.94 [Verbose] Ignore Action: New:krl.Copy(KRC:\R1\DAI\user_global.dat), 6500. MD5 check is identical!
05/08/2017 05:52:29.94 [Verbose] Ignore Action: New:krl.Copy(KRC:\R1\Program\WKZ3_AB.dat), 6500. MD5 check is identical!
05/08/2017 05:52:29.96 [Verbose] Ignore Action: New:krl.Copy(KRC:\R1\Program\reinigung.dat), 6500. MD5 check is identical!
05/08/2017 05:52:29.98 [Verbose] Ignore Action: New:krl.Copy(KRC:\R1\Program\wartung.dat), 6500. MD5 check is identical!
05/08/2017 05:52:29.98 [Verbose] Ignore Action: New:krl.Copy(KRC:\R1\Program\HP250.dat), 6500. MD5 check is identical!
05/08/2017 05:52:29.98 [Verbose] Ignore Action: New:krl.Copy(KRC:\R1\Program\WKZ3_AN.dat), 6500. MD5 check is identical!
05/08/2017 05:52:29.99 [Verbose] Ignore Action: New:krl.Copy(KRC:\R1\Program\ab_st600_r1_teste.dat), 6500. MD5 check is identical!
05/08/2017 05:52:29.99 [Information] KrcCopyAction 'New:krl.Copy(KRC:\R1\Program\WKZ4_AN.dat), 6500': Requests stopping the program.
05/08/2017 05:52:29.99 [Verbose] Ignore Action: New:krl.Copy(KRC:\R1\Program\ps_com_res_c1.dat), 6500. MD5 check is identical!
05/08/2017 05:52:29.99 [Verbose] Ignore Action: New:krl.Copy(KRC:\R1\Program\wkz6_ab.dat), 6500. MD5 check is identical!
05/08/2017 05:52:30.01 [Verbose] Ignore Action: New:krl.Copy(KRC:\R1\Program\ps_com_geo_x.dat), 6500. MD5 check is identical!
05/08/2017 05:52:30.01 [Verbose] Ignore Action: New:krl.Copy(KRC:\R1\Program\ps_ltc_geo_c1.dat), 6500. MD5 check is identical!
05/08/2017 05:52:30.02 [Verbose] Ignore Action: New:krl.Copy(KRC:\R1\Program\HP004.dat), 6500. MD5 check is identical!
05/08/2017 05:52:30.02 [Verbose] Ignore Action: New:krl.Copy(KRC:\R1\Program\ps_geo_c1.dat), 6500. MD5 check is identical!
05/08/2017 05:52:30.02 [Information] KrcCopyAction 'New:krl.Copy(KRC:\R1\Program\wkz6_an.dat), 6500': Requests stopping the program.
05/08/2017 05:52:30.02 [Verbose] Ignore Action: New:krl.Copy(KRC:\R1\Program\ho_st600_r1_2.dat), 6500. MD5 check is identical!
05/08/2017 05:52:30.04 [Verbose] Ignore Action: New:krl.Copy(KRC:\R1\Program\ab_st600_r1_1_1.dat), 6500. MD5 check is identical!
05/08/2017 05:52:30.05 [Verbose] Ignore Action: New:krl.Copy(KRC:\R1\Program\ho_st600_r1.dat), 6500. MD5 check is identical!
05/08/2017 05:52:30.05 [Verbose] Ignore Action: New:krl.Copy(KRC:\R1\Program\ps_com_geo_c1.dat), 6500. MD5 check is identical!
05/08/2017 05:52:30.05 [Verbose] Ignore Action: New:krl.Copy(KRC:\R1\Program\hp007.dat), 6500. MD5 check is identical!
05/08/2017 05:52:30.07 [Verbose] Ignore Action: New:krl.Copy(KRC:\R1\Program\ab_st600_r1.dat), 6500. MD5 check is identical!
05/08/2017 05:52:30.07 [Verbose] Ignore Action: New:krl.Copy(KRC:\R1\Program\HP251.dat), 6500. MD5 check is identical!
05/08/2017 05:52:30.09 [Verbose] Ignore Action: New:krl.Copy(KRC:\R1\Program\ps_stb_res_c1.dat), 6500. MD5 check is identical!
05/08/2017 05:52:30.09 [Verbose] Ignore Action: New:krl.Copy(KRC:\R1\Program\E_fraes1.dat), 6500. MD5 check is identical!
05/08/2017 05:52:30.10 [Verbose] Ignore Action: New:krl.Copy(KRC:\R1\Program\ps_stb_geo_c1.dat), 6500. MD5 check is identical!
05/08/2017 05:52:30.10 [Verbose] Ignore Action: New:krl.Copy(KRC:\R1\Program\wkz2_an.dat), 6500. MD5 check is identical!
05/08/2017 05:52:30.10 [Verbose] Ignore Action: New:krl.Copy(KRC:\R1\Program\hp248.dat), 6500. MD5 check is identical!
05/08/2017 05:52:30.12 [Verbose] Ignore Action: New:krl.Copy(KRC:\R1\Program\wkz2_ab.dat), 6500. MD5 check is identical!
05/08/2017 05:52:30.12 [Verbose] Ignore Action: New:krl.Copy(KRC:\R1\Program\F_fraes1.dat), 6500. MD5 check is identical!
05/08/2017 05:52:30.12 [Information] KrcCopyAction 'New:krl.Copy(KRC:\R1\Program\ps_ltc_res_x1.dat), 6500': Requests stopping the program.
05/08/2017 05:52:30.12 [Verbose] Ignore Action: New:krl.Copy(KRC:\R1\Program\tip_change.dat), 6500. MD5 check is identical!
05/08/2017 05:52:30.13 [Verbose] Ignore Action: New:krl.Copy(KRC:\R1\Program\ps_ltc_geo_x1.dat), 6500. MD5 check is identical!
05/08/2017 05:52:30.15 [Verbose] Ignore Action: New:krl.Copy(KRC:\R1\Program\ps_res_c2.dat), 6500. MD5 check is identical!
05/08/2017 05:52:30.15 [Verbose] Ignore Action: New:krl.Copy(KRC:\R1\Program\ps_res_c1.dat), 6500. MD5 check is identical!
05/08/2017 05:52:30.15 [Verbose] Ignore Action: New:krl.Copy(KRC:\R1\Program\HP241.dat), 6500. MD5 check is identical!
05/08/2017 05:52:30.16 [Verbose] Ignore Action: New:krl.Copy(KRC:\R1\System\masref_main.dat), 6500. MD5 check is identical!
05/08/2017 05:52:30.16 [Information] KrcCopyAction 'New:krl.Copy(KRC:\R1\Program\f_fraes4.dat), 6500': Requests stopping the program.
05/08/2017 05:52:30.18 [Verbose] Ignore Action: New:krl.Copy(KRC:\R1\H_Prog\dai_grp_xx_ok.dat), 6500. MD5 check is identical!
05/08/2017 05:52:30.18 [Verbose] Ignore Action: New:krl.Copy(KRC:\R1\System\MsgLib.dat), 6500. MD5 check is identical!
05/08/2017 05:52:30.20 [Verbose] Ignore Action: New:krl.Copy(KRC:\R1\TP\Gripper_SpotTech\User_grp.dat), 6500. MD5 check is identical!
05/08/2017 05:52:30.20 [Verbose] Ignore Action: New:krl.Copy(KRC:\R1\Program\e_fraes3.dat), 6500. MD5 check is identical!
05/08/2017 05:52:30.20 [Verbose] Ignore Action: New:krl.Copy(KRC:\R1\H_Prog\dai_tool_xx_chg.dat), 6500. MD5 check is identical!
05/08/2017 05:52:30.21 [Verbose] Ignore Action: New:krl.Copy(KRC:\R1\Program\f_fraes2.dat), 6500. MD5 check is identical!
05/08/2017 05:52:30.21 [Verbose] Ignore Action: New:krl.Copy(KRC:\R1\H_Prog\dai_ldd_xx.dat), 6500. MD5 check is identical!
05/08/2017 05:52:30.23 [Verbose] Ignore Action: New:krl.Copy(KRC:\R1\H_Prog\dai_robot_ok.dat), 6500. MD5 check is identical!
05/08/2017 05:52:30.23 [Verbose] Ignore Action: New:krl.Copy(KRC:\R1\TP\BrakeTest\BrakeTestBack.dat), 6500. MD5 check is identical!
05/08/2017 05:52:30.23 [Information] KrcCopyAction 'New:krl.Copy(KRC:\R1\Program\wkz11_an.dat), 6500': Requests stopping the program.
05/08/2017 05:52:30.24 [Verbose] Ignore Action: New:krl.Copy(KRC:\R1\TP\BrakeTest\BrakeTestReq.dat), 6500. MD5 check is identical!
05/08/2017 05:52:30.24 [Verbose] Ignore Action: New:krl.Copy(KRC:\R1\Program\wkz1_an.dat), 6500. MD5 check is identical!
05/08/2017 05:52:30.24 [Verbose] Ignore Action: New:krl.Copy(KRC:\R1\TP\BrakeTest\BrakeTestPark.dat), 6500. MD5 check is identical!
05/08/2017 05:52:30.24 [Verbose] Ignore Action: New:krl.Copy(KRC:\R1\TP\BrakeTest\BrakeTestStart.dat), 6500. MD5 check is identical!
05/08/2017 05:52:30.26 [Information] KrcCopyAction 'New:krl.Copy(KRC:\R1\Program\wkz11_ab.dat), 6500': Requests stopping the program.
05/08/2017 05:52:30.27 [Information] KrcCopyAction 'New:krl.Copy(KRC:\R1\System\tm_bib.dat), 6500': Requests stopping the program.
05/08/2017 05:52:30.27 [Verbose] Ignore Action: New:krl.Copy(KRC:\R1\TP\BrakeTest\BrakeTestSelfTest.dat), 6500. MD5 check is identical!
05/08/2017 05:52:30.27 [Verbose] Ignore Action: New:krl.Copy(KRC:\R1\TP\p00.dat), 6500. MD5 check is identical!
05/08/2017 05:52:30.29 [Verbose] Ignore Action: New:krl.Copy(KRC:\R1\H_Prog\dai_VorNull.dat), 6500. MD5 check is identical!
05/08/2017 05:52:30.29 [Verbose] Ignore Action: New:krl.Copy(KRC:\R1\Program\f_fraes3.dat), 6500. MD5 check is identical!
05/08/2017 05:52:30.29 [Verbose] Ignore Action: New:krl.Copy(KRC:\R1\Program\tm_useraction.dat), 6500. MD5 check is identical!
05/08/2017 05:52:30.31 [Information] KrcCopyAction 'New:krl.Copy(KRC:\R1\DAI\dai_global.dat), 6500': Requests stopping the program.
05/08/2017 05:52:30.31 [Information] KrcCopyAction 'New:krl.Copy(KRC:\R1\TP\DAI_AG_Spot\userspot.dat), 6500': Requests stopping the program.
05/08/2017 05:52:30.31 [Verbose] Ignore Action: New:krl.Copy(KRC:\R1\Program\e_fraes4.dat), 6500. MD5 check is identical!
05/08/2017 05:52:30.32 [Information] KrcCopyAction 'New:krl.Copy(KRC:\R1\Program\masref_user.dat), 6500': Requests stopping the program.
05/08/2017 05:52:30.34 [Verbose] Ignore Action: New:krl.Copy(KRC:\R1\H_Prog\dai_tool_xx_ok.dat), 6500. MD5 check is identical!
05/08/2017 05:52:30.34 [Verbose] Ignore Action: New:krl.Copy(KRC:\R1\Program\wkz1_ab.dat), 6500. MD5 check is identical!
05/08/2017 05:52:30.34 [Verbose] Ignore Action: New:krl.Copy(KRC:\R1\DAI\dai_math_library.dat), 6500. MD5 check is identical!
05/08/2017 05:52:30.35 [Verbose] Ignore Action: New:krl.Copy(KRC:\R1\Program\F_fraes1.src), 7000. MD5 check is identical!
05/08/2017 05:52:30.35 [Verbose] Ignore Action: New:krl.Copy(KRC:\R1\Program\inpro_nao_mexer\ps_a_etb_res_c03_TG.src), 7000. MD5 check is identical!
05/08/2017 05:52:30.37 [Verbose] Ignore Action: New:krl.Copy(KRC:\R1\Program\inpro_nao_mexer\hp064.src), 7000. MD5 check is identical!
05/08/2017 05:52:30.37 [Verbose] Ignore Action: New:krl.Copy(KRC:\R1\Program\inpro_nao_mexer\hp055.src), 7000. MD5 check is identical!
05/08/2017 05:52:30.38 [Verbose] Ignore Action: New:krl.Copy(KRC:\R1\Program\inpro_nao_mexer\ps_a_stb_res_c03_TG.src), 7000. MD5 check is identical!
05/08/2017 05:52:30.38 [Verbose] Ignore Action: New:krl.Copy(KRC:\R1\Program\ps_ltc_geo_c1_bolha.src), 7000. MD5 check is identical!
05/08/2017 05:52:30.38 [Verbose] Ignore Action: New:krl.Copy(KRC:\R1\Program\HP241.src), 7000. MD5 check is identical!
05/08/2017 05:52:30.40 [Verbose] Ignore Action: New:krl.Copy(KRC:\R1\System\tm_bib.src), 7000. MD5 check is identical!
05/08/2017 05:52:30.42 [Verbose] Ignore Action: New:krl.Copy(KRC:\R1\Program\inpro_nao_mexer\ps_b_etb_res_c03_jf.src), 7000. MD5 check is identical!
05/08/2017 05:52:30.42 [Verbose] Ignore Action: New:krl.Copy(KRC:\R1\TP\p00.src), 7000. MD5 check is identical!
05/08/2017 05:52:30.42 [Verbose] Ignore Action: New:krl.Copy(KRC:\R1\Program\Subroutines\chk_w6_grp2_opn.src), 7000. MD5 check is identical!
05/08/2017 05:52:30.42 [Verbose] Ignore Action: New:krl.Copy(KRC:\R1\Program\E_fraes1.src), 7000. MD5 check is identical!
05/08/2017 05:52:30.43 [Verbose] Ignore Action: New:krl.Copy(KRC:\R1\Program\inpro_nao_mexer\ps_a_ltb_res_c03_TG.src), 7000. MD5 check is identical!
05/08/2017 05:52:30.43 [Verbose] Ignore Action: New:krl.Copy(KRC:\R1\Program\OLP\ps_a_etb_geo_c03_TG.src), 7000. MD5 check is identical!
05/08/2017 05:52:30.43 [Verbose] Ignore Action: New:krl.Copy(KRC:\R1\Program\ab_st600_r1_1_1.src), 7000. MD5 check is identical!
05/08/2017 05:52:30.45 [Verbose] Ignore Action: New:krl.Copy(KRC:\R1\Program\OLP\ps_a_stb_geo_c03_TG_old.src), 7000. MD5 check is identical!
05/08/2017 05:52:30.45 [Verbose] Ignore Action: New:krl.Copy(KRC:\R1\Program\OLP\ps_a_ltb_geo_c03_TG.src), 7000. MD5 check is identical!
05/08/2017 05:52:30.45 [Verbose] Ignore Action: New:krl.Copy(KRC:\R1\TP\BrakeTest\BrakeTestBack.src), 7000. MD5 check is identical!
05/08/2017 05:52:30.46 [Verbose] Ignore Action: New:krl.Copy(KRC:\R1\System\sps.sub), 7000. MD5 check is identical!
05/08/2017 05:52:30.46 [Information] KrcCopyAction 'New:krl.Copy(KRC:\R1\Program\masref_user.src), 7000': Requests stopping the program.
05/08/2017 05:52:30.48 [Verbose] Ignore Action: New:krl.Copy(KRC:\R1\Program\inpro_nao_mexer\ps_b_lta_res_c03_jf.src), 7000. MD5 check is identical!
05/08/2017 05:52:30.49 [Verbose] Ignore Action: New:krl.Copy(KRC:\R1\System\ir_stopm.src), 7000. MD5 check is identical!
05/08/2017 05:52:30.49 [Verbose] Ignore Action: New:krl.Copy(KRC:\R1\Program\inpro_nao_mexer\ps_a_lta_res_c03_jf.src), 7000. MD5 check is identical!
05/08/2017 05:52:30.49 [Verbose] Ignore Action: New:krl.Copy(KRC:\R1\Program\inpro_nao_mexer\ps_b_ltb_res_c03_jf.src), 7000. MD5 check is identical!
05/08/2017 05:52:30.51 [Verbose] Ignore Action: New:krl.Copy(KRC:\R1\System\bas.src), 7000. MD5 check is identical!
05/08/2017 05:52:30.51 [Verbose] Ignore Action: New:krl.Copy(KRC:\R1\Program\inpro_nao_mexer\ps_a_ltb_res_c03_jf.src), 7000. MD5 check is identical!
05/08/2017 05:52:30.51 [Information] KrcCopyAction 'New:krl.Copy(KRC:\R1\Program\wkz6_an.src), 7000': Requests stopping the program.
05/08/2017 05:52:30.52 [Verbose] Ignore Action: New:krl.Copy(KRC:\R1\Program\tm_useraction.src), 7000. MD5 check is identical!
05/08/2017 05:52:30.52 [Verbose] Ignore Action: New:krl.Copy(KRC:\R1\Program\wkz6_ab.src), 7000. MD5 check is identical!
05/08/2017 05:52:30.52 [Verbose] Ignore Action: New:krl.Copy(KRC:\R1\Program\inpro_nao_mexer\hp065.src), 7000. MD5 check is identical!
05/08/2017 05:52:30.54 [Verbose] Ignore Action: New:krl.Copy(KRC:\R1\System\MsgLib.src), 7000. MD5 check is identical!
05/08/2017 05:52:30.54 [Verbose] Ignore Action: New:krl.Copy(KRC:\R1\Program\OLP\ps_a_lta_geo_c03_OT.src), 7000. MD5 check is identical!
05/08/2017 05:52:30.54 [Verbose] Ignore Action: New:krl.Copy(KRC:\R1\Program\inpro_nao_mexer\hp063.src), 7000. MD5 check is identical!
05/08/2017 05:52:30.56 [Verbose] Ignore Action: New:krl.Copy(KRC:\R1\Program\tip_change.src), 7000. MD5 check is identical!
05/08/2017 05:52:30.57 [Verbose] Ignore Action: New:krl.Copy(KRC:\R1\Program\OLP\ps_a_stb_geo_c03_TG.src), 7000. MD5 check is identical!
05/08/2017 05:52:30.57 [Verbose] Ignore Action: New:krl.Copy(KRC:\R1\Program\HP251.src), 7000. MD5 check is identical!
05/08/2017 05:52:30.57 [Verbose] Ignore Action: New:krl.Copy(KRC:\R1\Program\inpro_nao_mexer\hp055_rolete.src), 7000. MD5 check is identical!
05/08/2017 05:52:30.59 [Verbose] Ignore Action: New:krl.Copy(KRC:\R1\Program\ab_st600_r1.src), 7000. MD5 check is identical!
05/08/2017 05:52:30.59 [Verbose] Ignore Action: New:krl.Copy(KRC:\R1\Program\HP004.src), 7000. MD5 check is identical!
05/08/2017 05:52:30.60 [Verbose] Ignore Action: New:krl.Copy(KRC:\R1\System\masref_main.src), 7000. MD5 check is identical!
05/08/2017 05:52:30.60 [Verbose] Ignore Action: New:krl.Copy(KRC:\R1\Program\inpro_nao_mexer\ps_a_lta_res_c03_jf_ot.src), 7000. MD5 check is identical!
05/08/2017 05:52:30.62 [Verbose] Ignore Action: New:krl.Copy(KRC:\R1\H_Prog\dai_robot_ok.src), 7000. MD5 check is identical!
05/08/2017 05:52:30.62 [Verbose] Ignore Action: New:krl.Copy(KRC:\R1\Program\HP250.src), 7000. MD5 check is identical!
05/08/2017 05:52:30.62 [Verbose] Ignore Action: New:krl.Copy(KRC:\R1\Program\HP005.src), 7000. MD5 check is identical!
05/08/2017 05:52:30.63 [Verbose] Ignore Action: New:krl.Copy(KRC:\R1\cell.src), 7000. MD5 check is identical!
05/08/2017 05:52:30.63 [Verbose] Ignore Action: New:krl.Copy(KRC:\R1\Program\reinigung.src), 7000. MD5 check is identical!
05/08/2017 05:52:30.65 [Verbose] Ignore Action: New:krl.Copy(KRC:\R1\Program\wartung.src), 7000. MD5 check is identical!
05/08/2017 05:52:30.65 [Verbose] Ignore Action: New:krl.Copy(KRC:\R1\H_Prog\dai_ldd_xx.src), 7000. MD5 check is identical!
05/08/2017 05:52:30.65 [Verbose] Ignore Action: New:krl.Copy(KRC:\R1\Program\e_fraes4.src), 7000. MD5 check is identical!
05/08/2017 05:52:30.67 [Verbose] Ignore Action: New:krl.Copy(KRC:\R1\TP\Gripper_SpotTech\User_grp.src), 7000. MD5 check is identical!
05/08/2017 05:52:30.68 [Verbose] Ignore Action: New:krl.Copy(KRC:\R1\Program\HO_ST600_R1_1.src), 7000. MD5 check is identical!
05/08/2017 05:52:30.68 [Verbose] Ignore Action: New:krl.Copy(KRC:\R1\Program\AB_ST600_R1_1_2.src), 7000. MD5 check is identical!
05/08/2017 05:52:30.68 [Verbose] Ignore Action: New:krl.Copy(KRC:\R1\H_Prog\dai_grp_xx_ok.src), 7000. MD5 check is identical!
05/08/2017 05:52:30.70 [Verbose] Ignore Action: New:krl.Copy(KRC:\R1\Program\e_fraes2.src), 7000. MD5 check is identical!
05/08/2017 05:52:30.70 [Information] KrcCopyAction 'New:krl.Copy(KRC:\R1\Program\WKZ4_AN.src), 7000': Requests stopping the program.
05/08/2017 05:52:30.70 [Verbose] Ignore Action: New:krl.Copy(KRC:\R1\DAI\dai_tech_loop.src), 7000. MD5 check is identical!
05/08/2017 05:52:30.70 [Verbose] Ignore Action: New:krl.Copy(KRC:\R1\DAI\dai_data_library.src), 7000. MD5 check is identical!
05/08/2017 05:52:30.71 [Information] KrcCopyAction 'New:krl.Copy(KRC:\R1\TP\DAI_AG_Spot\userspot.src), 7000': Requests stopping the program.
05/08/2017 05:52:30.71 [Information] KrcCopyAction 'New:krl.Copy(KRC:\R1\DAI\dai_msg_library.src), 7000': Requests stopping the program.
05/08/2017 05:52:30.73 [Verbose] Ignore Action: New:krl.Copy(KRC:\R1\DAI\dai_sps_init.src), 7000. MD5 check is identical!
05/08/2017 05:52:30.73 [Verbose] Ignore Action: New:krl.Copy(KRC:\R1\DAI\dai_sps_library.src), 7000. MD5 check is identical!
05/08/2017 05:52:30.73 [Verbose] Ignore Action: New:krl.Copy(KRC:\R1\DAI\user_sps_ini.src), 7000. MD5 check is identical!
05/08/2017 05:52:30.74 [Verbose] Ignore Action: New:krl.Copy(KRC:\R1\H_Prog\dai_tool_xx_ok.src), 7000. MD5 check is identical!
05/08/2017 05:52:30.74 [Verbose] Ignore Action: New:krl.Copy(KRC:\R1\Program\WKZ3_AN.src), 7000. MD5 check is identical!
05/08/2017 05:52:30.76 [Verbose] Ignore Action: New:krl.Copy(KRC:\R1\H_Prog\dai_tool_xx_chg.src), 7000. MD5 check is identical!
05/08/2017 05:52:30.78 [Information] KrcCopyAction 'New:krl.Copy(KRC:\R1\DAI\dai_ctrl_library.src), 7000': Requests stopping the program.
05/08/2017 05:52:30.78 [Verbose] Ignore Action: New:krl.Copy(KRC:\R1\H_Prog\dai_VorNull.src), 7000. MD5 check is identical!
05/08/2017 05:52:30.78 [Verbose] Ignore Action: New:krl.Copy(KRC:\R1\Program\WKZ3_AB.src), 7000. MD5 check is identical!
05/08/2017 05:52:30.79 [Verbose] Ignore Action: New:krl.Copy(KRC:\R1\TP\BrakeTest\BrakeTestReq.src), 7000. MD5 check is identical!
05/08/2017 05:52:30.79 [Verbose] Ignore Action: New:krl.Copy(KRC:\R1\Program\inpro_nao_mexer\ps_b_etb_res_c03_TG.src), 7000. MD5 check is identical!
05/08/2017 05:52:30.81 [Verbose] Ignore Action: New:krl.Copy(KRC:\R1\Program\HP240.src), 7000. MD5 check is identical!
05/08/2017 05:52:30.81 [Verbose] Ignore Action: New:krl.Copy(KRC:\R1\Program\Subroutines\start_weld_geo.src), 7000. MD5 check is identical!
05/08/2017 05:52:30.82 [Verbose] Ignore Action: New:krl.Copy(KRC:\R1\Program\OLP\ps_a_lta_geo_c03_TG.src), 7000. MD5 check is identical!
05/08/2017 05:52:30.82 [Information] KrcCopyAction 'New:krl.Copy(KRC:\R1\Program\Subroutines\start_weld_respot.src), 7000': Requests stopping the program.
05/08/2017 05:52:30.82 [Verbose] Ignore Action: New:krl.Copy(KRC:\R1\DAI\dai_math_library.src), 7000. MD5 check is identical!
05/08/2017 05:52:30.84 [Verbose] Ignore Action: New:krl.Copy(KRC:\R1\Program\hp248.src), 7000. MD5 check is identical!
05/08/2017 05:52:30.84 [Verbose] Ignore Action: New:krl.Copy(KRC:\R1\Program\inpro_nao_mexer\ps_b_lta_res_c03_TG.src), 7000. MD5 check is identical!
05/08/2017 05:52:30.84 [Verbose] Ignore Action: New:krl.Copy(KRC:\R1\Program\inpro_nao_mexer\hp055_TG.src), 7000. MD5 check is identical!
05/08/2017 05:52:30.85 [Verbose] Ignore Action: New:krl.Copy(KRC:\R1\Program\inpro_nao_mexer\ps_a_lta_res_c03_TG.src), 7000. MD5 check is identical!
05/08/2017 05:52:30.85 [Verbose] Ignore Action: New:krl.Copy(KRC:\R1\Program\inpro_nao_mexer\ps_b_ltb_res_c03_TG.src), 7000. MD5 check is identical!
05/08/2017 05:52:30.85 [Verbose] Ignore Action: New:krl.Copy(KRC:\R1\TP\BrakeTest\BrakeTestPark.src), 7000. MD5 check is identical!
05/08/2017 05:52:30.87 [Verbose] Ignore Action: New:krl.Copy(KRC:\R1\Program\OLP\ps_b_etb_geo_c03_TG.src), 7000. MD5 check is identical!
05/08/2017 05:52:30.89 [Information] KrcCopyAction 'New:krl.Copy(KRC:\R1\Program\ho_st600_r1_new.src), 7000': Requests stopping the program.
05/08/2017 05:52:30.89 [Verbose] Ignore Action: New:krl.Copy(KRC:\R1\Program\Subroutines\chk_w2_wechs_ok.src), 7000. MD5 check is identical!
05/08/2017 05:52:30.89 [Verbose] Ignore Action: New:krl.Copy(KRC:\R1\TP\BrakeTest\BrakeTestStart.src), 7000. MD5 check is identical!
05/08/2017 05:52:30.90 [Information] KrcCopyAction 'New:krl.Copy(KRC:\R1\Program\wkz7_ab_new.src), 7000': Requests stopping the program.
05/08/2017 05:52:30.92 [Verbose] Ignore Action: New:krl.Copy(KRC:\R1\TP\Gripper_SpotTech\h50.src), 7000. MD5 check is identical!
05/08/2017 05:52:30.92 [Verbose] Ignore Action: New:krl.Copy(KRC:\R1\Program\Subroutines\chk_w1_wechs_ok.src), 7000. MD5 check is identical!
05/08/2017 05:52:30.92 [Information] KrcCopyAction 'New:krl.Copy(KRC:\R1\Program\wkz7_an_new.src), 7000': Requests stopping the program.
05/08/2017 05:52:30.93 [Verbose] Ignore Action: New:krl.Copy(KRC:\R1\Program\OLP\ps_b_lta_geo_c03_TG.src), 7000. MD5 check is identical!
05/08/2017 05:52:30.93 [Information] KrcCopyAction 'New:krl.Copy(KRC:\R1\Program\Subroutines\end_weld_respot.src), 7000': Requests stopping the program.
05/08/2017 05:52:30.95 [Verbose] Ignore Action: New:krl.Copy(KRC:\R1\TP\BrakeTest\BrakeTestSelfTest.src), 7000. MD5 check is identical!
05/08/2017 05:52:30.95 [Verbose] Ignore Action: New:krl.Copy(KRC:\R1\Program\Subroutines\chk_w3_wechs_ok.src), 7000. MD5 check is identical!
05/08/2017 05:52:30.95 [Verbose] Ignore Action: New:krl.Copy(KRC:\R1\Program\OLP\ps_b_ltb_geo_c03_TG.src), 7000. MD5 check is identical!
05/08/2017 05:52:30.96 [Verbose] Ignore Action: New:krl.Copy(KRC:\R1\Program\Subroutines\end_weld_geo.src), 7000. MD5 check is identical!
05/08/2017 05:52:30.96 [Information] KrcCopyAction 'New:krl.Copy(KRC:\R1\Program\Subroutines\chk_w11_grp1_clo.src), 7000': Requests stopping the program.
05/08/2017 05:52:30.96 [Information] KrcCopyAction 'New:krl.Copy(KRC:\R1\Program\Subroutines\chk_w11_grp1_opn.src), 7000': Requests stopping the program.
05/08/2017 05:52:30.98 [Verbose] Ignore Action: New:krl.Copy(KRC:\R1\Program\Subroutines\chk_w9_rps2_clo.src), 7000. MD5 check is identical!
05/08/2017 05:52:31.00 [Verbose] Ignore Action: New:krl.Copy(KRC:\R1\Program\Subroutines\chk_w9_rps2_opn.src), 7000. MD5 check is identical!
05/08/2017 05:52:31.00 [Verbose] Ignore Action: New:krl.Copy(KRC:\R1\Program\Subroutines\chk_w11_grp3_clo.src), 7000. MD5 check is identical!
05/08/2017 05:52:31.00 [Information] KrcCopyAction 'New:krl.Copy(KRC:\R1\Program\Subroutines\chk_w11_rps2_opn.src), 7000': Requests stopping the program.
05/08/2017 05:52:31.00 [Verbose] Ignore Action: New:krl.Copy(KRC:\R1\Program\Subroutines\chk_w11_wechs_ok.src), 7000. MD5 check is identical!
05/08/2017 05:52:31.01 [Information] KrcCopyAction 'New:krl.Copy(KRC:\R1\Program\Subroutines\chk_w11_grp3_opn.src), 7000': Requests stopping the program.
05/08/2017 05:52:31.01 [Verbose] Ignore Action: New:krl.Copy(KRC:\R1\Program\Subroutines\chk_w11_rps2_clo.src), 7000. MD5 check is identical!
05/08/2017 05:52:31.03 [Verbose] Ignore Action: New:krl.Copy(KRC:\R1\Program\Subroutines\chk_w7_grp1_vacoff.src), 7000. MD5 check is identical!
05/08/2017 05:52:31.03 [Information] KrcCopyAction 'New:krl.Copy(KRC:\R1\Program\Subroutines\chk_w7_grp2_clo.src), 7000': Requests stopping the program.
05/08/2017 05:52:31.03 [Verbose] Ignore Action: New:krl.Copy(KRC:\R1\Program\Subroutines\chk_w7_desab_magnetico.src), 7000. MD5 check is identical!
05/08/2017 05:52:31.04 [Verbose] Ignore Action: New:krl.Copy(KRC:\R1\Program\Subroutines\chk_w7_grp1_vac.src), 7000. MD5 check is identical!
05/08/2017 05:52:31.04 [Verbose] Ignore Action: New:krl.Copy(KRC:\R1\Program\Subroutines\chk_w7_grp2_opn.src), 7000. MD5 check is identical!
05/08/2017 05:52:31.04 [Verbose] Ignore Action: New:krl.Copy(KRC:\R1\Program\Subroutines\chk_w9_grp3_clo.src), 7000. MD5 check is identical!
05/08/2017 05:52:31.06 [Verbose] Ignore Action: New:krl.Copy(KRC:\R1\Program\Subroutines\chk_w9_grp3_opn.src), 7000. MD5 check is identical!
05/08/2017 05:52:31.07 [Information] KrcCopyAction 'New:krl.Copy(KRC:\R1\Program\Subroutines\chk_w9_grp1_clo.src), 7000': Requests stopping the program.
05/08/2017 05:52:31.07 [Information] KrcCopyAction 'New:krl.Copy(KRC:\R1\Program\Subroutines\chk_w9_grp1_opn.src), 7000': Requests stopping the program.
05/08/2017 05:52:31.07 [Verbose] Ignore Action: New:krl.Copy(KRC:\R1\Program\Subroutines\chk_w5_wechs_ok.src), 7000. MD5 check is identical!
05/08/2017 05:52:31.07 [Verbose] Ignore Action: New:krl.Copy(KRC:\R1\Program\OLP\hp022.src), 7000. MD5 check is identical!
05/08/2017 05:52:31.09 [Verbose] Ignore Action: New:krl.Copy(KRC:\R1\Program\Subroutines\chk_w6_wechs_ok.src), 7000. MD5 check is identical!
05/08/2017 05:52:31.09 [Verbose] Ignore Action: New:krl.Copy(KRC:\R1\Program\OLP\hp021.src), 7000. MD5 check is identical!
05/08/2017 05:52:31.09 [Verbose] Ignore Action: New:krl.Copy(KRC:\R1\Program\Subroutines\chk_w4_wechs_ok.src), 7000. MD5 check is identical!
05/08/2017 05:52:31.11 [Verbose] Ignore Action: New:krl.Copy(KRC:\R1\Program\OLP\hp041.src), 7000. MD5 check is identical!
05/08/2017 05:52:31.12 [Verbose] Ignore Action: New:krl.Copy(KRC:\R1\Program\ventosa.src), 7000. MD5 check is identical!
05/08/2017 05:52:31.12 [Verbose] Ignore Action: New:krl.Copy(KRC:\R1\Program\OLP\hp040.src), 7000. MD5 check is identical!
05/08/2017 05:52:31.14 [Verbose] Ignore Action: New:krl.Copy(KRC:\R1\System\974042_r1.pt.txt), 7000. MD5 check is identical!
05/08/2017 05:52:31.14 [Verbose] Ignore Action: New:krl.Copy(KRC:\R1\Program\Subroutines\chk_w5_grp2_clo.src), 7000. MD5 check is identical!
05/08/2017 05:52:31.14 [Verbose] Ignore Action: New:krl.Copy(KRC:\R1\Program\Subroutines\chk_w5_grp2_opn.src), 7000. MD5 check is identical!
05/08/2017 05:52:31.14 [Verbose] Ignore Action: New:krl.Copy(KRC:\R1\Program\Subroutines\chk_w5_grp1_vac.src), 7000. MD5 check is identical!
05/08/2017 05:52:31.15 [Verbose] Ignore Action: New:krl.Copy(KRC:\R1\Program\Subroutines\chk_w5_grp1_vacoff.src), 7000. MD5 check is identical!
05/08/2017 05:52:31.17 [Information] KrcCopyAction 'New:krl.Copy(KRC:\R1\Program\Subroutines\chk_w9_grp4_clo.src), 7000': Requests stopping the program.
05/08/2017 05:52:31.17 [Information] KrcCopyAction 'New:krl.Copy(KRC:\R1\Program\Subroutines\chk_w9_grp5_vac_on.src), 7000': Requests stopping the program.
05/08/2017 05:52:31.17 [Verbose] Ignore Action: New:krl.Copy(KRC:\R1\Program\OLP\hp020.src), 7000. MD5 check is identical!
05/08/2017 05:52:31.18 [Information] KrcCopyAction 'New:krl.Copy(KRC:\R1\Program\Subroutines\chk_w9_grp4_opn.src), 7000': Requests stopping the program.
05/08/2017 05:52:31.18 [Verbose] Ignore Action: New:krl.Copy(KRC:\R1\Program\Subroutines\chk_w9_grp5_vac_off.src), 7000. MD5 check is identical!
05/08/2017 05:52:31.18 [Verbose] Ignore Action: New:krl.Copy(KRC:\R1\Program\ab_st600_r1_teste.src), 7000. MD5 check is identical!
05/08/2017 05:52:31.20 [Information] KrcCopyAction 'New:krl.Copy(KRC:\R1\Program\OLP\wkz9_lta_ltb_off.src), 7000': Requests stopping the program.
05/08/2017 05:52:31.21 [Verbose] Ignore Action: New:krl.Copy(KRC:\R1\System\sps_old.sub), 7000. MD5 check is identical!
05/08/2017 05:52:31.21 [Information] KrcCopyAction 'New:krl.Copy(KRC:\R1\Program\wkz11_ab.src), 7000': Requests stopping the program.
05/08/2017 05:52:31.21 [Information] KrcCopyAction 'New:krl.Copy(KRC:\R1\Program\wkz9_an.src), 7000': Requests stopping the program.
05/08/2017 05:52:31.23 [Information] KrcCopyAction 'New:krl.Copy(KRC:\R1\Program\wkz11_an.src), 7000': Requests stopping the program.
05/08/2017 05:52:31.23 [Verbose] Ignore Action: New:krl.Copy(KRC:\R1\Program\wkz1_an.src), 7000. MD5 check is identical!
05/08/2017 05:52:31.25 [Verbose] Ignore Action: New:krl.Copy(KRC:\R1\Program\OLP\hp023.src), 7000. MD5 check is identical!
05/08/2017 05:52:31.25 [Information] KrcCopyAction 'New:krl.Copy(KRC:\R1\Program\OLP\wkz11_ETB_STB_off.src), 7000': Requests stopping the program.
05/08/2017 05:52:31.26 [Verbose] Ignore Action: New:krl.Copy(KRC:\R1\Program\OLP\ps_A_STB_res_P2_c03.src), 7000. MD5 check is identical!
05/08/2017 05:52:31.26 [Verbose] Ignore Action: New:krl.Copy(KRC:\R1\Program\e_fraes3.src), 7000. MD5 check is identical!
05/08/2017 05:52:31.26 [Information] KrcCopyAction 'New:krl.Copy(KRC:\R1\Program\OLP\ab_com_02_st01_g01.src), 7000': Requests stopping the program.
05/08/2017 05:52:31.28 [Verbose] Ignore Action: New:krl.Copy(KRC:\R1\Program\f_fraes3.src), 7000. MD5 check is identical!
05/08/2017 05:52:31.28 [Information] KrcCopyAction 'New:krl.Copy(KRC:\R1\Program\OLP\ho_com_02_ag01_g01.src), 7000': Requests stopping the program.
05/08/2017 05:52:31.29 [Information] KrcCopyAction 'New:krl.Copy(KRC:\R1\Program\OLP\ab_com_03_st01_g02.src), 7000': Requests stopping the program.
05/08/2017 05:52:31.29 [Verbose] Ignore Action: New:krl.Copy(KRC:\R1\Program\Subroutines\chk_w5_grp3_clo.src), 7000. MD5 check is identical!
05/08/2017 05:52:31.29 [Information] KrcCopyAction 'New:krl.Copy(KRC:\R1\Program\wkz9_ab.src), 7000': Requests stopping the program.
05/08/2017 05:52:31.31 [Verbose] Ignore Action: New:krl.Copy(KRC:\R1\Program\Subroutines\chk_w5_grp3_opn.src), 7000. MD5 check is identical!
05/08/2017 05:52:31.31 [Information] KrcCopyAction 'New:krl.Copy(KRC:\R1\Program\OLP\ho_com_03_ag01_g02.src), 7000': Requests stopping the program.
05/08/2017 05:52:31.31 [Information] KrcCopyAction 'New:krl.Copy(KRC:\R1\Program\wkz7_ab.src), 7000': Requests stopping the program.
05/08/2017 05:52:31.32 [Information] KrcCopyAction 'New:krl.Copy(KRC:\R1\Program\wkz7_an.src), 7000': Requests stopping the program.
05/08/2017 05:52:31.34 [Verbose] Ignore Action: New:krl.Copy(KRC:\R1\Program\wkz5_off_1_2.src), 7000. MD5 check is identical!
05/08/2017 05:52:31.34 [Information] KrcCopyAction 'New:krl.Copy(KRC:\R1\Program\f_fraes4.src), 7000': Requests stopping the program.
05/08/2017 05:52:31.34 [Verbose] Ignore Action: New:krl.Copy(KRC:\R1\Program\Subroutines\chk_w6_grp1_clo.src), 7000. MD5 check is identical!
05/08/2017 05:52:31.36 [Verbose] Ignore Action: New:krl.Copy(KRC:\R1\Program\f_fraes2.src), 7000. MD5 check is identical!
05/08/2017 05:52:31.36 [Information] KrcCopyAction 'New:krl.Copy(KRC:\R1\Program\Subroutines\chk_w7_atua_magnetico.src), 7000': Requests stopping the program.
05/08/2017 05:52:31.36 [Verbose] Ignore Action: New:krl.Copy(KRC:\R1\Program\Subroutines\chk_w6_grp1_opn.src), 7000. MD5 check is identical!
05/08/2017 05:52:31.37 [Verbose] Ignore Action: New:krl.Copy(KRC:\R1\Program\Subroutines\chk_w6_grp2_clo.src), 7000. MD5 check is identical!
05/08/2017 05:52:31.37 [Verbose] Ignore Action: New:krl.Copy(KRC:\R1\Program\wkz2_ok.src), 7000. MD5 check is identical!
05/08/2017 05:52:31.37 [Verbose] Ignore Action: New:krl.Copy(KRC:\R1\Program\wkz2_stb_ab.src), 7000. MD5 check is identical!
05/08/2017 05:52:31.39 [Verbose] Ignore Action: New:krl.Copy(KRC:\R1\Program\wkz1_ok.src), 7000. MD5 check is identical!
05/08/2017 05:52:31.39 [Verbose] Ignore Action: New:krl.Copy(KRC:\R1\Program\wkz1_ab.src), 7000. MD5 check is identical!
05/08/2017 05:52:31.40 [Verbose] Ignore Action: New:krl.Copy(KRC:\R1\Program\Subroutines\chk_w9_wechs_ok.src), 7000. MD5 check is identical!
05/08/2017 05:52:31.40 [Verbose] Ignore Action: New:krl.Copy(KRC:\R1\Program\wkz5_off_1_1.src), 7000. MD5 check is identical!
05/08/2017 05:52:31.40 [Verbose] Ignore Action: New:krl.Copy(KRC:\R1\Program\Subroutines\chk_w7_wechs_ok.src), 7000. MD5 check is identical!
05/08/2017 05:52:31.42 [Verbose] Ignore Action: New:krl.Copy(KRC:\R1\Program\wkz4_ok.src), 7000. MD5 check is identical!
05/08/2017 05:52:31.43 [Information] KrcCopyAction 'New:krl.Copy(KRC:\R1\Program\Subroutines\chk_w8_wechs_ok.src), 7000': Requests stopping the program.
05/08/2017 05:52:31.43 [Verbose] Ignore Action: New:krl.Copy(KRC:\R1\Program\inpro_nao_mexer\hp052.src), 7000. MD5 check is identical!
05/08/2017 05:52:31.43 [Verbose] Ignore Action: New:krl.Copy(KRC:\R1\Program\inpro_nao_mexer\hp053.src), 7000. MD5 check is identical!
05/08/2017 05:52:31.45 [Verbose] Ignore Action: New:krl.Copy(KRC:\R1\Program\inpro_nao_mexer\hp051.src), 7000. MD5 check is identical!
05/08/2017 05:52:31.45 [Verbose] Ignore Action: New:krl.Copy(KRC:\R1\Program\ps_ltc_geo_c1.src), 7000. MD5 check is identical!
05/08/2017 05:52:31.45 [Verbose] Ignore Action: New:krl.Copy(KRC:\R1\Program\ps_geo_c1.src), 7000. MD5 check is identical!
05/08/2017 05:52:31.47 [Verbose] Ignore Action: New:krl.Copy(KRC:\R1\Program\ps_com_res_c1.src), 7000. MD5 check is identical!
05/08/2017 05:52:31.47 [Verbose] Ignore Action: New:krl.Copy(KRC:\R1\Program\inpro_nao_mexer\hp062.src), 7000. MD5 check is identical!
05/08/2017 05:52:31.47 [Verbose] Ignore Action: New:krl.Copy(KRC:\R1\Program\inpro_nao_mexer\hp060.src), 7000. MD5 check is identical!
05/08/2017 05:52:31.47 [Verbose] Ignore Action: New:krl.Copy(KRC:\R1\Program\inpro_nao_mexer\hp061.src), 7000. MD5 check is identical!
05/08/2017 05:52:31.48 [Verbose] Ignore Action: New:krl.Copy(KRC:\R1\Program\inpro_nao_mexer\ps_a_stb_cpf91_inpro.src), 7000. MD5 check is identical!
05/08/2017 05:52:31.48 [Verbose] Ignore Action: New:krl.Copy(KRC:\R1\Program\inpro_nao_mexer\ps_ab_lta_cpf91_inpro.src), 7000. MD5 check is identical!
05/08/2017 05:52:31.48 [Verbose] Ignore Action: New:krl.Copy(KRC:\R1\Program\inpro_nao_mexer\ps_ab_etb_cpf91_inpro.src), 7000. MD5 check is identical!
05/08/2017 05:52:31.50 [Verbose] Ignore Action: New:krl.Copy(KRC:\R1\Program\ps_res_c1.src), 7000. MD5 check is identical!
05/08/2017 05:52:31.51 [Information] KrcCopyAction 'New:krl.Copy(KRC:\R1\Program\ps_ltc_res_x1.src), 7000': Requests stopping the program.
05/08/2017 05:52:31.51 [Verbose] Ignore Action: New:krl.Copy(KRC:\R1\Program\ps_ltc_geo_x1.src), 7000. MD5 check is identical!
05/08/2017 05:52:31.51 [Verbose] Ignore Action: New:krl.Copy(KRC:\R1\Program\inpro_nao_mexer\hp050.src), 7000. MD5 check is identical!
05/08/2017 05:52:31.53 [Verbose] Ignore Action: New:krl.Copy(KRC:\R1\Program\inpro_nao_mexer\ps_a_ltb_cpf91_inpro.src), 7000. MD5 check is identical!
05/08/2017 05:52:31.54 [Verbose] Ignore Action: New:krl.Copy(KRC:\R1\Program\inpro_nao_mexer\ps_b_ltb_cpf91_inpro.src), 7000. MD5 check is identical!
05/08/2017 05:52:31.54 [Verbose] Ignore Action: New:krl.Copy(KRC:\R1\Program\inpro_nao_mexer\ps_a_stb_cpf91_inpjf.src), 7000. MD5 check is identical!
05/08/2017 05:52:31.56 [Verbose] Ignore Action: New:krl.Copy(KRC:\R1\Program\inpro_nao_mexer\ps_a_stb_res_c03_inpjf.src), 7000. MD5 check is identical!
05/08/2017 05:52:31.56 [Verbose] Ignore Action: New:krl.Copy(KRC:\R1\Program\inpro_nao_mexer\hp025.src), 7000. MD5 check is identical!
05/08/2017 05:52:31.56 [Verbose] Ignore Action: New:krl.Copy(KRC:\R1\Program\ho_st600_r1_2.src), 7000. MD5 check is identical!
05/08/2017 05:52:31.58 [Verbose] Ignore Action: New:krl.Copy(KRC:\R1\Program\ho_st600_r1.src), 7000. MD5 check is identical!
05/08/2017 05:52:31.58 [Verbose] Ignore Action: New:krl.Copy(KRC:\R1\Program\ab_st600_r1_2.src), 7000. MD5 check is identical!
05/08/2017 05:52:31.59 [Verbose] Ignore Action: New:krl.Copy(KRC:\R1\Program\inpro_nao_mexer\ps_a_etb_res_c03_jf.src), 7000. MD5 check is identical!
05/08/2017 05:52:31.59 [Verbose] Ignore Action: New:krl.Copy(KRC:\R1\Program\inpro_nao_mexer\hp024.src), 7000. MD5 check is identical!
05/08/2017 05:52:31.61 [Verbose] Ignore Action: New:krl.Copy(KRC:\R1\Program\inpro_nao_mexer\hp045.src), 7000. MD5 check is identical!
05/08/2017 05:52:31.61 [Verbose] Ignore Action: New:krl.Copy(KRC:\R1\Program\inpro_nao_mexer\ps_ab_etb_p2_c03_inpro.src), 7000. MD5 check is identical!
05/08/2017 05:52:31.61 [Verbose] Ignore Action: New:krl.Copy(KRC:\R1\Program\inpro_nao_mexer\ps_a_etb_res_c03_inpro.src), 7000. MD5 check is identical!
05/08/2017 05:52:31.62 [Verbose] Ignore Action: New:krl.Copy(KRC:\R1\Program\inpro_nao_mexer\ps_ab_etb_cpf91_c03_inp.src), 7000. MD5 check is identical!
05/08/2017 05:52:31.62 [Verbose] Ignore Action: New:krl.Copy(KRC:\R1\Program\ps_com_geo_x.src), 7000. MD5 check is identical!
05/08/2017 05:52:31.64 [Verbose] Ignore Action: New:krl.Copy(KRC:\R1\Program\ps_com_geo_c1.src), 7000. MD5 check is identical!
05/08/2017 05:52:31.64 [Verbose] Ignore Action: New:krl.Copy(KRC:\R1\Program\hp007.src), 7000. MD5 check is identical!
05/08/2017 05:52:31.65 [Verbose] Ignore Action: New:krl.Copy(KRC:\R1\Program\inpro_nao_mexer\ps_a_stb_cpf91_c03_inpro.src), 7000. MD5 check is identical!
05/08/2017 05:52:31.65 [Verbose] Ignore Action: New:krl.Copy(KRC:\R1\Program\inpro_nao_mexer\hp032.src), 7000. MD5 check is identical!
05/08/2017 05:52:31.65 [Verbose] Ignore Action: New:krl.Copy(KRC:\R1\Program\inpro_nao_mexer\hp033.src), 7000. MD5 check is identical!
05/08/2017 05:52:31.67 [Verbose] Ignore Action: New:krl.Copy(KRC:\R1\Program\OLP\pega_garra_empilhadeira.src), 7000. MD5 check is identical!
05/08/2017 05:52:31.67 [Information] KrcCopyAction 'New:krl.Copy(KRC:\R1\Program\Subroutines\mbini.src), 7000': Requests stopping the program.
05/08/2017 05:52:31.69 [Verbose] Ignore Action: New:krl.Copy(KRC:\R1\Program\OLP\ps_ab_etb_p2_c03.src), 7000. MD5 check is identical!
05/08/2017 05:52:31.69 [Verbose] Ignore Action: New:krl.Copy(KRC:\R1\Program\OLP\ps_a_stb_geo_c03.src), 7000. MD5 check is identical!
05/08/2017 05:52:31.70 [Verbose] Ignore Action: New:krl.Copy(KRC:\R1\Program\OLP\ps_ab_etb_cpf91_c03.src), 7000. MD5 check is identical!
05/08/2017 05:52:31.70 [Verbose] Ignore Action: New:krl.Copy(KRC:\R1\Program\OLP\ps_a_etb_geo_c03.src), 7000. MD5 check is identical!
05/08/2017 05:52:31.70 [Verbose] Ignore Action: New:krl.Copy(KRC:\R1\Program\OLP\ps_a_lta_geo_c03.src), 7000. MD5 check is identical!
05/08/2017 05:52:31.72 [Verbose] Ignore Action: New:krl.Copy(KRC:\R1\Program\wkz5_ab.src), 7000. MD5 check is identical!
05/08/2017 05:52:31.72 [Verbose] Ignore Action: New:krl.Copy(KRC:\R1\Program\wkz5_an.src), 7000. MD5 check is identical!
05/08/2017 05:52:31.72 [Verbose] Ignore Action: New:krl.Copy(KRC:\R1\Program\OLP\ps_a_etb_res_c03.src), 7000. MD5 check is identical!
05/08/2017 05:52:31.73 [Verbose] Ignore Action: New:krl.Copy(KRC:\R1\Program\ho_st600_r1_1_2.src), 7000. MD5 check is identical!
05/08/2017 05:52:31.73 [Verbose] Ignore Action: New:krl.Copy(KRC:\R1\Program\OLP\ps_b_lta_res_c03.src), 7000. MD5 check is identical!
05/08/2017 05:52:31.73 [Verbose] Ignore Action: New:krl.Copy(KRC:\R1\Program\OLP\hp042.src), 7000. MD5 check is identical!
05/08/2017 05:52:31.76 [Verbose] Ignore Action: New:krl.Copy(KRC:\R1\Program\OLP\ps_b_lta_geo_c03.src), 7000. MD5 check is identical!
05/08/2017 05:52:31.76 [Verbose] Ignore Action: New:krl.Copy(KRC:\R1\Program\OLP\ps_b_ltb_geo_c03.src), 7000. MD5 check is identical!
05/08/2017 05:52:31.78 [Verbose] Ignore Action: New:krl.Copy(KRC:\R1\Program\OLP\ps_a_stb_res_c03.src), 7000. MD5 check is identical!
05/08/2017 05:52:31.78 [Verbose] Ignore Action: New:krl.Copy(KRC:\R1\Program\Subroutines\mbini_2.src), 7000. MD5 check is identical!
05/08/2017 05:52:31.78 [Verbose] Ignore Action: New:krl.Copy(KRC:\R1\Program\wkz3_ok.src), 7000. MD5 check is identical!
05/08/2017 05:52:31.80 [Verbose] Ignore Action: New:krl.Copy(KRC:\R1\Program\OLP\ps_b_ltb_res_c03.src), 7000. MD5 check is identical!
05/08/2017 05:52:31.80 [Verbose] Ignore Action: New:krl.Copy(KRC:\R1\Program\ps_stb_res_c1.src), 7000. MD5 check is identical!
05/08/2017 05:52:31.81 [Verbose] Ignore Action: New:krl.Copy(KRC:\R1\Program\OLP\ps_a_ltb_c03_cpf91.src), 7000. MD5 check is identical!
05/08/2017 05:52:31.81 [Verbose] Ignore Action: New:krl.Copy(KRC:\R1\Program\wkz2_ab.src), 7000. MD5 check is identical!
05/08/2017 05:52:31.81 [Verbose] Ignore Action: New:krl.Copy(KRC:\R1\Program\OLP\ps_ab_lta_cpf91_c03.src), 7000. MD5 check is identical!
05/08/2017 05:52:31.83 [Verbose] Ignore Action: New:krl.Copy(KRC:\R1\Program\OLP\ps_a_ltb_res_p2_c03.src), 7000. MD5 check is identical!
05/08/2017 05:52:31.83 [Verbose] Ignore Action: New:krl.Copy(KRC:\R1\Program\OLP\ps_b_ltb_res_p2_c03.src), 7000. MD5 check is identical!
05/08/2017 05:52:31.83 [Verbose] Ignore Action: New:krl.Copy(KRC:\R1\Program\ps_res_c2.src), 7000. MD5 check is identical!
05/08/2017 05:52:31.83 [Verbose] Ignore Action: New:krl.Copy(KRC:\R1\Program\ps_stb_geo_c1.src), 7000. MD5 check is identical!
05/08/2017 05:52:31.86 [Verbose] Ignore Action: New:krl.Copy(KRC:\R1\Program\OLP\ps_b_ltb_cpf91_c03.src), 7000. MD5 check is identical!
05/08/2017 05:52:31.86 [Information] KrcCopyAction 'New:krl.Copy(KRC:\R1\Program\wkz4_ab.src), 7000': Requests stopping the program.
05/08/2017 05:52:31.86 [Verbose] Ignore Action: New:krl.Copy(KRC:\R1\Program\OLP\ps_b_etb_res_c03.src), 7000. MD5 check is identical!
05/08/2017 05:52:31.87 [Verbose] Ignore Action: New:krl.Copy(KRC:\R1\Program\OLP\ps_a_lta_res_c03.src), 7000. MD5 check is identical!
05/08/2017 05:52:31.87 [Verbose] Ignore Action: New:krl.Copy(KRC:\R1\Program\OLP\ps_b_etb_geo_c03.src), 7000. MD5 check is identical!
05/08/2017 05:52:31.89 [Verbose] Ignore Action: New:krl.Copy(KRC:\R1\Program\OLP\ps_a_ltb_geo_c03.src), 7000. MD5 check is identical!
05/08/2017 05:52:31.91 [Verbose] Ignore Action: New:krl.Copy(KRC:\R1\Program\OLP\ps_ab_lta_res_p2_c03.src), 7000. MD5 check is identical!
05/08/2017 05:52:31.91 [Verbose] Ignore Action: New:krl.Copy(KRC:\R1\Program\OLP\ps_a_stb_cpf91_c03.src), 7000. MD5 check is identical!
05/08/2017 05:52:31.91 [Verbose] Ignore Action: New:krl.Copy(KRC:\R1\Program\wkz2_an.src), 7000. MD5 check is identical!
05/08/2017 05:52:31.92 [Verbose] Ignore Action: New:krl.Copy(KRC:\R1\Program\OLP\ps_a_ltb_res_c03.src), 7000. MD5 check is identical!
05/08/2017 05:52:31.92 [Information] Ignore Action: New:solution.Copy(C:\KRC\User\ProjectRoot\MBB_974042_1\MBB_974042_1.wvs), 9000. Copy only once!
05/08/2017 05:52:32.17 [Warning] Ignore UserPdiGenerationAction: Create "C:\KRC\Roboter\Config\User\Common\USERPDI.SAF". Header and content check states identical data!
05/08/2017 05:52:32.17 [Information] CrcFileCreateAction 'New:safety.Create(Config:\User\Common\SCTLCRC.IMG), 99998': Requests reconfiguration.
05/08/2017 05:52:44.12 [Information] Successfull execute PrepareAction 'Global.UserPermission(), 1000'.
05/08/2017 05:52:44.14 [Information] Execute Global.StopProgram(), 2000. Krc not in Automatic!
05/08/2017 05:52:44.15 [Information] Successfull execute PrepareAction 'Global.StopProgram(), 2000'.
05/08/2017 05:52:44.22 [Information] Committed: Prepared.
05/08/2017 05:52:44.28 [Information] Start installation of "MBB_974042_1 V1.61.0.0".
05/08/2017 05:52:44.30 [Information] Reset current project!
05/08/2017 05:52:44.30 [Information] Successfull execute Install Action 'Global.PrepareReconfiguration(), 0'.
05/08/2017 05:52:44.33 [Information] Successfull execute Install Action 'New:file.Copy(C:\KRC\Roboter\RDC\974042.cal), 1500'.
05/08/2017 05:52:44.33 [Information] Successfull execute Install Action 'New:file.Copy(C:\KRC\Roboter\RDC\InitialOperation.xml), 1500'.
05/08/2017 05:52:44.37 [Information] Successfull execute Install Action 'New:file.Copy(C:\KRC\Roboter\RDC\974042.mam), 1500'.
05/08/2017 05:52:44.41 [Information] Successfull execute Install Action 'New:file.Copy(C:\KRC\Roboter\RDC\RobotInfo.xml), 1500'.
05/08/2017 05:52:44.42 [Information] Successfull execute Install Action 'New:file.Copy(C:\KRC\Roboter\RDC\KLIConfig.xml), 1500'.
05/08/2017 05:52:44.42 [Information] Successfull execute Install Action 'New:file.Copy(C:\KRC\Roboter\RDC\RobotData.xml), 1500'.
05/08/2017 05:52:44.42 [Information] Successfull execute Install Action 'New:file.Copy(C:\KRC\Roboter\RDC\RdcDirectoryContents.txt), 1500'.
05/08/2017 05:52:44.44 [Information] Successfull execute Install Action 'New:file.Copy(C:\KRC\Roboter\RDC\MaintenanceLog.xml), 1500'.
05/08/2017 05:52:44.44 [Information] Successfull execute Install Action 'New:config.Copy(Config:\User\Common\Mada\SimuAxis\E1.xml), 2000'.
05/08/2017 05:52:44.44 [Information] Successfull execute Install Action 'New:config.Copy(Config:\User\Common\Mada\SimuAxesKrc.xml), 2000'.
05/08/2017 05:52:44.45 [Information] Successfull execute Install Action 'New:config.Copy(Config:\User\Common\PNIODriver.xml), 2000'.
05/08/2017 05:52:44.45 [Information] Successfull execute Install Action 'New:config.Copy(Config:\User\Common\IPPNIO.xml), 2000'.
05/08/2017 05:52:44.50 [Information] SafetyNetworkInstallAction 'New:safety.Copy(Config:\User\Common\SAFEDEV.SAF), 2000': Checksum written.
05/08/2017 05:52:44.52 [Information] Successfull execute Install Action 'New:safety.Copy(Config:\User\Common\SAFEDEV.SAF), 2000'.
05/08/2017 05:52:44.52 [Information] Successfull execute Install Action 'New:config.Copy(Config:\User\Common\Mada\NGAxis\CtrlE1AddFct.xml), 2000'.
05/08/2017 05:52:44.53 [Information] Successfull execute Install Action 'New:config.Copy(Config:\User\Common\KRC_IO.xml), 2000'.
05/08/2017 05:52:44.53 [Information] Successfull execute Install Action 'New:config.Copy(Config:\User\Common\Mada\NGAxis\CtrlE1.xml), 2000'.
05/08/2017 05:52:44.55 [Information] Successfull execute Install Action 'New:config.Copy(Config:\User\Common\Mada\NGAxis\E1.xml), 2000'.
05/08/2017 05:52:44.56 [Information] Successfull execute Install Action 'New:config.Copy(Config:\User\Cabinet\ecatms_config.xml), 2000'.
05/08/2017 05:52:44.56 [Information] Successfull execute Install Action 'New:config.Copy(Config:\User\Common\KrcIoSignals.xml), 2000'.
05/08/2017 05:52:44.56 [Information] Successfull execute Install Action 'New:config.Copy(Config:\User\Common\Interbus.xml), 2000'.
05/08/2017 05:52:44.59 [Information] Successfull execute Install Action 'New:config.Copy(Config:\User\Common\Mada\NextGenDriveTech.xml), 2000'.
05/08/2017 05:52:44.59 [Information] Successfull execute Install Action 'New:config.Copy(Config:\User\Common\Mada\SimuAxes.xml), 2000'.
05/08/2017 05:52:44.59 [Information] Successfull execute Install Action 'New:config.Copy(Config:\User\Common\Mada\KRCAxes.xml), 2000'.
05/08/2017 05:52:44.63 [Information] Successfull execute Install Action 'New:config.Copy(Config:\User\Common\Mada\CFCore.xml), 2000'.
05/08/2017 05:52:45.17 [Information] Successfull execute Install Action 'New:mada.Copy(KRC:\R1\System\$config.dat), 4000'.
05/08/2017 05:52:46.42 [Information] Successfull execute Install Action 'New:mada.Copy(KRC:\STEU\Mada\$custom.dat), 4000'.
05/08/2017 05:52:47.75 [Information] Successfull execute Install Action 'New:mada.Copy(KRC:\R1\Mada\$machine.dat), 4000'.
05/08/2017 05:52:48.31 [Information] Successfull execute Install Action 'New:krl.Copy(KRC:\R1\DAI\dai_ctrl_library.dat), 6500'.
05/08/2017 05:52:48.91 [Information] Successfull execute Install Action 'New:krl.Copy(KRC:\R1\DAI\dai_sps_library.dat), 6500'.
05/08/2017 05:52:49.43 [Information] Successfull execute Install Action 'New:krl.Copy(KRC:\R1\DAI\dai_msg_library.dat), 6500'.
05/08/2017 05:52:49.51 [Information] Successfull execute Install Action 'New:krl.Copy(KRC:\R1\Program\wkz6_an.dat), 6500'.
05/08/2017 05:52:49.63 [Information] Successfull execute Install Action 'New:krl.Copy(KRC:\R1\Program\WKZ4_AN.dat), 6500'.
05/08/2017 05:52:49.68 [Information] Successfull execute Install Action 'New:krl.Copy(KRC:\R1\Program\wkz4_ab.dat), 6500'.
05/08/2017 05:52:49.72 [Information] Successfull execute Install Action 'New:krl.Copy(KRC:\R1\Program\Subroutines\mbini.dat), 6500'.
05/08/2017 05:52:50.24 [Information] Successfull execute Install Action 'New:krl.Copy(KRC:\R1\System\tm_bib.dat), 6500'.
05/08/2017 05:52:50.32 [Information] Successfull execute Install Action 'New:krl.Copy(KRC:\R1\Program\wkz11_ab.dat), 6500'.
05/08/2017 05:52:50.38 [Information] Successfull execute Install Action 'New:krl.Copy(KRC:\R1\Program\wkz11_an.dat), 6500'.
05/08/2017 05:52:50.92 [Information] Successfull execute Install Action 'New:krl.Copy(KRC:\R1\Program\masref_user.dat), 6500'.
05/08/2017 05:52:51.44 [Information] Successfull execute Install Action 'New:krl.Copy(KRC:\R1\TP\DAI_AG_Spot\userspot.dat), 6500'.
05/08/2017 05:52:52.24 [Information] Successfull execute Install Action 'New:krl.Copy(KRC:\R1\DAI\dai_global.dat), 6500'.
05/08/2017 05:52:52.36 [Information] Successfull execute Install Action 'New:krl.Copy(KRC:\R1\Program\ps_ltc_res_x1.dat), 6500'.
05/08/2017 05:52:52.44 [Information] Successfull execute Install Action 'New:krl.Copy(KRC:\R1\Program\f_fraes4.dat), 6500'.
05/08/2017 05:52:52.55 [Information] Successfull execute Install Action 'New:krl.Copy(KRC:\R1\Program\OLP\wkz9_lta_ltb_off.dat), 6500'.
05/08/2017 05:52:52.69 [Information] Successfull execute Install Action 'New:krl.Copy(KRC:\R1\Program\OLP\ab_com_02_st01_g01.dat), 6500'.
05/08/2017 05:52:52.84 [Information] Successfull execute Install Action 'New:krl.Copy(KRC:\R1\Program\OLP\ab_com_03_st01_g02.dat), 6500'.
05/08/2017 05:52:52.92 [Information] Successfull execute Install Action 'New:krl.Copy(KRC:\R1\Program\OLP\wkz11_ETB_STB_off.dat), 6500'.
05/08/2017 05:52:53.03 [Information] Successfull execute Install Action 'New:krl.Copy(KRC:\R1\Program\OLP\ho_com_02_ag01_g01.dat), 6500'.
05/08/2017 05:52:53.12 [Information] Successfull execute Install Action 'New:krl.Copy(KRC:\R1\Program\wkz9_ab.dat), 6500'.
05/08/2017 05:52:53.23 [Information] Successfull execute Install Action 'New:krl.Copy(KRC:\R1\Program\wkz9_an.dat), 6500'.
05/08/2017 05:52:53.34 [Information] Successfull execute Install Action 'New:krl.Copy(KRC:\R1\Program\OLP\ho_com_03_ag01_g02.dat), 6500'.
05/08/2017 05:52:53.43 [Information] Successfull execute Install Action 'New:krl.Copy(KRC:\R1\Program\wkz7_an_new.dat), 6500'.
05/08/2017 05:52:53.51 [Information] Successfull execute Install Action 'New:krl.Copy(KRC:\R1\Program\Subroutines\chk_w7_atua_magnetico.dat), 6500'.
05/08/2017 05:52:53.59 [Information] Successfull execute Install Action 'New:krl.Copy(KRC:\R1\Program\wkz7_an.dat), 6500'.
05/08/2017 05:52:53.68 [Information] Successfull execute Install Action 'New:krl.Copy(KRC:\R1\Program\wkz7_ab.dat), 6500'.
05/08/2017 05:52:53.82 [Information] Successfull execute Install Action 'New:krl.Copy(KRC:\R1\Program\ho_st600_r1_new.dat), 6500'.
05/08/2017 05:52:53.93 [Information] Successfull execute Install Action 'New:krl.Copy(KRC:\R1\Program\wkz7_ab_new.dat), 6500'.
05/08/2017 05:52:54.04 [Information] Successfull execute Install Action 'New:krl.Copy(KRC:\R1\Program\f_fraes4.src), 7000'.
05/08/2017 05:52:54.16 [Information] Successfull execute Install Action 'New:krl.Copy(KRC:\R1\Program\wkz7_an.src), 7000'.
05/08/2017 05:52:54.24 [Information] Successfull execute Install Action 'New:krl.Copy(KRC:\R1\Program\Subroutines\chk_w7_atua_magnetico.src), 7000'.
05/08/2017 05:52:54.33 [Information] Successfull execute Install Action 'New:krl.Copy(KRC:\R1\Program\Subroutines\chk_w8_wechs_ok.src), 7000'.
05/08/2017 05:52:54.41 [Information] Successfull execute Install Action 'New:krl.Copy(KRC:\R1\Program\Subroutines\chk_w9_grp4_opn.src), 7000'.
05/08/2017 05:52:54.58 [Information] Successfull execute Install Action 'New:krl.Copy(KRC:\R1\Program\OLP\wkz9_lta_ltb_off.src), 7000'.
05/08/2017 05:52:54.75 [Information] Successfull execute Install Action 'New:krl.Copy(KRC:\R1\Program\wkz9_an.src), 7000'.
05/08/2017 05:52:54.83 [Information] Successfull execute Install Action 'New:krl.Copy(KRC:\R1\Program\wkz11_ab.src), 7000'.
05/08/2017 05:52:54.92 [Information] Successfull execute Install Action 'New:krl.Copy(KRC:\R1\Program\Subroutines\chk_w9_grp5_vac_on.src), 7000'.
05/08/2017 05:52:54.97 [Information] Successfull execute Install Action 'New:krl.Copy(KRC:\R1\Program\Subroutines\chk_w9_grp4_clo.src), 7000'.
05/08/2017 05:52:55.11 [Information] Successfull execute Install Action 'New:krl.Copy(KRC:\R1\Program\OLP\ab_com_03_st01_g02.src), 7000'.
05/08/2017 05:52:55.23 [Information] Successfull execute Install Action 'New:krl.Copy(KRC:\R1\Program\OLP\ho_com_02_ag01_g01.src), 7000'.
05/08/2017 05:52:55.34 [Information] Successfull execute Install Action 'New:krl.Copy(KRC:\R1\Program\wkz9_ab.src), 7000'.
05/08/2017 05:52:55.42 [Information] Successfull execute Install Action 'New:krl.Copy(KRC:\R1\Program\wkz7_ab.src), 7000'.
05/08/2017 05:52:55.54 [Information] Successfull execute Install Action 'New:krl.Copy(KRC:\R1\Program\OLP\ho_com_03_ag01_g02.src), 7000'.
05/08/2017 05:52:55.65 [Information] Successfull execute Install Action 'New:krl.Copy(KRC:\R1\Program\wkz11_an.src), 7000'.
05/08/2017 05:52:55.76 [Information] Successfull execute Install Action 'New:krl.Copy(KRC:\R1\Program\OLP\wkz11_ETB_STB_off.src), 7000'.
05/08/2017 05:52:55.90 [Information] Successfull execute Install Action 'New:krl.Copy(KRC:\R1\Program\OLP\ab_com_02_st01_g01.src), 7000'.
05/08/2017 05:52:55.99 [Information] Successfull execute Install Action 'New:krl.Copy(KRC:\R1\Program\wkz4_ab.src), 7000'.
05/08/2017 05:52:56.13 [Information] Successfull execute Install Action 'New:krl.Copy(KRC:\R1\Program\ps_ltc_res_x1.src), 7000'.
05/08/2017 05:52:56.27 [Information] Successfull execute Install Action 'New:krl.Copy(KRC:\R1\Program\Subroutines\mbini.src), 7000'.
05/08/2017 05:52:56.38 [Information] Successfull execute Install Action 'New:krl.Copy(KRC:\R1\Program\WKZ4_AN.src), 7000'.
05/08/2017 05:52:57.25 [Information] Successfull execute Install Action 'New:krl.Copy(KRC:\R1\DAI\dai_msg_library.src), 7000'.
05/08/2017 05:52:58.49 [Information] Successfull execute Install Action 'New:krl.Copy(KRC:\R1\TP\DAI_AG_Spot\userspot.src), 7000'.
05/08/2017 05:52:58.60 [Information] Successfull execute Install Action 'New:krl.Copy(KRC:\R1\Program\wkz6_an.src), 7000'.
05/08/2017 05:52:59.47 [Information] Successfull execute Install Action 'New:krl.Copy(KRC:\R1\Program\masref_user.src), 7000'.
05/08/2017 05:52:59.56 [Information] Successfull execute Install Action 'New:krl.Copy(KRC:\R1\Program\Subroutines\chk_w11_rps2_opn.src), 7000'.
05/08/2017 05:52:59.64 [Information] Successfull execute Install Action 'New:krl.Copy(KRC:\R1\Program\Subroutines\chk_w11_grp3_opn.src), 7000'.
05/08/2017 05:52:59.70 [Information] Successfull execute Install Action 'New:krl.Copy(KRC:\R1\Program\Subroutines\chk_w7_grp2_clo.src), 7000'.
05/08/2017 05:52:59.75 [Information] Successfull execute Install Action 'New:krl.Copy(KRC:\R1\Program\Subroutines\chk_w11_grp1_opn.src), 7000'.
05/08/2017 05:52:59.84 [Information] Successfull execute Install Action 'New:krl.Copy(KRC:\R1\Program\Subroutines\chk_w11_grp1_clo.src), 7000'.
05/08/2017 05:52:59.98 [Information] Successfull execute Install Action 'New:krl.Copy(KRC:\R1\Program\Subroutines\chk_w9_grp1_opn.src), 7000'.
05/08/2017 05:53:00.15 [Information] Successfull execute Install Action 'New:krl.Copy(KRC:\R1\Program\Subroutines\chk_w9_grp1_clo.src), 7000'.
05/08/2017 05:53:00.23 [Information] Successfull execute Install Action 'New:krl.Copy(KRC:\R1\Program\Subroutines\start_weld_respot.src), 7000'.
05/08/2017 05:53:01.10 [Information] Successfull execute Install Action 'New:krl.Copy(KRC:\R1\DAI\dai_ctrl_library.src), 7000'.
05/08/2017 05:53:01.27 [Information] Successfull execute Install Action 'New:krl.Copy(KRC:\R1\Program\wkz7_ab_new.src), 7000'.
05/08/2017 05:53:01.36 [Information] Successfull execute Install Action 'New:krl.Copy(KRC:\R1\Program\Subroutines\end_weld_respot.src), 7000'.
05/08/2017 05:53:01.47 [Information] Successfull execute Install Action 'New:krl.Copy(KRC:\R1\Program\wkz7_an_new.src), 7000'.
05/08/2017 05:53:01.55 [Information] Successfull execute Install Action 'New:krl.Copy(KRC:\R1\Program\ho_st600_r1_new.src), 7000'.
05/08/2017 05:53:01.55 [Information] CrcFileCreateAction 'New:safety.Create(Config:\User\Common\SCTLCRC.IMG), 99998': CRC container updated for file 'C:\KRC\ROBOTER\Config\User\Common\SAFEDEV.SAF'.
05/08/2017 05:53:01.55 [Information] Successfull execute Install Action 'New:safety.Create(Config:\User\Common\SCTLCRC.IMG), 99998'.
05/08/2017 05:53:01.58 [Information] Successfull execute Install Action 'Global.Reconfiguration(), 99999'.
05/08/2017 05:53:01.58 [Information] Installation successfull!
05/08/2017 05:53:02.65 [Information] Set current project: MBB_974042_1 V1.61.0.0
05/08/2017 05:53:03.04 [Information] Committed: Installed.
05/08/2017 05:53:03.13 [Information] *** Activation Successful.
05/08/2017 05:53:08.39 [Information] Committed: Activated.
05/08/2017 05:53:08.64 [Information] #----------------o0o---------------#
