14/09/2015 17:12:57.69 [Information] -------------------------------
14/09/2015 17:13:00.48 [Information] Prepare Installation of project "MBB_970497 V1.25.0.0".
14/09/2015 17:13:00.48 [Information] Current project was "MBB_970497 V1.24.0".
14/09/2015 17:13:01.50 [Warning] Element Type changed for {ExternalFileManifest Config:Copy(Config:\User\Common\SafetyConfigData.xml) - SavedExternal} -> safety
14/09/2015 17:13:01.50 [Warning] Element Type changed for {ExternalFileManifest Config:Copy(Config:\User\Common\SCtlPara.sg) - SavedExternal} -> safety
14/09/2015 17:13:01.50 [Warning] Element Type changed for {ExternalFileManifest Krl:Copy(C:\KRC\Roboter\Template\vg_appl.dat) - SavedExternal} -> file
14/09/2015 17:13:01.50 [Warning] Element Type changed for {ExternalFileManifest Krl:Copy(C:\KRC\Roboter\Template\vg_appl.src) - SavedExternal} -> file
14/09/2015 17:13:01.52 [Warning] Element Type changed for {ExternalFileManifest Krl:Copy(C:\KRC\Roboter\Template\vg_hp.dat) - SavedExternal} -> file
14/09/2015 17:13:01.52 [Warning] Element Type changed for {ExternalFileManifest Krl:Copy(C:\KRC\Roboter\Template\vg_hp.src) - SavedExternal} -> file
14/09/2015 17:13:01.52 [Warning] Element Type changed for {ExternalFileManifest Krl:Copy(C:\KRC\temp\ChangeLog.dat) - SavedExternal} -> file
14/09/2015 17:13:01.52 [Warning] Element Type changed for {ExternalFileManifest Krl:Copy(C:\KRC\temp\ToDo.dat) - SavedExternal} -> file
14/09/2015 17:13:01.52 [Information] SafetyHandler ignores element: '{ExternalFileManifest safety:Copy(Config:\User\Common\SafetyConfigData.xml) - SavedExternal}'
14/09/2015 17:13:01.52 [Information] SafetyHandler ignores element: '{ExternalFileManifest safety:Copy(Config:\User\Common\SCtlPara.sg) - SavedExternal}'
14/09/2015 17:13:01.52 [Information] SafetyHandler ignores element: '{ExternalFileManifest safety:Copy(Config:\User\Common\HNFINFO.SAF) - SavedExternal}'
14/09/2015 17:13:03.45 [Verbose] Ignore Action: New:file.Copy(C:\KRC\TP\USERTECH\TEMPLATE\dai_collision.kfd), 1500. MD5 check is identical!
14/09/2015 17:13:03.48 [Verbose] Ignore Action: New:file.Copy(C:\KRC\TP\USERTECH\TEMPLATE\DAI_AG_Spottech.KFD), 1500. MD5 check is identical!
14/09/2015 17:13:03.49 [Verbose] Ignore Action: New:file.Copy(C:\KRC\DATA\DAI_MSG_LIB.kxr), 1500. MD5 check is identical!
14/09/2015 17:13:03.49 [Verbose] Ignore Action: New:file.Copy(C:\KRC\TP\USERTECH\TEMPLATE\ICONS\prestrock_cl.ico), 1500. MD5 check is identical!
14/09/2015 17:13:03.49 [Verbose] Ignore Action: New:file.Copy(C:\KRC\TP\USERTECH\TEMPLATE\dai_velocity.kfd), 1500. MD5 check is identical!
14/09/2015 17:13:03.49 [Verbose] Ignore Action: New:file.Copy(C:\KRC\TP\USERTECH\TEMPLATE\dai_plus.kfd), 1500. MD5 check is identical!
14/09/2015 17:13:03.49 [Verbose] Ignore Action: New:file.Copy(C:\KRC\DATA\DAI_H_Prog.kxr), 1500. MD5 check is identical!
14/09/2015 17:13:03.49 [Verbose] Ignore Action: New:file.Copy(C:\KRC\Roboter\Template\vg_hp.src), 1500. MD5 check is identical!
14/09/2015 17:13:03.49 [Verbose] Ignore Action: New:file.Copy(C:\KRC\Roboter\Template\vg_hp.dat), 1500. MD5 check is identical!
14/09/2015 17:13:03.51 [Verbose] Ignore Action: New:file.Copy(C:\KRC\Roboter\Template\vg_appl.src), 1500. MD5 check is identical!
14/09/2015 17:13:03.51 [Verbose] Ignore Action: New:file.Copy(C:\KRC\DATA\DAI_Gripper.kxr), 1500. MD5 check is identical!
14/09/2015 17:13:03.51 [Verbose] Ignore Action: New:file.Copy(C:\KRC\DATA\DAI_ANTICOLL.kxr), 1500. MD5 check is identical!
14/09/2015 17:13:03.51 [Verbose] Ignore Action: New:file.Copy(C:\KRC\DATA\DAI_AG_Spot.kxr), 1500. MD5 check is identical!
14/09/2015 17:13:03.52 [Verbose] Ignore Action: New:file.Copy(C:\KRC\USER\Measurement.Points.cfg), 1500. MD5 check is identical!
14/09/2015 17:13:03.52 [Verbose] Ignore Action: New:file.Copy(C:\KRC\USER\Settings.xml), 1500. MD5 check is identical!
14/09/2015 17:13:03.52 [Verbose] Ignore Action: New:file.Copy(C:\KRC\USER\BackupManager.User.config), 1500. MD5 check is identical!
14/09/2015 17:13:03.52 [Verbose] Ignore Action: New:file.Copy(C:\KRC\USER\KLMDigitalIO.WriteProtectedOutputs.cfg), 1500. MD5 check is identical!
14/09/2015 17:13:03.52 [Verbose] Ignore Action: New:file.Copy(C:\KRC\temp\ToDo.dat), 1500. MD5 check is identical!
14/09/2015 17:13:03.52 [Verbose] Ignore Action: New:file.Copy(C:\KRC\TP\USERTECH\TEMPLATE\ICONS\prestrock_op.ico), 1500. MD5 check is identical!
14/09/2015 17:13:03.52 [Verbose] Ignore Action: New:file.Copy(C:\KRC\USER\InstallTech.cfg), 1500. MD5 check is identical!
14/09/2015 17:13:03.54 [Verbose] Ignore Action: New:file.Copy(C:\KRC\USER\KukaPMService.User.config), 1500. MD5 check is identical!
14/09/2015 17:13:03.54 [Verbose] Ignore Action: New:file.Copy(C:\KRC\USER\MaintenanceHandBook.User.config), 1500. MD5 check is identical!
14/09/2015 17:13:03.54 [Verbose] Ignore Action: New:file.Copy(C:\KRC\USER\InitialProjectSetup.User.config), 1500. MD5 check is identical!
14/09/2015 17:13:03.54 [Verbose] Ignore Action: New:file.Copy(C:\KRC\temp\ChangeLog.dat), 1500. MD5 check is identical!
14/09/2015 17:13:03.54 [Verbose] Ignore Action: New:file.Copy(C:\KRC\USER\ConfigMon.ini), 1500. MD5 check is identical!
14/09/2015 17:13:03.54 [Verbose] Ignore Action: New:file.Copy(C:\KRC\USER\Cross3.User.config), 1500. MD5 check is identical!
14/09/2015 17:13:03.54 [Verbose] Ignore Action: New:file.Copy(C:\KRC\USER\PMService.user.config), 1500. MD5 check is identical!
14/09/2015 17:13:03.56 [Verbose] Ignore Action: New:file.Copy(C:\KRC\SmartHMI\SmartHMI.exe.DAI_AG_Spot.config), 1500. MD5 check is identical!
14/09/2015 17:13:03.56 [Verbose] Ignore Action: New:file.Copy(C:\KRC\SmartHMI\SmartHMI.exe.DAI_STANDARD.config), 1500. MD5 check is identical!
14/09/2015 17:13:03.56 [Verbose] Ignore Action: New:file.Copy(C:\KRC\Roboter\Template\vg_appl.dat), 1500. MD5 check is identical!
14/09/2015 17:13:03.56 [Verbose] Ignore Action: New:file.Copy(C:\KRC\USER\WorkVisualServiceHost.User.config), 1500. MD5 check is identical!
14/09/2015 17:13:03.56 [Verbose] Ignore Action: New:file.Copy(C:\KRC\USER\ProjectExternalFileList.xml), 1500. MD5 check is identical!
14/09/2015 17:13:03.56 [Verbose] Ignore Action: New:file.Copy(C:\KRC\USER\SmartHMI.User.config), 1500. MD5 check is identical!
14/09/2015 17:13:03.56 [Verbose] Ignore Action: New:file.Copy(C:\KRC\USER\WaitForUserList.xml), 1500. MD5 check is identical!
14/09/2015 17:13:03.57 [Verbose] Ignore Action: New:config.Copy(Config:\User\Common\TimeSync.xml), 2000. MD5 check is identical!
14/09/2015 17:13:03.57 [Verbose] Ignore Action: New:config.Copy(Config:\User\Common\SysBusDriver.xml), 2000. MD5 check is identical!
14/09/2015 17:13:03.57 [Verbose] Ignore Action: New:config.Copy(Config:\User\Common\Mada\NGAxis\CtrlA4AddFct.xml), 2000. MD5 check is identical!
14/09/2015 17:13:03.57 [Verbose] Ignore Action: New:config.Copy(Config:\User\Common\VIO_USER_BUS.xml), 2000. MD5 check is identical!
14/09/2015 17:13:03.57 [Verbose] Ignore Action: New:config.Copy(Config:\User\Common\Modules_SysBusDriver.xml), 2000. MD5 check is identical!
14/09/2015 17:13:03.59 [Verbose] Ignore Action: New:config.Copy(Config:\User\Common\Modules_ProConOS.xml), 2000. MD5 check is identical!
14/09/2015 17:13:03.59 [Verbose] Ignore Action: New:config.Copy(Config:\User\Common\Modules_TimeSync.xml), 2000. MD5 check is identical!
14/09/2015 17:13:03.59 [Verbose] Ignore Action: New:config.Copy(Config:\User\Common\ProConOS_IO.xml), 2000. MD5 check is identical!
14/09/2015 17:13:03.59 [Verbose] Ignore Action: New:config.Copy(Config:\User\Common\ProConOS.xml), 2000. MD5 check is identical!
14/09/2015 17:13:03.60 [Verbose] Ignore Action: New:config.Copy(Config:\User\Common\Mada\NGAxis\CtrlA3AddFct.xml), 2000. MD5 check is identical!
14/09/2015 17:13:03.60 [Verbose] Ignore Action: New:config.Copy(Config:\User\Common\Mada\KRCAxes.xml), 2000. MD5 check is identical!
14/09/2015 17:13:03.60 [Verbose] Ignore Action: New:config.Copy(Config:\User\Common\Mada\NextGenDriveTech.xml), 2000. MD5 check is identical!
14/09/2015 17:13:03.62 [Verbose] Ignore Action: New:config.Copy(Config:\User\Common\Mada\EAWaggonDriverConfig.xml), 2000. MD5 check is identical!
14/09/2015 17:13:03.62 [Verbose] Ignore Action: New:config.Copy(Config:\User\Common\Mada\CFCore.xml), 2000. MD5 check is identical!
14/09/2015 17:13:03.62 [Verbose] Ignore Action: New:config.Copy(Config:\User\Common\Mada\CFCoreWaggonDriverConfig.xml), 2000. MD5 check is identical!
14/09/2015 17:13:03.62 [Verbose] Ignore Action: New:config.Copy(Config:\User\Common\Mada\NGAxis\CtrlA1AddFct.xml), 2000. MD5 check is identical!
14/09/2015 17:13:03.62 [Verbose] Ignore Action: New:config.Copy(Config:\User\Common\Mada\NGAxis\CtrlA2AddFct.xml), 2000. MD5 check is identical!
14/09/2015 17:13:03.62 [Verbose] Ignore Action: New:config.Copy(Config:\User\Common\Mada\MotionDrivers\mdrBrakeTest.ini), 2000. MD5 check is identical!
14/09/2015 17:13:03.62 [Verbose] Ignore Action: New:config.Copy(Config:\User\Common\Mada\SimuAxes.xml), 2000. MD5 check is identical!
14/09/2015 17:13:03.65 [Verbose] Ignore Action: New:config.Copy(Config:\User\Common\Mada\SimuAxesKrc.xml), 2000. MD5 check is identical!
14/09/2015 17:13:03.65 [Verbose] Ignore Action: New:config.Copy(Config:\User\Common\Modules_DevIO.xml), 2000. MD5 check is identical!
14/09/2015 17:13:03.65 [Verbose] Ignore Action: New:config.Copy(Config:\User\Common\ecat_DNM_Gateway.xml), 2000. MD5 check is identical!
14/09/2015 17:13:03.67 [Verbose] Ignore Action: New:config.Copy(Config:\User\Common\ecatms_sys_X44_swap.xml), 2000. MD5 check is identical!
14/09/2015 17:13:03.67 [Verbose] Ignore Action: New:config.Copy(Config:\User\Common\ecat_PBM_Gateway.xml), 2000. MD5 check is identical!
14/09/2015 17:13:03.67 [Verbose] Ignore Action: New:config.Copy(Config:\User\Common\EtherCATConfig.xsd), 2000. MD5 check is identical!
14/09/2015 17:13:03.67 [Verbose] Ignore Action: New:config.Copy(Config:\User\Common\ECAT_SYS_X44.xml), 2000. MD5 check is identical!
14/09/2015 17:13:03.67 [Verbose] Ignore Action: New:config.Copy(Config:\User\Cabinet\EtherCATConfig.xsd), 2000. MD5 check is identical!
14/09/2015 17:13:03.68 [Verbose] Ignore Action: New:config.Copy(Config:\User\Cabinet\ecatms_sys_X48_config.xml), 2000. MD5 check is identical!
14/09/2015 17:13:03.68 [Verbose] Ignore Action: New:config.Copy(Config:\User\Common\CabCtrl.xml), 2000. MD5 check is identical!
14/09/2015 17:13:03.68 [Verbose] Ignore Action: New:config.Copy(Config:\User\Common\DevIODriver.xml), 2000. MD5 check is identical!
14/09/2015 17:13:03.68 [Verbose] Ignore Action: New:config.Copy(Config:\User\Common\connectionchain.xml), 2000. MD5 check is identical!
14/09/2015 17:13:03.68 [Verbose] Ignore Action: New:config.Copy(Config:\User\Common\KrcExtConfMsg.xml), 2000. MD5 check is identical!
14/09/2015 17:13:03.70 [Verbose] Ignore Action: New:config.Copy(Config:\User\Common\KrcDryRun.xml), 2000. MD5 check is identical!
14/09/2015 17:13:03.70 [Verbose] Ignore Action: New:config.Copy(Config:\User\Common\Logging_BrakeTest.xml), 2000. MD5 check is identical!
14/09/2015 17:13:03.70 [Verbose] Ignore Action: New:config.Copy(Config:\User\Common\MainBoardDrv.xml), 2000. MD5 check is identical!
14/09/2015 17:13:03.70 [Verbose] Ignore Action: New:config.Copy(Config:\User\Common\Logging_System.xml), 2000. MD5 check is identical!
14/09/2015 17:13:03.70 [Information] ConfigCopyAction 'New:config.Copy(Config:\User\Common\IPPNIO.xml), 2000': Requests reconfiguration.
14/09/2015 17:13:03.70 [Verbose] Ignore Action: New:config.Copy(Config:\User\Common\KLIConfig.xml), 2000. MD5 check is identical!
14/09/2015 17:13:03.70 [Verbose] Ignore Action: New:config.Copy(Config:\User\Common\KNet.xml), 2000. MD5 check is identical!
14/09/2015 17:13:03.71 [Verbose] Ignore Action: New:config.Copy(Config:\User\Common\KrcConfig.xml), 2000. MD5 check is identical!
14/09/2015 17:13:03.71 [Verbose] Ignore Action: New:config.Copy(Config:\User\Common\KrcBackward.xml), 2000. MD5 check is identical!
14/09/2015 17:13:03.71 [Verbose] Ignore Action: New:config.Copy(Config:\User\Common\Mada\NGAxis\CtrlA5AddFct.xml), 2000. MD5 check is identical!
14/09/2015 17:13:03.71 [Verbose] Ignore Action: New:config.Copy(Config:\User\Common\060R200.BG4), 2000. MD5 check is identical!
14/09/2015 17:13:03.71 [Verbose] Ignore Action: New:config.Copy(Config:\User\Common\060R200.SVC), 2000. MD5 check is identical!
14/09/2015 17:13:03.73 [Verbose] Ignore Action: New:config.Copy(Config:\User\Common\060R200.D32), 2000. MD5 check is identical!
14/09/2015 17:13:03.73 [Verbose] Ignore Action: New:config.Copy(Config:\User\Common\060R200.INI), 2000. MD5 check is identical!
14/09/2015 17:13:03.73 [Verbose] Ignore Action: New:config.Copy(Config:\User\Common\ibspci.xml), 2000. MD5 check is identical!
14/09/2015 17:13:03.73 [Verbose] Ignore Action: New:config.Copy(Config:\User\Common\VxWin\knet.config), 2000. MD5 check is identical!
14/09/2015 17:13:03.73 [Verbose] Ignore Action: New:config.Copy(Config:\User\Common\Modules_PNIODriver.xml), 2000. MD5 check is identical!
14/09/2015 17:13:03.74 [Verbose] Ignore Action: New:config.Copy(Config:\User\Common\Modules_Interbus.xml), 2000. MD5 check is identical!
14/09/2015 17:13:03.74 [Information] ConfigCopyAction 'New:config.Copy(Config:\User\Common\KRC_IO.xml), 2000': Requests reconfiguration.
14/09/2015 17:13:03.74 [Warning] Ignore SafetyConfigParamAction: Copy "C:\KRC\ROBOTER\Config\User\Common\SCTLPARA.SAF". Param header and content check states identical data!
14/09/2015 17:13:03.74 [Warning] Ignore SafetyConfigParamAction: Copy "C:\KRC\ROBOTER\Config\User\Common\SCTLPARA.SAF". Param header and content check states identical data!
14/09/2015 17:13:03.76 [Information] SafetyParamInfoAction 'New:safety.Copy(Config:\User\Common\SCTLINFO.SAF), 2000': Ignored since safety parameter file is ignored too.
14/09/2015 17:13:03.76 [Information] ConfigCopyAction 'New:config.Copy(Config:\User\Common\Interbus.xml), 2000': Requests reconfiguration.
14/09/2015 17:13:03.82 [Information] SafetyNetworkInstallAction 'New:safety.Copy(Config:\User\Common\SAFEDEV.SAF), 2000': Checksum has to be updated.
14/09/2015 17:13:03.82 [Information] SafetyNetworkInstallAction 'New:safety.Copy(Config:\User\Common\SAFEDEV.SAF), 2000': Requests reconfiguration.
14/09/2015 17:13:03.84 [Information] ConfigCopyAction 'New:config.Copy(Config:\User\Cabinet\ecatms_config.xml), 2000': Requests reconfiguration.
14/09/2015 17:13:03.84 [Information] ConfigCopyAction 'New:config.Copy(Config:\User\Common\KrcIoSignals.xml), 2000': Requests reconfiguration.
14/09/2015 17:13:03.85 [Verbose] Ignore Action: New:config.Copy(Config:\User\Common\pndev1.xml), 2000. MD5 check is identical!
14/09/2015 17:13:03.85 [Information] ConfigCopyAction 'New:config.Copy(Config:\User\Common\PNIODriver.xml), 2000': Requests reconfiguration.
14/09/2015 17:13:03.85 [Verbose] Ignore Action: New:config.Copy(Config:\User\Common\Mada\SimuAxis\A5.xml), 2000. MD5 check is identical!
14/09/2015 17:13:03.85 [Verbose] Ignore Action: New:config.Copy(Config:\User\Common\Mada\SimuAxis\A4.xml), 2000. MD5 check is identical!
14/09/2015 17:13:03.85 [Verbose] Ignore Action: New:config.Copy(Config:\User\Common\MotionDrivers\loadDataDevice.ini), 2000. MD5 check is identical!
14/09/2015 17:13:03.85 [Verbose] Ignore Action: New:config.Copy(Config:\User\Common\Mada\SimuAxis\A6.xml), 2000. MD5 check is identical!
14/09/2015 17:13:03.87 [Verbose] Ignore Action: New:config.Copy(Config:\User\Common\Mada\SimuAxis\A1.xml), 2000. MD5 check is identical!
14/09/2015 17:13:03.87 [Verbose] Ignore Action: New:config.Copy(Config:\User\Common\Mada\NGAxis\CtrlA6AddFct.xml), 2000. MD5 check is identical!
14/09/2015 17:13:03.87 [Verbose] Ignore Action: New:config.Copy(Config:\User\Common\Mada\SimuAxis\A3.xml), 2000. MD5 check is identical!
14/09/2015 17:13:03.87 [Verbose] Ignore Action: New:config.Copy(Config:\User\Common\Mada\SimuAxis\A2.xml), 2000. MD5 check is identical!
14/09/2015 17:13:03.87 [Verbose] Ignore Action: New:config.Copy(Config:\User\Common\MotionDrivers\mdrBrakeTest.ini), 2000. MD5 check is identical!
14/09/2015 17:13:03.87 [Verbose] Ignore Action: New:config.Copy(Config:\User\Common\MotionDrivers\motiondrv.ini), 2000. MD5 check is identical!
14/09/2015 17:13:03.87 [Verbose] Ignore Action: New:config.Copy(Config:\User\Common\MotionDrivers\mdrVwAscii.ini), 2000. MD5 check is identical!
14/09/2015 17:13:03.88 [Verbose] Ignore Action: New:config.Copy(Config:\User\Common\PersistPC\NGDecouple.xml), 2000. MD5 check is identical!
14/09/2015 17:13:03.88 [Verbose] Ignore Action: New:config.Copy(Config:\User\Common\PersistPC\EncoderMastering.xml), 2000. MD5 check is identical!
14/09/2015 17:13:03.88 [Verbose] Ignore Action: New:config.Copy(Config:\User\Common\MotionDrivers\mdrEmily.ini), 2000. MD5 check is identical!
14/09/2015 17:13:03.88 [Verbose] Ignore Action: New:config.Copy(Config:\User\Common\MotionDrivers\mdrConveyor.ini), 2000. MD5 check is identical!
14/09/2015 17:13:03.88 [Verbose] Ignore Action: New:config.Copy(Config:\User\Common\MotionDrivers\mdrStandStill.ini), 2000. MD5 check is identical!
14/09/2015 17:13:03.90 [Verbose] Ignore Action: New:config.Copy(Config:\User\Common\MotionDrivers\mdrJointOffset.ini), 2000. MD5 check is identical!
14/09/2015 17:13:03.90 [Verbose] Ignore Action: New:mada.Copy(KRC:\R1\Mada\$machine.dat), 4000. MD5 check is identical!
14/09/2015 17:13:03.90 [Verbose] Ignore Action: New:mada.Copy(KRC:\STEU\Mada\$custom.dat), 4000. MD5 check is identical!
14/09/2015 17:13:03.92 [Verbose] Ignore Action: New:mada.Copy(KRC:\STEU\Mada\$machine.dat), 4000. MD5 check is identical!
14/09/2015 17:13:03.92 [Verbose] Ignore Action: New:mada.Copy(KRC:\STEU\Mada\$option.dat), 4000. MD5 check is identical!
14/09/2015 17:13:03.92 [Verbose] Ignore Action: New:mada.Copy(KRC:\R1\Mada\$robcor.dat), 4000. MD5 check is identical!
14/09/2015 17:13:03.92 [Information] KrcCopyAction 'New:mada.Copy(KRC:\R1\System\$config.dat), 4000': Requests stopping the program.
14/09/2015 17:13:03.92 [Verbose] Ignore Action: New:mada.Copy(KRC:\STEU\$config.dat), 4000. MD5 check is identical!
14/09/2015 17:13:03.93 [Verbose] Ignore Action: New:krl.Copy(KRC:\R1\Program\hp250.dat), 6500. MD5 check is identical!
14/09/2015 17:13:03.93 [Verbose] Ignore Action: New:krl.Copy(KRC:\R1\TP\CLOCK.dat), 6500. MD5 check is identical!
14/09/2015 17:13:03.93 [Verbose] Ignore Action: New:krl.Copy(KRC:\R1\Program\SubRoutine\solda_c3.dat), 6500. MD5 check is identical!
14/09/2015 17:13:03.93 [Verbose] Ignore Action: New:krl.Copy(KRC:\R1\Program\hp251.dat), 6500. MD5 check is identical!
14/09/2015 17:13:03.95 [Verbose] Ignore Action: New:krl.Copy(KRC:\R1\Program\teste_solda.dat), 6500. MD5 check is identical!
14/09/2015 17:13:03.95 [Verbose] Ignore Action: New:krl.Copy(KRC:\R1\Program\wkz4_an.dat), 6500. MD5 check is identical!
14/09/2015 17:13:03.95 [Verbose] Ignore Action: New:krl.Copy(KRC:\R1\Program\wkz4_ab.dat), 6500. MD5 check is identical!
14/09/2015 17:13:03.95 [Verbose] Ignore Action: New:krl.Copy(KRC:\R1\Program\wkz2_ab.dat), 6500. MD5 check is identical!
14/09/2015 17:13:03.95 [Verbose] Ignore Action: New:krl.Copy(KRC:\R1\Program\wkz1_ok.dat), 6500. MD5 check is identical!
14/09/2015 17:13:03.95 [Verbose] Ignore Action: New:krl.Copy(KRC:\R1\Program\wkz1_an.dat), 6500. MD5 check is identical!
14/09/2015 17:13:03.96 [Verbose] Ignore Action: New:krl.Copy(KRC:\R1\Program\wkz2_an.dat), 6500. MD5 check is identical!
14/09/2015 17:13:03.96 [Verbose] Ignore Action: New:krl.Copy(KRC:\R1\Program\wkz3_an.dat), 6500. MD5 check is identical!
14/09/2015 17:13:03.96 [Verbose] Ignore Action: New:krl.Copy(KRC:\R1\Program\wkz3_ab.dat), 6500. MD5 check is identical!
14/09/2015 17:13:03.96 [Verbose] Ignore Action: New:krl.Copy(KRC:\R1\Program\wkz2_off_st_geo.dat), 6500. MD5 check is identical!
14/09/2015 17:13:03.96 [Verbose] Ignore Action: New:krl.Copy(KRC:\R1\Program\ps_602c3.dat), 6500. MD5 check is identical!
14/09/2015 17:13:03.98 [Verbose] Ignore Action: New:krl.Copy(KRC:\R1\Program\OLP\ps_com_03_res_c02.dat), 6500. MD5 check is identical!
14/09/2015 17:13:03.98 [Verbose] Ignore Action: New:krl.Copy(KRC:\R1\Program\OLP\hp064.dat), 6500. MD5 check is identical!
14/09/2015 17:13:03.98 [Verbose] Ignore Action: New:krl.Copy(KRC:\R1\Program\OLP\hp061.dat), 6500. MD5 check is identical!
14/09/2015 17:13:03.98 [Verbose] Ignore Action: New:krl.Copy(KRC:\R1\Program\OLP\ps_com_03_res_c03.dat), 6500. MD5 check is identical!
14/09/2015 17:13:03.98 [Verbose] Ignore Action: New:krl.Copy(KRC:\R1\Program\OLP\_.dat), 6500. MD5 check is identical!
14/09/2015 17:13:03.99 [Verbose] Ignore Action: New:krl.Copy(KRC:\R1\Program\OLP\ps_com_05_res_c03.dat), 6500. MD5 check is identical!
14/09/2015 17:13:03.99 [Verbose] Ignore Action: New:krl.Copy(KRC:\R1\Program\OLP\ps_com_05_res_c02.dat), 6500. MD5 check is identical!
14/09/2015 17:13:03.99 [Verbose] Ignore Action: New:krl.Copy(KRC:\R1\Program\OLP\hp060.dat), 6500. MD5 check is identical!
14/09/2015 17:13:03.99 [Verbose] Ignore Action: New:krl.Copy(KRC:\R1\Program\f_fraes4.dat), 6500. MD5 check is identical!
14/09/2015 17:13:03.99 [Verbose] Ignore Action: New:krl.Copy(KRC:\R1\Program\e_fraes4.dat), 6500. MD5 check is identical!
14/09/2015 17:13:04.01 [Verbose] Ignore Action: New:krl.Copy(KRC:\R1\Program\wkz3_ok.dat), 6500. MD5 check is identical!
14/09/2015 17:13:04.01 [Verbose] Ignore Action: New:krl.Copy(KRC:\R1\Program\e_fraes3.dat), 6500. MD5 check is identical!
14/09/2015 17:13:04.01 [Verbose] Ignore Action: New:krl.Copy(KRC:\R1\Program\OLP\ps_com_04_res_c03.dat), 6500. MD5 check is identical!
14/09/2015 17:13:04.01 [Verbose] Ignore Action: New:krl.Copy(KRC:\R1\Program\OLP\ps_com_04_res_c02.dat), 6500. MD5 check is identical!
14/09/2015 17:13:04.01 [Verbose] Ignore Action: New:krl.Copy(KRC:\R1\Program\f_fraes3.dat), 6500. MD5 check is identical!
14/09/2015 17:13:04.03 [Verbose] Ignore Action: New:krl.Copy(KRC:\R1\Program\wartung.dat), 6500. MD5 check is identical!
14/09/2015 17:13:04.03 [Verbose] Ignore Action: New:krl.Copy(KRC:\R1\Program\reinigung.dat), 6500. MD5 check is identical!
14/09/2015 17:13:04.03 [Verbose] Ignore Action: New:krl.Copy(KRC:\R1\Program\hp010.dat), 6500. MD5 check is identical!
14/09/2015 17:13:04.03 [Verbose] Ignore Action: New:krl.Copy(KRC:\R1\Program\hp007.dat), 6500. MD5 check is identical!
14/09/2015 17:13:04.03 [Verbose] Ignore Action: New:krl.Copy(KRC:\R1\TP\Gripper_SpotTech\User_grp.dat), 6500. MD5 check is identical!
14/09/2015 17:13:04.03 [Verbose] Ignore Action: New:krl.Copy(KRC:\R1\Program\hp006.dat), 6500. MD5 check is identical!
14/09/2015 17:13:04.04 [Verbose] Ignore Action: New:krl.Copy(KRC:\R1\TP\DAI_AG_Spot\userspot.dat), 6500. MD5 check is identical!
14/09/2015 17:13:04.04 [Verbose] Ignore Action: New:krl.Copy(KRC:\R1\H_Prog\dai_VorNull.dat), 6500. MD5 check is identical!
14/09/2015 17:13:04.04 [Verbose] Ignore Action: New:krl.Copy(KRC:\R1\H_Prog\dai_robot_ok.dat), 6500. MD5 check is identical!
14/09/2015 17:13:04.04 [Verbose] Ignore Action: New:krl.Copy(KRC:\R1\Program\hp248.dat), 6500. MD5 check is identical!
14/09/2015 17:13:04.04 [Verbose] Ignore Action: New:krl.Copy(KRC:\R1\H_Prog\dai_ldd_xx.dat), 6500. MD5 check is identical!
14/09/2015 17:13:04.06 [Verbose] Ignore Action: New:krl.Copy(KRC:\R1\Program\hp241.dat), 6500. MD5 check is identical!
14/09/2015 17:13:04.06 [Verbose] Ignore Action: New:krl.Copy(KRC:\R1\Program\hp240.dat), 6500. MD5 check is identical!
14/09/2015 17:13:04.06 [Verbose] Ignore Action: New:krl.Copy(KRC:\R1\Program\e_fraes1.dat), 6500. MD5 check is identical!
14/09/2015 17:13:04.06 [Verbose] Ignore Action: New:krl.Copy(KRC:\R1\H_Prog\dai_tool_xx_chg.dat), 6500. MD5 check is identical!
14/09/2015 17:13:04.06 [Verbose] Ignore Action: New:krl.Copy(KRC:\R1\DAI\dai_ctrl_library.dat), 6500. MD5 check is identical!
14/09/2015 17:13:04.06 [Verbose] Ignore Action: New:krl.Copy(KRC:\R1\Program\hp001.dat), 6500. MD5 check is identical!
14/09/2015 17:13:04.07 [Verbose] Ignore Action: New:krl.Copy(KRC:\R1\DAI\user_global.dat), 6500. MD5 check is identical!
14/09/2015 17:13:04.07 [Verbose] Ignore Action: New:krl.Copy(KRC:\R1\Program\hp002.dat), 6500. MD5 check is identical!
14/09/2015 17:13:04.07 [Verbose] Ignore Action: New:krl.Copy(KRC:\R1\DAI\user_settings.dat), 6500. MD5 check is identical!
14/09/2015 17:13:04.07 [Verbose] Ignore Action: New:krl.Copy(KRC:\R1\Program\f_fraes1.dat), 6500. MD5 check is identical!
14/09/2015 17:13:04.07 [Verbose] Ignore Action: New:krl.Copy(KRC:\R1\Program\ab_st_accelo.dat), 6500. MD5 check is identical!
14/09/2015 17:13:04.09 [Verbose] Ignore Action: New:krl.Copy(KRC:\R1\Program\ho_st_accelo.dat), 6500. MD5 check is identical!
14/09/2015 17:13:04.09 [Verbose] Ignore Action: New:krl.Copy(KRC:\R1\DAI\dai_sps_library.dat), 6500. MD5 check is identical!
14/09/2015 17:13:04.09 [Verbose] Ignore Action: New:krl.Copy(KRC:\R1\DAI\dai_global.dat), 6500. MD5 check is identical!
14/09/2015 17:13:04.09 [Verbose] Ignore Action: New:krl.Copy(KRC:\R1\DAI\dai_data_library.dat), 6500. MD5 check is identical!
14/09/2015 17:13:04.09 [Verbose] Ignore Action: New:krl.Copy(KRC:\R1\Program\hp005.dat), 6500. MD5 check is identical!
14/09/2015 17:13:04.09 [Verbose] Ignore Action: New:krl.Copy(KRC:\R1\Program\hp004.dat), 6500. MD5 check is identical!
14/09/2015 17:13:04.10 [Verbose] Ignore Action: New:krl.Copy(KRC:\R1\Program\hp003.dat), 6500. MD5 check is identical!
14/09/2015 17:13:04.10 [Verbose] Ignore Action: New:krl.Copy(KRC:\R1\DAI\dai_msg_library.dat), 6500. MD5 check is identical!
14/09/2015 17:13:04.10 [Verbose] Ignore Action: New:krl.Copy(KRC:\R1\DAI\dai_math_library.dat), 6500. MD5 check is identical!
14/09/2015 17:13:04.10 [Verbose] Ignore Action: New:krl.Copy(KRC:\R1\H_Prog\dai_grp_xx_ok.dat), 6500. MD5 check is identical!
14/09/2015 17:13:04.10 [Verbose] Ignore Action: New:krl.Copy(KRC:\R1\System\MsgLib.dat), 6500. MD5 check is identical!
14/09/2015 17:13:04.12 [Verbose] Ignore Action: New:krl.Copy(KRC:\R1\TP\BrakeTest\BrakeTestBack.dat), 6500. MD5 check is identical!
14/09/2015 17:13:04.12 [Verbose] Ignore Action: New:krl.Copy(KRC:\R1\TP\BrakeTest\BrakeTestReq.dat), 6500. MD5 check is identical!
14/09/2015 17:13:04.12 [Verbose] Ignore Action: New:krl.Copy(KRC:\R1\Program\tm_useraction.dat), 6500. MD5 check is identical!
14/09/2015 17:13:04.12 [Verbose] Ignore Action: New:krl.Copy(KRC:\R1\Program\ps_602s1.dat), 6500. MD5 check is identical!
14/09/2015 17:13:04.12 [Verbose] Ignore Action: New:krl.Copy(KRC:\R1\System\masref_main.dat), 6500. MD5 check is identical!
14/09/2015 17:13:04.14 [Verbose] Ignore Action: New:krl.Copy(KRC:\R1\Program\ps_602c1.dat), 6500. MD5 check is identical!
14/09/2015 17:13:04.14 [Verbose] Ignore Action: New:krl.Copy(KRC:\R1\TP\p00.dat), 6500. MD5 check is identical!
14/09/2015 17:13:04.14 [Verbose] Ignore Action: New:krl.Copy(KRC:\R1\System\tm_bib.dat), 6500. MD5 check is identical!
14/09/2015 17:13:04.14 [Verbose] Ignore Action: New:krl.Copy(KRC:\R1\Program\tip_change.dat), 6500. MD5 check is identical!
14/09/2015 17:13:04.14 [Verbose] Ignore Action: New:krl.Copy(KRC:\R1\Program\masref_user.dat), 6500. MD5 check is identical!
14/09/2015 17:13:04.15 [Verbose] Ignore Action: New:krl.Copy(KRC:\R1\Program\ps_602a1.dat), 6500. MD5 check is identical!
14/09/2015 17:13:04.15 [Verbose] Ignore Action: New:krl.Copy(KRC:\R1\TP\BrakeTest\BrakeTestStart.dat), 6500. MD5 check is identical!
14/09/2015 17:13:04.15 [Verbose] Ignore Action: New:krl.Copy(KRC:\R1\Program\wkz1_ab.dat), 6500. MD5 check is identical!
14/09/2015 17:13:04.15 [Verbose] Ignore Action: New:krl.Copy(KRC:\R1\TP\BrakeTest\BrakeTestPark.dat), 6500. MD5 check is identical!
14/09/2015 17:13:04.15 [Verbose] Ignore Action: New:krl.Copy(KRC:\R1\H_Prog\dai_tool_xx_ok.dat), 6500. MD5 check is identical!
14/09/2015 17:13:04.15 [Verbose] Ignore Action: New:krl.Copy(KRC:\R1\TP\BrakeTest\BrakeTestSelfTest.dat), 6500. MD5 check is identical!
14/09/2015 17:13:04.17 [Verbose] Ignore Action: New:krl.Copy(KRC:\R1\System\ir_stopm.src), 7000. MD5 check is identical!
14/09/2015 17:13:04.17 [Verbose] Ignore Action: New:krl.Copy(KRC:\R1\System\masref_main.src), 7000. MD5 check is identical!
14/09/2015 17:13:04.17 [Verbose] Ignore Action: New:krl.Copy(KRC:\R1\Program\tip_change.src), 7000. MD5 check is identical!
14/09/2015 17:13:04.17 [Verbose] Ignore Action: New:krl.Copy(KRC:\R1\DAI\dai_math_library.src), 7000. MD5 check is identical!
14/09/2015 17:13:04.17 [Verbose] Ignore Action: New:krl.Copy(KRC:\R1\Program\ab_st_accelo.src), 7000. MD5 check is identical!
14/09/2015 17:13:04.18 [Verbose] Ignore Action: New:krl.Copy(KRC:\R1\System\bas.src), 7000. MD5 check is identical!
14/09/2015 17:13:04.18 [Verbose] Ignore Action: New:krl.Copy(KRC:\R1\DAI\dai_tech_loop.src), 7000. MD5 check is identical!
14/09/2015 17:13:04.18 [Verbose] Ignore Action: New:krl.Copy(KRC:\R1\Program\masref_user.src), 7000. MD5 check is identical!
14/09/2015 17:13:04.18 [Verbose] Ignore Action: New:krl.Copy(KRC:\R1\DAI\user_sps_ini.src), 7000. MD5 check is identical!
14/09/2015 17:13:04.18 [Verbose] Ignore Action: New:krl.Copy(KRC:\R1\DAI\dai_sps_library.src), 7000. MD5 check is identical!
14/09/2015 17:13:04.20 [Verbose] Ignore Action: New:krl.Copy(KRC:\R1\DAI\dai_msg_library.src), 7000. MD5 check is identical!
14/09/2015 17:13:04.20 [Verbose] Ignore Action: New:krl.Copy(KRC:\R1\DAI\dai_sps_init.src), 7000. MD5 check is identical!
14/09/2015 17:13:04.20 [Verbose] Ignore Action: New:krl.Copy(KRC:\R1\Program\tm_useraction.src), 7000. MD5 check is identical!
14/09/2015 17:13:04.20 [Verbose] Ignore Action: New:krl.Copy(KRC:\R1\DAI\dai_data_library.src), 7000. MD5 check is identical!
14/09/2015 17:13:04.20 [Verbose] Ignore Action: New:krl.Copy(KRC:\R1\TP\BrakeTest\BrakeTestReq.src), 7000. MD5 check is identical!
14/09/2015 17:13:04.21 [Verbose] Ignore Action: New:krl.Copy(KRC:\R1\H_Prog\dai_tool_xx_chg.src), 7000. MD5 check is identical!
14/09/2015 17:13:04.21 [Verbose] Ignore Action: New:krl.Copy(KRC:\R1\H_Prog\dai_tool_xx_ok.src), 7000. MD5 check is identical!
14/09/2015 17:13:04.21 [Verbose] Ignore Action: New:krl.Copy(KRC:\R1\H_Prog\dai_VorNull.src), 7000. MD5 check is identical!
14/09/2015 17:13:04.21 [Verbose] Ignore Action: New:krl.Copy(KRC:\R1\TP\BrakeTest\BrakeTestPark.src), 7000. MD5 check is identical!
14/09/2015 17:13:04.21 [Verbose] Ignore Action: New:krl.Copy(KRC:\R1\TP\BrakeTest\BrakeTestStart.src), 7000. MD5 check is identical!
14/09/2015 17:13:04.21 [Verbose] Ignore Action: New:krl.Copy(KRC:\R1\H_Prog\dai_grp_xx_ok.src), 7000. MD5 check is identical!
14/09/2015 17:13:04.23 [Verbose] Ignore Action: New:krl.Copy(KRC:\R1\H_Prog\dai_ldd_xx.src), 7000. MD5 check is identical!
14/09/2015 17:13:04.23 [Verbose] Ignore Action: New:krl.Copy(KRC:\R1\TP\BrakeTest\BrakeTestSelfTest.src), 7000. MD5 check is identical!
14/09/2015 17:13:04.23 [Verbose] Ignore Action: New:krl.Copy(KRC:\R1\H_Prog\dai_robot_ok.src), 7000. MD5 check is identical!
14/09/2015 17:13:04.23 [Verbose] Ignore Action: New:krl.Copy(KRC:\R1\TP\BrakeTest\BrakeTestBack.src), 7000. MD5 check is identical!
14/09/2015 17:13:04.23 [Verbose] Ignore Action: New:krl.Copy(KRC:\R1\TP\Gripper_SpotTech\User_grp.src), 7000. MD5 check is identical!
14/09/2015 17:13:04.25 [Verbose] Ignore Action: New:krl.Copy(KRC:\R1\System\tm_bib.src), 7000. MD5 check is identical!
14/09/2015 17:13:04.25 [Verbose] Ignore Action: New:krl.Copy(KRC:\R1\System\sps.sub), 7000. MD5 check is identical!
14/09/2015 17:13:04.25 [Verbose] Ignore Action: New:krl.Copy(KRC:\R1\DAI\dai_ctrl_library.src), 7000. MD5 check is identical!
14/09/2015 17:13:04.25 [Verbose] Ignore Action: New:krl.Copy(KRC:\R1\System\MsgLib.src), 7000. MD5 check is identical!
14/09/2015 17:13:04.26 [Verbose] Ignore Action: New:krl.Copy(KRC:\R1\Program\wartung.src), 7000. MD5 check is identical!
14/09/2015 17:13:04.26 [Verbose] Ignore Action: New:krl.Copy(KRC:\R1\Program\reinigung.src), 7000. MD5 check is identical!
14/09/2015 17:13:04.26 [Verbose] Ignore Action: New:krl.Copy(KRC:\R1\TP\p00.src), 7000. MD5 check is identical!
14/09/2015 17:13:04.26 [Verbose] Ignore Action: New:krl.Copy(KRC:\R1\TP\Gripper_SpotTech\h50.src), 7000. MD5 check is identical!
14/09/2015 17:13:04.26 [Verbose] Ignore Action: New:krl.Copy(KRC:\R1\TP\DAI_AG_Spot\userspot.src), 7000. MD5 check is identical!
14/09/2015 17:13:04.28 [Verbose] Ignore Action: New:krl.Copy(KRC:\R1\Program\SubRoutine\end_weld_geometria.src), 7000. MD5 check is identical!
14/09/2015 17:13:04.28 [Verbose] Ignore Action: New:krl.Copy(KRC:\R1\Program\SubRoutine\chk_w3_wechs_ok.src), 7000. MD5 check is identical!
14/09/2015 17:13:04.28 [Verbose] Ignore Action: New:krl.Copy(KRC:\R1\Program\SubRoutine\lib_busca_gripper.src), 7000. MD5 check is identical!
14/09/2015 17:13:04.28 [Verbose] Ignore Action: New:krl.Copy(KRC:\R1\Program\SubRoutine\end_weld_respot.src), 7000. MD5 check is identical!
14/09/2015 17:13:04.28 [Verbose] Ignore Action: New:krl.Copy(KRC:\R1\Program\SubRoutine\chk_w0_wechs_ok.src), 7000. MD5 check is identical!
14/09/2015 17:13:04.28 [Verbose] Ignore Action: New:krl.Copy(KRC:\R1\Program\SubRoutine\chk_vacuo_ok.src), 7000. MD5 check is identical!
14/09/2015 17:13:04.29 [Verbose] Ignore Action: New:krl.Copy(KRC:\R1\Program\SubRoutine\chk_w2_wechs_ok.src), 7000. MD5 check is identical!
14/09/2015 17:13:04.29 [Verbose] Ignore Action: New:krl.Copy(KRC:\R1\Program\SubRoutine\chk_w1_wechs_ok.src), 7000. MD5 check is identical!
14/09/2015 17:13:04.29 [Verbose] Ignore Action: New:krl.Copy(KRC:\R1\Program\hp250.src), 7000. MD5 check is identical!
14/09/2015 17:13:04.29 [Verbose] Ignore Action: New:krl.Copy(KRC:\R1\TP\CLOCK.src), 7000. MD5 check is identical!
14/09/2015 17:13:04.29 [Verbose] Ignore Action: New:krl.Copy(KRC:\R1\Program\hp251.src), 7000. MD5 check is identical!
14/09/2015 17:13:04.29 [Verbose] Ignore Action: New:krl.Copy(KRC:\R1\Program\hp241.src), 7000. MD5 check is identical!
14/09/2015 17:13:04.31 [Verbose] Ignore Action: New:krl.Copy(KRC:\R1\Program\SubRoutine\solda_c3.src), 7000. MD5 check is identical!
14/09/2015 17:13:04.31 [Verbose] Ignore Action: New:krl.Copy(KRC:\R1\Program\SubRoutine\mbini.src), 7000. MD5 check is identical!
14/09/2015 17:13:04.31 [Verbose] Ignore Action: New:krl.Copy(KRC:\R1\Program\hp248.src), 7000. MD5 check is identical!
14/09/2015 17:13:04.31 [Verbose] Ignore Action: New:krl.Copy(KRC:\R1\Program\SubRoutine\trabalho_concluido.src), 7000. MD5 check is identical!
14/09/2015 17:13:04.31 [Verbose] Ignore Action: New:krl.Copy(KRC:\R1\Program\wkz2_an.src), 7000. MD5 check is identical!
14/09/2015 17:13:04.32 [Verbose] Ignore Action: New:krl.Copy(KRC:\R1\Program\wkz2_ab.src), 7000. MD5 check is identical!
14/09/2015 17:13:04.32 [Verbose] Ignore Action: New:krl.Copy(KRC:\R1\Program\wkz2_off_st_geo.src), 7000. MD5 check is identical!
14/09/2015 17:13:04.32 [Verbose] Ignore Action: New:krl.Copy(KRC:\R1\Program\ps_602c1.src), 7000. MD5 check is identical!
14/09/2015 17:13:04.32 [Verbose] Ignore Action: New:krl.Copy(KRC:\R1\Program\wkz1_an.src), 7000. MD5 check is identical!
14/09/2015 17:13:04.32 [Verbose] Ignore Action: New:krl.Copy(KRC:\R1\Program\wkz1_ab.src), 7000. MD5 check is identical!
14/09/2015 17:13:04.34 [Verbose] Ignore Action: New:krl.Copy(KRC:\R1\Program\ps_602s1.src), 7000. MD5 check is identical!
14/09/2015 17:13:04.34 [Verbose] Ignore Action: New:krl.Copy(KRC:\R1\Program\wkz1_ok.src), 7000. MD5 check is identical!
14/09/2015 17:13:04.34 [Verbose] Ignore Action: New:krl.Copy(KRC:\R1\Program\SubRoutine\chk_grp3_clo.src), 7000. MD5 check is identical!
14/09/2015 17:13:04.34 [Verbose] Ignore Action: New:krl.Copy(KRC:\R1\Program\SubRoutine\chk_grp1_opn.src), 7000. MD5 check is identical!
14/09/2015 17:13:04.34 [Verbose] Ignore Action: New:krl.Copy(KRC:\R1\Program\SubRoutine\chk_vacuo_nok.src), 7000. MD5 check is identical!
14/09/2015 17:13:04.36 [Verbose] Ignore Action: New:krl.Copy(KRC:\R1\Program\SubRoutine\chk_grp3_opn.src), 7000. MD5 check is identical!
14/09/2015 17:13:04.36 [Verbose] Ignore Action: New:krl.Copy(KRC:\R1\Program\ps_602a1.src), 7000. MD5 check is identical!
14/09/2015 17:13:04.36 [Verbose] Ignore Action: New:krl.Copy(KRC:\R1\Program\wkz3_ab.src), 7000. MD5 check is identical!
14/09/2015 17:13:04.36 [Verbose] Ignore Action: New:krl.Copy(KRC:\R1\Program\SubRoutine\chk_grp1_clo.src), 7000. MD5 check is identical!
14/09/2015 17:13:04.36 [Verbose] Ignore Action: New:krl.Copy(KRC:\R1\Program\wkz3_an.src), 7000. MD5 check is identical!
14/09/2015 17:13:04.37 [Verbose] Ignore Action: New:krl.Copy(KRC:\R1\Program\wkz4_ab.src), 7000. MD5 check is identical!
14/09/2015 17:13:04.37 [Verbose] Ignore Action: New:krl.Copy(KRC:\R1\Program\OLP\hp064.src), 7000. MD5 check is identical!
14/09/2015 17:13:04.37 [Verbose] Ignore Action: New:krl.Copy(KRC:\R1\Program\hp003.src), 7000. MD5 check is identical!
14/09/2015 17:13:04.37 [Verbose] Ignore Action: New:krl.Copy(KRC:\R1\Program\hp002.src), 7000. MD5 check is identical!
14/09/2015 17:13:04.39 [Verbose] Ignore Action: New:krl.Copy(KRC:\R1\Program\OLP\ps_com_03_res_c02.src), 7000. MD5 check is identical!
14/09/2015 17:13:04.39 [Verbose] Ignore Action: New:krl.Copy(KRC:\R1\Program\hp004.src), 7000. MD5 check is identical!
14/09/2015 17:13:04.39 [Verbose] Ignore Action: New:krl.Copy(KRC:\R1\Program\SubRoutine\perfil_livre.src), 7000. MD5 check is identical!
14/09/2015 17:13:04.39 [Verbose] Ignore Action: New:krl.Copy(KRC:\R1\Program\OLP\hp061.src), 7000. MD5 check is identical!
14/09/2015 17:13:04.39 [Verbose] Ignore Action: New:krl.Copy(KRC:\R1\Program\OLP\hp060.src), 7000. MD5 check is identical!
14/09/2015 17:13:04.39 [Verbose] Ignore Action: New:krl.Copy(KRC:\R1\Program\ho_st_accelo.src), 7000. MD5 check is identical!
14/09/2015 17:13:04.40 [Verbose] Ignore Action: New:krl.Copy(KRC:\R1\Program\OLP\_.src), 7000. MD5 check is identical!
14/09/2015 17:13:04.40 [Verbose] Ignore Action: New:krl.Copy(KRC:\R1\Program\e_fraes1.src), 7000. MD5 check is identical!
14/09/2015 17:13:04.40 [Verbose] Ignore Action: New:krl.Copy(KRC:\R1\Program\f_fraes1.src), 7000. MD5 check is identical!
14/09/2015 17:13:04.40 [Verbose] Ignore Action: New:krl.Copy(KRC:\R1\Program\OLP\ps_com_05_res_c02.src), 7000. MD5 check is identical!
14/09/2015 17:13:04.42 [Verbose] Ignore Action: New:krl.Copy(KRC:\R1\Program\OLP\ps_com_03_res_c03.src), 7000. MD5 check is identical!
14/09/2015 17:13:04.42 [Verbose] Ignore Action: New:krl.Copy(KRC:\R1\Program\OLP\ps_com_05_res_c03.src), 7000. MD5 check is identical!
14/09/2015 17:13:04.42 [Verbose] Ignore Action: New:krl.Copy(KRC:\R1\Program\hp001.src), 7000. MD5 check is identical!
14/09/2015 17:13:04.42 [Verbose] Ignore Action: New:krl.Copy(KRC:\R1\Program\wkz3_ok.src), 7000. MD5 check is identical!
14/09/2015 17:13:04.42 [Verbose] Ignore Action: New:krl.Copy(KRC:\R1\Program\ps_602c3.src), 7000. MD5 check is identical!
14/09/2015 17:13:04.42 [Verbose] Ignore Action: New:krl.Copy(KRC:\R1\Program\hp007.src), 7000. MD5 check is identical!
14/09/2015 17:13:04.43 [Verbose] Ignore Action: New:krl.Copy(KRC:\R1\Program\SubRoutine\chk_w4_wechs_ok.src), 7000. MD5 check is identical!
14/09/2015 17:13:04.43 [Verbose] Ignore Action: New:krl.Copy(KRC:\R1\Program\wkz4_an.src), 7000. MD5 check is identical!
14/09/2015 17:13:04.43 [Verbose] Ignore Action: New:krl.Copy(KRC:\R1\Program\hp240.src), 7000. MD5 check is identical!
14/09/2015 17:13:04.43 [Verbose] Ignore Action: New:krl.Copy(KRC:\R1\Program\hp010.src), 7000. MD5 check is identical!
14/09/2015 17:13:04.43 [Verbose] Ignore Action: New:krl.Copy(KRC:\R1\Program\teste_solda.src), 7000. MD5 check is identical!
14/09/2015 17:13:04.45 [Verbose] Ignore Action: New:krl.Copy(KRC:\R1\Program\hp005.src), 7000. MD5 check is identical!
14/09/2015 17:13:04.45 [Verbose] Ignore Action: New:krl.Copy(KRC:\R1\Program\f_fraes3.src), 7000. MD5 check is identical!
14/09/2015 17:13:04.45 [Verbose] Ignore Action: New:krl.Copy(KRC:\R1\Program\OLP\ps_com_04_res_c03.src), 7000. MD5 check is identical!
14/09/2015 17:13:04.45 [Verbose] Ignore Action: New:krl.Copy(KRC:\R1\Program\OLP\ps_com_04_res_c02.src), 7000. MD5 check is identical!
14/09/2015 17:13:04.45 [Verbose] Ignore Action: New:krl.Copy(KRC:\R1\Program\f_fraes4.src), 7000. MD5 check is identical!
14/09/2015 17:13:04.47 [Verbose] Ignore Action: New:krl.Copy(KRC:\R1\Program\e_fraes4.src), 7000. MD5 check is identical!
14/09/2015 17:13:04.47 [Verbose] Ignore Action: New:krl.Copy(KRC:\R1\Program\e_fraes3.src), 7000. MD5 check is identical!
14/09/2015 17:13:04.47 [Verbose] Ignore Action: New:krl.Copy(KRC:\R1\Program\hp006.src), 7000. MD5 check is identical!
14/09/2015 17:13:04.47 [Information] Ignore Action: New:solution.Copy(C:\KRC\User\ProjectRoot\MBB_970497\MBB_970497.wvs), 9000. Copy only once!
14/09/2015 17:13:04.76 [Warning] Ignore UserPdiGenerationAction: Create "C:\KRC\Roboter\Config\User\Common\USERPDI.SAF". Header and content check states identical data!
14/09/2015 17:13:04.78 [Information] CrcFileCreateAction 'New:safety.Create(Config:\User\Common\SCTLCRC.IMG), 99998': Requests reconfiguration.
14/09/2015 17:13:11.12 [Information] Successfull execute PrepareAction 'Global.UserPermission(), 1000'.
14/09/2015 17:13:11.13 [Information] Execute Global.StopProgram(), 2000. Krc not in Automatic!
14/09/2015 17:13:11.15 [Information] Successfull execute PrepareAction 'Global.StopProgram(), 2000'.
14/09/2015 17:13:11.23 [Information] Committed: Prepared.
14/09/2015 17:13:11.29 [Information] Start installation of "MBB_970497 V1.25.0.0".
14/09/2015 17:13:11.29 [Information] Reset current project!
14/09/2015 17:13:11.34 [Information] Successfull execute Install Action 'Global.PrepareReconfiguration(), 0'.
14/09/2015 17:13:11.34 [Information] Successfull execute Install Action 'New:file.Copy(C:\KRC\Roboter\RDC\MaintenanceLog.xml), 1500'.
14/09/2015 17:13:11.35 [Information] Successfull execute Install Action 'New:file.Copy(C:\KRC\Roboter\RDC\970497.mam), 1500'.
14/09/2015 17:13:11.35 [Information] Successfull execute Install Action 'New:file.Copy(C:\KRC\Roboter\RDC\KLIConfig.xml), 1500'.
14/09/2015 17:13:11.38 [Information] Successfull execute Install Action 'New:file.Copy(C:\KRC\Roboter\RDC\prec_rob0000970497.xml), 1500'.
14/09/2015 17:13:11.40 [Information] Successfull execute Install Action 'New:file.Copy(C:\KRC\Roboter\RDC\RobotInfo.xml), 1500'.
14/09/2015 17:13:11.40 [Information] Successfull execute Install Action 'New:file.Copy(C:\KRC\Roboter\RDC\RdcDirectoryContents.txt), 1500'.
14/09/2015 17:13:11.41 [Information] Successfull execute Install Action 'New:file.Copy(C:\KRC\Roboter\RDC\RobotData.xml), 1500'.
14/09/2015 17:13:11.41 [Information] Successfull execute Install Action 'New:config.Copy(Config:\User\Common\KRC_IO.xml), 2000'.
14/09/2015 17:13:11.43 [Information] Successfull execute Install Action 'New:config.Copy(Config:\User\Cabinet\ecatms_config.xml), 2000'.
14/09/2015 17:13:11.45 [Information] Successfull execute Install Action 'New:config.Copy(Config:\User\Common\KrcIoSignals.xml), 2000'.
14/09/2015 17:13:11.45 [Information] Successfull execute Install Action 'New:config.Copy(Config:\User\Common\Interbus.xml), 2000'.
14/09/2015 17:13:11.49 [Information] SafetyNetworkInstallAction 'New:safety.Copy(Config:\User\Common\SAFEDEV.SAF), 2000': Checksum written.
14/09/2015 17:13:11.49 [Information] Successfull execute Install Action 'New:safety.Copy(Config:\User\Common\SAFEDEV.SAF), 2000'.
14/09/2015 17:13:11.51 [Information] Successfull execute Install Action 'New:config.Copy(Config:\User\Common\PNIODriver.xml), 2000'.
14/09/2015 17:13:11.51 [Information] Successfull execute Install Action 'New:config.Copy(Config:\User\Common\IPPNIO.xml), 2000'.
14/09/2015 17:13:12.35 [Information] Successfull execute Install Action 'New:mada.Copy(KRC:\R1\System\$config.dat), 4000'.
14/09/2015 17:13:12.35 [Information] CrcFileCreateAction 'New:safety.Create(Config:\User\Common\SCTLCRC.IMG), 99998': CRC container updated for file 'C:\KRC\ROBOTER\Config\User\Common\SAFEDEV.SAF'.
14/09/2015 17:13:12.37 [Information] Successfull execute Install Action 'New:safety.Create(Config:\User\Common\SCTLCRC.IMG), 99998'.
14/09/2015 17:13:12.48 [Information] Successfull execute Install Action 'Global.Reconfiguration(), 99999'.
14/09/2015 17:13:12.48 [Information] Installation successfull!
14/09/2015 17:13:12.78 [Information] Set current project: MBB_970497 V1.25.0.0
14/09/2015 17:13:12.87 [Information] Committed: Installed.
14/09/2015 17:13:12.90 [Information] *** Activation Successful.
14/09/2015 17:13:14.36 [Information] Committed: Activated.
14/09/2015 17:13:14.46 [Information] #----------------o0o---------------#
