04/07/2015 12:42:00.76 [Information] -------------------------------
04/07/2015 12:42:05.22 [Information] Prepare Installation of project "MBB_969074 V1.23.0.0".
04/07/2015 12:42:05.22 [Information] Current project was "MBB_969074 V1.19.0".
04/07/2015 12:42:06.61 [Warning] Element Type changed for {ExternalFileManifest Config:Copy(Config:\User\Common\SafetyConfigData.xml) - SavedExternal} -> safety
04/07/2015 12:42:06.61 [Warning] Element Type changed for {ExternalFileManifest Config:Copy(Config:\User\Common\SCtlPara.sg) - SavedExternal} -> safety
04/07/2015 12:42:06.61 [Warning] Element Type changed for {ExternalFileManifest Krl:Copy(C:\KRC\Roboter\Template\vg_appl.dat) - SavedExternal} -> file
04/07/2015 12:42:06.61 [Warning] Element Type changed for {ExternalFileManifest Krl:Copy(C:\KRC\Roboter\Template\vg_appl.src) - SavedExternal} -> file
04/07/2015 12:42:06.61 [Warning] Element Type changed for {ExternalFileManifest Krl:Copy(C:\KRC\Roboter\Template\vg_hp.dat) - SavedExternal} -> file
04/07/2015 12:42:06.61 [Warning] Element Type changed for {ExternalFileManifest Krl:Copy(C:\KRC\Roboter\Template\vg_hp.src) - SavedExternal} -> file
04/07/2015 12:42:06.61 [Warning] Element Type changed for {ExternalFileManifest Krl:Copy(C:\KRC\temp\ChangeLog.dat) - SavedExternal} -> file
04/07/2015 12:42:06.61 [Warning] Element Type changed for {ExternalFileManifest Krl:Copy(C:\KRC\temp\ToDo.dat) - SavedExternal} -> file
04/07/2015 12:42:06.62 [Warning] Element Type changed for {ExternalFileManifest File:Copy(KRC:\R1\System\969074_r2.pt.txt) - SavedExternal} -> krl
04/07/2015 12:42:06.62 [Information] SafetyHandler ignores element: '{ExternalFileManifest safety:Copy(Config:\User\Common\SafetyConfigData.xml) - SavedExternal}'
04/07/2015 12:42:06.62 [Information] SafetyHandler ignores element: '{ExternalFileManifest safety:Copy(Config:\User\Common\SCtlPara.sg) - SavedExternal}'
04/07/2015 12:42:06.62 [Information] SafetyHandler ignores element: '{ExternalFileManifest safety:Copy(Config:\User\Common\HNFINFO.SAF) - SavedExternal}'
04/07/2015 12:42:09.83 [Verbose] Ignore Action: New:file.Copy(C:\KRC\DATA\DAI_AG_Spot.kxr), 1500. MD5 check is identical!
04/07/2015 12:42:09.83 [Verbose] Ignore Action: New:file.Copy(C:\KRC\Roboter\Template\vg_hp.src), 1500. MD5 check is identical!
04/07/2015 12:42:09.85 [Verbose] Ignore Action: New:file.Copy(C:\KRC\DATA\DAI_ANTICOLL.kxr), 1500. MD5 check is identical!
04/07/2015 12:42:09.85 [Verbose] Ignore Action: New:file.Copy(C:\KRC\DATA\DAI_H_Prog.kxr), 1500. MD5 check is identical!
04/07/2015 12:42:09.85 [Verbose] Ignore Action: New:file.Copy(C:\KRC\DATA\DAI_Gripper.kxr), 1500. MD5 check is identical!
04/07/2015 12:42:09.85 [Verbose] Ignore Action: New:file.Copy(C:\KRC\Roboter\Template\vg_hp.dat), 1500. MD5 check is identical!
04/07/2015 12:42:09.86 [Verbose] Ignore Action: New:file.Copy(C:\KRC\SmartHMI\SmartHMI.exe.DAI_AG_Spot.config), 1500. MD5 check is identical!
04/07/2015 12:42:09.86 [Verbose] Ignore Action: New:file.Copy(C:\KRC\USER\WorkVisualServiceHost.User.config), 1500. MD5 check is identical!
04/07/2015 12:42:09.86 [Verbose] Ignore Action: New:file.Copy(C:\KRC\SmartHMI\SmartHMI.exe.DAI_STANDARD.config), 1500. MD5 check is identical!
04/07/2015 12:42:09.86 [Verbose] Ignore Action: New:file.Copy(C:\KRC\Roboter\Template\vg_appl.src), 1500. MD5 check is identical!
04/07/2015 12:42:09.88 [Verbose] Ignore Action: New:file.Copy(C:\KRC\Roboter\Template\vg_appl.dat), 1500. MD5 check is identical!
04/07/2015 12:42:09.88 [Verbose] Ignore Action: New:file.Copy(C:\KRC\temp\ToDo.dat), 1500. MD5 check is identical!
04/07/2015 12:42:09.88 [Verbose] Ignore Action: New:file.Copy(C:\KRC\temp\ChangeLog.dat), 1500. MD5 check is identical!
04/07/2015 12:42:09.90 [Verbose] Ignore Action: New:file.Copy(C:\KRC\USER\KLMDigitalIO.WriteProtectedOutputs.cfg), 1500. MD5 check is identical!
04/07/2015 12:42:09.90 [Verbose] Ignore Action: New:file.Copy(C:\KRC\USER\SetupWizardStates.xml), 1500. MD5 check is identical!
04/07/2015 12:42:09.90 [Verbose] Ignore Action: New:file.Copy(C:\KRC\USER\Measurement.Points.cfg), 1500. MD5 check is identical!
04/07/2015 12:42:09.90 [Verbose] Ignore Action: New:file.Copy(C:\KRC\TP\USERTECH\TEMPLATE\ICONS\prestrock_op.ico), 1500. MD5 check is identical!
04/07/2015 12:42:09.90 [Verbose] Ignore Action: New:file.Copy(C:\KRC\TP\USERTECH\TEMPLATE\DAI_AG_Spottech.KFD), 1500. MD5 check is identical!
04/07/2015 12:42:09.91 [Verbose] Ignore Action: New:file.Copy(C:\KRC\DATA\DAI_MSG_LIB.kxr), 1500. MD5 check is identical!
04/07/2015 12:42:09.91 [Verbose] Ignore Action: New:file.Copy(C:\KRC\TP\USERTECH\TEMPLATE\dai_collision.kfd), 1500. MD5 check is identical!
04/07/2015 12:42:09.91 [Verbose] Ignore Action: New:file.Copy(C:\KRC\TP\USERTECH\TEMPLATE\dai_velocity.kfd), 1500. MD5 check is identical!
04/07/2015 12:42:09.93 [Verbose] Ignore Action: New:file.Copy(C:\KRC\TP\USERTECH\TEMPLATE\dai_plus.kfd), 1500. MD5 check is identical!
04/07/2015 12:42:09.93 [Verbose] Ignore Action: New:file.Copy(C:\KRC\USER\InitialProjectSetup.User.config), 1500. MD5 check is identical!
04/07/2015 12:42:09.93 [Verbose] Ignore Action: New:file.Copy(C:\KRC\USER\InstallTech.cfg), 1500. MD5 check is identical!
04/07/2015 12:42:09.93 [Verbose] Ignore Action: New:file.Copy(C:\KRC\USER\Cross3.User.config), 1500. MD5 check is identical!
04/07/2015 12:42:09.94 [Verbose] Ignore Action: New:file.Copy(C:\KRC\TP\USERTECH\TEMPLATE\ICONS\prestrock_cl.ico), 1500. MD5 check is identical!
04/07/2015 12:42:09.94 [Verbose] Ignore Action: New:file.Copy(C:\KRC\USER\ConfigMon.ini), 1500. MD5 check is identical!
04/07/2015 12:42:09.94 [Verbose] Ignore Action: New:file.Copy(C:\KRC\USER\KukaPMService.User.config), 1500. MD5 check is identical!
04/07/2015 12:42:09.94 [Verbose] Ignore Action: New:file.Copy(C:\KRC\USER\SmartHMI.User.config), 1500. MD5 check is identical!
04/07/2015 12:42:09.94 [Verbose] Ignore Action: New:file.Copy(C:\KRC\USER\WaitForUserList.xml), 1500. MD5 check is identical!
04/07/2015 12:42:09.96 [Verbose] Ignore Action: New:file.Copy(C:\KRC\USER\ProjectExternalFileList.xml), 1500. MD5 check is identical!
04/07/2015 12:42:09.96 [Verbose] Ignore Action: New:file.Copy(C:\KRC\USER\MaintenanceHandBook.User.config), 1500. MD5 check is identical!
04/07/2015 12:42:09.96 [Verbose] Ignore Action: New:file.Copy(C:\KRC\USER\PMService.user.config), 1500. MD5 check is identical!
04/07/2015 12:42:09.97 [Information] ConfigCopyAction 'New:config.Copy(Config:\User\Common\Mada\KRCAxes.xml), 2000': Requests reconfiguration.
04/07/2015 12:42:09.97 [Information] ConfigCopyAction 'New:config.Copy(Config:\User\Common\Mada\CFCore.xml), 2000': Requests reconfiguration.
04/07/2015 12:42:09.97 [Information] ConfigCopyAction 'New:config.Copy(Config:\User\Common\Mada\NextGenDriveTech.xml), 2000': Requests reconfiguration.
04/07/2015 12:42:09.97 [Verbose] Ignore Action: New:config.Copy(Config:\User\Common\Modules_TimeSync.xml), 2000. MD5 check is identical!
04/07/2015 12:42:10.04 [Information] ConfigCopyAction 'New:config.Copy(Config:\User\Common\Mada\SimuAxes.xml), 2000': Requests reconfiguration.
04/07/2015 12:42:10.04 [Verbose] Ignore Action: New:config.Copy(Config:\User\Common\ProConOS_IO.xml), 2000. MD5 check is identical!
04/07/2015 12:42:10.04 [Verbose] Ignore Action: New:config.Copy(Config:\User\Common\ProConOS.xml), 2000. MD5 check is identical!
04/07/2015 12:42:10.05 [Verbose] Ignore Action: New:config.Copy(Config:\User\Common\SysBusDriver.xml), 2000. MD5 check is identical!
04/07/2015 12:42:10.05 [Verbose] Ignore Action: New:config.Copy(Config:\User\Common\VIO_USER_BUS.xml), 2000. MD5 check is identical!
04/07/2015 12:42:10.05 [Verbose] Ignore Action: New:config.Copy(Config:\User\Common\TimeSync.xml), 2000. MD5 check is identical!
04/07/2015 12:42:10.05 [Verbose] Ignore Action: New:config.Copy(Config:\User\Common\Mada\SimuAxis\A5.xml), 2000. MD5 check is identical!
04/07/2015 12:42:10.05 [Verbose] Ignore Action: New:config.Copy(Config:\User\Common\Mada\NGAxis\CtrlA4AddFct.xml), 2000. MD5 check is identical!
04/07/2015 12:42:10.07 [Verbose] Ignore Action: New:config.Copy(Config:\User\Common\Mada\NGAxis\CtrlA5AddFct.xml), 2000. MD5 check is identical!
04/07/2015 12:42:10.07 [Verbose] Ignore Action: New:config.Copy(Config:\User\Common\Mada\NGAxis\CtrlA3AddFct.xml), 2000. MD5 check is identical!
04/07/2015 12:42:10.07 [Verbose] Ignore Action: New:config.Copy(Config:\User\Common\Mada\NGAxis\CtrlA1AddFct.xml), 2000. MD5 check is identical!
04/07/2015 12:42:10.07 [Verbose] Ignore Action: New:config.Copy(Config:\User\Common\Mada\NGAxis\CtrlA2AddFct.xml), 2000. MD5 check is identical!
04/07/2015 12:42:10.08 [Verbose] Ignore Action: New:config.Copy(Config:\User\Common\Mada\NGAxis\CtrlA6AddFct.xml), 2000. MD5 check is identical!
04/07/2015 12:42:10.08 [Verbose] Ignore Action: New:config.Copy(Config:\User\Common\Mada\SimuAxis\A3.xml), 2000. MD5 check is identical!
04/07/2015 12:42:10.08 [Verbose] Ignore Action: New:config.Copy(Config:\User\Common\Mada\SimuAxis\A4.xml), 2000. MD5 check is identical!
04/07/2015 12:42:10.08 [Verbose] Ignore Action: New:config.Copy(Config:\User\Common\Mada\SimuAxis\A2.xml), 2000. MD5 check is identical!
04/07/2015 12:42:10.10 [Verbose] Ignore Action: New:config.Copy(Config:\User\Common\Mada\MotionDrivers\mdrBrakeTest.ini), 2000. MD5 check is identical!
04/07/2015 12:42:10.10 [Verbose] Ignore Action: New:config.Copy(Config:\User\Common\Mada\SimuAxis\A1.xml), 2000. MD5 check is identical!
04/07/2015 12:42:10.10 [Verbose] Ignore Action: New:config.Copy(Config:\User\Common\Modules_SysBusDriver.xml), 2000. MD5 check is identical!
04/07/2015 12:42:10.10 [Verbose] Ignore Action: New:config.Copy(Config:\User\Common\ecat_PBM_Gateway.xml), 2000. MD5 check is identical!
04/07/2015 12:42:10.11 [Verbose] Ignore Action: New:config.Copy(Config:\User\Common\ecat_DNM_Gateway.xml), 2000. MD5 check is identical!
04/07/2015 12:42:10.11 [Verbose] Ignore Action: New:config.Copy(Config:\User\Common\ECAT_SYS_X44.xml), 2000. MD5 check is identical!
04/07/2015 12:42:10.11 [Verbose] Ignore Action: New:config.Copy(Config:\User\Common\KLIConfig.xml), 2000. MD5 check is identical!
04/07/2015 12:42:10.11 [Verbose] Ignore Action: New:config.Copy(Config:\User\Common\EtherCATConfig.xsd), 2000. MD5 check is identical!
04/07/2015 12:42:10.13 [Verbose] Ignore Action: New:config.Copy(Config:\User\Common\ecatms_sys_X44_swap.xml), 2000. MD5 check is identical!
04/07/2015 12:42:10.13 [Verbose] Ignore Action: New:config.Copy(Config:\User\Cabinet\EtherCATConfig.xsd), 2000. MD5 check is identical!
04/07/2015 12:42:10.13 [Verbose] Ignore Action: New:config.Copy(Config:\User\Cabinet\ecatms_sys_X48_config.xml), 2000. MD5 check is identical!
04/07/2015 12:42:10.15 [Verbose] Ignore Action: New:config.Copy(Config:\User\Common\CabCtrl.xml), 2000. MD5 check is identical!
04/07/2015 12:42:10.15 [Verbose] Ignore Action: New:config.Copy(Config:\User\Common\DevIODriver.xml), 2000. MD5 check is identical!
04/07/2015 12:42:10.15 [Verbose] Ignore Action: New:config.Copy(Config:\User\Common\connectionchain.xml), 2000. MD5 check is identical!
04/07/2015 12:42:10.15 [Verbose] Ignore Action: New:config.Copy(Config:\User\Common\Logging_System.xml), 2000. MD5 check is identical!
04/07/2015 12:42:10.16 [Verbose] Ignore Action: New:config.Copy(Config:\User\Common\Logging_BrakeTest.xml), 2000. MD5 check is identical!
04/07/2015 12:42:10.16 [Verbose] Ignore Action: New:config.Copy(Config:\User\Common\MainBoardDrv.xml), 2000. MD5 check is identical!
04/07/2015 12:42:10.16 [Verbose] Ignore Action: New:config.Copy(Config:\User\Common\Modules_ProConOS.xml), 2000. MD5 check is identical!
04/07/2015 12:42:10.16 [Verbose] Ignore Action: New:config.Copy(Config:\User\Common\Modules_DevIO.xml), 2000. MD5 check is identical!
04/07/2015 12:42:10.18 [Verbose] Ignore Action: New:config.Copy(Config:\User\Common\KrcExtConfMsg.xml), 2000. MD5 check is identical!
04/07/2015 12:42:10.18 [Verbose] Ignore Action: New:config.Copy(Config:\User\Common\KNet.xml), 2000. MD5 check is identical!
04/07/2015 12:42:10.18 [Information] ConfigCopyAction 'New:config.Copy(Config:\User\Common\IPPNIO.xml), 2000': Requests reconfiguration.
04/07/2015 12:42:10.19 [Verbose] Ignore Action: New:config.Copy(Config:\User\Common\KrcBackward.xml), 2000. MD5 check is identical!
04/07/2015 12:42:10.19 [Verbose] Ignore Action: New:config.Copy(Config:\User\Common\KrcDryRun.xml), 2000. MD5 check is identical!
04/07/2015 12:42:10.21 [Verbose] Ignore Action: New:config.Copy(Config:\User\Common\KrcConfig.xml), 2000. MD5 check is identical!
04/07/2015 12:42:10.21 [Information] ConfigCopyAction 'New:config.Copy(Config:\User\Common\Mada\NGAxis\CtrlE1AddFct.xml), 2000': Requests reconfiguration.
04/07/2015 12:42:10.21 [Information] ConfigCopyAction 'New:config.Copy(Config:\User\Common\Mada\NGAxis\CtrlE1.xml), 2000': Requests reconfiguration.
04/07/2015 12:42:10.21 [Information] ConfigCopyAction 'New:config.Copy(Config:\User\Common\Mada\SimuAxis\E1.xml), 2000': Requests reconfiguration.
04/07/2015 12:42:10.22 [Information] ConfigCopyAction 'New:config.Copy(Config:\User\Common\Mada\SimuAxesKrc.xml), 2000': Requests reconfiguration.
04/07/2015 12:42:10.22 [Information] ConfigCopyAction 'New:config.Copy(Config:\User\Common\Mada\NGAxis\E1.xml), 2000': Requests reconfiguration.
04/07/2015 12:42:10.22 [Verbose] Ignore Action: New:config.Copy(Config:\User\Common\P1350R02.SVC), 2000. MD5 check is identical!
04/07/2015 12:42:10.24 [Verbose] Ignore Action: New:config.Copy(Config:\User\Common\P1350R02.INI), 2000. MD5 check is identical!
04/07/2015 12:42:10.24 [Verbose] Ignore Action: New:config.Copy(Config:\User\Common\KRC_IO_orig.xml), 2000. MD5 check is identical!
04/07/2015 12:42:10.24 [Verbose] Ignore Action: New:config.Copy(Config:\User\Common\P1350R02.CSV), 2000. MD5 check is identical!
04/07/2015 12:42:10.24 [Verbose] Ignore Action: New:config.Copy(Config:\User\Common\Modules_Simu.xml), 2000. MD5 check is identical!
04/07/2015 12:42:10.26 [Warning] Ignore SafetyConfigParamAction: Copy "C:\KRC\ROBOTER\Config\User\Common\SCTLPARA.SAF". Param header and content check states identical data!
04/07/2015 12:42:10.26 [Warning] Ignore SafetyConfigParamAction: Copy "C:\KRC\ROBOTER\Config\User\Common\SCTLPARA.SAF". Param header and content check states identical data!
04/07/2015 12:42:10.26 [Information] SafetyParamInfoAction 'New:safety.Copy(Config:\User\Common\SCTLINFO.SAF), 2000': Ignored since safety parameter file is ignored too.
04/07/2015 12:42:10.26 [Information] ConfigCopyAction 'New:config.Copy(Config:\User\Common\Interbus.xml), 2000': Requests reconfiguration.
04/07/2015 12:42:10.37 [Information] SafetyNetworkInstallAction 'New:safety.Copy(Config:\User\Common\SAFEDEV.SAF), 2000': Checksum has to be updated.
04/07/2015 12:42:10.37 [Information] SafetyNetworkInstallAction 'New:safety.Copy(Config:\User\Common\SAFEDEV.SAF), 2000': Requests reconfiguration.
04/07/2015 12:42:10.37 [Verbose] Ignore Action: New:config.Copy(Config:\User\Common\pndev1.xml), 2000. MD5 check is identical!
04/07/2015 12:42:10.38 [Information] ConfigCopyAction 'New:config.Copy(Config:\User\Common\KrcIoSignals.xml), 2000': Requests reconfiguration.
04/07/2015 12:42:10.38 [Information] ConfigCopyAction 'New:config.Copy(Config:\User\Common\KRC_IO.xml), 2000': Requests reconfiguration.
04/07/2015 12:42:10.38 [Information] ConfigCopyAction 'New:config.Copy(Config:\User\Common\PNIODriver.xml), 2000': Requests reconfiguration.
04/07/2015 12:42:10.40 [Information] ConfigCopyAction 'New:config.Copy(Config:\User\Cabinet\ecatms_config.xml), 2000': Requests reconfiguration.
04/07/2015 12:42:10.41 [Verbose] Ignore Action: New:config.Copy(Config:\User\Common\MotionDrivers\mdrStandStill.ini), 2000. MD5 check is identical!
04/07/2015 12:42:10.41 [Verbose] Ignore Action: New:config.Copy(Config:\User\Common\MotionDrivers\mdrJointOffset.ini), 2000. MD5 check is identical!
04/07/2015 12:42:10.41 [Verbose] Ignore Action: New:config.Copy(Config:\User\Common\MotionDrivers\motiondrv.ini), 2000. MD5 check is identical!
04/07/2015 12:42:10.41 [Verbose] Ignore Action: New:config.Copy(Config:\User\Common\MotionDrivers\mdrVwAscii.ini), 2000. MD5 check is identical!
04/07/2015 12:42:10.43 [Verbose] Ignore Action: New:config.Copy(Config:\User\Common\MotionDrivers\mdrEmily.ini), 2000. MD5 check is identical!
04/07/2015 12:42:10.43 [Verbose] Ignore Action: New:config.Copy(Config:\User\Common\MotionDrivers\loadDataDevice.ini), 2000. MD5 check is identical!
04/07/2015 12:42:10.43 [Verbose] Ignore Action: New:config.Copy(Config:\User\Common\Mada\SimuAxis\A6.xml), 2000. MD5 check is identical!
04/07/2015 12:42:10.43 [Verbose] Ignore Action: New:config.Copy(Config:\User\Common\MotionDrivers\mdrConveyor.ini), 2000. MD5 check is identical!
04/07/2015 12:42:10.44 [Verbose] Ignore Action: New:config.Copy(Config:\User\Common\MotionDrivers\mdrBrakeTest.ini), 2000. MD5 check is identical!
04/07/2015 12:42:10.44 [Verbose] Ignore Action: New:config.Copy(Config:\User\Common\PersistPC\EncoderMastering.xml), 2000. MD5 check is identical!
04/07/2015 12:42:10.44 [Verbose] Ignore Action: New:config.Copy(Config:\User\Common\Mada\EAWaggonDriverConfig.xml), 2000. MD5 check is identical!
04/07/2015 12:42:10.44 [Verbose] Ignore Action: New:config.Copy(Config:\User\Common\Mada\CFCoreWaggonDriverConfig.xml), 2000. MD5 check is identical!
04/07/2015 12:42:10.46 [Verbose] Ignore Action: New:config.Copy(Config:\User\Common\P1350R02.D32), 2000. MD5 check is identical!
04/07/2015 12:42:10.46 [Verbose] Ignore Action: New:config.Copy(Config:\User\Common\P1350R02.BG4), 2000. MD5 check is identical!
04/07/2015 12:42:10.46 [Verbose] Ignore Action: New:config.Copy(Config:\User\Common\Modules_PNIODriver.xml), 2000. MD5 check is identical!
04/07/2015 12:42:10.47 [Verbose] Ignore Action: New:config.Copy(Config:\User\Common\VxWin\knet.config), 2000. MD5 check is identical!
04/07/2015 12:42:10.47 [Verbose] Ignore Action: New:config.Copy(Config:\User\Common\PersistPC\NGDecouple.xml), 2000. MD5 check is identical!
04/07/2015 12:42:10.47 [Verbose] Ignore Action: New:config.Copy(Config:\User\Common\Modules_Interbus.xml), 2000. MD5 check is identical!
04/07/2015 12:42:10.47 [Verbose] Ignore Action: New:config.Copy(Config:\User\Common\ibspci.xml), 2000. MD5 check is identical!
04/07/2015 12:42:10.49 [Information] KrcCopyAction 'New:mada.Copy(KRC:\R1\Mada\$machine.dat), 4000': Requests stopping the program.
04/07/2015 12:42:10.49 [Verbose] Ignore Action: New:mada.Copy(KRC:\STEU\Mada\$custom.dat), 4000. MD5 check is identical!
04/07/2015 12:42:10.49 [Verbose] Ignore Action: New:mada.Copy(KRC:\STEU\Mada\$machine.dat), 4000. MD5 check is identical!
04/07/2015 12:42:10.51 [Verbose] Ignore Action: New:mada.Copy(KRC:\STEU\Mada\$option.dat), 4000. MD5 check is identical!
04/07/2015 12:42:10.51 [Verbose] Ignore Action: New:mada.Copy(KRC:\R1\Mada\$robcor.dat), 4000. MD5 check is identical!
04/07/2015 12:42:10.51 [Information] KrcCopyAction 'New:mada.Copy(KRC:\R1\System\$config.dat), 4000': Requests stopping the program.
04/07/2015 12:42:10.52 [Verbose] Ignore Action: New:mada.Copy(KRC:\STEU\$config.dat), 4000. MD5 check is identical!
04/07/2015 12:42:10.52 [Verbose] Ignore Action: New:krl.Copy(KRC:\R1\Program\F_fraes1.dat), 6500. MD5 check is identical!
04/07/2015 12:42:10.52 [Verbose] Ignore Action: New:krl.Copy(KRC:\R1\Program\wkz5_off_st600.dat), 6500. MD5 check is identical!
04/07/2015 12:42:10.54 [Verbose] Ignore Action: New:krl.Copy(KRC:\R1\Program\HP248.dat), 6500. MD5 check is identical!
04/07/2015 12:42:10.54 [Verbose] Ignore Action: New:krl.Copy(KRC:\R1\Program\AB_ST600_R2_1.dat), 6500. MD5 check is identical!
04/07/2015 12:42:10.54 [Verbose] Ignore Action: New:krl.Copy(KRC:\R1\Program\HO_ST600_R2_1.dat), 6500. MD5 check is identical!
04/07/2015 12:42:10.55 [Verbose] Ignore Action: New:krl.Copy(KRC:\R1\Program\HP240.dat), 6500. MD5 check is identical!
04/07/2015 12:42:10.55 [Verbose] Ignore Action: New:krl.Copy(KRC:\R1\Program\HP241.dat), 6500. MD5 check is identical!
04/07/2015 12:42:10.55 [Verbose] Ignore Action: New:krl.Copy(KRC:\R1\Program\wkz1_an.dat), 6500. MD5 check is identical!
04/07/2015 12:42:10.57 [Verbose] Ignore Action: New:krl.Copy(KRC:\R1\Program\wkz3_ab.dat), 6500. MD5 check is identical!
04/07/2015 12:42:10.57 [Verbose] Ignore Action: New:krl.Copy(KRC:\R1\Program\wkz3_an.dat), 6500. MD5 check is identical!
04/07/2015 12:42:10.57 [Verbose] Ignore Action: New:krl.Copy(KRC:\R1\Program\tip_change.dat), 6500. MD5 check is identical!
04/07/2015 12:42:10.57 [Verbose] Ignore Action: New:krl.Copy(KRC:\R1\Program\HP251.dat), 6500. MD5 check is identical!
04/07/2015 12:42:10.58 [Verbose] Ignore Action: New:krl.Copy(KRC:\R1\Program\wkz1_ab.dat), 6500. MD5 check is identical!
04/07/2015 12:42:10.58 [Verbose] Ignore Action: New:krl.Copy(KRC:\R1\Program\SubRoutines\chk_GRIPPER_r2_AN_ACCELO.dat), 6500. MD5 check is identical!
04/07/2015 12:42:10.58 [Verbose] Ignore Action: New:krl.Copy(KRC:\R1\Program\SubRoutines\CHK_TOOL_AN_R2_ACCELO.dat), 6500. MD5 check is identical!
04/07/2015 12:42:10.60 [Verbose] Ignore Action: New:krl.Copy(KRC:\R1\Program\SubRoutines\chk_w1_r2_ab_ACCELO.dat), 6500. MD5 check is identical!
04/07/2015 12:42:10.60 [Verbose] Ignore Action: New:krl.Copy(KRC:\R1\Program\f_fraes2.dat), 6500. MD5 check is identical!
04/07/2015 12:42:10.60 [Verbose] Ignore Action: New:krl.Copy(KRC:\R1\Program\f_fraes4.dat), 6500. MD5 check is identical!
04/07/2015 12:42:10.62 [Verbose] Ignore Action: New:krl.Copy(KRC:\R1\Program\SubRoutines\chk_GRIPPER_r2_AB_ACCELO.dat), 6500. MD5 check is identical!
04/07/2015 12:42:10.62 [Verbose] Ignore Action: New:krl.Copy(KRC:\R1\Program\SubRoutines\chk_w2_r2_ab_ACCELO.dat), 6500. MD5 check is identical!
04/07/2015 12:42:10.62 [Verbose] Ignore Action: New:krl.Copy(KRC:\R1\Program\SubRoutines\chk_w0_tools_ok.dat), 6500. MD5 check is identical!
04/07/2015 12:42:10.62 [Verbose] Ignore Action: New:krl.Copy(KRC:\R1\Program\e_fraes2.dat), 6500. MD5 check is identical!
04/07/2015 12:42:10.63 [Verbose] Ignore Action: New:krl.Copy(KRC:\R1\Program\e_fraes1.dat), 6500. MD5 check is identical!
04/07/2015 12:42:10.63 [Verbose] Ignore Action: New:krl.Copy(KRC:\R1\Program\SubRoutines\chk_w3_r2_ab_ACCELO.dat), 6500. MD5 check is identical!
04/07/2015 12:42:10.63 [Verbose] Ignore Action: New:krl.Copy(KRC:\R1\Program\SubRoutines\chk_w5_r2_ab_ACCELO.dat), 6500. MD5 check is identical!
04/07/2015 12:42:10.65 [Verbose] Ignore Action: New:krl.Copy(KRC:\R1\Program\SubRoutines\chk_w6_r2_ab_ACCELO.dat), 6500. MD5 check is identical!
04/07/2015 12:42:10.65 [Verbose] Ignore Action: New:krl.Copy(KRC:\R1\Program\ps_stb_res_c1.dat), 6500. MD5 check is identical!
04/07/2015 12:42:10.65 [Verbose] Ignore Action: New:krl.Copy(KRC:\R1\Program\wkz1_ok.dat), 6500. MD5 check is identical!
04/07/2015 12:42:10.65 [Verbose] Ignore Action: New:krl.Copy(KRC:\R1\Program\wkz3_ok.dat), 6500. MD5 check is identical!
04/07/2015 12:42:10.66 [Verbose] Ignore Action: New:krl.Copy(KRC:\R1\Program\ps_ltc_res_x1.dat), 6500. MD5 check is identical!
04/07/2015 12:42:10.66 [Verbose] Ignore Action: New:krl.Copy(KRC:\R1\Program\ps_res_c2.dat), 6500. MD5 check is identical!
04/07/2015 12:42:10.66 [Verbose] Ignore Action: New:krl.Copy(KRC:\R1\Program\ps_stb_geo_c1.dat), 6500. MD5 check is identical!
04/07/2015 12:42:10.68 [Verbose] Ignore Action: New:krl.Copy(KRC:\R1\Program\wkz6_ok.dat), 6500. MD5 check is identical!
04/07/2015 12:42:10.68 [Verbose] Ignore Action: New:krl.Copy(KRC:\R1\Program\ho_st600_r2_1_copia.dat), 6500. MD5 check is identical!
04/07/2015 12:42:10.68 [Verbose] Ignore Action: New:krl.Copy(KRC:\R1\Program\ho_st600_r2_2_copia.dat), 6500. MD5 check is identical!
04/07/2015 12:42:10.69 [Verbose] Ignore Action: New:krl.Copy(KRC:\R1\Program\wkz7_an.dat), 6500. MD5 check is identical!
04/07/2015 12:42:10.69 [Verbose] Ignore Action: New:krl.Copy(KRC:\R1\BACKUP\ps_ltc_geo_c11.dat), 6500. MD5 check is identical!
04/07/2015 12:42:10.71 [Verbose] Ignore Action: New:krl.Copy(KRC:\R1\BACKUP\ps_ltc_geo_x11.dat), 6500. MD5 check is identical!
04/07/2015 12:42:10.71 [Verbose] Ignore Action: New:krl.Copy(KRC:\R1\Program\poicao_zero.dat), 6500. MD5 check is identical!
04/07/2015 12:42:10.71 [Verbose] Ignore Action: New:krl.Copy(KRC:\R1\Program\ps_ltc_geo_x1.dat), 6500. MD5 check is identical!
04/07/2015 12:42:10.73 [Verbose] Ignore Action: New:krl.Copy(KRC:\R1\Program\wkz4_ab.dat), 6500. MD5 check is identical!
04/07/2015 12:42:10.73 [Verbose] Ignore Action: New:krl.Copy(KRC:\R1\Program\wkz4_an.dat), 6500. MD5 check is identical!
04/07/2015 12:42:10.73 [Verbose] Ignore Action: New:krl.Copy(KRC:\R1\Program\wkz4_off_st600.dat), 6500. MD5 check is identical!
04/07/2015 12:42:10.74 [Verbose] Ignore Action: New:krl.Copy(KRC:\R1\Program\ab_st600_r2_2.dat), 6500. MD5 check is identical!
04/07/2015 12:42:10.74 [Verbose] Ignore Action: New:krl.Copy(KRC:\R1\Program\ho_st600_r2_2.dat), 6500. MD5 check is identical!
04/07/2015 12:42:10.74 [Verbose] Ignore Action: New:krl.Copy(KRC:\R1\Program\hp007.dat), 6500. MD5 check is identical!
04/07/2015 12:42:10.74 [Verbose] Ignore Action: New:krl.Copy(KRC:\R1\Program\SubRoutines\MBINI.dat), 6500. MD5 check is identical!
04/07/2015 12:42:10.76 [Verbose] Ignore Action: New:krl.Copy(KRC:\R1\Program\ps_com_res_c1.dat), 6500. MD5 check is identical!
04/07/2015 12:42:10.76 [Verbose] Ignore Action: New:krl.Copy(KRC:\R1\Program\ps_geo_c1.dat), 6500. MD5 check is identical!
04/07/2015 12:42:10.77 [Verbose] Ignore Action: New:krl.Copy(KRC:\R1\Program\ps_ltc_geo_c1.dat), 6500. MD5 check is identical!
04/07/2015 12:42:10.77 [Verbose] Ignore Action: New:krl.Copy(KRC:\R1\Program\SubRoutines\MBINI_2.dat), 6500. MD5 check is identical!
04/07/2015 12:42:10.77 [Verbose] Ignore Action: New:krl.Copy(KRC:\R1\Program\ps_com_geo_c1.dat), 6500. MD5 check is identical!
04/07/2015 12:42:10.77 [Verbose] Ignore Action: New:krl.Copy(KRC:\R1\Program\ps_com_geo_x1.dat), 6500. MD5 check is identical!
04/07/2015 12:42:10.79 [Verbose] Ignore Action: New:krl.Copy(KRC:\R1\Program\e_fraes4.dat), 6500. MD5 check is identical!
04/07/2015 12:42:10.79 [Verbose] Ignore Action: New:krl.Copy(KRC:\R1\Program\SubRoutines\CHK_W1_R2_AB.dat), 6500. MD5 check is identical!
04/07/2015 12:42:10.79 [Verbose] Ignore Action: New:krl.Copy(KRC:\R1\DAI\dai_ctrl_library.dat), 6500. MD5 check is identical!
04/07/2015 12:42:10.80 [Verbose] Ignore Action: New:krl.Copy(KRC:\R1\TP\DAI_AG_Spot\userspot.dat), 6500. MD5 check is identical!
04/07/2015 12:42:10.80 [Verbose] Ignore Action: New:krl.Copy(KRC:\R1\Program\SubRoutines\CHK_Tool_on_robot.dat), 6500. MD5 check is identical!
04/07/2015 12:42:10.80 [Verbose] Ignore Action: New:krl.Copy(KRC:\R1\DAI\dai_global.dat), 6500. MD5 check is identical!
04/07/2015 12:42:10.82 [Verbose] Ignore Action: New:krl.Copy(KRC:\R1\Program\SubRoutines\CHK_TOOL_AN_R2.dat), 6500. MD5 check is identical!
04/07/2015 12:42:10.82 [Verbose] Ignore Action: New:krl.Copy(KRC:\R1\DAI\dai_data_library.dat), 6500. MD5 check is identical!
04/07/2015 12:42:10.82 [Verbose] Ignore Action: New:krl.Copy(KRC:\R1\Program\SubRoutines\CHK_W2_R2_AB.dat), 6500. MD5 check is identical!
04/07/2015 12:42:10.82 [Verbose] Ignore Action: New:krl.Copy(KRC:\R1\Program\SubRoutines\CHK_W2_AB_OK.dat), 6500. MD5 check is identical!
04/07/2015 12:42:10.83 [Verbose] Ignore Action: New:krl.Copy(KRC:\R1\TP\Gripper_SpotTech\User_grp.dat), 6500. MD5 check is identical!
04/07/2015 12:42:10.83 [Verbose] Ignore Action: New:krl.Copy(KRC:\R1\Program\SubRoutines\CHK_W4_R2_AB.dat), 6500. MD5 check is identical!
04/07/2015 12:42:10.83 [Verbose] Ignore Action: New:krl.Copy(KRC:\R1\Program\reinigung.dat), 6500. MD5 check is identical!
04/07/2015 12:42:10.85 [Verbose] Ignore Action: New:krl.Copy(KRC:\R1\Program\SubRoutines\CHK_W1_AB_OK.dat), 6500. MD5 check is identical!
04/07/2015 12:42:10.85 [Verbose] Ignore Action: New:krl.Copy(KRC:\R1\Program\wartung.dat), 6500. MD5 check is identical!
04/07/2015 12:42:10.85 [Verbose] Ignore Action: New:krl.Copy(KRC:\R1\Program\SubRoutines\CHK_W3_R2_AB.dat), 6500. MD5 check is identical!
04/07/2015 12:42:10.85 [Verbose] Ignore Action: New:krl.Copy(KRC:\R1\Program\SubRoutines\CHK_Tool_not_on_robot.dat), 6500. MD5 check is identical!
04/07/2015 12:42:10.87 [Verbose] Ignore Action: New:krl.Copy(KRC:\R1\H_Prog\dai_grp_xx_ok.dat), 6500. MD5 check is identical!
04/07/2015 12:42:10.87 [Verbose] Ignore Action: New:krl.Copy(KRC:\R1\Program\wkz5_ab.dat), 6500. MD5 check is identical!
04/07/2015 12:42:10.87 [Verbose] Ignore Action: New:krl.Copy(KRC:\R1\DAI\user_settings.dat), 6500. MD5 check is identical!
04/07/2015 12:42:10.88 [Verbose] Ignore Action: New:krl.Copy(KRC:\R1\H_Prog\dai_tool_xx_ok.dat), 6500. MD5 check is identical!
04/07/2015 12:42:10.88 [Verbose] Ignore Action: New:krl.Copy(KRC:\R1\H_Prog\dai_tool_xx_chg.dat), 6500. MD5 check is identical!
04/07/2015 12:42:10.88 [Verbose] Ignore Action: New:krl.Copy(KRC:\R1\H_Prog\dai_robot_ok.dat), 6500. MD5 check is identical!
04/07/2015 12:42:10.88 [Verbose] Ignore Action: New:krl.Copy(KRC:\R1\H_Prog\dai_ldd_xx.dat), 6500. MD5 check is identical!
04/07/2015 12:42:10.90 [Verbose] Ignore Action: New:krl.Copy(KRC:\R1\DAI\user_global.dat), 6500. MD5 check is identical!
04/07/2015 12:42:10.90 [Verbose] Ignore Action: New:krl.Copy(KRC:\R1\Program\SubRoutines\CHK_Destravado.dat), 6500. MD5 check is identical!
04/07/2015 12:42:10.90 [Verbose] Ignore Action: New:krl.Copy(KRC:\R1\DAI\dai_msg_library.dat), 6500. MD5 check is identical!
04/07/2015 12:42:10.91 [Verbose] Ignore Action: New:krl.Copy(KRC:\R1\Program\wkz6_an.dat), 6500. MD5 check is identical!
04/07/2015 12:42:10.91 [Verbose] Ignore Action: New:krl.Copy(KRC:\R1\Program\wkz6_ab.dat), 6500. MD5 check is identical!
04/07/2015 12:42:10.91 [Verbose] Ignore Action: New:krl.Copy(KRC:\R1\Program\wkz5_an.dat), 6500. MD5 check is identical!
04/07/2015 12:42:10.93 [Verbose] Ignore Action: New:krl.Copy(KRC:\R1\H_Prog\dai_VorNull.dat), 6500. MD5 check is identical!
04/07/2015 12:42:10.93 [Verbose] Ignore Action: New:krl.Copy(KRC:\R1\DAI\dai_sps_library.dat), 6500. MD5 check is identical!
04/07/2015 12:42:10.93 [Verbose] Ignore Action: New:krl.Copy(KRC:\R1\Program\SubRoutines\CHK_W3_AB_OK.dat), 6500. MD5 check is identical!
04/07/2015 12:42:10.93 [Verbose] Ignore Action: New:krl.Copy(KRC:\R1\DAI\dai_math_library.dat), 6500. MD5 check is identical!
04/07/2015 12:42:10.94 [Verbose] Ignore Action: New:krl.Copy(KRC:\R1\System\MsgLib.dat), 6500. MD5 check is identical!
04/07/2015 12:42:10.94 [Verbose] Ignore Action: New:krl.Copy(KRC:\R1\Program\SubRoutines\CHK_W6_AB_OK.dat), 6500. MD5 check is identical!
04/07/2015 12:42:10.94 [Verbose] Ignore Action: New:krl.Copy(KRC:\R1\TP\BrakeTest\BrakeTestBack.dat), 6500. MD5 check is identical!
04/07/2015 12:42:10.94 [Verbose] Ignore Action: New:krl.Copy(KRC:\R1\Program\SubRoutines\CHK_W5_AB_OK.dat), 6500. MD5 check is identical!
04/07/2015 12:42:10.96 [Verbose] Ignore Action: New:krl.Copy(KRC:\R1\TP\p00.dat), 6500. MD5 check is identical!
04/07/2015 12:42:10.96 [Verbose] Ignore Action: New:krl.Copy(KRC:\R1\Program\tm_useraction.dat), 6500. MD5 check is identical!
04/07/2015 12:42:10.96 [Verbose] Ignore Action: New:krl.Copy(KRC:\R1\Program\hp005.dat), 6500. MD5 check is identical!
04/07/2015 12:42:10.98 [Verbose] Ignore Action: New:krl.Copy(KRC:\R1\Program\masref_user.dat), 6500. MD5 check is identical!
04/07/2015 12:42:10.98 [Verbose] Ignore Action: New:krl.Copy(KRC:\R1\System\masref_main.dat), 6500. MD5 check is identical!
04/07/2015 12:42:10.98 [Verbose] Ignore Action: New:krl.Copy(KRC:\R1\Program\hp004.dat), 6500. MD5 check is identical!
04/07/2015 12:42:10.98 [Verbose] Ignore Action: New:krl.Copy(KRC:\R1\Program\HP250.dat), 6500. MD5 check is identical!
04/07/2015 12:42:10.99 [Verbose] Ignore Action: New:krl.Copy(KRC:\R1\Program\SubRoutines\CHK_TRAVADO.dat), 6500. MD5 check is identical!
04/07/2015 12:42:10.99 [Verbose] Ignore Action: New:krl.Copy(KRC:\R1\TP\BrakeTest\BrakeTestStart.dat), 6500. MD5 check is identical!
04/07/2015 12:42:10.99 [Verbose] Ignore Action: New:krl.Copy(KRC:\R1\TP\BrakeTest\BrakeTestReq.dat), 6500. MD5 check is identical!
04/07/2015 12:42:10.99 [Verbose] Ignore Action: New:krl.Copy(KRC:\R1\Program\SubRoutines\CHK_W6_R2_AB.dat), 6500. MD5 check is identical!
04/07/2015 12:42:11.01 [Verbose] Ignore Action: New:krl.Copy(KRC:\R1\TP\BrakeTest\BrakeTestSelfTest.dat), 6500. MD5 check is identical!
04/07/2015 12:42:11.01 [Verbose] Ignore Action: New:krl.Copy(KRC:\R1\Program\SubRoutines\CHK_W7_R2_AB.dat), 6500. MD5 check is identical!
04/07/2015 12:42:11.01 [Verbose] Ignore Action: New:krl.Copy(KRC:\R1\System\tm_bib.dat), 6500. MD5 check is identical!
04/07/2015 12:42:11.02 [Verbose] Ignore Action: New:krl.Copy(KRC:\R1\TP\BrakeTest\BrakeTestPark.dat), 6500. MD5 check is identical!
04/07/2015 12:42:11.02 [Verbose] Ignore Action: New:krl.Copy(KRC:\R1\Program\SubRoutines\CHK_W4_AB_OK.dat), 6500. MD5 check is identical!
04/07/2015 12:42:11.02 [Verbose] Ignore Action: New:krl.Copy(KRC:\R1\Program\SubRoutines\CHK_W3_AB_OK.src), 7000. MD5 check is identical!
04/07/2015 12:42:11.04 [Verbose] Ignore Action: New:krl.Copy(KRC:\R1\Program\SubRoutines\CHK_W6_AB_OK.src), 7000. MD5 check is identical!
04/07/2015 12:42:11.04 [Verbose] Ignore Action: New:krl.Copy(KRC:\R1\Program\SubRoutines\chk_w1_grp1_clo.src), 7000. MD5 check is identical!
04/07/2015 12:42:11.04 [Verbose] Ignore Action: New:krl.Copy(KRC:\R1\Program\poicao_zero.src), 7000. MD5 check is identical!
04/07/2015 12:42:11.05 [Verbose] Ignore Action: New:krl.Copy(KRC:\R1\BACKUP\ps_ltc_geo_x11.src), 7000. MD5 check is identical!
04/07/2015 12:42:11.05 [Verbose] Ignore Action: New:krl.Copy(KRC:\R1\H_Prog\dai_tool_xx_chg.src), 7000. MD5 check is identical!
04/07/2015 12:42:11.05 [Verbose] Ignore Action: New:krl.Copy(KRC:\R1\H_Prog\dai_tool_xx_ok.src), 7000. MD5 check is identical!
04/07/2015 12:42:11.07 [Verbose] Ignore Action: New:krl.Copy(KRC:\R1\Program\SubRoutines\CHK_W2_AB_OK.src), 7000. MD5 check is identical!
04/07/2015 12:42:11.07 [Verbose] Ignore Action: New:krl.Copy(KRC:\R1\Program\ho_st600_r2_2_copia.src), 7000. MD5 check is identical!
04/07/2015 12:42:11.07 [Verbose] Ignore Action: New:krl.Copy(KRC:\R1\Program\SubRoutines\CHK_Destravado.src), 7000. MD5 check is identical!
04/07/2015 12:42:11.07 [Verbose] Ignore Action: New:krl.Copy(KRC:\R1\Program\SubRoutines\CHK_W4_AB_OK.src), 7000. MD5 check is identical!
04/07/2015 12:42:11.09 [Verbose] Ignore Action: New:krl.Copy(KRC:\R1\Program\SubRoutines\CHK_Tool_on_robot.src), 7000. MD5 check is identical!
04/07/2015 12:42:11.09 [Verbose] Ignore Action: New:krl.Copy(KRC:\R1\Program\SubRoutines\CHK_Tool_not_on_robot.src), 7000. MD5 check is identical!
04/07/2015 12:42:11.09 [Verbose] Ignore Action: New:krl.Copy(KRC:\R1\Program\SubRoutines\CHK_W5_AB_OK.src), 7000. MD5 check is identical!
04/07/2015 12:42:11.09 [Verbose] Ignore Action: New:krl.Copy(KRC:\R1\Program\wkz7_an.src), 7000. MD5 check is identical!
04/07/2015 12:42:11.10 [Verbose] Ignore Action: New:krl.Copy(KRC:\R1\H_Prog\dai_VorNull.src), 7000. MD5 check is identical!
04/07/2015 12:42:11.10 [Verbose] Ignore Action: New:krl.Copy(KRC:\R1\Program\SubRoutines\CHK_W1_AB_OK.src), 7000. MD5 check is identical!
04/07/2015 12:42:11.10 [Verbose] Ignore Action: New:krl.Copy(KRC:\R1\Program\ho_st600_r2_1_copia.src), 7000. MD5 check is identical!
04/07/2015 12:42:11.12 [Verbose] Ignore Action: New:krl.Copy(KRC:\R1\cell.src), 7000. MD5 check is identical!
04/07/2015 12:42:11.12 [Verbose] Ignore Action: New:krl.Copy(KRC:\R1\TP\BrakeTest\BrakeTestPark.src), 7000. MD5 check is identical!
04/07/2015 12:42:11.12 [Verbose] Ignore Action: New:krl.Copy(KRC:\R1\TP\BrakeTest\BrakeTestBack.src), 7000. MD5 check is identical!
04/07/2015 12:42:11.12 [Verbose] Ignore Action: New:krl.Copy(KRC:\R1\TP\p00.src), 7000. MD5 check is identical!
04/07/2015 12:42:11.13 [Verbose] Ignore Action: New:krl.Copy(KRC:\R1\TP\BrakeTest\BrakeTestReq.src), 7000. MD5 check is identical!
04/07/2015 12:42:11.13 [Verbose] Ignore Action: New:krl.Copy(KRC:\R1\TP\Gripper_SpotTech\h50.src), 7000. MD5 check is identical!
04/07/2015 12:42:11.13 [Verbose] Ignore Action: New:krl.Copy(KRC:\R1\TP\BrakeTest\BrakeTestStart.src), 7000. MD5 check is identical!
04/07/2015 12:42:11.13 [Verbose] Ignore Action: New:krl.Copy(KRC:\R1\TP\BrakeTest\BrakeTestSelfTest.src), 7000. MD5 check is identical!
04/07/2015 12:42:11.15 [Verbose] Ignore Action: New:krl.Copy(KRC:\R1\System\tm_bib.src), 7000. MD5 check is identical!
04/07/2015 12:42:11.15 [Verbose] Ignore Action: New:krl.Copy(KRC:\R1\System\bas.src), 7000. MD5 check is identical!
04/07/2015 12:42:11.15 [Verbose] Ignore Action: New:krl.Copy(KRC:\R1\Program\tm_useraction.src), 7000. MD5 check is identical!
04/07/2015 12:42:11.16 [Verbose] Ignore Action: New:krl.Copy(KRC:\R1\Program\masref_user.src), 7000. MD5 check is identical!
04/07/2015 12:42:11.16 [Verbose] Ignore Action: New:krl.Copy(KRC:\R1\System\ir_stopm.src), 7000. MD5 check is identical!
04/07/2015 12:42:11.16 [Verbose] Ignore Action: New:krl.Copy(KRC:\R1\System\sps.sub), 7000. MD5 check is identical!
04/07/2015 12:42:11.18 [Verbose] Ignore Action: New:krl.Copy(KRC:\R1\System\MsgLib.src), 7000. MD5 check is identical!
04/07/2015 12:42:11.18 [Verbose] Ignore Action: New:krl.Copy(KRC:\R1\System\masref_main.src), 7000. MD5 check is identical!
04/07/2015 12:42:11.18 [Verbose] Ignore Action: New:krl.Copy(KRC:\R1\TP\Gripper_SpotTech\User_grp.src), 7000. MD5 check is identical!
04/07/2015 12:42:11.21 [Verbose] Ignore Action: New:krl.Copy(KRC:\R1\DAI\dai_tech_loop.src), 7000. MD5 check is identical!
04/07/2015 12:42:11.21 [Verbose] Ignore Action: New:krl.Copy(KRC:\R1\DAI\dai_sps_library.src), 7000. MD5 check is identical!
04/07/2015 12:42:11.21 [Verbose] Ignore Action: New:krl.Copy(KRC:\R1\DAI\dai_sps_init.src), 7000. MD5 check is identical!
04/07/2015 12:42:11.23 [Verbose] Ignore Action: New:krl.Copy(KRC:\R1\DAI\user_sps_ini.src), 7000. MD5 check is identical!
04/07/2015 12:42:11.23 [Verbose] Ignore Action: New:krl.Copy(KRC:\R1\H_Prog\dai_robot_ok.src), 7000. MD5 check is identical!
04/07/2015 12:42:11.23 [Verbose] Ignore Action: New:krl.Copy(KRC:\R1\H_Prog\dai_ldd_xx.src), 7000. MD5 check is identical!
04/07/2015 12:42:11.24 [Verbose] Ignore Action: New:krl.Copy(KRC:\R1\H_Prog\dai_grp_xx_ok.src), 7000. MD5 check is identical!
04/07/2015 12:42:11.24 [Verbose] Ignore Action: New:krl.Copy(KRC:\R1\DAI\dai_msg_library.src), 7000. MD5 check is identical!
04/07/2015 12:42:11.24 [Verbose] Ignore Action: New:krl.Copy(KRC:\R1\TP\DAI_AG_Spot\userspot.src), 7000. MD5 check is identical!
04/07/2015 12:42:11.26 [Verbose] Ignore Action: New:krl.Copy(KRC:\R1\Program\wartung.src), 7000. MD5 check is identical!
04/07/2015 12:42:11.26 [Verbose] Ignore Action: New:krl.Copy(KRC:\R1\Program\reinigung.src), 7000. MD5 check is identical!
04/07/2015 12:42:11.26 [Verbose] Ignore Action: New:krl.Copy(KRC:\R1\DAI\dai_ctrl_library.src), 7000. MD5 check is identical!
04/07/2015 12:42:11.27 [Verbose] Ignore Action: New:krl.Copy(KRC:\R1\DAI\dai_math_library.src), 7000. MD5 check is identical!
04/07/2015 12:42:11.27 [Verbose] Ignore Action: New:krl.Copy(KRC:\R1\Program\SubRoutines\chk_GRIPPER_r2_AN_ACCELO.src), 7000. MD5 check is identical!
04/07/2015 12:42:11.27 [Verbose] Ignore Action: New:krl.Copy(KRC:\R1\DAI\dai_data_library.src), 7000. MD5 check is identical!
04/07/2015 12:42:11.29 [Verbose] Ignore Action: New:krl.Copy(KRC:\R1\BACKUP\ps_ltc_geo_c11.src), 7000. MD5 check is identical!
04/07/2015 12:42:11.29 [Verbose] Ignore Action: New:krl.Copy(KRC:\R1\Program\wkz5_off_st600.src), 7000. MD5 check is identical!
04/07/2015 12:42:11.29 [Verbose] Ignore Action: New:krl.Copy(KRC:\R1\Program\SubRoutines\CHK_W3_R2_AB.src), 7000. MD5 check is identical!
04/07/2015 12:42:11.29 [Verbose] Ignore Action: New:krl.Copy(KRC:\R1\Program\F_fraes1.src), 7000. MD5 check is identical!
04/07/2015 12:42:11.30 [Verbose] Ignore Action: New:krl.Copy(KRC:\R1\Program\HP241.src), 7000. MD5 check is identical!
04/07/2015 12:42:11.30 [Verbose] Ignore Action: New:krl.Copy(KRC:\R1\Program\SubRoutines\CHK_W2_R2_AB.src), 7000. MD5 check is identical!
04/07/2015 12:42:11.30 [Verbose] Ignore Action: New:krl.Copy(KRC:\R1\Program\HP248.src), 7000. MD5 check is identical!
04/07/2015 12:42:11.32 [Verbose] Ignore Action: New:krl.Copy(KRC:\R1\Program\AB_ST600_R2_1.src), 7000. MD5 check is identical!
04/07/2015 12:42:11.32 [Verbose] Ignore Action: New:krl.Copy(KRC:\R1\Program\SubRoutines\CHK_W6_R2_AB.src), 7000. MD5 check is identical!
04/07/2015 12:42:11.32 [Verbose] Ignore Action: New:krl.Copy(KRC:\R1\Program\HO_ST600_R2_1.src), 7000. MD5 check is identical!
04/07/2015 12:42:11.32 [Verbose] Ignore Action: New:krl.Copy(KRC:\R1\Program\HP240.src), 7000. MD5 check is identical!
04/07/2015 12:42:11.34 [Verbose] Ignore Action: New:krl.Copy(KRC:\R1\Program\SubRoutines\CHK_W4_R2_AB.src), 7000. MD5 check is identical!
04/07/2015 12:42:11.34 [Verbose] Ignore Action: New:krl.Copy(KRC:\R1\Program\wkz6_an.src), 7000. MD5 check is identical!
04/07/2015 12:42:11.34 [Verbose] Ignore Action: New:krl.Copy(KRC:\R1\Program\wkz3_ab.src), 7000. MD5 check is identical!
04/07/2015 12:42:11.35 [Verbose] Ignore Action: New:krl.Copy(KRC:\R1\Program\wkz3_an.src), 7000. MD5 check is identical!
04/07/2015 12:42:11.35 [Verbose] Ignore Action: New:krl.Copy(KRC:\R1\Program\wkz6_ab.src), 7000. MD5 check is identical!
04/07/2015 12:42:11.35 [Verbose] Ignore Action: New:krl.Copy(KRC:\R1\Program\ab_st600_r2_2.src), 7000. MD5 check is identical!
04/07/2015 12:42:11.37 [Verbose] Ignore Action: New:krl.Copy(KRC:\R1\Program\wkz1_an.src), 7000. MD5 check is identical!
04/07/2015 12:42:11.37 [Verbose] Ignore Action: New:krl.Copy(KRC:\R1\Program\SubRoutines\CHK_W1_R2_AB.src), 7000. MD5 check is identical!
04/07/2015 12:42:11.37 [Verbose] Ignore Action: New:krl.Copy(KRC:\R1\Program\tip_change.src), 7000. MD5 check is identical!
04/07/2015 12:42:11.37 [Verbose] Ignore Action: New:krl.Copy(KRC:\R1\Program\HP251.src), 7000. MD5 check is identical!
04/07/2015 12:42:11.38 [Verbose] Ignore Action: New:krl.Copy(KRC:\R1\Program\SubRoutines\CHK_TOOL_AN_R2.src), 7000. MD5 check is identical!
04/07/2015 12:42:11.38 [Verbose] Ignore Action: New:krl.Copy(KRC:\R1\Program\wkz1_ab.src), 7000. MD5 check is identical!
04/07/2015 12:42:11.38 [Verbose] Ignore Action: New:krl.Copy(KRC:\R1\Program\SubRoutines\CHK_TOOL_AN_R2_ACCELO.src), 7000. MD5 check is identical!
04/07/2015 12:42:11.40 [Verbose] Ignore Action: New:krl.Copy(KRC:\R1\Program\hp004.src), 7000. MD5 check is identical!
04/07/2015 12:42:11.40 [Verbose] Ignore Action: New:krl.Copy(KRC:\R1\Program\SubRoutines\start_weld_RESPOT.src), 7000. MD5 check is identical!
04/07/2015 12:42:11.40 [Verbose] Ignore Action: New:krl.Copy(KRC:\R1\Program\SubRoutines\start_weld_GEO.src), 7000. MD5 check is identical!
04/07/2015 12:42:11.40 [Verbose] Ignore Action: New:krl.Copy(KRC:\R1\Program\SubRoutines\chk_w1_r2_ab_ACCELO.src), 7000. MD5 check is identical!
04/07/2015 12:42:11.41 [Verbose] Ignore Action: New:krl.Copy(KRC:\R1\Program\SubRoutines\chk_GRIPPER_r2_AB_ACCELO.src), 7000. MD5 check is identical!
04/07/2015 12:42:11.41 [Verbose] Ignore Action: New:krl.Copy(KRC:\R1\Program\hp005.src), 7000. MD5 check is identical!
04/07/2015 12:42:11.41 [Verbose] Ignore Action: New:krl.Copy(KRC:\R1\Program\e_fraes4.src), 7000. MD5 check is identical!
04/07/2015 12:42:11.43 [Verbose] Ignore Action: New:krl.Copy(KRC:\R1\Program\f_fraes2.src), 7000. MD5 check is identical!
04/07/2015 12:42:11.43 [Verbose] Ignore Action: New:krl.Copy(KRC:\R1\Program\HP250.src), 7000. MD5 check is identical!
04/07/2015 12:42:11.43 [Verbose] Ignore Action: New:krl.Copy(KRC:\R1\Program\f_fraes4.src), 7000. MD5 check is identical!
04/07/2015 12:42:11.43 [Verbose] Ignore Action: New:krl.Copy(KRC:\R1\Program\SubRoutines\chk_w0_tools_ok.src), 7000. MD5 check is identical!
04/07/2015 12:42:11.45 [Verbose] Ignore Action: New:krl.Copy(KRC:\R1\Program\SubRoutines\chk_w6_r2_ab_ACCELO.src), 7000. MD5 check is identical!
04/07/2015 12:42:11.45 [Verbose] Ignore Action: New:krl.Copy(KRC:\R1\Program\SubRoutines\CHK_W7_R2_AB.src), 7000. MD5 check is identical!
04/07/2015 12:42:11.45 [Verbose] Ignore Action: New:krl.Copy(KRC:\R1\Program\e_fraes1.src), 7000. MD5 check is identical!
04/07/2015 12:42:11.45 [Verbose] Ignore Action: New:krl.Copy(KRC:\R1\Program\e_fraes2.src), 7000. MD5 check is identical!
04/07/2015 12:42:11.46 [Verbose] Ignore Action: New:krl.Copy(KRC:\R1\Program\SubRoutines\CHK_TRAVADO.src), 7000. MD5 check is identical!
04/07/2015 12:42:11.46 [Verbose] Ignore Action: New:krl.Copy(KRC:\R1\Program\SubRoutines\end_weld_RESPOT.src), 7000. MD5 check is identical!
04/07/2015 12:42:11.46 [Verbose] Ignore Action: New:krl.Copy(KRC:\R1\Program\SubRoutines\chk_w2_r2_ab_ACCELO.src), 7000. MD5 check is identical!
04/07/2015 12:42:11.48 [Verbose] Ignore Action: New:krl.Copy(KRC:\R1\Program\SubRoutines\chk_w3_r2_ab_ACCELO.src), 7000. MD5 check is identical!
04/07/2015 12:42:11.48 [Verbose] Ignore Action: New:krl.Copy(KRC:\R1\Program\SubRoutines\chk_w5_r2_ab_ACCELO.src), 7000. MD5 check is identical!
04/07/2015 12:42:11.48 [Verbose] Ignore Action: New:krl.Copy(KRC:\R1\Program\SubRoutines\end_weld_GEO.src), 7000. MD5 check is identical!
04/07/2015 12:42:11.49 [Verbose] Ignore Action: New:krl.Copy(KRC:\R1\Program\ps_stb_res_c1.src), 7000. MD5 check is identical!
04/07/2015 12:42:11.49 [Verbose] Ignore Action: New:krl.Copy(KRC:\R1\Program\SubRoutines\chk_w1_grp3_opn.src), 7000. MD5 check is identical!
04/07/2015 12:42:11.49 [Verbose] Ignore Action: New:krl.Copy(KRC:\R1\Program\SubRoutines\chk_w1_grp3_clo.src), 7000. MD5 check is identical!
04/07/2015 12:42:11.49 [Verbose] Ignore Action: New:krl.Copy(KRC:\R1\Program\SubRoutines\chk_w1_grp2_opn.src), 7000. MD5 check is identical!
04/07/2015 12:42:11.51 [Verbose] Ignore Action: New:krl.Copy(KRC:\R1\Program\wkz1_ok.src), 7000. MD5 check is identical!
04/07/2015 12:42:11.51 [Verbose] Ignore Action: New:krl.Copy(KRC:\R1\Program\ps_stb_geo_c1.src), 7000. MD5 check is identical!
04/07/2015 12:42:11.51 [Verbose] Ignore Action: New:krl.Copy(KRC:\R1\Program\ps_ltc_res_x1.src), 7000. MD5 check is identical!
04/07/2015 12:42:11.51 [Verbose] Ignore Action: New:krl.Copy(KRC:\R1\Program\SubRoutines\chk_w1_grp5_clo.src), 7000. MD5 check is identical!
04/07/2015 12:42:11.52 [Verbose] Ignore Action: New:krl.Copy(KRC:\R1\Program\SubRoutines\chk_w1_grp4_opn.src), 7000. MD5 check is identical!
04/07/2015 12:42:11.52 [Verbose] Ignore Action: New:krl.Copy(KRC:\R1\Program\SubRoutines\chk_w1_grp4_clo.src), 7000. MD5 check is identical!
04/07/2015 12:42:11.52 [Verbose] Ignore Action: New:krl.Copy(KRC:\R1\Program\ps_res_c2.src), 7000. MD5 check is identical!
04/07/2015 12:42:11.52 [Verbose] Ignore Action: New:krl.Copy(KRC:\R1\Program\SubRoutines\chk_w5_wechs_ok.src), 7000. MD5 check is identical!
04/07/2015 12:42:11.54 [Verbose] Ignore Action: New:krl.Copy(KRC:\R1\Program\SubRoutines\chk_w4_wechs_ok.src), 7000. MD5 check is identical!
04/07/2015 12:42:11.54 [Verbose] Ignore Action: New:krl.Copy(KRC:\R1\Program\SubRoutines\chk_w6_wechs_ok.src), 7000. MD5 check is identical!
04/07/2015 12:42:11.54 [Verbose] Ignore Action: New:krl.Copy(KRC:\R1\Program\SubRoutines\chk_w1_grp1_opn.src), 7000. MD5 check is identical!
04/07/2015 12:42:11.55 [Verbose] Ignore Action: New:krl.Copy(KRC:\R1\Program\SubRoutines\chk_w8_wechs_ok.src), 7000. MD5 check is identical!
04/07/2015 12:42:11.55 [Verbose] Ignore Action: New:krl.Copy(KRC:\R1\Program\SubRoutines\chk_w3_wechs_ok.src), 7000. MD5 check is identical!
04/07/2015 12:42:11.55 [Verbose] Ignore Action: New:krl.Copy(KRC:\R1\Program\SubRoutines\chk_w1_grp2_clo.src), 7000. MD5 check is identical!
04/07/2015 12:42:11.55 [Verbose] Ignore Action: New:krl.Copy(KRC:\R1\Program\wkz3_ok.src), 7000. MD5 check is identical!
04/07/2015 12:42:11.57 [Verbose] Ignore Action: New:krl.Copy(KRC:\R1\Program\wkz6_ok.src), 7000. MD5 check is identical!
04/07/2015 12:42:11.57 [Verbose] Ignore Action: New:krl.Copy(KRC:\R1\Program\SubRoutines\chk_w1_wechs_ok.src), 7000. MD5 check is identical!
04/07/2015 12:42:11.59 [Verbose] Ignore Action: New:krl.Copy(KRC:\R1\System\969074_r2.pt.txt), 7000. MD5 check is identical!
04/07/2015 12:42:11.59 [Verbose] Ignore Action: New:krl.Copy(KRC:\R1\Program\SubRoutines\MBINI.src), 7000. MD5 check is identical!
04/07/2015 12:42:11.59 [Verbose] Ignore Action: New:krl.Copy(KRC:\R1\Program\wkz4_off_st600.src), 7000. MD5 check is identical!
04/07/2015 12:42:11.59 [Verbose] Ignore Action: New:krl.Copy(KRC:\R1\Program\SubRoutines\chk_w2_grp3_opn.src), 7000. MD5 check is identical!
04/07/2015 12:42:11.60 [Verbose] Ignore Action: New:krl.Copy(KRC:\R1\Program\SubRoutines\chk_w2_grp3_clo.src), 7000. MD5 check is identical!
04/07/2015 12:42:11.60 [Verbose] Ignore Action: New:krl.Copy(KRC:\R1\Program\SubRoutines\MBINI_2.src), 7000. MD5 check is identical!
04/07/2015 12:42:11.60 [Verbose] Ignore Action: New:krl.Copy(KRC:\R1\Program\wkz5_ab.src), 7000. MD5 check is identical!
04/07/2015 12:42:11.62 [Verbose] Ignore Action: New:krl.Copy(KRC:\R1\Program\hp007.src), 7000. MD5 check is identical!
04/07/2015 12:42:11.62 [Verbose] Ignore Action: New:krl.Copy(KRC:\R1\Program\ho_st600_r2_2.src), 7000. MD5 check is identical!
04/07/2015 12:42:11.62 [Verbose] Ignore Action: New:krl.Copy(KRC:\R1\Program\wkz5_an.src), 7000. MD5 check is identical!
04/07/2015 12:42:11.63 [Verbose] Ignore Action: New:krl.Copy(KRC:\R1\Program\wkz4_an.src), 7000. MD5 check is identical!
04/07/2015 12:42:11.63 [Verbose] Ignore Action: New:krl.Copy(KRC:\R1\Program\wkz4_ab.src), 7000. MD5 check is identical!
04/07/2015 12:42:11.63 [Verbose] Ignore Action: New:krl.Copy(KRC:\R1\Program\SubRoutines\chk_w2_grp1_clo.src), 7000. MD5 check is identical!
04/07/2015 12:42:11.63 [Verbose] Ignore Action: New:krl.Copy(KRC:\R1\Program\ps_geo_c1.src), 7000. MD5 check is identical!
04/07/2015 12:42:11.65 [Verbose] Ignore Action: New:krl.Copy(KRC:\R1\Program\ps_ltc_geo_c1.src), 7000. MD5 check is identical!
04/07/2015 12:42:11.65 [Verbose] Ignore Action: New:krl.Copy(KRC:\R1\Program\ps_ltc_geo_x1.src), 7000. MD5 check is identical!
04/07/2015 12:42:11.65 [Verbose] Ignore Action: New:krl.Copy(KRC:\R1\Program\SubRoutines\chk_w1_grp5_opn.src), 7000. MD5 check is identical!
04/07/2015 12:42:11.66 [Verbose] Ignore Action: New:krl.Copy(KRC:\R1\Program\SubRoutines\chk_w2_grp1_opn.src), 7000. MD5 check is identical!
04/07/2015 12:42:11.66 [Verbose] Ignore Action: New:krl.Copy(KRC:\R1\Program\SubRoutines\chk_w2_grp2_opn.src), 7000. MD5 check is identical!
04/07/2015 12:42:11.66 [Verbose] Ignore Action: New:krl.Copy(KRC:\R1\Program\ps_com_geo_c1.src), 7000. MD5 check is identical!
04/07/2015 12:42:11.68 [Verbose] Ignore Action: New:krl.Copy(KRC:\R1\Program\ps_com_geo_x1.src), 7000. MD5 check is identical!
04/07/2015 12:42:11.68 [Verbose] Ignore Action: New:krl.Copy(KRC:\R1\Program\ps_com_res_c1.src), 7000. MD5 check is identical!
04/07/2015 12:42:11.68 [Verbose] Ignore Action: New:krl.Copy(KRC:\R1\Program\SubRoutines\chk_w2_grp2_clo.src), 7000. MD5 check is identical!
04/07/2015 12:42:11.68 [Information] Ignore Action: New:solution.Copy(C:\KRC\User\ProjectRoot\MBB_969074\MBB_969074.wvs), 9000. Copy only once!
04/07/2015 12:42:11.91 [Warning] Ignore UserPdiGenerationAction: Create "C:\KRC\Roboter\Config\User\Common\USERPDI.SAF". Header and content check states identical data!
04/07/2015 12:42:11.91 [Information] CrcFileCreateAction 'New:safety.Create(Config:\User\Common\SCTLCRC.IMG), 99998': Requests reconfiguration.
04/07/2015 12:42:14.37 [Information] Successfull execute PrepareAction 'Global.UserPermission(), 1000'.
04/07/2015 12:42:14.40 [Information] Execute Global.StopProgram(), 2000. Krc not in Automatic!
04/07/2015 12:42:14.40 [Information] Successfull execute PrepareAction 'Global.StopProgram(), 2000'.
04/07/2015 12:42:14.48 [Information] Committed: Prepared.
04/07/2015 12:42:14.56 [Information] Start installation of "MBB_969074 V1.23.0.0".
04/07/2015 12:42:14.56 [Information] Reset current project!
04/07/2015 12:42:14.61 [Information] Successfull execute Install Action 'Global.PrepareReconfiguration(), 0'.
04/07/2015 12:42:14.62 [Information] Successfull execute Install Action 'New:config.Copy(Config:\User\Common\KrcIoSignals.xml), 2000'.
04/07/2015 12:42:14.70 [Information] Successfull execute Install Action 'New:config.Copy(Config:\User\Common\KRC_IO.xml), 2000'.
04/07/2015 12:42:14.81 [Information] Successfull execute Install Action 'New:config.Copy(Config:\User\Common\Interbus.xml), 2000'.
04/07/2015 12:42:14.93 [Information] SafetyNetworkInstallAction 'New:safety.Copy(Config:\User\Common\SAFEDEV.SAF), 2000': Checksum written.
04/07/2015 12:42:14.95 [Information] Successfull execute Install Action 'New:safety.Copy(Config:\User\Common\SAFEDEV.SAF), 2000'.
04/07/2015 12:42:14.97 [Information] Successfull execute Install Action 'New:config.Copy(Config:\User\Common\Mada\NGAxis\CtrlE1AddFct.xml), 2000'.
04/07/2015 12:42:14.97 [Information] Successfull execute Install Action 'New:config.Copy(Config:\User\Common\Mada\NGAxis\CtrlE1.xml), 2000'.
04/07/2015 12:42:14.98 [Information] Successfull execute Install Action 'New:config.Copy(Config:\User\Common\Mada\NGAxis\E1.xml), 2000'.
04/07/2015 12:42:14.98 [Information] Successfull execute Install Action 'New:config.Copy(Config:\User\Common\Mada\SimuAxis\E1.xml), 2000'.
04/07/2015 12:42:14.98 [Information] Successfull execute Install Action 'New:config.Copy(Config:\User\Common\Mada\SimuAxesKrc.xml), 2000'.
04/07/2015 12:42:15.00 [Information] Successfull execute Install Action 'New:config.Copy(Config:\User\Common\PNIODriver.xml), 2000'.
04/07/2015 12:42:15.00 [Information] Successfull execute Install Action 'New:config.Copy(Config:\User\Cabinet\ecatms_config.xml), 2000'.
04/07/2015 12:42:15.01 [Information] Successfull execute Install Action 'New:config.Copy(Config:\User\Common\Mada\SimuAxes.xml), 2000'.
04/07/2015 12:42:15.01 [Information] Successfull execute Install Action 'New:config.Copy(Config:\User\Common\Mada\NextGenDriveTech.xml), 2000'.
04/07/2015 12:42:15.03 [Information] Successfull execute Install Action 'New:config.Copy(Config:\User\Common\Mada\KRCAxes.xml), 2000'.
04/07/2015 12:42:15.03 [Information] Successfull execute Install Action 'New:config.Copy(Config:\User\Common\Mada\CFCore.xml), 2000'.
04/07/2015 12:42:15.03 [Information] Successfull execute Install Action 'New:config.Copy(Config:\User\Common\IPPNIO.xml), 2000'.
04/07/2015 12:42:15.50 [Information] Successfull execute Install Action 'New:mada.Copy(KRC:\R1\System\$config.dat), 4000'.
04/07/2015 12:42:16.67 [Information] Successfull execute Install Action 'New:mada.Copy(KRC:\R1\Mada\$machine.dat), 4000'.
04/07/2015 12:42:16.67 [Information] CrcFileCreateAction 'New:safety.Create(Config:\User\Common\SCTLCRC.IMG), 99998': CRC container updated for file 'C:\KRC\ROBOTER\Config\User\Common\SAFEDEV.SAF'.
04/07/2015 12:42:16.69 [Information] Successfull execute Install Action 'New:safety.Create(Config:\User\Common\SCTLCRC.IMG), 99998'.
04/07/2015 12:42:16.70 [Information] Successfull execute Install Action 'Global.Reconfiguration(), 99999'.
04/07/2015 12:42:16.70 [Information] Installation successfull!
04/07/2015 12:42:17.39 [Information] Set current project: MBB_969074 V1.23.0.0
04/07/2015 12:42:17.60 [Information] Committed: Installed.
04/07/2015 12:42:17.61 [Information] *** Activation Successful.
04/07/2015 12:42:19.83 [Information] Committed: Activated.
04/07/2015 12:42:20.03 [Information] #----------------o0o---------------#
