04/01/2017 05:40:45.00 [Information] -------------------------------
04/01/2017 05:40:47.54 [Information] Prepare Installation of project "MBB_090R600 V1.42.0.0".
04/01/2017 05:40:47.54 [Information] Current project was "MBB_090R600 V1.41.0".
04/01/2017 05:40:49.10 [Warning] Element Type changed for {ExternalFileManifest Config:Copy(Config:\User\Common\SafetyConfigData.xml) - SavedExternal} -> safety
04/01/2017 05:40:49.10 [Warning] Element Type changed for {ExternalFileManifest Config:Copy(Config:\User\Common\SCtlPara.sg) - SavedExternal} -> safety
04/01/2017 05:40:49.10 [Warning] Element Type changed for {ExternalFileManifest Safety:Copy(Config:\User\Common\MotionDrivers\motiondrv.ini) - Automatic, ForcedManual} -> config
04/01/2017 05:40:49.10 [Warning] Element Type changed for {ExternalFileManifest Krl:Copy(C:\KRC\Roboter\Template\vg_appl.dat) - SavedExternal} -> file
04/01/2017 05:40:49.10 [Warning] Element Type changed for {ExternalFileManifest Krl:Copy(C:\KRC\Roboter\Template\vg_appl.src) - SavedExternal} -> file
04/01/2017 05:40:49.10 [Warning] Element Type changed for {ExternalFileManifest Krl:Copy(C:\KRC\Roboter\Template\vg_hp.dat) - SavedExternal} -> file
04/01/2017 05:40:49.10 [Warning] Element Type changed for {ExternalFileManifest Krl:Copy(C:\KRC\Roboter\Template\vg_hp.src) - SavedExternal} -> file
04/01/2017 05:40:49.10 [Warning] Element Type changed for {ExternalFileManifest Safety:Copy(Config:\User\Common\New Folder\HNFINFO.SAF) - SavedExternal} -> config
04/01/2017 05:40:49.10 [Warning] Element Type changed for {ExternalFileManifest Safety:Copy(Config:\User\Common\New Folder\SAFEDEV.SAF) - SavedExternal} -> config
04/01/2017 05:40:49.10 [Warning] Element Type changed for {ExternalFileManifest Safety:Copy(Config:\User\Common\New Folder\SCTLCRC.IMG) - SavedExternal} -> config
04/01/2017 05:40:49.10 [Warning] Element Type changed for {ExternalFileManifest Safety:Copy(Config:\User\Common\New Folder\USERPDI.SAF) - SavedExternal} -> config
04/01/2017 05:40:49.10 [Warning] Element Type changed for {ExternalFileManifest Krl:Copy(C:\KRC\temp\ChangeLog.dat) - SavedExternal} -> file
04/01/2017 05:40:49.10 [Warning] Element Type changed for {ExternalFileManifest Krl:Copy(C:\KRC\temp\ToDo.dat) - SavedExternal} -> file
04/01/2017 05:40:49.10 [Warning] Element Type changed for {ExternalFileManifest File:Copy(KRC:\R1\System\090rb_600.pt.txt) - SavedExternal} -> krl
04/01/2017 05:40:49.10 [Warning] Element Type changed for {ExternalFileManifest Safety:Copy(Config:\User\Common\SCTLCRC.XML) - Automatic} -> config
04/01/2017 05:40:49.11 [Information] SafetyHandler ignores element: '{ExternalFileManifest safety:Copy(Config:\User\Common\SafetyConfigData.xml) - SavedExternal}'
04/01/2017 05:40:49.11 [Information] SafetyHandler ignores element: '{ExternalFileManifest safety:Copy(Config:\User\Common\SCtlPara.sg) - SavedExternal}'
04/01/2017 05:40:49.11 [Information] SafetyHandler ignores element: '{ExternalFileManifest safety:Copy(Config:\User\Common\HNFINFO.SAF) - SavedExternal}'
04/01/2017 05:40:51.09 [Verbose] Ignore Action: New:file.Copy(C:\KRC\TP\USERTECH\TEMPLATE\dai_plus.kfd), 1500. MD5 check is identical!
04/01/2017 05:40:51.11 [Verbose] Ignore Action: New:file.Copy(C:\KRC\TP\USERTECH\TEMPLATE\dai_velocity.kfd), 1500. MD5 check is identical!
04/01/2017 05:40:51.11 [Verbose] Ignore Action: New:file.Copy(C:\KRC\TP\USERTECH\TEMPLATE\dai_collision.kfd), 1500. MD5 check is identical!
04/01/2017 05:40:51.14 [Verbose] Ignore Action: New:file.Copy(C:\KRC\TP\USERTECH\TEMPLATE\dai_corr_tcp.kfd), 1500. MD5 check is identical!
04/01/2017 05:40:51.14 [Verbose] Ignore Action: New:file.Copy(C:\KRC\TP\USERTECH\TEMPLATE\ICONS\prestrock_op.ico), 1500. MD5 check is identical!
04/01/2017 05:40:51.14 [Verbose] Ignore Action: New:file.Copy(C:\KRC\USER\SetupWizardStates.xml), 1500. MD5 check is identical!
04/01/2017 05:40:51.14 [Verbose] Ignore Action: New:file.Copy(C:\KRC\TP\USERTECH\TEMPLATE\ICONS\ConnectTool.ico), 1500. MD5 check is identical!
04/01/2017 05:40:51.15 [Verbose] Ignore Action: New:file.Copy(C:\KRC\TP\USERTECH\TEMPLATE\ICONS\prestrock_cl.ico), 1500. MD5 check is identical!
04/01/2017 05:40:51.15 [Verbose] Ignore Action: New:file.Copy(C:\KRC\TP\USERTECH\TEMPLATE\dai_brake.kfd), 1500. MD5 check is identical!
04/01/2017 05:40:51.15 [Verbose] Ignore Action: New:file.Copy(C:\KRC\Roboter\Template\vg_hp.dat), 1500. MD5 check is identical!
04/01/2017 05:40:51.15 [Verbose] Ignore Action: New:file.Copy(C:\KRC\Roboter\Template\vg_hp.src), 1500. MD5 check is identical!
04/01/2017 05:40:51.15 [Verbose] Ignore Action: New:file.Copy(C:\KRC\Roboter\Template\vg_appl.dat), 1500. MD5 check is identical!
04/01/2017 05:40:51.15 [Verbose] Ignore Action: New:file.Copy(C:\KRC\Roboter\Template\vg_appl.src), 1500. MD5 check is identical!
04/01/2017 05:40:51.17 [Verbose] Ignore Action: New:file.Copy(C:\KRC\DATA\DAI_MSG_LIB.kxr), 1500. MD5 check is identical!
04/01/2017 05:40:51.17 [Verbose] Ignore Action: New:file.Copy(C:\KRC\DATA\DAI_USER_MSG.kxr), 1500. MD5 check is identical!
04/01/2017 05:40:51.17 [Verbose] Ignore Action: New:file.Copy(C:\KRC\DATA\DAI_Gripper.kxr), 1500. MD5 check is identical!
04/01/2017 05:40:51.18 [Verbose] Ignore Action: New:file.Copy(C:\KRC\DATA\DAI_H_Prog.kxr), 1500. MD5 check is identical!
04/01/2017 05:40:51.18 [Verbose] Ignore Action: New:file.Copy(C:\KRC\Roboter\RDC\401195.mam), 1500. MD5 check is identical!
04/01/2017 05:40:51.18 [Verbose] Ignore Action: New:file.Copy(C:\KRC\Roboter\RDC\KLIConfig.xml), 1500. MD5 check is identical!
04/01/2017 05:40:51.18 [Verbose] Ignore Action: New:file.Copy(C:\KRC\DATA\DAI_ANTICOLL.kxr), 1500. MD5 check is identical!
04/01/2017 05:40:51.18 [Verbose] Ignore Action: New:file.Copy(C:\KRC\Roboter\RDC\401195.cal), 1500. MD5 check is identical!
04/01/2017 05:40:51.20 [Verbose] Ignore Action: New:file.Copy(C:\KRC\Roboter\RDC\RobotData.xml), 1500. MD5 check is identical!
04/01/2017 05:40:51.20 [Verbose] Ignore Action: New:file.Copy(C:\KRC\Roboter\RDC\RobotInfo.xml), 1500. MD5 check is identical!
04/01/2017 05:40:51.20 [Verbose] Ignore Action: New:file.Copy(C:\KRC\Roboter\RDC\MaintenanceLog.xml), 1500. MD5 check is identical!
04/01/2017 05:40:51.20 [Verbose] Ignore Action: New:file.Copy(C:\KRC\Roboter\RDC\RdcDirectoryContents.txt), 1500. MD5 check is identical!
04/01/2017 05:40:51.22 [Verbose] Ignore Action: New:file.Copy(C:\KRC\temp\ToDo.dat), 1500. MD5 check is identical!
04/01/2017 05:40:51.22 [Verbose] Ignore Action: New:file.Copy(C:\KRC\SmartHMI\SmartHMI.exe.DAI_AG_Spot.config), 1500. MD5 check is identical!
04/01/2017 05:40:51.22 [Verbose] Ignore Action: New:file.Copy(C:\KRC\DATA\DAI_AG_Spot.kxr), 1500. MD5 check is identical!
04/01/2017 05:40:51.22 [Verbose] Ignore Action: New:file.Copy(C:\KRC\USER\BackupManager.User.config), 1500. MD5 check is identical!
04/01/2017 05:40:51.22 [Verbose] Ignore Action: New:file.Copy(C:\KRC\USER\Measurement.Points.cfg), 1500. MD5 check is identical!
04/01/2017 05:40:51.22 [Verbose] Ignore Action: New:file.Copy(C:\KRC\USER\CheckingPosCorrection.cfg), 1500. MD5 check is identical!
04/01/2017 05:40:51.23 [Verbose] Ignore Action: New:file.Copy(C:\KRC\temp\ChangeLog.dat), 1500. MD5 check is identical!
04/01/2017 05:40:51.23 [Verbose] Ignore Action: New:file.Copy(C:\KRC\TP\USERTECH\TEMPLATE\DAI_AG_Spottech.KFD), 1500. MD5 check is identical!
04/01/2017 05:40:51.23 [Verbose] Ignore Action: New:file.Copy(C:\KRC\USER\KLMDigitalIO.WriteProtectedOutputs.cfg), 1500. MD5 check is identical!
04/01/2017 05:40:51.23 [Verbose] Ignore Action: New:file.Copy(C:\KRC\USER\PMService.user.config), 1500. MD5 check is identical!
04/01/2017 05:40:51.25 [Verbose] Ignore Action: New:file.Copy(C:\KRC\USER\MaintenanceHandBook.User.config), 1500. MD5 check is identical!
04/01/2017 05:40:51.25 [Verbose] Ignore Action: New:file.Copy(C:\KRC\USER\ProjectExternalFileList.xml), 1500. MD5 check is identical!
04/01/2017 05:40:51.25 [Verbose] Ignore Action: New:file.Copy(C:\KRC\USER\SmartHMI.User.config), 1500. MD5 check is identical!
04/01/2017 05:40:51.25 [Verbose] Ignore Action: New:file.Copy(C:\KRC\USER\Settings.xml), 1500. MD5 check is identical!
04/01/2017 05:40:51.25 [Verbose] Ignore Action: New:file.Copy(C:\KRC\USER\KukaPMService.User.config), 1500. MD5 check is identical!
04/01/2017 05:40:51.25 [Verbose] Ignore Action: New:file.Copy(C:\KRC\USER\ConfigMon.ini), 1500. MD5 check is identical!
04/01/2017 05:40:51.26 [Verbose] Ignore Action: New:file.Copy(C:\KRC\Roboter\RDC\prec_rob0000401195.xml), 1500. MD5 check is identical!
04/01/2017 05:40:51.26 [Verbose] Ignore Action: New:file.Copy(C:\KRC\USER\Cross3.User.config), 1500. MD5 check is identical!
04/01/2017 05:40:51.26 [Verbose] Ignore Action: New:file.Copy(C:\KRC\USER\InstallTech.cfg), 1500. MD5 check is identical!
04/01/2017 05:40:51.26 [Verbose] Ignore Action: New:file.Copy(C:\KRC\USER\InitialProjectSetup.User.config), 1500. MD5 check is identical!
04/01/2017 05:40:51.26 [Verbose] Ignore Action: New:file.Copy(C:\KRC\USER\WaitForUserList.xml), 1500. MD5 check is identical!
04/01/2017 05:40:51.26 [Verbose] Ignore Action: New:file.Copy(C:\KRC\USER\KRMSGNET\KRmsgNETSettings.xml), 1500. MD5 check is identical!
04/01/2017 05:40:51.28 [Verbose] Ignore Action: New:file.Copy(C:\KRC\USER\KRMSGNET\KRmsgNETFilterSettingsTechnology.xml), 1500. MD5 check is identical!
04/01/2017 05:40:51.28 [Verbose] Ignore Action: New:file.Copy(C:\KRC\USER\SafeOpCrc\SafeOpCrcConfig.xml), 1500. MD5 check is identical!
04/01/2017 05:40:51.28 [Verbose] Ignore Action: New:file.Copy(C:\KRC\SmartHMI\SmartHMI.exe.DAI_STANDARD.config), 1500. MD5 check is identical!
04/01/2017 05:40:51.28 [Verbose] Ignore Action: New:file.Copy(C:\KRC\USER\TP\Gripper_SpotTech\GripperSpot.xml), 1500. MD5 check is identical!
04/01/2017 05:40:51.28 [Verbose] Ignore Action: New:file.Copy(C:\KRC\USER\KRMSGNET\KRmsgNETFilterSettingsChannel4.xml), 1500. MD5 check is identical!
04/01/2017 05:40:51.29 [Verbose] Ignore Action: New:file.Copy(C:\KRC\USER\KRMSGNET\KRmsgNETFilterSettingsChannel0.xml), 1500. MD5 check is identical!
04/01/2017 05:40:51.29 [Verbose] Ignore Action: New:file.Copy(C:\KRC\USER\WorkVisualServiceHost.User.config), 1500. MD5 check is identical!
04/01/2017 05:40:51.29 [Verbose] Ignore Action: New:file.Copy(C:\KRC\USER\KRMSGNET\KRmsgNETFilterSettingsChannel1.xml), 1500. MD5 check is identical!
04/01/2017 05:40:51.29 [Verbose] Ignore Action: New:file.Copy(C:\KRC\USER\KRMSGNET\KRmsgNETFilterSettingsChannel3.xml), 1500. MD5 check is identical!
04/01/2017 05:40:51.29 [Verbose] Ignore Action: New:file.Copy(C:\KRC\USER\KRMSGNET\KRmsgNETFilterSettingsChannel2.xml), 1500. MD5 check is identical!
04/01/2017 05:40:51.31 [Verbose] Ignore Action: New:config.Copy(Config:\User\Common\MotionDrivers\loadDataDevice.ini), 2000. MD5 check is identical!
04/01/2017 05:40:51.31 [Verbose] Ignore Action: New:config.Copy(Config:\User\Common\Mada\SimuAxis\A5.xml), 2000. MD5 check is identical!
04/01/2017 05:40:51.31 [Verbose] Ignore Action: New:config.Copy(Config:\User\Common\Mada\SimuAxis\A6.xml), 2000. MD5 check is identical!
04/01/2017 05:40:51.31 [Verbose] Ignore Action: New:config.Copy(Config:\User\Common\MotionDrivers\mdrBrakeTest.ini), 2000. MD5 check is identical!
04/01/2017 05:40:51.31 [Verbose] Ignore Action: New:config.Copy(Config:\User\Common\MotionDrivers\mdrJointOffset.ini), 2000. MD5 check is identical!
04/01/2017 05:40:51.33 [Verbose] Ignore Action: New:config.Copy(Config:\User\Common\MotionDrivers\mdrStandStill.ini), 2000. MD5 check is identical!
04/01/2017 05:40:51.33 [Verbose] Ignore Action: New:config.Copy(Config:\User\Common\MotionDrivers\mdrConveyor.ini), 2000. MD5 check is identical!
04/01/2017 05:40:51.33 [Verbose] Ignore Action: New:config.Copy(Config:\User\Common\MotionDrivers\mdrEmily.ini), 2000. MD5 check is identical!
04/01/2017 05:40:51.33 [Verbose] Ignore Action: New:config.Copy(Config:\User\Common\Mada\SimuAxis\A4.xml), 2000. MD5 check is identical!
04/01/2017 05:40:51.33 [Verbose] Ignore Action: New:config.Copy(Config:\User\Common\Mada\NGAxis\CtrlA3AddFct.xml), 2000. MD5 check is identical!
04/01/2017 05:40:51.34 [Verbose] Ignore Action: New:config.Copy(Config:\User\Common\Mada\NGAxis\CtrlA4AddFct.xml), 2000. MD5 check is identical!
04/01/2017 05:40:51.34 [Verbose] Ignore Action: New:config.Copy(Config:\User\Common\Mada\NGAxis\CtrlA1AddFct.xml), 2000. MD5 check is identical!
04/01/2017 05:40:51.34 [Verbose] Ignore Action: New:config.Copy(Config:\User\Common\Mada\NGAxis\CtrlA2AddFct.xml), 2000. MD5 check is identical!
04/01/2017 05:40:51.34 [Verbose] Ignore Action: New:config.Copy(Config:\User\Common\Mada\NGAxis\CtrlA5AddFct.xml), 2000. MD5 check is identical!
04/01/2017 05:40:51.34 [Verbose] Ignore Action: New:config.Copy(Config:\User\Common\Mada\SimuAxis\A2.xml), 2000. MD5 check is identical!
04/01/2017 05:40:51.36 [Verbose] Ignore Action: New:config.Copy(Config:\User\Common\Mada\SimuAxis\A3.xml), 2000. MD5 check is identical!
04/01/2017 05:40:51.36 [Verbose] Ignore Action: New:config.Copy(Config:\User\Common\Mada\NGAxis\CtrlA6AddFct.xml), 2000. MD5 check is identical!
04/01/2017 05:40:51.36 [Verbose] Ignore Action: New:config.Copy(Config:\User\Common\Mada\SimuAxis\A1.xml), 2000. MD5 check is identical!
04/01/2017 05:40:51.36 [Verbose] Ignore Action: New:config.Copy(Config:\User\Common\MotionDrivers\mdrVwAscii.ini), 2000. MD5 check is identical!
04/01/2017 05:40:51.36 [Verbose] Ignore Action: New:config.Copy(Config:\System\Common\Mada\NGAxis\A6.xml), 2000. MD5 check is identical!
04/01/2017 05:40:51.37 [Verbose] Ignore Action: New:config.Copy(Config:\System\Common\Mada\NGAxis\A5.xml), 2000. MD5 check is identical!
04/01/2017 05:40:51.37 [Verbose] Ignore Action: New:config.Copy(Config:\System\Common\Mada\NGAxis\CtrlA2.xml), 2000. MD5 check is identical!
04/01/2017 05:40:51.37 [Verbose] Ignore Action: New:config.Copy(Config:\System\Common\Mada\NGAxis\CtrlA1.xml), 2000. MD5 check is identical!
04/01/2017 05:40:51.37 [Verbose] Ignore Action: New:config.Copy(Config:\System\Common\Mada\NGAxis\A4.xml), 2000. MD5 check is identical!
04/01/2017 05:40:51.37 [Verbose] Ignore Action: New:config.Copy(Config:\System\Common\Mada\NGAxis\A1.xml), 2000. MD5 check is identical!
04/01/2017 05:40:51.39 [Verbose] Ignore Action: New:config.Copy(Config:\System\Common\Mada\MotionDrivers\motiondrv.ini), 2000. MD5 check is identical!
04/01/2017 05:40:51.39 [Verbose] Ignore Action: New:config.Copy(Config:\System\Common\Mada\NGAxis\A3.xml), 2000. MD5 check is identical!
04/01/2017 05:40:51.39 [Verbose] Ignore Action: New:config.Copy(Config:\System\Common\Mada\NGAxis\A2.xml), 2000. MD5 check is identical!
04/01/2017 05:40:51.39 [Verbose] Ignore Action: New:config.Copy(Config:\User\Common\PersistPC\NGDecouple.xml), 2000. MD5 check is identical!
04/01/2017 05:40:51.39 [Verbose] Ignore Action: New:config.Copy(Config:\User\Common\VxWin\knet.config), 2000. MD5 check is identical!
04/01/2017 05:40:51.39 [Verbose] Ignore Action: New:config.Copy(Config:\User\Common\MotionDrivers\motiondrv.ini), 2000. MD5 check is identical!
04/01/2017 05:40:51.40 [Verbose] Ignore Action: New:config.Copy(Config:\User\Common\PersistPC\EncoderMastering.xml), 2000. MD5 check is identical!
04/01/2017 05:40:51.40 [Verbose] Ignore Action: New:config.Copy(Config:\System\Common\Mada\LDP.xml), 2000. MD5 check is identical!
04/01/2017 05:40:51.40 [Verbose] Ignore Action: New:config.Copy(Config:\System\Common\Mada\NGAxis\CtrlA3.xml), 2000. MD5 check is identical!
04/01/2017 05:40:51.40 [Verbose] Ignore Action: New:config.Copy(Config:\System\Common\Mada\MotionDrivers\mdrBrakeTest.ini), 2000. MD5 check is identical!
04/01/2017 05:40:51.40 [Verbose] Ignore Action: New:config.Copy(Config:\System\Common\Mada\MotionDrivers\MdlCtlDataDrv.ini), 2000. MD5 check is identical!
04/01/2017 05:40:51.42 [Verbose] Ignore Action: New:config.Copy(Config:\System\Common\Mada\NGAxis\CtrlA4.xml), 2000. MD5 check is identical!
04/01/2017 05:40:51.42 [Verbose] Ignore Action: New:config.Copy(Config:\User\Common\Mada\MotionDrivers\mdrBrakeTest.ini), 2000. MD5 check is identical!
04/01/2017 05:40:51.42 [Verbose] Ignore Action: New:config.Copy(Config:\User\Cabinet\ecatms_sys_X48_config.xml), 2000. MD5 check is identical!
04/01/2017 05:40:51.42 [Verbose] Ignore Action: New:config.Copy(Config:\User\Common\KLIConfig.xml), 2000. MD5 check is identical!
04/01/2017 05:40:51.42 [Verbose] Ignore Action: New:config.Copy(Config:\User\Common\ECAT_SYS_X44.xml), 2000. MD5 check is identical!
04/01/2017 05:40:51.43 [Verbose] Ignore Action: New:config.Copy(Config:\User\Common\EtherCATConfig.xsd), 2000. MD5 check is identical!
04/01/2017 05:40:51.43 [Verbose] Ignore Action: New:config.Copy(Config:\User\Common\KNet.xml), 2000. MD5 check is identical!
04/01/2017 05:40:51.43 [Verbose] Ignore Action: New:config.Copy(Config:\User\Common\KrcDryRun.xml), 2000. MD5 check is identical!
04/01/2017 05:40:51.43 [Verbose] Ignore Action: New:config.Copy(Config:\User\Common\KrcExtConfMsg.xml), 2000. MD5 check is identical!
04/01/2017 05:40:51.43 [Verbose] Ignore Action: New:config.Copy(Config:\User\Common\KrcBackward.xml), 2000. MD5 check is identical!
04/01/2017 05:40:51.45 [Verbose] Ignore Action: New:config.Copy(Config:\User\Common\KrcConfig.xml), 2000. MD5 check is identical!
04/01/2017 05:40:51.45 [Verbose] Ignore Action: New:config.Copy(Config:\User\Common\AsyncDataToKrl.xml), 2000. MD5 check is identical!
04/01/2017 05:40:51.45 [Verbose] Ignore Action: New:config.Copy(Config:\User\Common\CabCtrl.xml), 2000. MD5 check is identical!
04/01/2017 05:40:51.45 [Verbose] Ignore Action: New:config.Copy(Config:\User\Common\IPPNIO1.xml), 2000. MD5 check is identical!
04/01/2017 05:40:51.47 [Verbose] Ignore Action: New:config.Copy(Config:\User\Cabinet\EtherCATConfig.xsd), 2000. MD5 check is identical!
04/01/2017 05:40:51.47 [Verbose] Ignore Action: New:config.Copy(Config:\User\Common\connectionchain.xml), 2000. MD5 check is identical!
04/01/2017 05:40:51.47 [Verbose] Ignore Action: New:config.Copy(Config:\User\Common\ecat_DNM_Gateway.xml), 2000. MD5 check is identical!
04/01/2017 05:40:51.47 [Verbose] Ignore Action: New:config.Copy(Config:\User\Common\ecat_PBM_Gateway.xml), 2000. MD5 check is identical!
04/01/2017 05:40:51.47 [Verbose] Ignore Action: New:config.Copy(Config:\User\Common\DevIODriver.xml), 2000. MD5 check is identical!
04/01/2017 05:40:51.47 [Verbose] Ignore Action: New:config.Copy(Config:\User\Common\ecatms_sys_X44_swap.xml), 2000. MD5 check is identical!
04/01/2017 05:40:51.48 [Verbose] Ignore Action: New:config.Copy(Config:\User\Common\Logging_BrakeTest.xml), 2000. MD5 check is identical!
04/01/2017 05:40:51.48 [Verbose] Ignore Action: New:config.Copy(Config:\User\Common\Mada\CFCore.xml), 2000. MD5 check is identical!
04/01/2017 05:40:51.48 [Verbose] Ignore Action: New:config.Copy(Config:\User\Common\Mada\CFCoreWaggonDriverConfig.xml), 2000. MD5 check is identical!
04/01/2017 05:40:51.48 [Verbose] Ignore Action: New:config.Copy(Config:\User\Common\TimeSync.xml), 2000. MD5 check is identical!
04/01/2017 05:40:51.48 [Verbose] Ignore Action: New:config.Copy(Config:\User\Common\VIO_USER_BUS.xml), 2000. MD5 check is identical!
04/01/2017 05:40:51.50 [Verbose] Ignore Action: New:config.Copy(Config:\User\Common\Mada\EAWaggonDriverConfig.xml), 2000. MD5 check is identical!
04/01/2017 05:40:51.50 [Verbose] Ignore Action: New:config.Copy(Config:\User\Common\Mada\SimuAxes.xml), 2000. MD5 check is identical!
04/01/2017 05:40:51.50 [Verbose] Ignore Action: New:config.Copy(Config:\User\Common\Mada\SimuAxesKrc.xml), 2000. MD5 check is identical!
04/01/2017 05:40:51.50 [Verbose] Ignore Action: New:config.Copy(Config:\User\Common\Mada\KRCAxes.xml), 2000. MD5 check is identical!
04/01/2017 05:40:51.50 [Verbose] Ignore Action: New:config.Copy(Config:\User\Common\Mada\NextGenDriveTech.xml), 2000. MD5 check is identical!
04/01/2017 05:40:51.51 [Verbose] Ignore Action: New:config.Copy(Config:\User\Common\Modules_DevIO.xml), 2000. MD5 check is identical!
04/01/2017 05:40:51.51 [Verbose] Ignore Action: New:config.Copy(Config:\User\Common\Modules_ProConOS.xml), 2000. MD5 check is identical!
04/01/2017 05:40:51.51 [Verbose] Ignore Action: New:config.Copy(Config:\User\Common\Logging_System.xml), 2000. MD5 check is identical!
04/01/2017 05:40:51.51 [Verbose] Ignore Action: New:config.Copy(Config:\User\Common\MainBoardDrv.xml), 2000. MD5 check is identical!
04/01/2017 05:40:51.51 [Verbose] Ignore Action: New:config.Copy(Config:\User\Common\Modules_SysBusDriver.xml), 2000. MD5 check is identical!
04/01/2017 05:40:51.53 [Verbose] Ignore Action: New:config.Copy(Config:\User\Common\ProConOS_IO.xml), 2000. MD5 check is identical!
04/01/2017 05:40:51.53 [Verbose] Ignore Action: New:config.Copy(Config:\User\Common\SysBusDriver.xml), 2000. MD5 check is identical!
04/01/2017 05:40:51.53 [Verbose] Ignore Action: New:config.Copy(Config:\User\Common\Modules_TimeSync.xml), 2000. MD5 check is identical!
04/01/2017 05:40:51.53 [Verbose] Ignore Action: New:config.Copy(Config:\User\Common\ProConOS.xml), 2000. MD5 check is identical!
04/01/2017 05:40:51.53 [Verbose] Ignore Action: New:config.Copy(Config:\System\Common\Mada\NGAxis\CtrlA5.xml), 2000. MD5 check is identical!
04/01/2017 05:40:51.54 [Verbose] Ignore Action: New:config.Copy(Config:\User\Common\New Folder\SAFEDEV.SAF), 2000. MD5 check is identical!
04/01/2017 05:40:51.54 [Verbose] Ignore Action: New:config.Copy(Config:\User\Common\New Folder\SafetyConfigData.xml), 2000. MD5 check is identical!
04/01/2017 05:40:51.54 [Verbose] Ignore Action: New:config.Copy(Config:\User\Common\New Folder\ProConOS.xml), 2000. MD5 check is identical!
04/01/2017 05:40:51.54 [Verbose] Ignore Action: New:config.Copy(Config:\User\Common\New Folder\ProConOS_IO.xml), 2000. MD5 check is identical!
04/01/2017 05:40:51.54 [Verbose] Ignore Action: New:config.Copy(Config:\User\Common\New Folder\SCtlPara.sg), 2000. MD5 check is identical!
04/01/2017 05:40:51.56 [Verbose] Ignore Action: New:config.Copy(Config:\User\Common\New Folder\SysBusDriver.xml), 2000. MD5 check is identical!
04/01/2017 05:40:51.56 [Verbose] Ignore Action: New:config.Copy(Config:\User\Common\New Folder\SCTLCRC.IMG), 2000. MD5 check is identical!
04/01/2017 05:40:51.56 [Verbose] Ignore Action: New:config.Copy(Config:\User\Common\New Folder\SCTLCRC.XML), 2000. MD5 check is identical!
04/01/2017 05:40:51.56 [Verbose] Ignore Action: New:config.Copy(Config:\User\Common\New Folder\Modules_SysBusDriver.xml), 2000. MD5 check is identical!
04/01/2017 05:40:51.56 [Verbose] Ignore Action: New:config.Copy(Config:\User\Common\New Folder\Modules_TimeSync.xml), 2000. MD5 check is identical!
04/01/2017 05:40:51.57 [Verbose] Ignore Action: New:config.Copy(Config:\User\Common\New Folder\Modules_PNIODriver.xml), 2000. MD5 check is identical!
04/01/2017 05:40:51.57 [Verbose] Ignore Action: New:config.Copy(Config:\User\Common\New Folder\Modules_ProConOS.xml), 2000. MD5 check is identical!
04/01/2017 05:40:51.57 [Verbose] Ignore Action: New:config.Copy(Config:\User\Common\New Folder\pndev1.xml), 2000. MD5 check is identical!
04/01/2017 05:40:51.57 [Verbose] Ignore Action: New:config.Copy(Config:\User\Common\New Folder\PNIODriver.xml), 2000. MD5 check is identical!
04/01/2017 05:40:51.57 [Verbose] Ignore Action: New:config.Copy(Config:\User\Common\New Folder\p1390r6.bg4), 2000. MD5 check is identical!
04/01/2017 05:40:51.59 [Verbose] Ignore Action: New:config.Copy(Config:\User\Common\New Folder\P1390R6.SVC), 2000. MD5 check is identical!
04/01/2017 05:40:51.59 [Verbose] Ignore Action: New:config.Copy(Config:\User\Common\New Folder\TimeSync.xml), 2000. MD5 check is identical!
04/01/2017 05:40:51.59 [Verbose] Ignore Action: New:config.Copy(Config:\User\Common\pndev1.xml), 2000. MD5 check is identical!
04/01/2017 05:40:51.59 [Verbose] Ignore Action: New:config.Copy(Config:\User\Common\SCTLCRC.XML), 2000. MD5 check is identical!
04/01/2017 05:40:51.59 [Verbose] Ignore Action: New:config.Copy(Config:\User\Common\ibspci.xml), 2000. MD5 check is identical!
04/01/2017 05:40:51.61 [Verbose] Ignore Action: New:config.Copy(Config:\User\Common\PNIODriver.xml), 2000. MD5 check is identical!
04/01/2017 05:40:51.61 [Warning] Ignore SafetyConfigParamAction: Copy "C:\KRC\ROBOTER\Config\User\Common\SCTLPARA.SAF". Param header and content check states identical data!
04/01/2017 05:40:51.61 [Information] SafetyParamInfoAction 'New:safety.Copy(Config:\User\Common\SCTLINFO.SAF), 2000': Ignored since safety parameter file is ignored too.
04/01/2017 05:40:51.61 [Verbose] Ignore Action: New:config.Copy(Config:\User\Common\IPPNIO.xml), 2000. MD5 check is identical!
04/01/2017 05:40:51.64 [Information] SafetyNetworkInstallAction 'New:safety.Copy(Config:\User\Common\SAFEDEV.SAF), 2000': Checksum is identical.
04/01/2017 05:40:51.65 [Warning] Ignore SafetyNetworkInstallAction: Copy "C:\KRC\ROBOTER\Config\User\Common\SAFEDEV.SAF". Header and content check states identical data!
04/01/2017 05:40:51.65 [Warning] Ignore SafetyConfigParamAction: Copy "C:\KRC\ROBOTER\Config\User\Common\SCTLPARA.SAF". Param header and content check states identical data!
04/01/2017 05:40:51.65 [Verbose] Ignore Action: New:config.Copy(Config:\User\Common\New Folder\CabCtrl.xml), 2000. MD5 check is identical!
04/01/2017 05:40:51.65 [Verbose] Ignore Action: New:config.Copy(Config:\User\Common\P1390R6.D32), 2000. MD5 check is identical!
04/01/2017 05:40:51.67 [Verbose] Ignore Action: New:config.Copy(Config:\User\Common\New Folder\USERPDI.SAF), 2000. MD5 check is identical!
04/01/2017 05:40:51.67 [Verbose] Ignore Action: New:config.Copy(Config:\User\Common\New Folder\VIO_USER_BUS.xml), 2000. MD5 check is identical!
04/01/2017 05:40:51.67 [Verbose] Ignore Action: New:config.Copy(Config:\User\Cabinet\ecatms_config.xml), 2000. MD5 check is identical!
04/01/2017 05:40:51.68 [Verbose] Ignore Action: New:config.Copy(Config:\User\Common\Interbus.xml), 2000. MD5 check is identical!
04/01/2017 05:40:51.68 [Information] ConfigCopyAction 'New:config.Copy(Config:\User\Common\KRC_IO.xml), 2000': Requests reconfiguration.
04/01/2017 05:40:51.70 [Information] ConfigCopyAction 'New:config.Copy(Config:\User\Common\KrcIoSignals.xml), 2000': Requests reconfiguration.
04/01/2017 05:40:51.70 [Verbose] Ignore Action: New:config.Copy(Config:\User\Common\New Folder\Modules_Interbus.xml), 2000. MD5 check is identical!
04/01/2017 05:40:51.70 [Verbose] Ignore Action: New:config.Copy(Config:\User\Common\New Folder\DevIODriver.xml), 2000. MD5 check is identical!
04/01/2017 05:40:51.70 [Verbose] Ignore Action: New:config.Copy(Config:\User\Common\New Folder\ecatms_sys_X44_swap.xml), 2000. MD5 check is identical!
04/01/2017 05:40:51.70 [Verbose] Ignore Action: New:config.Copy(Config:\User\Common\Copy of ProConOS.xml), 2000. MD5 check is identical!
04/01/2017 05:40:51.70 [Verbose] Ignore Action: New:config.Copy(Config:\User\Common\New Folder\connectionchain.xml), 2000. MD5 check is identical!
04/01/2017 05:40:51.71 [Verbose] Ignore Action: New:config.Copy(Config:\User\Common\New Folder\ECAT_SYS_X44.xml), 2000. MD5 check is identical!
04/01/2017 05:40:51.71 [Verbose] Ignore Action: New:config.Copy(Config:\User\Common\New Folder\EtherCATConfig.xsd), 2000. MD5 check is identical!
04/01/2017 05:40:51.71 [Verbose] Ignore Action: New:config.Copy(Config:\User\Common\New Folder\ecat_DNM_Gateway.xml), 2000. MD5 check is identical!
04/01/2017 05:40:51.71 [Verbose] Ignore Action: New:config.Copy(Config:\User\Common\New Folder\ecat_PBM_Gateway.xml), 2000. MD5 check is identical!
04/01/2017 05:40:51.73 [Verbose] Ignore Action: New:config.Copy(Config:\User\Common\Modules_PNIODriver.xml), 2000. MD5 check is identical!
04/01/2017 05:40:51.73 [Verbose] Ignore Action: New:config.Copy(Config:\User\KrlModSize.bin), 2000. MD5 check is identical!
04/01/2017 05:40:51.73 [Verbose] Ignore Action: New:config.Copy(Config:\User\Common\p1390r6.bg4), 2000. MD5 check is identical!
04/01/2017 05:40:51.73 [Verbose] Ignore Action: New:config.Copy(Config:\User\Common\Modules_Interbus.xml), 2000. MD5 check is identical!
04/01/2017 05:40:51.73 [Verbose] Ignore Action: New:config.Copy(Config:\User\Common\P1390R6.SVC), 2000. MD5 check is identical!
04/01/2017 05:40:51.75 [Verbose] Ignore Action: New:config.Copy(Config:\User\Common\Copy of PNIODriver.xml), 2000. MD5 check is identical!
04/01/2017 05:40:51.75 [Verbose] Ignore Action: New:config.Copy(Config:\System\Common\Mada\NGAxis\CtrlA6.xml), 2000. MD5 check is identical!
04/01/2017 05:40:51.75 [Verbose] Ignore Action: New:config.Copy(Config:\User\Common\P1390R6.INI), 2000. MD5 check is identical!
04/01/2017 05:40:51.75 [Verbose] Ignore Action: New:config.Copy(Config:\User\Common\New Folder\HNFINFO.SAF), 2000. MD5 check is identical!
04/01/2017 05:40:51.76 [Verbose] Ignore Action: New:config.Copy(Config:\User\Common\New Folder\KrcIoSignals.xml), 2000. MD5 check is identical!
04/01/2017 05:40:51.76 [Verbose] Ignore Action: New:config.Copy(Config:\User\Common\New Folder\KRC_IO.xml), 2000. MD5 check is identical!
04/01/2017 05:40:51.76 [Verbose] Ignore Action: New:config.Copy(Config:\User\Common\New Folder\KrcDryRun.xml), 2000. MD5 check is identical!
04/01/2017 05:40:51.76 [Verbose] Ignore Action: New:config.Copy(Config:\User\Common\New Folder\KrcExtConfMsg.xml), 2000. MD5 check is identical!
04/01/2017 05:40:51.76 [Verbose] Ignore Action: New:config.Copy(Config:\User\Common\New Folder\MainBoardDrv.xml), 2000. MD5 check is identical!
04/01/2017 05:40:51.78 [Verbose] Ignore Action: New:config.Copy(Config:\User\Common\New Folder\Modules_DevIO.xml), 2000. MD5 check is identical!
04/01/2017 05:40:51.78 [Verbose] Ignore Action: New:config.Copy(Config:\User\Common\New Folder\Logging_BrakeTest.xml), 2000. MD5 check is identical!
04/01/2017 05:40:51.78 [Verbose] Ignore Action: New:config.Copy(Config:\User\Common\New Folder\Logging_System.xml), 2000. MD5 check is identical!
04/01/2017 05:40:51.78 [Verbose] Ignore Action: New:config.Copy(Config:\User\Common\New Folder\InterbusR6.xml), 2000. MD5 check is identical!
04/01/2017 05:40:51.79 [Verbose] Ignore Action: New:config.Copy(Config:\User\Common\New Folder\IPPNIO.xml), 2000. MD5 check is identical!
04/01/2017 05:40:51.79 [Verbose] Ignore Action: New:config.Copy(Config:\User\Common\New Folder\ibspci.xml), 2000. MD5 check is identical!
04/01/2017 05:40:51.79 [Verbose] Ignore Action: New:config.Copy(Config:\User\Common\New Folder\Interbus.xml), 2000. MD5 check is identical!
04/01/2017 05:40:51.79 [Verbose] Ignore Action: New:config.Copy(Config:\User\Common\New Folder\KrcBackward.xml), 2000. MD5 check is identical!
04/01/2017 05:40:51.79 [Verbose] Ignore Action: New:config.Copy(Config:\User\Common\New Folder\KrcConfig.xml), 2000. MD5 check is identical!
04/01/2017 05:40:51.79 [Verbose] Ignore Action: New:config.Copy(Config:\User\Common\New Folder\KLIConfig.xml), 2000. MD5 check is identical!
04/01/2017 05:40:51.81 [Verbose] Ignore Action: New:config.Copy(Config:\User\Common\New Folder\KNet.xml), 2000. MD5 check is identical!
04/01/2017 05:40:51.81 [Verbose] Ignore Action: New:mada.Copy(KRC:\R1\Mada\$machine.dat), 4000. MD5 check is identical!
04/01/2017 05:40:51.81 [Verbose] Ignore Action: New:mada.Copy(KRC:\R1\Mada\$robcor.dat), 4000. MD5 check is identical!
04/01/2017 05:40:51.81 [Verbose] Ignore Action: New:mada.Copy(KRC:\STEU\Mada\$machine.dat), 4000. MD5 check is identical!
04/01/2017 05:40:51.82 [Verbose] Ignore Action: New:mada.Copy(KRC:\STEU\Mada\$option.dat), 4000. MD5 check is identical!
04/01/2017 05:40:51.82 [Verbose] Ignore Action: New:mada.Copy(KRC:\STEU\Mada\$custom.dat), 4000. MD5 check is identical!
04/01/2017 05:40:51.82 [Information] KrcCopyAction 'New:mada.Copy(KRC:\R1\System\$config.dat), 4000': Requests stopping the program.
04/01/2017 05:40:51.82 [Verbose] Ignore Action: New:mada.Copy(KRC:\STEU\$config.dat), 4000. MD5 check is identical!
04/01/2017 05:40:51.82 [Verbose] Ignore Action: New:krl.Copy(KRC:\R1\Program\AXOR_ATEGO\ab_a_ltb_st01_g08.dat), 6500. MD5 check is identical!
04/01/2017 05:40:51.84 [Verbose] Ignore Action: New:krl.Copy(KRC:\R1\Program\AXOR_ATEGO\ab_a_lta_st01_g08.dat), 6500. MD5 check is identical!
04/01/2017 05:40:51.84 [Verbose] Ignore Action: New:krl.Copy(KRC:\R1\Program\AXOR_ATEGO\ps_a_stb_res_x01.dat), 6500. MD5 check is identical!
04/01/2017 05:40:51.84 [Verbose] Ignore Action: New:krl.Copy(KRC:\R1\Program\AXOR_ATEGO\ab_a_stb_st01_g08.dat), 6500. MD5 check is identical!
04/01/2017 05:40:51.86 [Verbose] Ignore Action: New:krl.Copy(KRC:\R1\Program\AXOR_ATEGO\ab_a_etb_st01_g08.dat), 6500. MD5 check is identical!
04/01/2017 05:40:51.86 [Verbose] Ignore Action: New:krl.Copy(KRC:\R1\Program\ACCELO_ACTROS\HP007.dat), 6500. MD5 check is identical!
04/01/2017 05:40:51.86 [Verbose] Ignore Action: New:krl.Copy(KRC:\R1\Program\WKZ\wkz3_off_ltc.dat), 6500. MD5 check is identical!
04/01/2017 05:40:51.86 [Verbose] Ignore Action: New:krl.Copy(KRC:\R1\Program\wartung.dat), 6500. MD5 check is identical!
04/01/2017 05:40:51.86 [Verbose] Ignore Action: New:krl.Copy(KRC:\R1\Program\ACCELO_ACTROS\HP008.dat), 6500. MD5 check is identical!
04/01/2017 05:40:51.87 [Verbose] Ignore Action: New:krl.Copy(KRC:\R1\Program\AXOR_ATEGO\ps_a_lta_res_x01.dat), 6500. MD5 check is identical!
04/01/2017 05:40:51.87 [Verbose] Ignore Action: New:krl.Copy(KRC:\R1\Program\Outros\TESTE.dat), 6500. MD5 check is identical!
04/01/2017 05:40:51.87 [Verbose] Ignore Action: New:krl.Copy(KRC:\R1\Program\ACCELO_ACTROS\te.dat), 6500. MD5 check is identical!
04/01/2017 05:40:51.87 [Verbose] Ignore Action: New:krl.Copy(KRC:\R1\Program\WKZ\wkz3_an.dat), 6500. MD5 check is identical!
04/01/2017 05:40:51.87 [Verbose] Ignore Action: New:krl.COPY; /Sequence=6500(KRC:\R1\TP\Signals.dat), 6500. MD5 check is identical!
04/01/2017 05:40:51.89 [Verbose] Ignore Action: New:krl.Copy(KRC:\R1\Program\Outros\f_fraes1.dat), 6500. MD5 check is identical!
04/01/2017 05:40:51.89 [Verbose] Ignore Action: New:krl.Copy(KRC:\R1\Program\AXOR_ATEGO\ps_b_lta_res_x01.dat), 6500. MD5 check is identical!
04/01/2017 05:40:51.89 [Verbose] Ignore Action: New:krl.Copy(KRC:\R1\Program\AXOR_ATEGO\ab_b_lta_st01_g08.dat), 6500. MD5 check is identical!
04/01/2017 05:40:51.89 [Verbose] Ignore Action: New:krl.Copy(KRC:\R1\Program\AXOR_ATEGO\ps_b_ltb_res_x01.dat), 6500. MD5 check is identical!
04/01/2017 05:40:51.90 [Verbose] Ignore Action: New:krl.Copy(KRC:\R1\Program\AXOR_ATEGO\ab_b_ltb_st01_g08.dat), 6500. MD5 check is identical!
04/01/2017 05:40:51.90 [Verbose] Ignore Action: New:krl.Copy(KRC:\R1\Program\SubeRotine\chk_w5_grp1_clo.dat), 6500. MD5 check is identical!
04/01/2017 05:40:51.90 [Verbose] Ignore Action: New:krl.Copy(KRC:\R1\Program\SubeRotine\chk_w3_grp6_opn.dat), 6500. MD5 check is identical!
04/01/2017 05:40:51.90 [Verbose] Ignore Action: New:krl.Copy(KRC:\R1\Program\SubeRotine\chk_w3_grp6_clo.dat), 6500. MD5 check is identical!
04/01/2017 05:40:51.90 [Verbose] Ignore Action: New:krl.Copy(KRC:\R1\Program\SubeRotine\chk_w5_grp1_opn.dat), 6500. MD5 check is identical!
04/01/2017 05:40:51.92 [Verbose] Ignore Action: New:krl.Copy(KRC:\R1\Program\SubeRotine\chk_w5_grp3_clo.dat), 6500. MD5 check is identical!
04/01/2017 05:40:51.92 [Verbose] Ignore Action: New:krl.Copy(KRC:\R1\Program\masref_user.dat), 6500. MD5 check is identical!
04/01/2017 05:40:51.92 [Verbose] Ignore Action: New:krl.Copy(KRC:\R1\Program\SubeRotine\chk_w5_grp2_clo.dat), 6500. MD5 check is identical!
04/01/2017 05:40:51.92 [Verbose] Ignore Action: New:krl.Copy(KRC:\R1\TP\DAI_AG_Spot\userspot.dat), 6500. MD5 check is identical!
04/01/2017 05:40:51.92 [Verbose] Ignore Action: New:krl.Copy(KRC:\R1\Program\bn.dat), 6500. MD5 check is identical!
04/01/2017 05:40:51.93 [Verbose] Ignore Action: New:krl.Copy(KRC:\R1\H_Prog\dai_vornull.dat), 6500. MD5 check is identical!
04/01/2017 05:40:51.93 [Verbose] Ignore Action: New:krl.Copy(KRC:\R1\Program\SubeRotine\chk_w2_grp4_clo.dat), 6500. MD5 check is identical!
04/01/2017 05:40:51.93 [Verbose] Ignore Action: New:krl.Copy(KRC:\R1\Program\SubeRotine\chk_w3_grp5_opn.dat), 6500. MD5 check is identical!
04/01/2017 05:40:51.93 [Verbose] Ignore Action: New:krl.Copy(KRC:\R1\Program\SubeRotine\chk_w3_grp5_clo.dat), 6500. MD5 check is identical!
04/01/2017 05:40:51.93 [Verbose] Ignore Action: New:krl.Copy(KRC:\R1\Program\SubeRotine\chk_w2_grp4_opn.dat), 6500. MD5 check is identical!
04/01/2017 05:40:51.95 [Verbose] Ignore Action: New:krl.Copy(KRC:\R1\Program\SubeRotine\chk_w2_grp3_clo.dat), 6500. MD5 check is identical!
04/01/2017 05:40:51.95 [Verbose] Ignore Action: New:krl.Copy(KRC:\R1\Program\SubeRotine\chk_w2_grp2_opn.dat), 6500. MD5 check is identical!
04/01/2017 05:40:51.95 [Verbose] Ignore Action: New:krl.Copy(KRC:\R1\Program\SubeRotine\chk_w2_grp2_clo.dat), 6500. MD5 check is identical!
04/01/2017 05:40:51.95 [Verbose] Ignore Action: New:krl.Copy(KRC:\R1\Program\SubeRotine\chk_w2_grp3_opn.dat), 6500. MD5 check is identical!
04/01/2017 05:40:51.96 [Verbose] Ignore Action: New:krl.Copy(KRC:\R1\Program\WKZ\wkz1_ok.dat), 6500. MD5 check is identical!
04/01/2017 05:40:51.96 [Verbose] Ignore Action: New:krl.Copy(KRC:\R1\Program\WKZ\wkz1_an.dat), 6500. MD5 check is identical!
04/01/2017 05:40:51.96 [Verbose] Ignore Action: New:krl.Copy(KRC:\R1\Program\WKZ\wkz1_ab.dat), 6500. MD5 check is identical!
04/01/2017 05:40:51.96 [Verbose] Ignore Action: New:krl.Copy(KRC:\R1\Program\SubeRotine\chk_w5_grp4_opn.dat), 6500. MD5 check is identical!
04/01/2017 05:40:51.96 [Verbose] Ignore Action: New:krl.Copy(KRC:\R1\Program\SubeRotine\chk_w5_grp4_clo.dat), 6500. MD5 check is identical!
04/01/2017 05:40:51.98 [Verbose] Ignore Action: New:krl.Copy(KRC:\R1\Program\SubeRotine\chk_w5_grp3_opn.dat), 6500. MD5 check is identical!
04/01/2017 05:40:51.98 [Verbose] Ignore Action: New:krl.Copy(KRC:\R1\Program\SubeRotine\mbini.dat), 6500. MD5 check is identical!
04/01/2017 05:40:51.98 [Verbose] Ignore Action: New:krl.Copy(KRC:\R1\Program\SubeRotine\chk_w2_grp1_opn.dat), 6500. MD5 check is identical!
04/01/2017 05:40:51.98 [Verbose] Ignore Action: New:krl.Copy(KRC:\R1\Program\SubeRotine\chk_w2_grp1_clo.dat), 6500. MD5 check is identical!
04/01/2017 05:40:51.98 [Verbose] Ignore Action: New:krl.Copy(KRC:\R1\Program\SubeRotine\trabalho_concluido.dat), 6500. MD5 check is identical!
04/01/2017 05:40:52.00 [Verbose] Ignore Action: New:krl.Copy(KRC:\R1\H_Prog\dai_tool_xx_ok.dat), 6500. MD5 check is identical!
04/01/2017 05:40:52.00 [Verbose] Ignore Action: New:krl.Copy(KRC:\R1\TP\BrakeTest\BrakeTestStart.dat), 6500. MD5 check is identical!
04/01/2017 05:40:52.00 [Verbose] Ignore Action: New:krl.Copy(KRC:\R1\TP\BrakeTest\BrakeTestSelfTest.dat), 6500. MD5 check is identical!
04/01/2017 05:40:52.00 [Verbose] Ignore Action: New:krl.Copy(KRC:\R1\TP\BrakeTest\BrakeTestReq.dat), 6500. MD5 check is identical!
04/01/2017 05:40:52.00 [Verbose] Ignore Action: New:krl.Copy(KRC:\R1\TP\Gripper_SpotTech\User_grp.dat), 6500. MD5 check is identical!
04/01/2017 05:40:52.01 [Verbose] Ignore Action: New:krl.Copy(KRC:\R1\Program\HP251.dat), 6500. MD5 check is identical!
04/01/2017 05:40:52.01 [Verbose] Ignore Action: New:krl.Copy(KRC:\R1\Program\HP250.dat), 6500. MD5 check is identical!
04/01/2017 05:40:52.01 [Verbose] Ignore Action: New:krl.Copy(KRC:\R1\Program\HP209.dat), 6500. MD5 check is identical!
04/01/2017 05:40:52.01 [Verbose] Ignore Action: New:krl.Copy(KRC:\R1\System\MsgLib.dat), 6500. MD5 check is identical!
04/01/2017 05:40:52.01 [Verbose] Ignore Action: New:krl.Copy(KRC:\R1\System\masref_main.dat), 6500. MD5 check is identical!
04/01/2017 05:40:52.03 [Verbose] Ignore Action: New:krl.Copy(KRC:\R1\Program\tm_useraction.dat), 6500. MD5 check is identical!
04/01/2017 05:40:52.03 [Verbose] Ignore Action: New:krl.Copy(KRC:\R1\System\tm_bib.dat), 6500. MD5 check is identical!
04/01/2017 05:40:52.03 [Verbose] Ignore Action: New:krl.Copy(KRC:\R1\TP\BrakeTest\BrakeTestPark.dat), 6500. MD5 check is identical!
04/01/2017 05:40:52.03 [Verbose] Ignore Action: New:krl.Copy(KRC:\R1\TP\BrakeTest\BrakeTestBack.dat), 6500. MD5 check is identical!
04/01/2017 05:40:52.03 [Verbose] Ignore Action: New:krl.Copy(KRC:\R1\TP\p00.dat), 6500. MD5 check is identical!
04/01/2017 05:40:52.04 [Verbose] Ignore Action: New:krl.Copy(KRC:\R1\DAI\user_settings.dat), 6500. MD5 check is identical!
04/01/2017 05:40:52.04 [Verbose] Ignore Action: New:krl.Copy(KRC:\R1\DAI\user_global.dat), 6500. MD5 check is identical!
04/01/2017 05:40:52.04 [Verbose] Ignore Action: New:krl.Copy(KRC:\R1\DAI\dai_sps_library.dat), 6500. MD5 check is identical!
04/01/2017 05:40:52.04 [Verbose] Ignore Action: New:krl.Copy(KRC:\R1\H_Prog\dai_grp_xx_ok.dat), 6500. MD5 check is identical!
04/01/2017 05:40:52.06 [Verbose] Ignore Action: New:krl.Copy(KRC:\R1\H_Prog\dai_tool_xx_chg.dat), 6500. MD5 check is identical!
04/01/2017 05:40:52.06 [Verbose] Ignore Action: New:krl.Copy(KRC:\R1\H_Prog\dai_robot_ok.dat), 6500. MD5 check is identical!
04/01/2017 05:40:52.06 [Verbose] Ignore Action: New:krl.Copy(KRC:\R1\H_Prog\dai_ldd_xx.dat), 6500. MD5 check is identical!
04/01/2017 05:40:52.06 [Verbose] Ignore Action: New:krl.Copy(KRC:\R1\DAI\dai_ctrl_library.dat), 6500. MD5 check is identical!
04/01/2017 05:40:52.06 [Verbose] Ignore Action: New:krl.Copy(KRC:\R1\TP\Gripper_SpotTech\user_gripper_ini.dat), 6500. MD5 check is identical!
04/01/2017 05:40:52.07 [Verbose] Ignore Action: New:krl.Copy(KRC:\R1\Program\reinigung.dat), 6500. MD5 check is identical!
04/01/2017 05:40:52.07 [Verbose] Ignore Action: New:krl.Copy(KRC:\R1\DAI\dai_data_library.dat), 6500. MD5 check is identical!
04/01/2017 05:40:52.07 [Verbose] Ignore Action: New:krl.Copy(KRC:\R1\DAI\dai_msg_library.dat), 6500. MD5 check is identical!
04/01/2017 05:40:52.07 [Verbose] Ignore Action: New:krl.Copy(KRC:\R1\DAI\dai_math_library.dat), 6500. MD5 check is identical!
04/01/2017 05:40:52.09 [Verbose] Ignore Action: New:krl.Copy(KRC:\R1\DAI\dai_global.dat), 6500. MD5 check is identical!
04/01/2017 05:40:52.09 [Verbose] Ignore Action: New:krl.Copy(KRC:\R1\Program\WKZ\wkz5_ab.dat), 6500. MD5 check is identical!
04/01/2017 05:40:52.09 [Verbose] Ignore Action: New:krl.Copy(KRC:\R1\Program\Outros\tip_change.dat), 6500. MD5 check is identical!
04/01/2017 05:40:52.09 [Verbose] Ignore Action: New:krl.Copy(KRC:\R1\Program\WKZ\wkz4_ab.dat), 6500. MD5 check is identical!
04/01/2017 05:40:52.09 [Verbose] Ignore Action: New:krl.Copy(KRC:\R1\Program\WKZ\wkz2_off_lta_mgs.dat), 6500. MD5 check is identical!
04/01/2017 05:40:52.09 [Verbose] Ignore Action: New:krl.Copy(KRC:\R1\Program\ACCELO_ACTROS\ps_906_ltc_unimog.dat), 6500. MD5 check is identical!
04/01/2017 05:40:52.10 [Verbose] Ignore Action: New:krl.Copy(KRC:\R1\Program\WKZ\wkz3_ab.dat), 6500. MD5 check is identical!
04/01/2017 05:40:52.10 [Verbose] Ignore Action: New:krl.Copy(KRC:\R1\Program\WKZ\wkz2_off_stb_ltb.dat), 6500. MD5 check is identical!
04/01/2017 05:40:52.10 [Verbose] Ignore Action: New:krl.Copy(KRC:\R1\Program\WKZ\wkz4_ok.dat), 6500. MD5 check is identical!
04/01/2017 05:40:52.12 [Verbose] Ignore Action: New:krl.Copy(KRC:\R1\Program\ACCELO_ACTROS\ps_906_ltc_comum.dat), 6500. MD5 check is identical!
04/01/2017 05:40:52.12 [Verbose] Ignore Action: New:krl.Copy(KRC:\R1\Program\SubeRotine\chk_w5_grp2_opn.dat), 6500. MD5 check is identical!
04/01/2017 05:40:52.12 [Verbose] Ignore Action: New:krl.Copy(KRC:\R1\Program\WKZ\wkz5_an.dat), 6500. MD5 check is identical!
04/01/2017 05:40:52.12 [Verbose] Ignore Action: New:krl.Copy(KRC:\R1\Program\WKZ\wkz2_ab.dat), 6500. MD5 check is identical!
04/01/2017 05:40:52.12 [Verbose] Ignore Action: New:krl.Copy(KRC:\R1\Program\WKZ\wkz4_an.dat), 6500. MD5 check is identical!
04/01/2017 05:40:52.14 [Verbose] Ignore Action: New:krl.Copy(KRC:\R1\Program\WKZ\wkz2_an.dat), 6500. MD5 check is identical!
04/01/2017 05:40:52.14 [Verbose] Ignore Action: New:krl.Copy(KRC:\R1\Program\ACCELO_ACTROS\ps_906_actros_1.dat), 6500. MD5 check is identical!
04/01/2017 05:40:52.14 [Verbose] Ignore Action: New:krl.Copy(KRC:\R1\DAI\dai_ctrl_library.src), 7000. MD5 check is identical!
04/01/2017 05:40:52.14 [Verbose] Ignore Action: New:krl.Copy(KRC:\R1\DAI\dai_data_library.src), 7000. MD5 check is identical!
04/01/2017 05:40:52.15 [Verbose] Ignore Action: New:krl.Copy(KRC:\R1\Program\AXOR_ATEGO\ab_a_lta_st01_g08.src), 7000. MD5 check is identical!
04/01/2017 05:40:52.15 [Verbose] Ignore Action: New:krl.Copy(KRC:\R1\Program\HP251.src), 7000. MD5 check is identical!
04/01/2017 05:40:52.15 [Verbose] Ignore Action: New:krl.Copy(KRC:\R1\Program\HP250.src), 7000. MD5 check is identical!
04/01/2017 05:40:52.15 [Verbose] Ignore Action: New:krl.Copy(KRC:\R1\Program\reinigung.src), 7000. MD5 check is identical!
04/01/2017 05:40:52.17 [Verbose] Ignore Action: New:krl.Copy(KRC:\R1\Program\AXOR_ATEGO\ab_a_ltb_st01_g08.src), 7000. MD5 check is identical!
04/01/2017 05:40:52.17 [Verbose] Ignore Action: New:krl.Copy(KRC:\R1\TP\Gripper_SpotTech\user_gripper_ini.src), 7000. MD5 check is identical!
04/01/2017 05:40:52.17 [Verbose] Ignore Action: New:krl.Copy(KRC:\R1\Program\ACCELO_ACTROS\ps_906_actros_1.src), 7000. MD5 check is identical!
04/01/2017 05:40:52.17 [Verbose] Ignore Action: New:krl.Copy(KRC:\R1\Program\AXOR_ATEGO\HP021.src), 7000. MD5 check is identical!
04/01/2017 05:40:52.17 [Verbose] Ignore Action: New:krl.Copy(KRC:\R1\Program\AXOR_ATEGO\HP020.src), 7000. MD5 check is identical!
04/01/2017 05:40:52.18 [Verbose] Ignore Action: New:krl.Copy(KRC:\R1\DAI\dai_tech_loop.src), 7000. MD5 check is identical!
04/01/2017 05:40:52.18 [Verbose] Ignore Action: New:krl.Copy(KRC:\R1\DAI\user_sps_ini.src), 7000. MD5 check is identical!
04/01/2017 05:40:52.18 [Verbose] Ignore Action: New:krl.Copy(KRC:\R1\Program\AXOR_ATEGO\HP040.src), 7000. MD5 check is identical!
04/01/2017 05:40:52.18 [Verbose] Ignore Action: New:krl.Copy(KRC:\R1\H_Prog\dai_grp_xx_ok.src), 7000. MD5 check is identical!
04/01/2017 05:40:52.20 [Verbose] Ignore Action: New:krl.Copy(KRC:\R1\Program\AXOR_ATEGO\HP022.src), 7000. MD5 check is identical!
04/01/2017 05:40:52.20 [Verbose] Ignore Action: New:krl.Copy(KRC:\R1\DAI\dai_sps_library.src), 7000. MD5 check is identical!
04/01/2017 05:40:52.20 [Verbose] Ignore Action: New:krl.Copy(KRC:\R1\DAI\dai_math_library.src), 7000. MD5 check is identical!
04/01/2017 05:40:52.20 [Verbose] Ignore Action: New:krl.Copy(KRC:\R1\Program\WKZ\wkz5_an.src), 7000. MD5 check is identical!
04/01/2017 05:40:52.20 [Verbose] Ignore Action: New:krl.Copy(KRC:\R1\Program\AXOR_ATEGO\ab_a_stb_st01_g08.src), 7000. MD5 check is identical!
04/01/2017 05:40:52.21 [Verbose] Ignore Action: New:krl.Copy(KRC:\R1\Program\AXOR_ATEGO\ps_a_stb_res_x01.src), 7000. MD5 check is identical!
04/01/2017 05:40:52.21 [Verbose] Ignore Action: New:krl.Copy(KRC:\R1\Program\AXOR_ATEGO\HP023.src), 7000. MD5 check is identical!
04/01/2017 05:40:52.21 [Verbose] Ignore Action: New:krl.Copy(KRC:\R1\DAI\dai_sps_init.src), 7000. MD5 check is identical!
04/01/2017 05:40:52.21 [Verbose] Ignore Action: New:krl.Copy(KRC:\R1\DAI\dai_msg_library.src), 7000. MD5 check is identical!
04/01/2017 05:40:52.23 [Verbose] Ignore Action: New:krl.Copy(KRC:\R1\Program\AXOR_ATEGO\ab_a_etb_st01_g08.src), 7000. MD5 check is identical!
04/01/2017 05:40:52.23 [Verbose] Ignore Action: New:krl.Copy(KRC:\R1\Program\ACCELO_ACTROS\HP007.src), 7000. MD5 check is identical!
04/01/2017 05:40:52.23 [Verbose] Ignore Action: New:krl.Copy(KRC:\R1\System\sps.sub), 7000. MD5 check is identical!
04/01/2017 05:40:52.23 [Verbose] Ignore Action: New:krl.Copy(KRC:\R1\System\MsgLib.src), 7000. MD5 check is identical!
04/01/2017 05:40:52.23 [Verbose] Ignore Action: New:krl.Copy(KRC:\R1\System\tm_bib.src), 7000. MD5 check is identical!
04/01/2017 05:40:52.24 [Verbose] Ignore Action: New:krl.Copy(KRC:\R1\Program\ACCELO_ACTROS\HP008.src), 7000. MD5 check is identical!
04/01/2017 05:40:52.24 [Verbose] Ignore Action: New:krl.Copy(KRC:\R1\TP\p00.src), 7000. MD5 check is identical!
04/01/2017 05:40:52.24 [Verbose] Ignore Action: New:krl.Copy(KRC:\R1\Program\ACCELO_ACTROS\ps_906_ltc_unimog.src), 7000. MD5 check is identical!
04/01/2017 05:40:52.24 [Verbose] Ignore Action: New:krl.Copy(KRC:\R1\Program\tm_useraction.src), 7000. MD5 check is identical!
04/01/2017 05:40:52.26 [Verbose] Ignore Action: New:krl.Copy(KRC:\R1\Program\masref_user.src), 7000. MD5 check is identical!
04/01/2017 05:40:52.26 [Verbose] Ignore Action: New:krl.Copy(KRC:\R1\Program\Outros\tip_change.src), 7000. MD5 check is identical!
04/01/2017 05:40:52.26 [Verbose] Ignore Action: New:krl.Copy(KRC:\R1\System\bas.src), 7000. MD5 check is identical!
04/01/2017 05:40:52.26 [Verbose] Ignore Action: New:krl.Copy(KRC:\R1\System\masref_main.src), 7000. MD5 check is identical!
04/01/2017 05:40:52.26 [Verbose] Ignore Action: New:krl.Copy(KRC:\R1\Program\WKZ\wkz3_off_ltc.src), 7000. MD5 check is identical!
04/01/2017 05:40:52.28 [Verbose] Ignore Action: New:krl.Copy(KRC:\R1\System\ir_stopm.src), 7000. MD5 check is identical!
04/01/2017 05:40:52.28 [Verbose] Ignore Action: New:krl.Copy(KRC:\R1\System\sps_old.sub), 7000. MD5 check is identical!
04/01/2017 05:40:52.28 [Verbose] Ignore Action: New:krl.Copy(KRC:\R1\TP\Gripper_SpotTech\h50.src), 7000. MD5 check is identical!
04/01/2017 05:40:52.28 [Verbose] Ignore Action: New:krl.Copy(KRC:\R1\TP\BrakeTest\BrakeTestStart.src), 7000. MD5 check is identical!
04/01/2017 05:40:52.29 [Verbose] Ignore Action: New:krl.Copy(KRC:\R1\TP\Gripper_SpotTech\User_grp.src), 7000. MD5 check is identical!
04/01/2017 05:40:52.29 [Verbose] Ignore Action: New:krl.Copy(KRC:\R1\Program\HP209.src), 7000. MD5 check is identical!
04/01/2017 05:40:52.29 [Verbose] Ignore Action: New:krl.Copy(KRC:\R1\Program\ACCELO_ACTROS\ps_906_ltc_comum.src), 7000. MD5 check is identical!
04/01/2017 05:40:52.29 [Verbose] Ignore Action: New:krl.Copy(KRC:\R1\TP\SafeOpCrc\SafeOpCrcSend.sub), 7000. MD5 check is identical!
04/01/2017 05:40:52.31 [Verbose] Ignore Action: New:krl.Copy(KRC:\R1\TP\BrakeTest\BrakeTestPark.src), 7000. MD5 check is identical!
04/01/2017 05:40:52.31 [Verbose] Ignore Action: New:krl.Copy(KRC:\R1\Program\ACCELO_ACTROS\HP001.src), 7000. MD5 check is identical!
04/01/2017 05:40:52.31 [Verbose] Ignore Action: New:krl.Copy(KRC:\R1\TP\BrakeTest\BrakeTestBack.src), 7000. MD5 check is identical!
04/01/2017 05:40:52.31 [Verbose] Ignore Action: New:krl.Copy(KRC:\R1\Program\ACCELO_ACTROS\HP002.src), 7000. MD5 check is identical!
04/01/2017 05:40:52.31 [Verbose] Ignore Action: New:krl.Copy(KRC:\R1\Program\wartung.src), 7000. MD5 check is identical!
04/01/2017 05:40:52.31 [Verbose] Ignore Action: New:krl.Copy(KRC:\R1\TP\BrakeTest\BrakeTestSelfTest.src), 7000. MD5 check is identical!
04/01/2017 05:40:52.32 [Verbose] Ignore Action: New:krl.Copy(KRC:\R1\TP\BrakeTest\BrakeTestReq.src), 7000. MD5 check is identical!
04/01/2017 05:40:52.32 [Verbose] Ignore Action: New:krl.Copy(KRC:\R1\H_Prog\dai_ldd_xx.src), 7000. MD5 check is identical!
04/01/2017 05:40:52.32 [Verbose] Ignore Action: New:krl.Copy(KRC:\R1\Program\SubeRotine\chk_w5_grp4_opn.src), 7000. MD5 check is identical!
04/01/2017 05:40:52.32 [Verbose] Ignore Action: New:krl.Copy(KRC:\R1\Program\SubeRotine\chk_w5_grp4_clo.src), 7000. MD5 check is identical!
04/01/2017 05:40:52.34 [Verbose] Ignore Action: New:krl.Copy(KRC:\R1\System\090rb_600.pt.txt), 7000. MD5 check is identical!
04/01/2017 05:40:52.34 [Verbose] Ignore Action: New:krl.Copy(KRC:\R1\Program\SubeRotine\chk_w5_wechs_ok.src), 7000. MD5 check is identical!
04/01/2017 05:40:52.34 [Verbose] Ignore Action: New:krl.Copy(KRC:\R1\Program\SubeRotine\mbini.src), 7000. MD5 check is identical!
04/01/2017 05:40:52.35 [Verbose] Ignore Action: New:krl.Copy(KRC:\R1\Program\WKZ\wkz3_an.src), 7000. MD5 check is identical!
04/01/2017 05:40:52.35 [Verbose] Ignore Action: New:krl.Copy(KRC:\R1\Program\SubeRotine\chk_w8_wechs_ok.src), 7000. MD5 check is identical!
04/01/2017 05:40:52.35 [Verbose] Ignore Action: New:krl.Copy(KRC:\R1\Program\SubeRotine\chk_w5_grp2_opn.src), 7000. MD5 check is identical!
04/01/2017 05:40:52.37 [Verbose] Ignore Action: New:krl.Copy(KRC:\R1\Program\ACCELO_ACTROS\te.src), 7000. MD5 check is identical!
04/01/2017 05:40:52.37 [Verbose] Ignore Action: New:krl.Copy(KRC:\R1\Program\SubeRotine\chk_w5_grp2_clo.src), 7000. MD5 check is identical!
04/01/2017 05:40:52.37 [Verbose] Ignore Action: New:krl.Copy(KRC:\R1\Program\WKZ\wkz4_ab.src), 7000. MD5 check is identical!
04/01/2017 05:40:52.37 [Verbose] Ignore Action: New:krl.Copy(KRC:\R1\Program\SubeRotine\chk_w5_grp3_opn.src), 7000. MD5 check is identical!
04/01/2017 05:40:52.37 [Verbose] Ignore Action: New:krl.Copy(KRC:\R1\Program\Outros\TESTE.src), 7000. MD5 check is identical!
04/01/2017 05:40:52.37 [Verbose] Ignore Action: New:krl.Copy(KRC:\R1\Program\SubeRotine\chk_w5_grp3_clo.src), 7000. MD5 check is identical!
04/01/2017 05:40:52.39 [Verbose] Ignore Action: New:krl.Copy(KRC:\R1\Program\WKZ\wkz3_ab.src), 7000. MD5 check is identical!
04/01/2017 05:40:52.39 [Verbose] Ignore Action: New:krl.Copy(KRC:\R1\Program\WKZ\wkz2_an.src), 7000. MD5 check is identical!
04/01/2017 05:40:52.39 [Verbose] Ignore Action: New:krl.Copy(KRC:\R1\Program\SubeRotine\chk_w2_grp3_clo.src), 7000. MD5 check is identical!
04/01/2017 05:40:52.39 [Verbose] Ignore Action: New:krl.Copy(KRC:\R1\Program\SubeRotine\chk_w2_grp2_opn.src), 7000. MD5 check is identical!
04/01/2017 05:40:52.40 [Verbose] Ignore Action: New:krl.Copy(KRC:\R1\Program\SubeRotine\chk_w2_grp3_opn.src), 7000. MD5 check is identical!
04/01/2017 05:40:52.40 [Verbose] Ignore Action: New:krl.Copy(KRC:\R1\Program\WKZ\wkz1_an.src), 7000. MD5 check is identical!
04/01/2017 05:40:52.40 [Verbose] Ignore Action: New:krl.Copy(KRC:\R1\Program\WKZ\wkz2_ab.src), 7000. MD5 check is identical!
04/01/2017 05:40:52.40 [Verbose] Ignore Action: New:krl.Copy(KRC:\R1\Program\WKZ\wkz1_ab.src), 7000. MD5 check is identical!
04/01/2017 05:40:52.40 [Verbose] Ignore Action: New:krl.Copy(KRC:\R1\Program\SubeRotine\chk_w2_grp1_clo.src), 7000. MD5 check is identical!
04/01/2017 05:40:52.42 [Verbose] Ignore Action: New:krl.Copy(KRC:\R1\Program\SubeRotine\chk_w1_wechs_ok.src), 7000. MD5 check is identical!
04/01/2017 05:40:52.42 [Verbose] Ignore Action: New:krl.Copy(KRC:\R1\Program\SubeRotine\trabalho_concluido.src), 7000. MD5 check is identical!
04/01/2017 05:40:52.42 [Verbose] Ignore Action: New:krl.Copy(KRC:\R1\Program\WKZ\wkz2_off_stb_ltb.src), 7000. MD5 check is identical!
04/01/2017 05:40:52.42 [Verbose] Ignore Action: New:krl.Copy(KRC:\R1\Program\WKZ\wkz2_off_lta_mgs.src), 7000. MD5 check is identical!
04/01/2017 05:40:52.42 [Verbose] Ignore Action: New:krl.Copy(KRC:\R1\Program\SubeRotine\chk_w2_grp2_clo.src), 7000. MD5 check is identical!
04/01/2017 05:40:52.43 [Verbose] Ignore Action: New:krl.Copy(KRC:\R1\Program\SubeRotine\chk_w2_grp1_opn.src), 7000. MD5 check is identical!
04/01/2017 05:40:52.43 [Verbose] Ignore Action: New:krl.Copy(KRC:\R1\Program\bn.src), 7000. MD5 check is identical!
04/01/2017 05:40:52.43 [Verbose] Ignore Action: New:krl.Copy(KRC:\R1\Program\WKZ\wkz5_ab.src), 7000. MD5 check is identical!
04/01/2017 05:40:52.43 [Verbose] Ignore Action: New:krl.Copy(KRC:\R1\H_Prog\dai_vornull.src), 7000. MD5 check is identical!
04/01/2017 05:40:52.45 [Verbose] Ignore Action: New:krl.Copy(KRC:\R1\Program\AXOR_ATEGO\ab_b_lta_st01_g08.src), 7000. MD5 check is identical!
04/01/2017 05:40:52.45 [Verbose] Ignore Action: New:krl.Copy(KRC:\R1\Program\AXOR_ATEGO\ps_b_lta_res_x01.src), 7000. MD5 check is identical!
04/01/2017 05:40:52.45 [Verbose] Ignore Action: New:krl.Copy(KRC:\R1\Program\SubeRotine\chk_w2_grp4_clo.src), 7000. MD5 check is identical!
04/01/2017 05:40:52.45 [Verbose] Ignore Action: New:krl.Copy(KRC:\R1\TP\DAI_AG_Spot\userspot.src), 7000. MD5 check is identical!
04/01/2017 05:40:52.46 [Verbose] Ignore Action: New:krl.Copy(KRC:\R1\Program\AXOR_ATEGO\HP042.src), 7000. MD5 check is identical!
04/01/2017 05:40:52.46 [Verbose] Ignore Action: New:krl.Copy(KRC:\R1\H_Prog\dai_robot_ok.src), 7000. MD5 check is identical!
04/01/2017 05:40:52.46 [Verbose] Ignore Action: New:krl.Copy(KRC:\R1\Program\AXOR_ATEGO\HP041.src), 7000. MD5 check is identical!
04/01/2017 05:40:52.46 [Verbose] Ignore Action: New:krl.Copy(KRC:\R1\H_Prog\dai_tool_xx_chg.src), 7000. MD5 check is identical!
04/01/2017 05:40:52.48 [Verbose] Ignore Action: New:krl.Copy(KRC:\R1\Program\AXOR_ATEGO\ps_a_lta_res_x01.src), 7000. MD5 check is identical!
04/01/2017 05:40:52.48 [Verbose] Ignore Action: New:krl.Copy(KRC:\R1\H_Prog\dai_tool_xx_ok.src), 7000. MD5 check is identical!
04/01/2017 05:40:52.48 [Verbose] Ignore Action: New:krl.Copy(KRC:\R1\Program\WKZ\wkz1_ok.src), 7000. MD5 check is identical!
04/01/2017 05:40:52.48 [Verbose] Ignore Action: New:krl.Copy(KRC:\R1\Program\SubeRotine\chk_w2_grp4_opn.src), 7000. MD5 check is identical!
04/01/2017 05:40:52.48 [Verbose] Ignore Action: New:krl.Copy(KRC:\R1\Program\SubeRotine\chk_w4_wechs_ok.src), 7000. MD5 check is identical!
04/01/2017 05:40:52.48 [Verbose] Ignore Action: New:krl.Copy(KRC:\R1\Program\SubeRotine\chk_w3_wechs_ok.src), 7000. MD5 check is identical!
04/01/2017 05:40:52.49 [Verbose] Ignore Action: New:krl.Copy(KRC:\R1\Program\SubeRotine\chk_w3_grp6_opn.src), 7000. MD5 check is identical!
04/01/2017 05:40:52.49 [Verbose] Ignore Action: New:krl.Copy(KRC:\R1\Program\WKZ\wkz4_an.src), 7000. MD5 check is identical!
04/01/2017 05:40:52.49 [Verbose] Ignore Action: New:krl.Copy(KRC:\R1\Program\SubeRotine\chk_w5_grp1_opn.src), 7000. MD5 check is identical!
04/01/2017 05:40:52.49 [Verbose] Ignore Action: New:krl.Copy(KRC:\R1\Program\Outros\f_fraes1.src), 7000. MD5 check is identical!
04/01/2017 05:40:52.51 [Verbose] Ignore Action: New:krl.Copy(KRC:\R1\Program\SubeRotine\chk_w5_grp1_clo.src), 7000. MD5 check is identical!
04/01/2017 05:40:52.51 [Verbose] Ignore Action: New:krl.Copy(KRC:\R1\Program\SubeRotine\chk_w3_grp5_clo.src), 7000. MD5 check is identical!
04/01/2017 05:40:52.51 [Verbose] Ignore Action: New:krl.Copy(KRC:\R1\Program\WKZ\wkz4_ok.src), 7000. MD5 check is identical!
04/01/2017 05:40:52.51 [Verbose] Ignore Action: New:krl.Copy(KRC:\R1\Program\SubeRotine\chk_w2_wechs_ok.src), 7000. MD5 check is identical!
04/01/2017 05:40:52.53 [Verbose] Ignore Action: New:krl.Copy(KRC:\R1\Program\AXOR_ATEGO\ab_b_ltb_st01_g08.src), 7000. MD5 check is identical!
04/01/2017 05:40:52.53 [Verbose] Ignore Action: New:krl.Copy(KRC:\R1\Program\AXOR_ATEGO\ps_b_ltb_res_x01.src), 7000. MD5 check is identical!
04/01/2017 05:40:52.53 [Verbose] Ignore Action: New:krl.Copy(KRC:\R1\Program\SubeRotine\chk_w3_grp6_clo.src), 7000. MD5 check is identical!
04/01/2017 05:40:52.53 [Verbose] Ignore Action: New:krl.Copy(KRC:\R1\Program\SubeRotine\chk_w3_grp5_opn.src), 7000. MD5 check is identical!
04/01/2017 05:40:52.53 [Information] Ignore Action: New:solution.Copy(C:\KRC\User\ProjectRoot\MBB_090R600\MBB_090R600.wvs), 9000. Copy only once!
04/01/2017 05:40:52.71 [Warning] Ignore UserPdiGenerationAction: Create "C:\KRC\Roboter\Config\User\Common\USERPDI.SAF". Header and content check states identical data!
04/01/2017 05:40:56.27 [Information] Successful execute PrepareAction 'Global.UserPermission(), 1000'.
04/01/2017 05:40:56.27 [Information] Execute Global.StopProgram(), 2000. Krc not in Automatic!
04/01/2017 05:40:56.30 [Information] Successful execute PrepareAction 'Global.StopProgram(), 2000'.
04/01/2017 05:40:56.41 [Information] Committed: Prepared.
04/01/2017 05:40:56.45 [Information] Start installation of "MBB_090R600 V1.42.0.0".
04/01/2017 05:40:56.45 [Information] Reset current project!
04/01/2017 05:40:56.49 [Information] Successful execute Install Action 'Global.PrepareReconfiguration(), 0'.
04/01/2017 05:40:56.53 [Information] Successful execute Install Action 'New:config.Copy(Config:\User\Common\KRC_IO.xml), 2000'.
04/01/2017 05:40:56.55 [Information] Successful execute Install Action 'New:config.Copy(Config:\User\Common\KrcIoSignals.xml), 2000'.
04/01/2017 05:40:57.16 [Information] Successful execute Install Action 'New:mada.Copy(KRC:\R1\System\$config.dat), 4000'.
04/01/2017 05:40:57.16 [Information] Installation successful!
04/01/2017 05:40:57.34 [Information] Set current project: MBB_090R600 V1.42.0.0
04/01/2017 05:40:57.40 [Information] Committed: Installed.
04/01/2017 05:40:57.48 [Information] Successfully execute Postaction 'Global.AnalyseAll(), 1000'.
04/01/2017 05:40:57.48 [Information] Successfully execute Postaction 'Global.Reconfiguration(), 99900'.
04/01/2017 05:40:57.48 [Information] *** Activation Successful.
04/01/2017 05:40:59.24 [Information] Committed: Activated.
04/01/2017 05:40:59.34 [Information] #----------------o0o---------------#
